TN:
SF:commands/budget.ts
FN:38,(anonymous_1)
FN:42,(anonymous_2)
FN:46,(anonymous_3)
FN:50,(anonymous_4)
FN:54,(anonymous_5)
FN:58,(anonymous_6)
FN:62,(anonymous_7)
FN:66,(anonymous_8)
FN:70,(anonymous_9)
FN:76,(anonymous_10)
FN:80,(anonymous_11)
FN:84,(anonymous_12)
FN:90,(anonymous_13)
FN:94,(anonymous_14)
FN:101,(anonymous_15)
FN:198,(anonymous_16)
FN:226,(anonymous_17)
FN:257,(anonymous_18)
FN:281,(anonymous_19)
FNF:19
FNH:15
FNDA:5,(anonymous_1)
FNDA:5,(anonymous_2)
FNDA:5,(anonymous_3)
FNDA:5,(anonymous_4)
FNDA:5,(anonymous_5)
FNDA:5,(anonymous_6)
FNDA:5,(anonymous_7)
FNDA:5,(anonymous_8)
FNDA:5,(anonymous_9)
FNDA:5,(anonymous_10)
FNDA:5,(anonymous_11)
FNDA:5,(anonymous_12)
FNDA:5,(anonymous_13)
FNDA:5,(anonymous_14)
FNDA:17,(anonymous_15)
FNDA:0,(anonymous_16)
FNDA:0,(anonymous_17)
FNDA:0,(anonymous_18)
FNDA:0,(anonymous_19)
DA:1,5
DA:6,5
DA:7,5
DA:34,5
DA:39,5
DA:43,5
DA:47,5
DA:51,5
DA:55,5
DA:59,5
DA:63,5
DA:67,5
DA:71,5
DA:77,5
DA:81,5
DA:85,5
DA:91,5
DA:95,5
DA:104,17
DA:105,17
DA:106,17
DA:108,17
DA:109,1
DA:112,1
DA:115,16
DA:116,16
DA:118,8
DA:119,8
DA:120,8
DA:122,8
DA:123,2
DA:127,2
DA:130,6
DA:132,5
DA:142,5
DA:143,5
DA:146,5
DA:147,5
DA:151,0
DA:152,0
DA:154,0
DA:155,0
DA:159,0
DA:162,0
DA:164,0
DA:171,0
DA:172,0
DA:175,0
DA:176,0
DA:180,1
DA:181,1
DA:183,0
DA:187,0
DA:197,0
DA:198,0
DA:199,0
DA:201,0
DA:204,0
DA:206,0
DA:207,0
DA:211,0
DA:213,0
DA:214,0
DA:218,0
DA:221,0
DA:226,0
DA:227,0
DA:228,0
DA:231,0
DA:233,0
DA:234,0
DA:237,0
DA:238,0
DA:242,0
DA:244,0
DA:245,0
DA:249,0
DA:252,0
DA:257,0
DA:258,0
DA:259,0
DA:260,0
DA:261,0
DA:262,0
DA:265,0
DA:266,0
DA:268,0
DA:269,0
DA:273,0
DA:274,0
DA:276,0
DA:281,0
DA:282,0
DA:283,0
DA:284,0
DA:287,0
DA:289,0
DA:290,0
DA:294,2
DA:295,2
DA:297,2
DA:306,2
DA:311,2
DA:312,0
DA:314,2
LF:105
LH:46
BRDA:108,0,0,1
BRDA:108,0,1,16
BRDA:116,1,0,8
BRDA:116,1,1,0
BRDA:116,1,2,1
BRDA:116,1,3,0
BRDA:116,1,4,0
BRDA:116,1,5,0
BRDA:122,2,0,2
BRDA:122,2,1,6
BRDA:142,3,0,5
BRDA:142,3,1,0
BRDA:154,4,0,0
BRDA:154,4,1,0
BRDA:171,5,0,0
BRDA:171,5,1,0
BRDA:183,6,0,0
BRDA:183,6,1,0
BRDA:194,7,0,0
BRDA:194,7,1,0
BRDA:197,8,0,0
BRDA:197,8,1,0
BRDA:213,9,0,0
BRDA:213,9,1,0
BRDA:233,10,0,0
BRDA:233,10,1,0
BRDA:242,11,0,0
BRDA:242,11,1,0
BRDA:244,12,0,0
BRDA:244,12,1,0
BRDA:258,13,0,0
BRDA:258,13,1,0
BRDA:259,14,0,0
BRDA:259,14,1,0
BRDA:261,15,0,0
BRDA:261,15,1,0
BRDA:273,16,0,0
BRDA:273,16,1,0
BRDA:283,17,0,0
BRDA:283,17,1,0
BRDA:294,18,0,2
BRDA:294,18,1,0
BRDA:295,19,0,2
BRDA:295,19,1,0
BRDA:311,20,0,0
BRDA:311,20,1,2
BRDA:311,21,0,2
BRDA:311,21,1,2
BRF:48
BRH:12
end_of_record
TN:
SF:commands/list.ts
FN:18,(anonymous_1)
FN:22,(anonymous_2)
FN:26,(anonymous_3)
FN:30,(anonymous_4)
FN:35,(anonymous_5)
FN:39,(anonymous_6)
FN:43,(anonymous_7)
FN:48,(anonymous_8)
FN:52,(anonymous_9)
FN:57,(anonymous_10)
FN:62,(anonymous_11)
FN:66,(anonymous_12)
FN:71,(anonymous_13)
FN:75,(anonymous_14)
FN:80,(anonymous_15)
FN:84,(anonymous_16)
FN:88,(anonymous_17)
FN:93,(anonymous_18)
FN:99,(anonymous_19)
FN:112,(anonymous_20)
FN:114,(anonymous_21)
FN:119,(anonymous_22)
FN:126,(anonymous_23)
FN:127,(anonymous_24)
FN:132,(anonymous_25)
FN:151,(anonymous_26)
FN:247,(anonymous_27)
FN:254,(anonymous_28)
FN:361,(anonymous_29)
FN:363,(anonymous_30)
FN:375,(anonymous_31)
FN:405,(anonymous_32)
FNF:32
FNH:19
FNDA:5,(anonymous_1)
FNDA:5,(anonymous_2)
FNDA:5,(anonymous_3)
FNDA:5,(anonymous_4)
FNDA:5,(anonymous_5)
FNDA:5,(anonymous_6)
FNDA:5,(anonymous_7)
FNDA:5,(anonymous_8)
FNDA:5,(anonymous_9)
FNDA:5,(anonymous_10)
FNDA:5,(anonymous_11)
FNDA:5,(anonymous_12)
FNDA:5,(anonymous_13)
FNDA:5,(anonymous_14)
FNDA:5,(anonymous_15)
FNDA:5,(anonymous_16)
FNDA:5,(anonymous_17)
FNDA:5,(anonymous_18)
FNDA:0,(anonymous_19)
FNDA:0,(anonymous_20)
FNDA:0,(anonymous_21)
FNDA:0,(anonymous_22)
FNDA:0,(anonymous_23)
FNDA:0,(anonymous_24)
FNDA:0,(anonymous_25)
FNDA:4,(anonymous_26)
FNDA:0,(anonymous_27)
FNDA:0,(anonymous_28)
FNDA:0,(anonymous_29)
FNDA:0,(anonymous_30)
FNDA:0,(anonymous_31)
FNDA:0,(anonymous_32)
DA:1,5
DA:11,5
DA:12,5
DA:14,5
DA:19,5
DA:23,5
DA:27,5
DA:31,5
DA:36,5
DA:40,5
DA:44,5
DA:49,5
DA:53,5
DA:58,5
DA:63,5
DA:67,5
DA:72,5
DA:76,5
DA:81,5
DA:85,5
DA:89,5
DA:94,5
DA:100,0
DA:101,0
DA:102,0
DA:104,0
DA:105,0
DA:106,0
DA:109,0
DA:110,0
DA:111,0
DA:112,0
DA:114,0
DA:115,0
DA:118,0
DA:119,0
DA:121,0
DA:122,0
DA:123,0
DA:124,0
DA:125,0
DA:126,0
DA:127,0
DA:128,0
DA:131,0
DA:132,0
DA:135,0
DA:138,0
DA:142,0
DA:147,0
DA:154,4
DA:155,4
DA:156,4
DA:158,4
DA:159,0
DA:162,0
DA:165,4
DA:166,4
DA:168,1
DA:169,1
DA:171,0
DA:172,0
DA:176,0
DA:179,0
DA:185,0
DA:199,0
DA:200,0
DA:204,0
DA:205,0
DA:206,0
DA:208,0
DA:209,0
DA:213,0
DA:216,0
DA:223,0
DA:224,0
DA:228,2
DA:229,2
DA:231,0
DA:232,0
DA:236,0
DA:239,0
DA:244,0
DA:245,0
DA:247,0
DA:248,0
DA:249,0
DA:252,0
DA:254,0
DA:255,0
DA:258,0
DA:277,0
DA:278,0
DA:282,0
DA:283,0
DA:284,0
DA:286,0
DA:287,0
DA:291,0
DA:294,0
DA:298,0
DA:302,0
DA:303,0
DA:305,0
DA:306,0
DA:310,0
DA:313,0
DA:317,0
DA:321,1
DA:323,1
DA:337,1
DA:342,1
DA:346,0
DA:348,0
DA:349,0
DA:353,0
DA:356,0
DA:361,0
DA:362,0
DA:363,0
DA:364,0
DA:367,0
DA:368,0
DA:370,0
DA:371,0
DA:375,0
DA:382,0
DA:385,0
DA:387,0
DA:389,0
DA:393,0
DA:394,0
DA:395,0
DA:397,0
DA:398,0
DA:402,0
DA:405,0
DA:406,0
DA:407,0
DA:411,0
DA:414,0
DA:416,0
DA:420,0
DA:424,3
DA:425,3
DA:427,3
DA:436,3
DA:441,3
DA:442,0
DA:444,3
LF:150
LH:42
BRDA:104,0,0,0
BRDA:104,0,1,0
BRDA:110,1,0,0
BRDA:110,1,1,0
BRDA:121,2,0,0
BRDA:121,2,1,0
BRDA:123,3,0,0
BRDA:123,3,1,0
BRDA:125,4,0,0
BRDA:125,4,1,0
BRDA:125,5,0,0
BRDA:125,5,1,0
BRDA:143,6,0,0
BRDA:143,6,1,0
BRDA:158,7,0,0
BRDA:158,7,1,4
BRDA:166,8,0,1
BRDA:166,8,1,0
BRDA:166,8,2,2
BRDA:166,8,3,0
BRDA:166,8,4,0
BRDA:166,8,5,1
BRDA:166,8,6,0
BRDA:166,8,7,0
BRDA:171,9,0,0
BRDA:171,9,1,0
BRDA:208,10,0,0
BRDA:208,10,1,0
BRDA:231,11,0,0
BRDA:231,11,1,0
BRDA:244,12,0,0
BRDA:244,12,1,0
BRDA:248,13,0,0
BRDA:248,13,1,0
BRDA:286,14,0,0
BRDA:286,14,1,0
BRDA:305,15,0,0
BRDA:305,15,1,0
BRDA:348,16,0,0
BRDA:348,16,1,0
BRDA:362,17,0,0
BRDA:362,17,1,0
BRDA:363,18,0,0
BRDA:363,18,1,0
BRDA:370,19,0,0
BRDA:370,19,1,0
BRDA:377,20,0,0
BRDA:377,20,1,0
BRDA:397,21,0,0
BRDA:397,21,1,0
BRDA:406,22,0,0
BRDA:406,22,1,0
BRDA:414,23,0,0
BRDA:414,23,1,0
BRDA:424,24,0,3
BRDA:424,24,1,0
BRDA:425,25,0,3
BRDA:425,25,1,0
BRDA:441,26,0,0
BRDA:441,26,1,3
BRDA:441,27,0,3
BRDA:441,27,1,3
BRF:62
BRH:9
end_of_record
TN:
SF:commands/note.ts
FN:19,(anonymous_1)
FN:23,(anonymous_2)
FN:27,(anonymous_3)
FN:31,(anonymous_4)
FN:35,(anonymous_5)
FN:39,(anonymous_6)
FN:43,(anonymous_7)
FN:47,(anonymous_8)
FN:51,(anonymous_9)
FN:55,(anonymous_10)
FN:59,(anonymous_11)
FN:63,(anonymous_12)
FN:67,(anonymous_13)
FN:71,(anonymous_14)
FN:75,(anonymous_15)
FN:79,(anonymous_16)
FN:83,(anonymous_17)
FN:87,(anonymous_18)
FN:91,(anonymous_19)
FN:96,(anonymous_20)
FN:116,(anonymous_21)
FN:148,(anonymous_22)
FN:234,(anonymous_23)
FN:255,(anonymous_24)
FN:304,(anonymous_25)
FN:328,(anonymous_26)
FNF:26
FNH:20
FNDA:4,(anonymous_1)
FNDA:4,(anonymous_2)
FNDA:4,(anonymous_3)
FNDA:4,(anonymous_4)
FNDA:4,(anonymous_5)
FNDA:4,(anonymous_6)
FNDA:4,(anonymous_7)
FNDA:4,(anonymous_8)
FNDA:4,(anonymous_9)
FNDA:4,(anonymous_10)
FNDA:4,(anonymous_11)
FNDA:4,(anonymous_12)
FNDA:4,(anonymous_13)
FNDA:4,(anonymous_14)
FNDA:4,(anonymous_15)
FNDA:4,(anonymous_16)
FNDA:4,(anonymous_17)
FNDA:4,(anonymous_18)
FNDA:4,(anonymous_19)
FNDA:3,(anonymous_20)
FNDA:0,(anonymous_21)
FNDA:0,(anonymous_22)
FNDA:0,(anonymous_23)
FNDA:0,(anonymous_24)
FNDA:0,(anonymous_25)
FNDA:0,(anonymous_26)
DA:1,4
DA:6,4
DA:7,4
DA:15,4
DA:20,4
DA:24,4
DA:28,4
DA:32,4
DA:36,4
DA:40,4
DA:44,4
DA:48,4
DA:52,4
DA:56,4
DA:60,4
DA:64,4
DA:68,4
DA:72,4
DA:76,4
DA:80,4
DA:84,4
DA:88,4
DA:92,4
DA:99,3
DA:100,3
DA:101,3
DA:103,3
DA:104,0
DA:107,0
DA:110,3
DA:111,3
DA:113,1
DA:114,1
DA:115,1
DA:116,1
DA:118,0
DA:125,0
DA:126,0
DA:129,0
DA:130,0
DA:133,1
DA:135,0
DA:136,0
DA:140,0
DA:143,0
DA:148,0
DA:149,0
DA:150,0
DA:151,0
DA:154,0
DA:156,0
DA:157,0
DA:159,0
DA:162,0
DA:163,0
DA:167,0
DA:169,0
DA:170,0
DA:174,0
DA:177,0
DA:187,0
DA:188,0
DA:191,0
DA:192,0
DA:195,0
DA:196,0
DA:200,0
DA:201,0
DA:203,0
DA:204,0
DA:208,0
DA:211,0
DA:215,0
DA:219,0
DA:221,0
DA:222,0
DA:226,0
DA:229,0
DA:234,0
DA:235,0
DA:236,0
DA:239,0
DA:240,0
DA:242,0
DA:243,0
DA:247,0
DA:248,0
DA:249,0
DA:250,0
DA:252,0
DA:253,0
DA:254,0
DA:255,0
DA:257,0
DA:258,0
DA:262,0
DA:263,0
DA:265,0
DA:266,0
DA:270,0
DA:273,0
DA:280,0
DA:281,0
DA:284,0
DA:285,0
DA:289,0
DA:291,0
DA:292,0
DA:296,0
DA:299,0
DA:304,0
DA:305,0
DA:308,0
DA:309,0
DA:311,0
DA:312,0
DA:316,0
DA:318,0
DA:319,0
DA:323,0
DA:326,0
DA:328,0
DA:333,0
DA:334,0
DA:338,2
DA:339,2
DA:341,2
DA:350,2
DA:355,2
DA:356,0
DA:358,2
LF:131
LH:40
BRDA:103,0,0,0
BRDA:103,0,1,3
BRDA:111,1,0,1
BRDA:111,1,1,1
BRDA:111,1,2,0
BRDA:111,1,3,0
BRDA:111,1,4,0
BRDA:111,1,5,0
BRDA:111,1,6,0
BRDA:111,1,7,0
BRDA:116,2,0,0
BRDA:116,2,1,1
BRDA:125,3,0,0
BRDA:125,3,1,0
BRDA:135,4,0,0
BRDA:135,4,1,0
BRDA:149,5,0,0
BRDA:149,5,1,0
BRDA:149,6,0,0
BRDA:149,6,1,0
BRDA:150,7,0,0
BRDA:150,7,1,0
BRDA:156,8,0,0
BRDA:156,8,1,0
BRDA:169,9,0,0
BRDA:169,9,1,0
BRDA:187,10,0,0
BRDA:187,10,1,0
BRDA:187,11,0,0
BRDA:187,11,1,0
BRDA:191,12,0,0
BRDA:191,12,1,0
BRDA:203,13,0,0
BRDA:203,13,1,0
BRDA:221,14,0,0
BRDA:221,14,1,0
BRDA:235,15,0,0
BRDA:235,15,1,0
BRDA:235,16,0,0
BRDA:235,16,1,0
BRDA:253,17,0,0
BRDA:253,17,1,0
BRDA:254,18,0,0
BRDA:254,18,1,0
BRDA:255,19,0,0
BRDA:255,19,1,0
BRDA:257,20,0,0
BRDA:257,20,1,0
BRDA:265,21,0,0
BRDA:265,21,1,0
BRDA:280,22,0,0
BRDA:280,22,1,0
BRDA:280,23,0,0
BRDA:280,23,1,0
BRDA:291,24,0,0
BRDA:291,24,1,0
BRDA:318,25,0,0
BRDA:318,25,1,0
BRDA:338,26,0,2
BRDA:338,26,1,0
BRDA:339,27,0,2
BRDA:339,27,1,0
BRDA:355,28,0,0
BRDA:355,28,1,2
BRDA:355,29,0,2
BRDA:355,29,1,2
BRF:66
BRH:9
end_of_record
TN:
SF:commands/random.ts
FN:58,(anonymous_0)
FN:62,(anonymous_1)
FN:66,(anonymous_2)
FN:70,(anonymous_3)
FN:74,(anonymous_4)
FN:78,(anonymous_5)
FN:82,(anonymous_6)
FN:86,(anonymous_7)
FN:90,(anonymous_8)
FN:94,(anonymous_9)
FN:98,(anonymous_10)
FN:102,(anonymous_11)
FN:108,(anonymous_12)
FN:115,(anonymous_13)
FN:236,(anonymous_14)
FN:236,(anonymous_15)
FNF:16
FNH:16
FNDA:1,(anonymous_0)
FNDA:1,(anonymous_1)
FNDA:1,(anonymous_2)
FNDA:1,(anonymous_3)
FNDA:1,(anonymous_4)
FNDA:1,(anonymous_5)
FNDA:1,(anonymous_6)
FNDA:1,(anonymous_7)
FNDA:1,(anonymous_8)
FNDA:1,(anonymous_9)
FNDA:1,(anonymous_10)
FNDA:1,(anonymous_11)
FNDA:1,(anonymous_12)
FNDA:11,(anonymous_13)
FNDA:5,(anonymous_14)
FNDA:5,(anonymous_15)
DA:1,1
DA:9,1
DA:12,1
DA:29,1
DA:36,1
DA:54,1
DA:59,1
DA:63,1
DA:67,1
DA:71,1
DA:75,1
DA:79,1
DA:83,1
DA:87,1
DA:91,1
DA:95,1
DA:99,1
DA:103,1
DA:109,1
DA:118,11
DA:120,11
DA:121,11
DA:125,11
DA:127,0
DA:128,0
DA:129,0
DA:131,0
DA:140,0
DA:154,0
DA:155,0
DA:159,0
DA:160,0
DA:161,0
DA:163,0
DA:172,0
DA:191,0
DA:192,0
DA:196,1
DA:197,1
DA:203,1
DA:212,1
DA:213,1
DA:217,1
DA:218,1
DA:221,1
DA:230,1
DA:231,1
DA:235,2
DA:236,5
DA:238,2
DA:239,1
DA:243,1
DA:246,1
DA:247,1
DA:250,1
DA:251,1
DA:255,4
DA:256,4
DA:258,4
DA:259,1
DA:263,1
DA:266,3
DA:267,3
DA:270,3
DA:271,2
DA:275,1
DA:276,1
DA:277,1
DA:280,1
DA:281,1
DA:285,2
DA:286,2
DA:287,2
DA:288,2
DA:290,2
DA:291,4
DA:292,4
DA:293,4
DA:296,2
DA:299,2
DA:300,1
DA:302,1
DA:308,2
DA:309,2
DA:314,1
DA:315,1
DA:317,1
DA:323,1
LF:88
LH:74
BRDA:125,0,0,0
BRDA:125,0,1,0
BRDA:125,0,2,1
BRDA:125,0,3,1
BRDA:125,0,4,2
BRDA:125,0,5,4
BRDA:125,0,6,1
BRDA:125,0,7,2
BRDA:238,1,0,1
BRDA:238,1,1,1
BRDA:255,2,0,4
BRDA:255,2,1,1
BRDA:256,3,0,4
BRDA:256,3,1,1
BRDA:258,4,0,1
BRDA:258,4,1,3
BRDA:275,5,0,0
BRDA:275,5,1,1
BRDA:276,6,0,0
BRDA:276,6,1,1
BRDA:285,7,0,2
BRDA:285,7,1,1
BRDA:286,8,0,2
BRDA:286,8,1,1
BRDA:299,9,0,1
BRDA:299,9,1,1
BRDA:314,10,0,1
BRDA:314,10,1,0
BRDA:315,11,0,1
BRDA:315,11,1,0
BRF:30
BRH:24
end_of_record
TN:
SF:commands/remind.ts
FN:18,(anonymous_1)
FN:22,(anonymous_2)
FN:26,(anonymous_3)
FN:30,(anonymous_4)
FN:34,(anonymous_5)
FN:38,(anonymous_6)
FN:42,(anonymous_7)
FN:46,(anonymous_8)
FN:50,(anonymous_9)
FN:63,(anonymous_10)
FN:67,(anonymous_11)
FN:71,(anonymous_12)
FN:75,(anonymous_13)
FN:81,(anonymous_14)
FN:292,(anonymous_15)
FN:344,(anonymous_16)
FN:427,(anonymous_17)
FN:443,(anonymous_18)
FN:460,(anonymous_19)
FNF:19
FNH:14
FNDA:3,(anonymous_1)
FNDA:3,(anonymous_2)
FNDA:3,(anonymous_3)
FNDA:3,(anonymous_4)
FNDA:3,(anonymous_5)
FNDA:3,(anonymous_6)
FNDA:3,(anonymous_7)
FNDA:3,(anonymous_8)
FNDA:3,(anonymous_9)
FNDA:3,(anonymous_10)
FNDA:3,(anonymous_11)
FNDA:3,(anonymous_12)
FNDA:3,(anonymous_13)
FNDA:2,(anonymous_14)
FNDA:0,(anonymous_15)
FNDA:0,(anonymous_16)
FNDA:0,(anonymous_17)
FNDA:0,(anonymous_18)
FNDA:0,(anonymous_19)
DA:1,3
DA:11,3
DA:12,3
DA:14,3
DA:19,3
DA:23,3
DA:27,3
DA:31,3
DA:35,3
DA:39,3
DA:43,3
DA:47,3
DA:51,3
DA:64,3
DA:68,3
DA:72,3
DA:76,3
DA:84,2
DA:85,2
DA:86,2
DA:87,2
DA:89,2
DA:90,0
DA:93,0
DA:96,2
DA:97,2
DA:101,2
DA:104,0
DA:105,0
DA:107,0
DA:108,0
DA:110,0
DA:111,0
DA:115,0
DA:116,0
DA:120,0
DA:131,0
DA:150,0
DA:151,0
DA:155,0
DA:156,0
DA:158,0
DA:159,0
DA:163,0
DA:164,0
DA:168,0
DA:179,0
DA:198,0
DA:199,0
DA:203,0
DA:204,0
DA:205,0
DA:207,0
DA:208,0
DA:212,0
DA:213,0
DA:217,0
DA:219,0
DA:231,0
DA:250,0
DA:251,0
DA:254,0
DA:256,0
DA:257,0
DA:263,0
DA:282,0
DA:283,0
DA:286,0
DA:292,0
DA:293,0
DA:294,0
DA:295,0
DA:298,0
DA:299,0
DA:300,0
DA:301,0
DA:302,0
DA:303,0
DA:304,0
DA:305,0
DA:306,0
DA:308,0
DA:311,0
DA:314,0
DA:316,0
DA:317,0
DA:320,0
DA:321,0
DA:335,0
DA:338,0
DA:339,0
DA:345,0
DA:346,0
DA:350,0
DA:358,0
DA:361,0
DA:362,0
DA:366,0
DA:367,0
DA:369,0
DA:370,0
DA:374,0
DA:377,0
DA:383,0
DA:397,0
DA:398,0
DA:402,0
DA:403,0
DA:405,0
DA:414,0
DA:419,0
DA:420,0
DA:422,0
DA:428,0
DA:430,0
DA:431,0
DA:432,0
DA:434,0
DA:435,0
DA:436,0
DA:439,0
DA:440,0
DA:442,0
DA:443,0
DA:444,0
DA:448,0
DA:449,0
DA:450,0
DA:453,0
DA:460,0
DA:461,0
DA:465,0
DA:467,0
DA:472,0
LF:134
LH:25
BRDA:89,0,0,0
BRDA:89,0,1,2
BRDA:96,1,0,2
BRDA:96,1,1,0
BRDA:105,2,0,0
BRDA:105,2,1,0
BRDA:105,2,2,0
BRDA:105,2,3,0
BRDA:105,2,4,0
BRDA:110,3,0,0
BRDA:110,3,1,0
BRDA:126,4,0,0
BRDA:126,4,1,0
BRDA:158,5,0,0
BRDA:158,5,1,0
BRDA:174,6,0,0
BRDA:174,6,1,0
BRDA:207,7,0,0
BRDA:207,7,1,0
BRDA:226,8,0,0
BRDA:226,8,1,0
BRDA:256,9,0,0
BRDA:256,9,1,0
BRDA:298,10,0,0
BRDA:298,10,1,0
BRDA:301,11,0,0
BRDA:301,11,1,0
BRDA:301,12,0,0
BRDA:301,12,1,0
BRDA:301,12,2,0
BRDA:304,13,0,0
BRDA:304,13,1,0
BRDA:311,14,0,0
BRDA:311,14,1,0
BRDA:316,15,0,0
BRDA:316,15,1,0
BRDA:338,16,0,0
BRDA:338,16,1,0
BRDA:338,17,0,0
BRDA:338,17,1,0
BRDA:346,18,0,0
BRDA:346,18,1,0
BRDA:346,19,0,0
BRDA:346,19,1,0
BRDA:346,19,2,0
BRDA:354,20,0,0
BRDA:354,20,1,0
BRDA:354,21,0,0
BRDA:354,21,1,0
BRDA:369,22,0,0
BRDA:369,22,1,0
BRDA:402,23,0,0
BRDA:402,23,1,0
BRDA:403,24,0,0
BRDA:403,24,1,0
BRDA:419,25,0,0
BRDA:419,25,1,0
BRDA:419,26,0,0
BRDA:419,26,1,0
BRDA:430,27,0,0
BRDA:430,27,1,0
BRDA:434,28,0,0
BRDA:434,28,1,0
BRDA:444,29,0,0
BRDA:444,29,1,0
BRDA:449,30,0,0
BRDA:449,30,1,0
BRDA:449,31,0,0
BRDA:449,31,1,0
BRDA:449,31,2,0
BRDA:461,32,0,0
BRDA:461,32,1,0
BRDA:468,33,0,0
BRDA:468,33,1,0
BRF:74
BRH:2
end_of_record
TN:
SF:commands/schedule.ts
FN:29,(anonymous_1)
FN:33,(anonymous_2)
FN:37,(anonymous_3)
FN:41,(anonymous_4)
FN:45,(anonymous_5)
FN:49,(anonymous_6)
FN:53,(anonymous_7)
FN:62,(anonymous_8)
FN:66,(anonymous_9)
FN:70,(anonymous_10)
FN:74,(anonymous_11)
FN:78,(anonymous_12)
FN:82,(anonymous_13)
FN:87,(anonymous_14)
FN:170,(anonymous_15)
FN:250,(anonymous_16)
FN:278,(anonymous_17)
FN:285,(anonymous_18)
FN:288,(anonymous_19)
FNF:19
FNH:19
FNDA:1,(anonymous_1)
FNDA:1,(anonymous_2)
FNDA:1,(anonymous_3)
FNDA:1,(anonymous_4)
FNDA:1,(anonymous_5)
FNDA:1,(anonymous_6)
FNDA:1,(anonymous_7)
FNDA:1,(anonymous_8)
FNDA:1,(anonymous_9)
FNDA:1,(anonymous_10)
FNDA:1,(anonymous_11)
FNDA:1,(anonymous_12)
FNDA:1,(anonymous_13)
FNDA:18,(anonymous_14)
FNDA:3,(anonymous_15)
FNDA:2,(anonymous_16)
FNDA:2,(anonymous_17)
FNDA:2,(anonymous_18)
FNDA:2,(anonymous_19)
DA:1,1
DA:6,1
DA:7,1
DA:25,1
DA:30,1
DA:34,1
DA:38,1
DA:42,1
DA:46,1
DA:50,1
DA:54,1
DA:63,1
DA:67,1
DA:71,1
DA:75,1
DA:79,1
DA:83,1
DA:90,18
DA:91,18
DA:92,18
DA:94,18
DA:95,1
DA:98,1
DA:101,17
DA:102,17
DA:104,5
DA:105,5
DA:106,5
DA:107,5
DA:109,5
DA:110,1
DA:114,1
DA:117,4
DA:118,1
DA:122,1
DA:125,3
DA:126,3
DA:127,0
DA:131,0
DA:134,3
DA:136,2
DA:146,2
DA:147,1
DA:150,2
DA:151,2
DA:155,4
DA:157,3
DA:158,1
DA:162,1
DA:165,2
DA:170,2
DA:171,3
DA:172,3
DA:175,2
DA:177,2
DA:178,0
DA:181,2
DA:182,2
DA:186,2
DA:187,2
DA:189,2
DA:190,1
DA:194,1
DA:197,1
DA:201,1
DA:205,2
DA:206,2
DA:208,2
DA:209,1
DA:213,1
DA:216,1
DA:227,1
DA:228,1
DA:231,1
DA:232,1
DA:235,2
DA:237,2
DA:238,1
DA:242,1
DA:245,1
DA:250,1
DA:251,2
DA:252,2
DA:255,1
DA:256,1
DA:258,1
DA:259,1
DA:262,2
DA:264,2
DA:265,1
DA:269,1
DA:272,1
DA:277,1
DA:278,1
DA:279,2
DA:280,2
DA:282,2
DA:285,1
DA:286,2
DA:287,2
DA:288,2
DA:289,2
DA:292,1
DA:293,1
DA:295,1
DA:296,1
DA:300,2
DA:301,2
DA:303,2
DA:312,2
DA:317,2
DA:318,1
DA:320,1
LF:113
LH:110
BRDA:94,0,0,1
BRDA:94,0,1,17
BRDA:102,1,0,5
BRDA:102,1,1,4
BRDA:102,1,2,2
BRDA:102,1,3,2
BRDA:102,1,4,2
BRDA:102,1,5,2
BRDA:109,2,0,1
BRDA:109,2,1,4
BRDA:117,3,0,1
BRDA:117,3,1,3
BRDA:126,4,0,0
BRDA:126,4,1,3
BRDA:146,5,0,1
BRDA:146,5,1,1
BRDA:155,6,0,4
BRDA:155,6,1,2
BRDA:157,7,0,1
BRDA:157,7,1,2
BRDA:171,8,0,1
BRDA:171,8,1,2
BRDA:177,9,0,0
BRDA:177,9,1,2
BRDA:189,10,0,1
BRDA:189,10,1,1
BRDA:208,11,0,1
BRDA:208,11,1,1
BRDA:227,12,0,1
BRDA:227,12,1,0
BRDA:237,13,0,1
BRDA:237,13,1,1
BRDA:251,14,0,1
BRDA:251,14,1,1
BRDA:264,15,0,1
BRDA:264,15,1,1
BRDA:279,16,0,2
BRDA:279,16,1,0
BRDA:300,17,0,2
BRDA:300,17,1,0
BRDA:301,18,0,2
BRDA:301,18,1,0
BRDA:317,19,0,1
BRDA:317,19,1,1
BRDA:317,20,0,2
BRDA:317,20,1,2
BRF:46
BRH:40
end_of_record
TN:
SF:commands/task.ts
FN:20,(anonymous_1)
FN:24,(anonymous_2)
FN:28,(anonymous_3)
FN:32,(anonymous_4)
FN:36,(anonymous_5)
FN:45,(anonymous_6)
FN:49,(anonymous_7)
FN:54,(anonymous_8)
FN:58,(anonymous_9)
FN:63,(anonymous_10)
FN:67,(anonymous_11)
FN:72,(anonymous_12)
FN:77,(anonymous_13)
FN:173,(anonymous_14)
FN:189,(anonymous_15)
FN:221,(anonymous_16)
FN:381,(anonymous_17)
FN:403,(anonymous_18)
FN:417,(anonymous_19)
FNF:19
FNH:19
FNDA:7,(anonymous_1)
FNDA:7,(anonymous_2)
FNDA:7,(anonymous_3)
FNDA:7,(anonymous_4)
FNDA:7,(anonymous_5)
FNDA:7,(anonymous_6)
FNDA:7,(anonymous_7)
FNDA:7,(anonymous_8)
FNDA:7,(anonymous_9)
FNDA:7,(anonymous_10)
FNDA:7,(anonymous_11)
FNDA:7,(anonymous_12)
FNDA:20,(anonymous_13)
FNDA:3,(anonymous_14)
FNDA:2,(anonymous_15)
FNDA:3,(anonymous_16)
FNDA:2,(anonymous_17)
FNDA:2,(anonymous_18)
FNDA:2,(anonymous_19)
DA:1,7
DA:11,7
DA:12,7
DA:16,7
DA:21,7
DA:25,7
DA:29,7
DA:33,7
DA:37,7
DA:46,7
DA:50,7
DA:55,7
DA:59,7
DA:64,7
DA:68,7
DA:73,7
DA:80,20
DA:81,20
DA:82,20
DA:84,20
DA:85,1
DA:88,1
DA:91,19
DA:92,19
DA:94,7
DA:95,7
DA:96,7
DA:98,7
DA:99,4
DA:100,4
DA:101,3
DA:104,3
DA:108,4
DA:110,2
DA:116,2
DA:117,1
DA:120,2
DA:139,2
DA:140,2
DA:144,4
DA:145,4
DA:147,3
DA:148,1
DA:154,1
DA:163,1
DA:164,1
DA:167,2
DA:173,2
DA:174,3
DA:175,3
DA:176,3
DA:179,2
DA:181,2
DA:182,0
DA:186,2
DA:187,2
DA:189,2
DA:190,2
DA:199,2
DA:212,2
DA:215,2
DA:216,2
DA:221,3
DA:228,2
DA:231,2
DA:232,2
DA:236,3
DA:237,3
DA:239,2
DA:240,1
DA:244,1
DA:247,1
DA:254,1
DA:273,1
DA:274,1
DA:278,2
DA:279,2
DA:281,2
DA:282,1
DA:285,1
DA:288,1
DA:294,1
DA:308,1
DA:309,1
DA:313,2
DA:314,2
DA:315,2
DA:317,2
DA:318,1
DA:322,1
DA:325,1
DA:332,1
DA:351,1
DA:352,1
DA:356,4
DA:357,4
DA:359,4
DA:368,4
DA:373,4
DA:374,0
DA:376,4
DA:382,2
DA:384,2
DA:385,2
DA:386,2
DA:387,2
DA:389,2
DA:390,0
DA:391,0
DA:394,2
DA:396,2
DA:397,2
DA:398,2
DA:401,2
DA:403,1
DA:404,2
DA:407,2
DA:408,2
DA:410,2
DA:417,1
DA:418,2
DA:422,1
DA:424,1
DA:429,1
LF:124
LH:120
BRDA:84,0,0,1
BRDA:84,0,1,19
BRDA:92,1,0,7
BRDA:92,1,1,4
BRDA:92,1,2,3
BRDA:92,1,3,2
BRDA:92,1,4,2
BRDA:98,2,0,4
BRDA:98,2,1,3
BRDA:100,3,0,3
BRDA:100,3,1,1
BRDA:116,4,0,1
BRDA:116,4,1,1
BRDA:144,5,0,4
BRDA:144,5,1,0
BRDA:147,6,0,1
BRDA:147,6,1,2
BRDA:150,7,0,1
BRDA:150,7,1,0
BRDA:168,8,0,1
BRDA:168,8,1,1
BRDA:174,9,0,0
BRDA:174,9,1,3
BRDA:175,10,0,0
BRDA:175,10,1,3
BRDA:181,11,0,0
BRDA:181,11,1,2
BRDA:189,12,0,2
BRDA:189,12,1,0
BRDA:215,13,0,2
BRDA:215,13,1,0
BRDA:215,14,0,2
BRDA:215,14,1,2
BRDA:223,15,0,0
BRDA:223,15,1,3
BRDA:223,16,0,0
BRDA:223,16,1,3
BRDA:225,17,0,0
BRDA:225,17,1,3
BRDA:239,18,0,1
BRDA:239,18,1,1
BRDA:281,19,0,1
BRDA:281,19,1,1
BRDA:317,20,0,1
BRDA:317,20,1,1
BRDA:356,21,0,4
BRDA:356,21,1,0
BRDA:357,22,0,4
BRDA:357,22,1,0
BRDA:373,23,0,0
BRDA:373,23,1,4
BRDA:373,24,0,4
BRDA:373,24,1,4
BRDA:384,25,0,2
BRDA:384,25,1,0
BRDA:389,26,0,0
BRDA:389,26,1,2
BRDA:397,27,0,2
BRDA:397,27,1,0
BRDA:404,28,0,0
BRDA:404,28,1,2
BRDA:407,29,0,0
BRDA:407,29,1,2
BRDA:408,30,0,0
BRDA:408,30,1,2
BRDA:418,31,0,2
BRDA:418,31,1,0
BRDA:425,32,0,1
BRDA:425,32,1,0
BRF:69
BRH:48
end_of_record
TN:
SF:commands/track.ts
FN:26,(anonymous_1)
FN:30,(anonymous_2)
FN:34,(anonymous_3)
FN:38,(anonymous_4)
FN:42,(anonymous_5)
FN:46,(anonymous_6)
FN:57,(anonymous_7)
FN:61,(anonymous_8)
FN:65,(anonymous_9)
FN:70,(anonymous_10)
FN:132,(anonymous_11)
FN:155,(anonymous_12)
FNF:12
FNH:12
FNDA:1,(anonymous_1)
FNDA:1,(anonymous_2)
FNDA:1,(anonymous_3)
FNDA:1,(anonymous_4)
FNDA:1,(anonymous_5)
FNDA:1,(anonymous_6)
FNDA:1,(anonymous_7)
FNDA:1,(anonymous_8)
FNDA:1,(anonymous_9)
FNDA:11,(anonymous_10)
FNDA:2,(anonymous_11)
FNDA:4,(anonymous_12)
DA:1,1
DA:6,1
DA:7,1
DA:22,1
DA:27,1
DA:31,1
DA:35,1
DA:39,1
DA:43,1
DA:47,1
DA:58,1
DA:62,1
DA:66,1
DA:73,11
DA:74,11
DA:75,11
DA:77,11
DA:78,1
DA:81,1
DA:84,10
DA:85,10
DA:87,2
DA:88,2
DA:90,2
DA:92,1
DA:98,1
DA:99,1
DA:103,3
DA:104,3
DA:105,3
DA:107,3
DA:109,3
DA:110,1
DA:114,1
DA:117,2
DA:131,2
DA:132,1
DA:133,2
DA:135,1
DA:138,2
DA:139,2
DA:143,3
DA:145,2
DA:146,1
DA:150,1
DA:153,1
DA:155,4
DA:160,1
DA:161,1
DA:165,2
DA:166,2
DA:168,2
DA:169,1
DA:173,1
DA:176,1
DA:180,1
DA:184,2
DA:185,2
DA:187,2
DA:193,2
DA:198,2
DA:199,1
DA:201,1
LF:63
LH:63
BRDA:77,0,0,1
BRDA:77,0,1,10
BRDA:85,1,0,2
BRDA:85,1,1,3
BRDA:85,1,2,3
BRDA:85,1,3,2
BRDA:104,2,0,3
BRDA:104,2,1,2
BRDA:109,3,0,1
BRDA:109,3,1,2
BRDA:119,4,0,1
BRDA:119,4,1,1
BRDA:131,5,0,1
BRDA:131,5,1,1
BRDA:131,6,0,2
BRDA:131,6,1,1
BRDA:145,7,0,1
BRDA:145,7,1,1
BRDA:168,8,0,1
BRDA:168,8,1,1
BRDA:184,9,0,2
BRDA:184,9,1,0
BRDA:185,10,0,2
BRDA:185,10,1,0
BRDA:198,11,0,1
BRDA:198,11,1,1
BRDA:198,12,0,2
BRDA:198,12,1,2
BRF:28
BRH:26
end_of_record
TN:
SF:database/associations.ts
FN:15,initializeAssociations
FNF:1
FNH:0
FNDA:0,initializeAssociations
DA:1,2
DA:2,2
DA:3,2
DA:4,2
DA:5,2
DA:6,2
DA:7,2
DA:8,2
DA:15,2
DA:41,0
DA:48,2
DA:49,2
DA:50,2
DA:51,2
DA:52,2
DA:53,2
DA:54,2
LF:17
LH:16
BRF:0
BRH:0
end_of_record
TN:
SF:database/index.ts
FN:26,(anonymous_10)
FNF:1
FNH:0
FNDA:0,(anonymous_10)
DA:1,0
DA:2,0
DA:3,0
DA:6,0
DA:9,0
DA:12,0
DA:13,0
DA:14,0
DA:15,0
DA:16,0
DA:17,0
DA:18,0
DA:21,0
DA:26,0
DA:31,0
DA:32,0
DA:33,0
DA:34,0
DA:35,0
DA:36,0
DA:37,0
DA:41,0
DA:42,0
DA:43,0
DA:44,0
DA:45,0
DA:46,0
DA:47,0
DA:48,0
DA:51,0
LF:30
LH:0
BRDA:23,0,0,0
BRDA:23,0,1,0
BRDA:25,1,0,0
BRDA:25,1,1,0
BRF:4
BRH:0
end_of_record
TN:
SF:database/schema.ts
FNF:0
FNH:0
DA:1,10
DA:3,10
DA:249,10
LF:3
LH:3
BRF:0
BRH:0
end_of_record
TN:
SF:database/models/Budget.ts
FN:64,(anonymous_1)
FN:73,(anonymous_2)
FN:84,(anonymous_3)
FN:95,(anonymous_4)
FN:115,(anonymous_5)
FN:116,(anonymous_6)
FN:119,(anonymous_7)
FN:120,(anonymous_8)
FN:124,(anonymous_9)
FN:125,(anonymous_10)
FN:138,(anonymous_11)
FN:142,(anonymous_12)
FN:147,(anonymous_13)
FN:159,(anonymous_14)
FN:163,(anonymous_15)
FN:166,(anonymous_16)
FN:174,(anonymous_17)
FN:191,(anonymous_18)
FN:192,(anonymous_19)
FN:195,(anonymous_20)
FN:196,(anonymous_21)
FN:209,(anonymous_22)
FNF:22
FNH:1
FNDA:2,(anonymous_1)
FNDA:0,(anonymous_2)
FNDA:0,(anonymous_3)
FNDA:0,(anonymous_4)
FNDA:0,(anonymous_5)
FNDA:0,(anonymous_6)
FNDA:0,(anonymous_7)
FNDA:0,(anonymous_8)
FNDA:0,(anonymous_9)
FNDA:0,(anonymous_10)
FNDA:0,(anonymous_11)
FNDA:0,(anonymous_12)
FNDA:0,(anonymous_13)
FNDA:0,(anonymous_14)
FNDA:0,(anonymous_15)
FNDA:0,(anonymous_16)
FNDA:0,(anonymous_17)
FNDA:0,(anonymous_18)
FNDA:0,(anonymous_19)
FNDA:0,(anonymous_20)
FNDA:0,(anonymous_21)
FNDA:0,(anonymous_22)
DA:1,3
DA:2,3
DA:53,3
DA:65,2
DA:74,0
DA:85,0
DA:96,0
DA:98,0
DA:99,0
DA:100,0
DA:101,0
DA:103,0
DA:105,0
DA:106,0
DA:107,0
DA:109,0
DA:112,0
DA:114,0
DA:115,0
DA:116,0
DA:118,0
DA:119,0
DA:120,0
DA:122,0
DA:123,0
DA:124,0
DA:126,0
DA:127,0
DA:128,0
DA:130,0
DA:134,0
DA:138,0
DA:142,0
DA:148,0
DA:159,0
DA:163,0
DA:167,0
DA:175,0
DA:176,0
DA:178,0
DA:179,0
DA:180,0
DA:182,0
DA:190,0
DA:191,0
DA:192,0
DA:194,0
DA:195,0
DA:196,0
DA:198,0
DA:206,0
DA:210,0
DA:214,0
DA:218,3
LF:54
LH:5
BRDA:73,0,0,0
BRDA:84,1,0,0
BRDA:95,2,0,0
BRDA:98,3,0,0
BRDA:98,3,1,0
BRDA:126,4,0,0
BRDA:126,4,1,0
BRDA:127,5,0,0
BRDA:127,5,1,0
BRDA:166,6,0,0
BRDA:174,7,0,0
BRF:11
BRH:0
end_of_record
TN:
SF:database/models/List.ts
FN:33,(anonymous_1)
FN:42,(anonymous_2)
FN:57,(anonymous_3)
FN:77,(anonymous_4)
FN:85,(anonymous_5)
FN:96,(anonymous_6)
FN:102,(anonymous_7)
FN:109,(anonymous_8)
FN:117,(anonymous_9)
FN:123,(anonymous_10)
FN:131,(anonymous_11)
FN:139,(anonymous_12)
FNF:12
FNH:1
FNDA:2,(anonymous_1)
FNDA:0,(anonymous_2)
FNDA:0,(anonymous_3)
FNDA:0,(anonymous_4)
FNDA:0,(anonymous_5)
FNDA:0,(anonymous_6)
FNDA:0,(anonymous_7)
FNDA:0,(anonymous_8)
FNDA:0,(anonymous_9)
FNDA:0,(anonymous_10)
FNDA:0,(anonymous_11)
FNDA:0,(anonymous_12)
DA:1,4
DA:2,4
DA:24,4
DA:34,2
DA:43,0
DA:47,0
DA:49,0
DA:58,0
DA:62,0
DA:64,0
DA:65,0
DA:71,0
DA:72,0
DA:74,0
DA:78,0
DA:82,0
DA:84,0
DA:85,0
DA:87,0
DA:89,0
DA:90,0
DA:91,0
DA:93,0
DA:97,0
DA:103,0
DA:110,0
DA:114,0
DA:116,0
DA:117,0
DA:118,0
DA:120,0
DA:124,0
DA:128,0
DA:132,0
DA:136,0
DA:138,0
DA:139,0
DA:141,0
DA:143,0
DA:144,0
DA:145,0
DA:147,0
DA:151,4
LF:43
LH:5
BRDA:47,0,0,0
BRDA:47,0,1,0
BRDA:62,1,0,0
BRDA:62,1,1,0
BRDA:64,2,0,0
BRDA:64,2,1,0
BRDA:82,3,0,0
BRDA:82,3,1,0
BRDA:84,4,0,0
BRDA:84,4,1,0
BRDA:87,5,0,0
BRDA:87,5,1,0
BRDA:114,6,0,0
BRDA:114,6,1,0
BRDA:116,7,0,0
BRDA:116,7,1,0
BRDA:136,8,0,0
BRDA:136,8,1,0
BRDA:138,9,0,0
BRDA:138,9,1,0
BRDA:141,10,0,0
BRDA:141,10,1,0
BRF:22
BRH:0
end_of_record
TN:
SF:database/models/Note.ts
FN:37,(anonymous_1)
FN:46,(anonymous_2)
FN:56,(anonymous_3)
FN:63,(anonymous_4)
FN:69,(anonymous_5)
FN:77,(anonymous_6)
FN:91,(anonymous_7)
FN:108,(anonymous_8)
FN:113,(anonymous_9)
FN:115,(anonymous_10)
FN:119,(anonymous_11)
FN:126,(anonymous_12)
FN:128,(anonymous_13)
FNF:13
FNH:1
FNDA:2,(anonymous_1)
FNDA:0,(anonymous_2)
FNDA:0,(anonymous_3)
FNDA:0,(anonymous_4)
FNDA:0,(anonymous_5)
FNDA:0,(anonymous_6)
FNDA:0,(anonymous_7)
FNDA:0,(anonymous_8)
FNDA:0,(anonymous_9)
FNDA:0,(anonymous_10)
FNDA:0,(anonymous_11)
FNDA:0,(anonymous_12)
FNDA:0,(anonymous_13)
DA:1,2
DA:2,2
DA:26,2
DA:38,2
DA:47,0
DA:57,0
DA:64,0
DA:70,0
DA:74,0
DA:78,0
DA:92,0
DA:96,0
DA:98,0
DA:99,0
DA:100,0
DA:102,0
DA:103,0
DA:105,0
DA:109,0
DA:113,0
DA:114,0
DA:115,0
DA:120,0
DA:125,0
DA:126,0
DA:127,0
DA:128,0
DA:132,0
DA:136,2
LF:29
LH:5
BRDA:46,0,0,0
BRDA:96,1,0,0
BRDA:96,1,1,0
BRDA:98,2,0,0
BRDA:98,2,1,0
BRDA:99,3,0,0
BRDA:99,3,1,0
BRDA:100,4,0,0
BRDA:100,4,1,0
BRDA:114,5,0,0
BRDA:114,5,1,0
BRDA:127,6,0,0
BRDA:127,6,1,0
BRDA:127,7,0,0
BRDA:127,7,1,0
BRF:15
BRH:0
end_of_record
TN:
SF:database/models/Reminder.ts
FN:37,(anonymous_1)
FN:46,(anonymous_2)
FN:70,(anonymous_3)
FN:99,(anonymous_4)
FN:106,(anonymous_5)
FN:113,(anonymous_6)
FN:122,(anonymous_7)
FN:141,(anonymous_8)
FNF:8
FNH:1
FNDA:2,(anonymous_1)
FNDA:0,(anonymous_2)
FNDA:0,(anonymous_3)
FNDA:0,(anonymous_4)
FNDA:0,(anonymous_5)
FNDA:0,(anonymous_6)
FNDA:0,(anonymous_7)
FNDA:0,(anonymous_8)
DA:1,2
DA:2,2
DA:24,2
DA:38,2
DA:55,0
DA:57,0
DA:71,0
DA:72,0
DA:73,0
DA:75,0
DA:77,0
DA:78,0
DA:79,0
DA:81,0
DA:82,0
DA:83,0
DA:85,0
DA:86,0
DA:87,0
DA:89,0
DA:90,0
DA:93,0
DA:96,0
DA:100,0
DA:107,0
DA:114,0
DA:119,0
DA:123,0
DA:125,0
DA:127,0
DA:128,0
DA:130,0
DA:137,0
DA:138,0
DA:142,0
DA:143,0
DA:152,2
LF:37
LH:5
BRDA:52,0,0,0
BRDA:53,1,0,0
BRDA:77,2,0,0
BRDA:77,2,1,0
BRDA:78,3,0,0
BRDA:78,3,1,0
BRDA:81,4,0,0
BRDA:81,4,1,0
BRDA:82,5,0,0
BRDA:82,5,1,0
BRDA:85,6,0,0
BRDA:85,6,1,0
BRDA:85,7,0,0
BRDA:85,7,1,0
BRDA:89,8,0,0
BRDA:89,8,1,0
BRDA:89,9,0,0
BRDA:89,9,1,0
BRDA:125,10,0,0
BRDA:125,10,1,0
BRDA:125,11,0,0
BRDA:125,11,1,0
BRDA:127,12,0,0
BRDA:127,12,1,0
BRDA:133,13,0,0
BRDA:133,13,1,0
BRF:26
BRH:0
end_of_record
TN:
SF:database/models/Schedule.ts
FN:39,(anonymous_1)
FN:48,(anonymous_2)
FN:66,(anonymous_3)
FN:83,(anonymous_4)
FN:91,(anonymous_5)
FN:124,(anonymous_6)
FN:137,(anonymous_7)
FNF:7
FNH:1
FNDA:2,(anonymous_1)
FNDA:0,(anonymous_2)
FNDA:0,(anonymous_3)
FNDA:0,(anonymous_4)
FNDA:0,(anonymous_5)
FNDA:0,(anonymous_6)
FNDA:0,(anonymous_7)
DA:1,3
DA:2,3
DA:28,3
DA:40,2
DA:56,0
DA:67,0
DA:68,0
DA:69,0
DA:71,0
DA:72,0
DA:73,0
DA:74,0
DA:77,0
DA:84,0
DA:88,0
DA:92,0
DA:101,0
DA:103,0
DA:104,0
DA:105,0
DA:107,0
DA:109,0
DA:110,0
DA:111,0
DA:113,0
DA:114,0
DA:115,0
DA:116,0
DA:118,0
DA:125,0
DA:127,0
DA:138,0
DA:139,0
DA:140,0
DA:142,0
DA:158,3
LF:36
LH:5
BRDA:54,0,0,0
BRDA:66,1,0,0
BRDA:71,2,0,0
BRDA:71,2,1,0
BRDA:73,3,0,0
BRDA:73,3,1,0
BRDA:79,4,0,0
BRDA:79,4,1,0
BRDA:101,5,0,0
BRDA:101,5,1,0
BRDA:107,6,0,0
BRDA:107,6,1,0
BRDA:114,7,0,0
BRDA:114,7,1,0
BRDA:114,8,0,0
BRDA:114,8,1,0
BRDA:115,9,0,0
BRDA:115,9,1,0
BRDA:115,10,0,0
BRDA:115,10,1,0
BRDA:116,11,0,0
BRDA:116,11,1,0
BRDA:116,12,0,0
BRDA:116,12,1,0
BRDA:120,13,0,0
BRDA:120,13,1,0
BRDA:137,14,0,0
BRF:27
BRH:0
end_of_record
TN:
SF:database/models/Task.ts
FN:30,(anonymous_1)
FN:39,(anonymous_2)
FN:48,(anonymous_3)
FN:60,(anonymous_4)
FN:74,(anonymous_5)
FN:82,(anonymous_6)
FNF:6
FNH:1
FNDA:2,(anonymous_1)
FNDA:0,(anonymous_2)
FNDA:0,(anonymous_3)
FNDA:0,(anonymous_4)
FNDA:0,(anonymous_5)
FNDA:0,(anonymous_6)
DA:1,5
DA:2,5
DA:19,5
DA:31,2
DA:40,0
DA:49,0
DA:51,0
DA:52,0
DA:53,0
DA:54,0
DA:57,0
DA:61,0
DA:65,0
DA:67,0
DA:68,0
DA:69,0
DA:71,0
DA:75,0
DA:79,0
DA:83,0
DA:87,0
DA:89,0
DA:90,0
DA:92,0
DA:96,5
LF:25
LH:5
BRDA:39,0,0,0
BRDA:48,1,0,0
BRDA:51,2,0,0
BRDA:51,2,1,0
BRDA:53,3,0,0
BRDA:53,3,1,0
BRDA:65,4,0,0
BRDA:65,4,1,0
BRDA:87,5,0,0
BRDA:87,5,1,0
BRF:10
BRH:0
end_of_record
TN:
SF:database/models/Tracker.ts
FN:42,(anonymous_1)
FN:51,(anonymous_2)
FN:60,(anonymous_3)
FN:96,(anonymous_4)
FN:97,(anonymous_5)
FN:115,(anonymous_6)
FN:123,(anonymous_7)
FN:126,(anonymous_8)
FN:134,(anonymous_9)
FNF:9
FNH:1
FNDA:2,(anonymous_1)
FNDA:0,(anonymous_2)
FNDA:0,(anonymous_3)
FNDA:0,(anonymous_4)
FNDA:0,(anonymous_5)
FNDA:0,(anonymous_6)
FNDA:0,(anonymous_7)
FNDA:0,(anonymous_8)
FNDA:0,(anonymous_9)
DA:1,3
DA:2,3
DA:33,3
DA:43,2
DA:52,0
DA:61,0
DA:63,0
DA:64,0
DA:65,0
DA:67,0
DA:69,0
DA:70,0
DA:72,0
DA:73,0
DA:75,0
DA:76,0
DA:78,0
DA:79,0
DA:81,0
DA:84,0
DA:85,0
DA:89,0
DA:94,0
DA:96,0
DA:97,0
DA:98,0
DA:99,0
DA:100,0
DA:102,0
DA:116,0
DA:123,0
DA:127,0
DA:131,0
DA:135,0
DA:143,3
LF:35
LH:5
BRDA:60,0,0,0
BRDA:63,1,0,0
BRDA:63,1,1,0
BRDA:67,2,0,0
BRDA:67,2,1,0
BRDA:67,2,2,0
BRDA:67,2,3,0
BRDA:67,2,4,0
BRDA:84,3,0,0
BRDA:84,3,1,0
BRDA:94,4,0,0
BRDA:94,4,1,0
BRDA:134,5,0,0
BRF:13
BRH:0
end_of_record
TN:
SF:src/bot.ts
FN:27,loadModels
FN:34,loadCommands
FN:37,(anonymous_3)
FN:57,setupScheduler
FN:66,(anonymous_5)
FN:78,(anonymous_6)
FN:88,(anonymous_7)
FN:216,(anonymous_8)
FN:220,(anonymous_9)
FN:224,init
FN:241,(anonymous_11)
FN:247,(anonymous_12)
FNF:12
FNH:0
FNDA:0,loadModels
FNDA:0,loadCommands
FNDA:0,(anonymous_3)
FNDA:0,setupScheduler
FNDA:0,(anonymous_5)
FNDA:0,(anonymous_6)
FNDA:0,(anonymous_7)
FNDA:0,(anonymous_8)
FNDA:0,(anonymous_9)
FNDA:0,init
FNDA:0,(anonymous_11)
FNDA:0,(anonymous_12)
DA:2,0
DA:4,0
DA:5,0
DA:6,0
DA:7,0
DA:8,0
DA:9,0
DA:10,0
DA:12,0
DA:15,0
DA:17,0
DA:25,0
DA:30,0
DA:31,0
DA:35,0
DA:36,0
DA:37,0
DA:39,0
DA:40,0
DA:41,0
DA:44,0
DA:46,0
DA:47,0
DA:48,0
DA:50,0
DA:54,0
DA:58,0
DA:59,0
DA:60,0
DA:61,0
DA:62,0
DA:66,0
DA:67,0
DA:68,0
DA:76,0
DA:78,0
DA:79,0
DA:81,0
DA:82,0
DA:83,0
DA:85,0
DA:88,0
DA:92,0
DA:93,0
DA:94,0
DA:95,0
DA:97,0
DA:98,0
DA:101,0
DA:102,0
DA:110,0
DA:115,0
DA:119,0
DA:120,0
DA:122,0
DA:123,0
DA:128,0
DA:129,0
DA:135,0
DA:138,0
DA:139,0
DA:140,0
DA:146,0
DA:155,0
DA:156,0
DA:157,0
DA:158,0
DA:162,0
DA:163,0
DA:164,0
DA:167,0
DA:168,0
DA:177,0
DA:178,0
DA:179,0
DA:180,0
DA:181,0
DA:182,0
DA:183,0
DA:185,0
DA:187,0
DA:188,0
DA:189,0
DA:192,0
DA:193,0
DA:194,0
DA:197,0
DA:198,0
DA:200,0
DA:208,0
DA:216,0
DA:217,0
DA:220,0
DA:221,0
DA:225,0
DA:226,0
DA:228,0
DA:229,0
DA:230,0
DA:231,0
DA:233,0
DA:235,0
DA:236,0
DA:241,0
DA:242,0
DA:243,0
DA:244,0
DA:247,0
DA:248,0
DA:249,0
DA:250,0
DA:254,0
LF:112
LH:0
BRDA:37,0,0,0
BRDA:37,0,1,0
BRDA:44,1,0,0
BRDA:44,1,1,0
BRDA:46,2,0,0
BRDA:46,2,1,0
BRDA:46,3,0,0
BRDA:46,3,1,0
BRDA:59,4,0,0
BRDA:59,4,1,0
BRDA:81,5,0,0
BRDA:81,5,1,0
BRDA:92,6,0,0
BRDA:92,6,1,0
BRDA:92,7,0,0
BRDA:92,7,1,0
BRDA:92,7,2,0
BRDA:94,8,0,0
BRDA:94,8,1,0
BRDA:94,9,0,0
BRDA:94,9,1,0
BRDA:95,10,0,0
BRDA:95,10,1,0
BRDA:95,11,0,0
BRDA:95,11,1,0
BRDA:104,12,0,0
BRDA:104,12,1,0
BRDA:111,13,0,0
BRDA:111,13,1,0
BRDA:119,14,0,0
BRDA:119,14,1,0
BRDA:122,15,0,0
BRDA:122,15,1,0
BRDA:148,16,0,0
BRDA:148,16,1,0
BRDA:149,17,0,0
BRDA:149,17,1,0
BRDA:156,18,0,0
BRDA:156,18,1,0
BRDA:163,19,0,0
BRDA:163,19,1,0
BRDA:167,20,0,0
BRDA:167,20,1,0
BRDA:177,21,0,0
BRDA:177,21,1,0
BRDA:179,22,0,0
BRDA:179,22,1,0
BRDA:181,23,0,0
BRDA:181,23,1,0
BRDA:183,24,0,0
BRDA:183,24,1,0
BRDA:187,25,0,0
BRDA:187,25,1,0
BRDA:192,26,0,0
BRDA:192,26,1,0
BRDA:202,27,0,0
BRDA:202,27,1,0
BRDA:203,28,0,0
BRDA:203,28,1,0
BRF:59
BRH:0
end_of_record
TN:
SF:src/deploy-commands.ts
FN:18,(anonymous_1)
FN:32,(anonymous_2)
FNF:2
FNH:0
FNDA:0,(anonymous_1)
FNDA:0,(anonymous_2)
DA:1,0
DA:2,0
DA:3,0
DA:4,0
DA:5,0
DA:7,0
DA:9,0
DA:10,0
DA:12,0
DA:13,0
DA:14,0
DA:17,0
DA:18,0
DA:20,0
DA:21,0
DA:22,0
DA:24,0
DA:25,0
DA:26,0
DA:30,0
DA:32,0
DA:33,0
DA:34,0
DA:36,0
DA:44,0
DA:46,0
DA:49,0
LF:27
LH:0
BRDA:12,0,0,0
BRDA:12,0,1,0
BRDA:18,1,0,0
BRDA:18,1,1,0
BRDA:22,2,0,0
BRDA:22,2,1,0
BRDA:24,3,0,0
BRDA:24,3,1,0
BRDA:24,4,0,0
BRDA:24,4,1,0
BRDA:47,5,0,0
BRDA:47,5,1,0
BRF:12
BRH:0
end_of_record
TN:
SF:utils/googleServices.ts
FN:15,(anonymous_0)
FN:23,(anonymous_1)
FN:29,(anonymous_2)
FN:50,(anonymous_3)
FNF:4
FNH:0
FNDA:0,(anonymous_0)
FNDA:0,(anonymous_1)
FNDA:0,(anonymous_2)
FNDA:0,(anonymous_3)
DA:1,0
DA:2,0
DA:10,0
DA:12,0
DA:13,0
DA:16,0
DA:24,0
DA:25,0
DA:26,0
DA:30,0
DA:31,0
DA:34,0
DA:35,0
DA:40,0
DA:41,0
DA:43,0
DA:46,0
DA:51,0
DA:52,0
DA:55,0
DA:56,0
DA:67,0
DA:68,0
DA:70,0
DA:73,0
LF:25
LH:0
BRDA:30,0,0,0
BRDA:30,0,1,0
BRDA:44,1,0,0
BRDA:44,1,1,0
BRDA:51,2,0,0
BRDA:51,2,1,0
BRDA:71,3,0,0
BRDA:71,3,1,0
BRF:8
BRH:0
end_of_record
TN:
SF:utils/interactionHandler.ts
FN:86,getModels
FN:100,(anonymous_2)
FN:121,(anonymous_3)
FN:165,(anonymous_4)
FN:255,(anonymous_5)
FN:256,(anonymous_6)
FN:312,(anonymous_7)
FN:318,(anonymous_8)
FN:334,(anonymous_9)
FN:358,(anonymous_10)
FN:378,(anonymous_11)
FN:379,(anonymous_12)
FN:425,(anonymous_13)
FN:647,(anonymous_14)
FN:781,(anonymous_15)
FN:807,(anonymous_16)
FN:835,(anonymous_17)
FNF:17
FNH:0
FNDA:0,getModels
FNDA:0,(anonymous_2)
FNDA:0,(anonymous_3)
FNDA:0,(anonymous_4)
FNDA:0,(anonymous_5)
FNDA:0,(anonymous_6)
FNDA:0,(anonymous_7)
FNDA:0,(anonymous_8)
FNDA:0,(anonymous_9)
FNDA:0,(anonymous_10)
FNDA:0,(anonymous_11)
FNDA:0,(anonymous_12)
FNDA:0,(anonymous_13)
FNDA:0,(anonymous_14)
FNDA:0,(anonymous_15)
FNDA:0,(anonymous_16)
FNDA:0,(anonymous_17)
DA:1,0
DA:18,0
DA:19,0
DA:20,0
DA:22,0
DA:87,0
DA:88,0
DA:89,0
DA:92,0
DA:93,0
DA:94,0
DA:96,0
DA:99,0
DA:101,0
DA:102,0
DA:103,0
DA:105,0
DA:106,0
DA:107,0
DA:108,0
DA:112,0
DA:114,0
DA:117,0
DA:120,0
DA:121,0
DA:122,0
DA:127,0
DA:128,0
DA:129,0
DA:133,0
DA:140,0
DA:147,0
DA:148,0
DA:150,0
DA:151,0
DA:152,0
DA:155,0
DA:156,0
DA:157,0
DA:158,0
DA:159,0
DA:162,0
DA:165,0
DA:171,0
DA:172,0
DA:177,0
DA:180,0
DA:181,0
DA:182,0
DA:183,0
DA:184,0
DA:189,0
DA:194,0
DA:197,0
DA:198,0
DA:199,0
DA:203,0
DA:204,0
DA:208,0
DA:211,0
DA:215,0
DA:223,0
DA:224,0
DA:225,0
DA:226,0
DA:229,0
DA:230,0
DA:231,0
DA:232,0
DA:233,0
DA:238,0
DA:243,0
DA:246,0
DA:247,0
DA:249,0
DA:250,0
DA:252,0
DA:255,0
DA:257,0
DA:258,0
DA:263,0
DA:265,0
DA:270,0
DA:271,0
DA:272,0
DA:273,0
DA:277,0
DA:284,0
DA:285,0
DA:286,0
DA:287,0
DA:290,0
DA:291,0
DA:292,0
DA:296,0
DA:297,0
DA:301,0
DA:304,0
DA:309,0
DA:310,0
DA:312,0
DA:313,0
DA:314,0
DA:316,0
DA:317,0
DA:318,0
DA:322,0
DA:334,0
DA:337,0
DA:338,0
DA:341,0
DA:342,0
DA:343,0
DA:347,0
DA:348,0
DA:352,0
DA:355,0
DA:356,0
DA:357,0
DA:358,0
DA:359,0
DA:360,0
DA:363,0
DA:367,0
DA:370,0
DA:371,0
DA:373,0
DA:374,0
DA:375,0
DA:378,0
DA:380,0
DA:381,0
DA:386,0
DA:388,0
DA:393,0
DA:394,0
DA:395,0
DA:396,0
DA:397,0
DA:398,0
DA:403,0
DA:408,0
DA:411,0
DA:412,0
DA:416,0
DA:419,0
DA:420,0
DA:421,0
DA:422,0
DA:425,0
DA:429,0
DA:431,0
DA:434,0
DA:435,0
DA:436,0
DA:440,0
DA:445,0
DA:446,0
DA:447,0
DA:448,0
DA:449,0
DA:451,0
DA:463,0
DA:477,0
DA:478,0
DA:481,0
DA:482,0
DA:483,0
DA:484,0
DA:486,0
DA:498,0
DA:517,0
DA:518,0
DA:521,0
DA:522,0
DA:525,0
DA:529,0
DA:530,0
DA:534,0
DA:536,0
DA:537,0
DA:542,0
DA:547,0
DA:550,0
DA:551,0
DA:558,0
DA:559,0
DA:566,0
DA:575,0
DA:576,0
DA:579,0
DA:580,0
DA:598,0
DA:599,0
DA:605,0
DA:614,0
DA:615,0
DA:620,0
DA:622,0
DA:623,0
DA:627,0
DA:631,0
DA:638,0
DA:639,0
DA:648,0
DA:649,0
DA:650,0
DA:652,0
DA:653,0
DA:654,0
DA:655,0
DA:659,0
DA:661,0
DA:662,0
DA:663,0
DA:664,0
DA:668,0
DA:669,0
DA:673,0
DA:676,0
DA:682,0
DA:683,0
DA:689,0
DA:690,0
DA:696,0
DA:716,0
DA:721,0
DA:724,0
DA:725,0
DA:726,0
DA:727,0
DA:728,0
DA:733,0
DA:738,0
DA:741,0
DA:742,0
DA:743,0
DA:744,0
DA:745,0
DA:750,0
DA:755,0
DA:758,0
DA:759,0
DA:760,0
DA:764,0
DA:765,0
DA:769,0
DA:772,0
DA:778,0
DA:779,0
DA:781,0
DA:782,0
DA:783,0
DA:785,0
DA:787,0
DA:788,0
DA:795,0
DA:807,0
DA:810,0
DA:815,0
DA:819,0
DA:826,0
DA:827,0
DA:836,0
DA:837,0
DA:838,0
DA:840,0
DA:841,0
DA:842,0
DA:843,0
DA:847,0
DA:850,0
DA:852,0
DA:853,0
DA:854,0
DA:855,0
DA:856,0
DA:858,0
DA:859,0
DA:860,0
DA:861,0
DA:865,0
DA:869,0
DA:871,0
DA:877,0
DA:878,0
DA:884,0
DA:898,0
DA:903,0
DA:906,0
DA:907,0
DA:908,0
DA:910,0
DA:912,0
DA:913,0
DA:919,0
DA:924,0
DA:929,0
DA:932,0
DA:933,0
DA:934,0
DA:936,0
DA:938,0
DA:939,0
DA:944,0
DA:949,0
DA:953,0
DA:960,0
DA:961,0
DA:971,0
DA:972,0
DA:973,0
LF:312
LH:0
BRDA:92,0,0,0
BRDA:92,0,1,0
BRDA:93,1,0,0
BRDA:93,1,1,0
BRDA:94,2,0,0
BRDA:94,2,1,0
BRDA:105,3,0,0
BRDA:105,3,1,0
BRDA:117,4,0,0
BRDA:117,4,1,0
BRDA:117,4,2,0
BRDA:117,4,3,0
BRDA:120,5,0,0
BRDA:120,5,1,0
BRDA:127,6,0,0
BRDA:127,6,1,0
BRDA:128,7,0,0
BRDA:128,7,1,0
BRDA:155,8,0,0
BRDA:155,8,1,0
BRDA:157,9,0,0
BRDA:157,9,1,0
BRDA:157,10,0,0
BRDA:157,10,1,0
BRDA:167,11,0,0
BRDA:167,11,1,0
BRDA:180,12,0,0
BRDA:180,12,1,0
BRDA:183,13,0,0
BRDA:183,13,1,0
BRDA:197,14,0,0
BRDA:197,14,1,0
BRDA:203,15,0,0
BRDA:203,15,1,0
BRDA:229,16,0,0
BRDA:229,16,1,0
BRDA:232,17,0,0
BRDA:232,17,1,0
BRDA:246,18,0,0
BRDA:246,18,1,0
BRDA:246,19,0,0
BRDA:246,19,1,0
BRDA:246,19,2,0
BRDA:247,20,0,0
BRDA:247,20,1,0
BRDA:250,21,0,0
BRDA:250,21,1,0
BRDA:257,22,0,0
BRDA:257,22,1,0
BRDA:270,23,0,0
BRDA:270,23,1,0
BRDA:271,24,0,0
BRDA:271,24,1,0
BRDA:290,25,0,0
BRDA:290,25,1,0
BRDA:296,26,0,0
BRDA:296,26,1,0
BRDA:309,27,0,0
BRDA:309,27,1,0
BRDA:309,28,0,0
BRDA:309,28,1,0
BRDA:313,29,0,0
BRDA:313,29,1,0
BRDA:334,30,0,0
BRDA:334,30,1,0
BRDA:341,31,0,0
BRDA:341,31,1,0
BRDA:347,32,0,0
BRDA:347,32,1,0
BRDA:356,33,0,0
BRDA:356,33,1,0
BRDA:356,34,0,0
BRDA:356,34,1,0
BRDA:370,35,0,0
BRDA:370,35,1,0
BRDA:374,36,0,0
BRDA:374,36,1,0
BRDA:380,37,0,0
BRDA:380,37,1,0
BRDA:393,38,0,0
BRDA:393,38,1,0
BRDA:394,39,0,0
BRDA:394,39,1,0
BRDA:397,40,0,0
BRDA:397,40,1,0
BRDA:411,41,0,0
BRDA:411,41,1,0
BRDA:411,42,0,0
BRDA:411,42,1,0
BRDA:419,43,0,0
BRDA:419,43,1,0
BRDA:419,44,0,0
BRDA:419,44,1,0
BRDA:421,45,0,0
BRDA:421,45,1,0
BRDA:434,46,0,0
BRDA:434,46,1,0
BRDA:437,47,0,0
BRDA:437,47,1,0
BRDA:445,48,0,0
BRDA:445,48,1,0
BRDA:446,49,0,0
BRDA:446,49,1,0
BRDA:481,50,0,0
BRDA:481,50,1,0
BRDA:521,51,0,0
BRDA:521,51,1,0
BRDA:529,52,0,0
BRDA:529,52,1,0
BRDA:536,53,0,0
BRDA:536,53,1,0
BRDA:550,54,0,0
BRDA:550,54,1,0
BRDA:579,55,0,0
BRDA:579,55,1,0
BRDA:620,56,0,0
BRDA:620,56,1,0
BRDA:620,57,0,0
BRDA:620,57,1,0
BRDA:620,57,2,0
BRDA:620,57,3,0
BRDA:632,58,0,0
BRDA:632,58,1,0
BRDA:633,59,0,0
BRDA:633,59,1,0
BRDA:638,60,0,0
BRDA:638,60,1,0
BRDA:638,61,0,0
BRDA:638,61,1,0
BRDA:652,62,0,0
BRDA:652,62,1,0
BRDA:662,63,0,0
BRDA:662,63,1,0
BRDA:668,64,0,0
BRDA:668,64,1,0
BRDA:679,65,0,0
BRDA:679,65,1,0
BRDA:682,66,0,0
BRDA:682,66,1,0
BRDA:689,67,0,0
BRDA:689,67,1,0
BRDA:724,68,0,0
BRDA:724,68,1,0
BRDA:727,69,0,0
BRDA:727,69,1,0
BRDA:741,70,0,0
BRDA:741,70,1,0
BRDA:744,71,0,0
BRDA:744,71,1,0
BRDA:758,72,0,0
BRDA:758,72,1,0
BRDA:764,73,0,0
BRDA:764,73,1,0
BRDA:776,74,0,0
BRDA:776,74,1,0
BRDA:778,75,0,0
BRDA:778,75,1,0
BRDA:778,76,0,0
BRDA:778,76,1,0
BRDA:782,77,0,0
BRDA:782,77,1,0
BRDA:787,78,0,0
BRDA:787,78,1,0
BRDA:807,79,0,0
BRDA:807,79,1,0
BRDA:820,80,0,0
BRDA:820,80,1,0
BRDA:821,81,0,0
BRDA:821,81,1,0
BRDA:826,82,0,0
BRDA:826,82,1,0
BRDA:826,83,0,0
BRDA:826,83,1,0
BRDA:840,84,0,0
BRDA:840,84,1,0
BRDA:853,85,0,0
BRDA:853,85,1,0
BRDA:858,86,0,0
BRDA:858,86,1,0
BRDA:858,87,0,0
BRDA:858,87,1,0
BRDA:860,88,0,0
BRDA:860,88,1,0
BRDA:869,89,0,0
BRDA:869,89,1,0
BRDA:877,90,0,0
BRDA:877,90,1,0
BRDA:906,91,0,0
BRDA:906,91,1,0
BRDA:912,92,0,0
BRDA:912,92,1,0
BRDA:932,93,0,0
BRDA:932,93,1,0
BRDA:938,94,0,0
BRDA:938,94,1,0
BRDA:954,95,0,0
BRDA:954,95,1,0
BRDA:955,96,0,0
BRDA:955,96,1,0
BRDA:960,97,0,0
BRDA:960,97,1,0
BRDA:960,98,0,0
BRDA:960,98,1,0
BRF:203
BRH:0
end_of_record
TN:
SF:utils/recipeData.ts
FNF:0
FNH:0
DA:2,1
DA:13,1
LF:2
LH:2
BRF:0
BRH:0
end_of_record
TN:
SF:utils/scheduler.ts
FN:14,(anonymous_9)
FN:18,(anonymous_10)
FN:21,(anonymous_11)
FN:33,(anonymous_12)
FN:51,(anonymous_13)
FN:55,(anonymous_14)
FN:65,(anonymous_15)
FN:85,(anonymous_16)
FN:103,(anonymous_17)
FN:104,(anonymous_18)
FN:109,startScheduler
FNF:11
FNH:0
FNDA:0,(anonymous_9)
FNDA:0,(anonymous_10)
FNDA:0,(anonymous_11)
FNDA:0,(anonymous_12)
FNDA:0,(anonymous_13)
FNDA:0,(anonymous_14)
FNDA:0,(anonymous_15)
FNDA:0,(anonymous_16)
FNDA:0,(anonymous_17)
FNDA:0,(anonymous_18)
FNDA:0,startScheduler
DA:1,0
DA:2,0
DA:3,0
DA:11,0
DA:15,0
DA:19,0
DA:21,0
DA:23,0
DA:24,0
DA:26,0
DA:34,0
DA:35,0
DA:36,0
DA:39,0
DA:40,0
DA:41,0
DA:42,0
DA:45,0
DA:52,0
DA:53,0
DA:55,0
DA:56,0
DA:59,0
DA:66,0
DA:67,0
DA:68,0
DA:71,0
DA:73,0
DA:75,0
DA:77,0
DA:79,0
DA:81,0
DA:86,0
DA:87,0
DA:88,0
DA:89,0
DA:92,0
DA:93,0
DA:96,0
DA:104,0
DA:105,0
DA:109,0
DA:110,0
DA:111,0
LF:44
LH:0
BRDA:27,0,0,0
BRDA:27,0,1,0
BRDA:28,1,0,0
BRDA:28,1,1,0
BRDA:34,2,0,0
BRDA:34,2,1,0
BRDA:34,3,0,0
BRDA:34,3,1,0
BRDA:46,4,0,0
BRDA:46,4,1,0
BRDA:53,5,0,0
BRDA:53,5,1,0
BRDA:66,6,0,0
BRDA:66,6,1,0
BRDA:73,7,0,0
BRDA:73,7,1,0
BRDA:73,7,2,0
BRDA:73,7,3,0
BRDA:88,8,0,0
BRDA:88,8,1,0
BRDA:88,9,0,0
BRDA:88,9,1,0
BRDA:92,10,0,0
BRDA:92,10,1,0
BRDA:92,11,0,0
BRDA:92,11,1,0
BRDA:98,12,0,0
BRDA:98,12,1,0
BRF:28
BRH:0
end_of_record
TN:
SF:utils/validators.ts
FN:3,validateEmail
FN:11,validateDate
FN:19,paginate
FN:40,isValidChannel
FNF:4
FNH:0
FNDA:0,validateEmail
FNDA:0,validateDate
FNDA:0,paginate
FNDA:0,isValidChannel
DA:3,0
DA:4,0
DA:5,0
DA:11,0
DA:12,0
DA:13,0
DA:19,0
DA:29,0
DA:30,0
DA:32,0
DA:40,0
DA:41,0
LF:12
LH:0
BRDA:7,0,0,0
BRDA:7,0,1,0
BRDA:12,1,0,0
BRDA:12,1,1,0
BRDA:15,2,0,0
BRDA:15,2,1,0
BRDA:21,3,0,0
BRDA:22,4,0,0
BRDA:41,5,0,0
BRDA:41,5,1,0
BRDA:41,5,2,0
BRDA:41,5,3,0
BRF:12
BRH:0
end_of_record
TN:
SF:utils/interactions/index.ts
FN:146,(anonymous_0)
FN:146,(anonymous_1)
FN:49,handleInteraction
FN:50,(anonymous_3)
FN:71,handleButtonInteraction
FN:79,handleButtonInteractionInternal
FNF:6
FNH:0
FNDA:0,(anonymous_0)
FNDA:0,(anonymous_1)
FNDA:0,handleInteraction
FNDA:0,(anonymous_3)
FNDA:0,handleButtonInteraction
FNDA:0,handleButtonInteractionInternal
DA:11,0
DA:14,0
DA:15,0
DA:16,0
DA:17,0
DA:18,0
DA:21,0
DA:22,0
DA:23,0
DA:24,0
DA:25,0
DA:26,0
DA:29,0
DA:30,0
DA:31,0
DA:32,0
DA:33,0
DA:49,0
DA:50,0
DA:52,0
DA:53,0
DA:54,0
DA:55,0
DA:56,0
DA:57,0
DA:71,0
DA:73,0
DA:80,0
DA:81,0
DA:82,0
DA:84,0
DA:85,0
DA:86,0
DA:87,0
DA:93,0
DA:95,0
DA:96,0
DA:97,0
DA:98,0
DA:99,0
DA:100,0
DA:101,0
DA:102,0
DA:103,0
DA:106,0
DA:107,0
DA:112,0
DA:113,0
DA:119,0
DA:127,0
DA:128,0
DA:129,0
DA:134,0
DA:146,0
LF:54
LH:0
BRDA:52,0,0,0
BRDA:52,0,1,0
BRDA:54,1,0,0
BRDA:54,1,1,0
BRDA:56,2,0,0
BRDA:56,2,1,0
BRDA:84,3,0,0
BRDA:84,3,1,0
BRDA:95,4,0,0
BRDA:95,4,1,0
BRDA:97,5,0,0
BRDA:97,5,1,0
BRDA:99,6,0,0
BRDA:99,6,1,0
BRDA:101,7,0,0
BRDA:101,7,1,0
BRDA:101,8,0,0
BRDA:101,8,1,0
BRDA:103,9,0,0
BRDA:103,9,1,0
BRDA:103,10,0,0
BRDA:103,10,1,0
BRDA:103,10,2,0
BRDA:103,10,3,0
BRDA:120,11,0,0
BRDA:120,11,1,0
BRDA:121,12,0,0
BRDA:121,12,1,0
BRDA:128,13,0,0
BRDA:128,13,1,0
BRDA:128,14,0,0
BRDA:128,14,1,0
BRF:32
BRH:0
end_of_record
TN:
SF:utils/interactions/handlers/listHandlers.ts
FN:16,handleListButton
FN:85,(anonymous_1)
FN:91,(anonymous_2)
FN:107,(anonymous_3)
FN:145,(anonymous_4)
FN:174,(anonymous_5)
FN:175,(anonymous_6)
FNF:7
FNH:5
FNDA:9,handleListButton
FNDA:3,(anonymous_1)
FNDA:3,(anonymous_2)
FNDA:2,(anonymous_3)
FNDA:3,(anonymous_4)
FNDA:0,(anonymous_5)
FNDA:0,(anonymous_6)
DA:1,1
DA:13,1
DA:14,1
DA:16,1
DA:17,9
DA:18,9
DA:19,9
DA:21,9
DA:23,1
DA:24,1
DA:26,0
DA:28,1
DA:31,8
DA:33,8
DA:35,8
DA:36,1
DA:37,1
DA:41,1
DA:48,1
DA:49,1
DA:50,1
DA:51,1
DA:55,7
DA:56,4
DA:57,4
DA:61,3
DA:63,1
DA:64,1
DA:69,0
DA:74,1
DA:77,2
DA:82,2
DA:83,1
DA:85,1
DA:86,3
DA:87,3
DA:89,1
DA:90,1
DA:91,3
DA:95,2
DA:107,2
DA:111,2
DA:112,2
DA:114,0
DA:116,2
DA:120,3
DA:121,2
DA:122,2
DA:126,2
DA:128,0
DA:129,0
DA:134,0
DA:139,0
DA:142,2
DA:143,2
DA:144,1
DA:145,3
DA:146,1
DA:147,1
DA:151,2
DA:152,2
DA:157,0
DA:162,2
DA:166,1
DA:167,1
DA:169,1
DA:170,1
DA:171,1
DA:174,0
DA:176,0
DA:177,0
DA:182,1
DA:184,1
DA:187,1
LF:74
LH:63
BRDA:21,0,0,1
BRDA:21,0,1,8
BRDA:23,1,0,1
BRDA:23,1,1,0
BRDA:23,2,0,1
BRDA:23,2,1,1
BRDA:35,3,0,1
BRDA:35,3,1,7
BRDA:55,4,0,4
BRDA:55,4,1,3
BRDA:61,5,0,1
BRDA:61,5,1,2
BRDA:63,6,0,1
BRDA:63,6,1,0
BRDA:63,7,0,1
BRDA:63,7,1,1
BRDA:82,8,0,1
BRDA:82,8,1,1
BRDA:82,9,0,2
BRDA:82,9,1,2
BRDA:86,10,0,1
BRDA:86,10,1,2
BRDA:107,11,0,2
BRDA:107,11,1,2
BRDA:111,12,0,2
BRDA:111,12,1,0
BRDA:111,13,0,2
BRDA:111,13,1,2
BRDA:120,14,0,2
BRDA:120,14,1,1
BRDA:126,15,0,0
BRDA:126,15,1,2
BRDA:128,16,0,0
BRDA:128,16,1,0
BRDA:128,17,0,0
BRDA:128,17,1,0
BRDA:143,18,0,1
BRDA:143,18,1,1
BRDA:143,19,0,2
BRDA:143,19,1,2
BRDA:151,20,0,2
BRDA:151,20,1,0
BRDA:151,21,0,2
BRDA:151,21,1,2
BRDA:166,22,0,1
BRDA:166,22,1,0
BRDA:170,23,0,1
BRDA:170,23,1,0
BRDA:176,24,0,0
BRDA:176,24,1,0
BRF:50
BRH:37
end_of_record
TN:
SF:utils/interactions/handlers/randomHandlers.ts
FN:38,handleRandomButton
FNF:1
FNH:0
FNDA:0,handleRandomButton
DA:1,0
DA:9,0
DA:10,0
DA:11,0
DA:13,0
DA:20,0
DA:38,0
DA:39,0
DA:40,0
DA:41,0
DA:43,0
DA:45,0
DA:46,0
DA:48,0
DA:50,0
DA:53,0
DA:55,0
DA:56,0
DA:57,0
DA:58,0
DA:60,0
DA:72,0
DA:87,0
DA:88,0
DA:90,0
DA:91,0
DA:95,0
DA:96,0
DA:97,0
DA:98,0
DA:100,0
DA:112,0
DA:132,0
DA:133,0
DA:135,0
DA:136,0
DA:140,0
DA:141,0
DA:142,0
DA:145,0
DA:149,0
DA:150,0
DA:154,0
DA:157,0
DA:158,0
DA:159,0
DA:164,0
DA:170,0
DA:171,0
DA:176,0
DA:182,0
DA:186,0
DA:187,0
DA:188,0
DA:195,0
DA:205,0
DA:206,0
DA:208,0
DA:209,0
DA:213,0
DA:214,0
DA:215,0
DA:221,0
DA:231,0
DA:232,0
DA:234,0
DA:235,0
DA:238,0
LF:68
LH:0
BRDA:43,0,0,0
BRDA:43,0,1,0
BRDA:45,1,0,0
BRDA:45,1,1,0
BRDA:45,2,0,0
BRDA:45,2,1,0
BRDA:55,3,0,0
BRDA:55,3,1,0
BRDA:87,4,0,0
BRDA:87,4,1,0
BRDA:87,5,0,0
BRDA:87,5,1,0
BRDA:95,6,0,0
BRDA:95,6,1,0
BRDA:132,7,0,0
BRDA:132,7,1,0
BRDA:132,8,0,0
BRDA:132,8,1,0
BRDA:140,9,0,0
BRDA:140,9,1,0
BRDA:149,10,0,0
BRDA:149,10,1,0
BRDA:157,11,0,0
BRDA:157,11,1,0
BRDA:157,12,0,0
BRDA:157,12,1,0
BRDA:158,13,0,0
BRDA:158,13,1,0
BRDA:170,14,0,0
BRDA:170,14,1,0
BRDA:186,15,0,0
BRDA:186,15,1,0
BRDA:205,16,0,0
BRDA:205,16,1,0
BRDA:205,17,0,0
BRDA:205,17,1,0
BRDA:213,18,0,0
BRDA:213,18,1,0
BRDA:231,19,0,0
BRDA:231,19,1,0
BRDA:231,20,0,0
BRDA:231,20,1,0
BRF:42
BRH:0
end_of_record
TN:
SF:utils/interactions/handlers/reminderHandlers.ts
FN:9,handleReminderButton
FN:84,(anonymous_1)
FNF:2
FNH:0
FNDA:0,handleReminderButton
FNDA:0,(anonymous_1)
DA:6,0
DA:7,0
DA:9,0
DA:10,0
DA:11,0
DA:12,0
DA:14,0
DA:16,0
DA:17,0
DA:19,0
DA:21,0
DA:24,0
DA:26,0
DA:28,0
DA:29,0
DA:30,0
DA:32,0
DA:33,0
DA:34,0
DA:39,0
DA:45,0
DA:46,0
DA:51,0
DA:57,0
DA:61,0
DA:63,0
DA:64,0
DA:69,0
DA:74,0
DA:78,0
DA:79,0
DA:80,0
DA:81,0
DA:84,0
DA:88,0
DA:90,0
DA:94,0
DA:95,0
DA:97,0
DA:98,0
DA:103,0
DA:108,0
DA:111,0
LF:43
LH:0
BRDA:14,0,0,0
BRDA:14,0,1,0
BRDA:16,1,0,0
BRDA:16,1,1,0
BRDA:16,2,0,0
BRDA:16,2,1,0
BRDA:28,3,0,0
BRDA:28,3,1,0
BRDA:32,4,0,0
BRDA:32,4,1,0
BRDA:32,5,0,0
BRDA:32,5,1,0
BRDA:33,6,0,0
BRDA:33,6,1,0
BRDA:45,7,0,0
BRDA:45,7,1,0
BRDA:61,8,0,0
BRDA:61,8,1,0
BRDA:61,9,0,0
BRDA:61,9,1,0
BRDA:63,10,0,0
BRDA:63,10,1,0
BRDA:63,11,0,0
BRDA:63,11,1,0
BRDA:78,12,0,0
BRDA:78,12,1,0
BRDA:78,13,0,0
BRDA:78,13,1,0
BRDA:80,14,0,0
BRDA:80,14,1,0
BRDA:94,15,0,0
BRDA:94,15,1,0
BRDA:97,16,0,0
BRDA:97,16,1,0
BRDA:97,17,0,0
BRDA:97,17,1,0
BRDA:99,18,0,0
BRDA:99,18,1,0
BRDA:104,19,0,0
BRDA:104,19,1,0
BRF:40
BRH:0
end_of_record
TN:
SF:utils/interactions/handlers/selectMenuHandlers.ts
FN:13,handleSelectMenuInteraction
FN:150,(anonymous_1)
FN:176,(anonymous_2)
FNF:3
FNH:0
FNDA:0,handleSelectMenuInteraction
FNDA:0,(anonymous_1)
FNDA:0,(anonymous_2)
DA:1,0
DA:9,0
DA:10,0
DA:11,0
DA:13,0
DA:14,0
DA:15,0
DA:16,0
DA:18,0
DA:19,0
DA:20,0
DA:21,0
DA:24,0
DA:26,0
DA:28,0
DA:29,0
DA:30,0
DA:34,0
DA:35,0
DA:39,0
DA:42,0
DA:48,0
DA:49,0
DA:55,0
DA:56,0
DA:62,0
DA:82,0
DA:87,0
DA:91,0
DA:92,0
DA:93,0
DA:94,0
DA:95,0
DA:100,0
DA:105,0
DA:109,0
DA:110,0
DA:111,0
DA:112,0
DA:113,0
DA:118,0
DA:123,0
DA:127,0
DA:128,0
DA:129,0
DA:133,0
DA:134,0
DA:138,0
DA:141,0
DA:147,0
DA:148,0
DA:150,0
DA:151,0
DA:152,0
DA:154,0
DA:156,0
DA:157,0
DA:164,0
DA:176,0
DA:179,0
DA:184,0
DA:188,0
LF:62
LH:0
BRDA:18,0,0,0
BRDA:18,0,1,0
BRDA:28,1,0,0
BRDA:28,1,1,0
BRDA:34,2,0,0
BRDA:34,2,1,0
BRDA:45,3,0,0
BRDA:45,3,1,0
BRDA:48,4,0,0
BRDA:48,4,1,0
BRDA:55,5,0,0
BRDA:55,5,1,0
BRDA:91,6,0,0
BRDA:91,6,1,0
BRDA:94,7,0,0
BRDA:94,7,1,0
BRDA:109,8,0,0
BRDA:109,8,1,0
BRDA:112,9,0,0
BRDA:112,9,1,0
BRDA:127,10,0,0
BRDA:127,10,1,0
BRDA:133,11,0,0
BRDA:133,11,1,0
BRDA:145,12,0,0
BRDA:145,12,1,0
BRDA:147,13,0,0
BRDA:147,13,1,0
BRDA:147,14,0,0
BRDA:147,14,1,0
BRDA:151,15,0,0
BRDA:151,15,1,0
BRDA:156,16,0,0
BRDA:156,16,1,0
BRDA:176,17,0,0
BRDA:176,17,1,0
BRF:36
BRH:0
end_of_record
TN:
SF:utils/interactions/handlers/taskHandlers.ts
FN:37,handleTaskButton
FN:99,(anonymous_1)
FN:240,(anonymous_2)
FN:241,(anonymous_3)
FNF:4
FNH:2
FNDA:11,handleTaskButton
FNDA:2,(anonymous_1)
FNDA:0,(anonymous_2)
FNDA:0,(anonymous_3)
DA:9,1
DA:19,1
DA:20,1
DA:37,1
DA:38,11
DA:39,11
DA:40,11
DA:42,11
DA:44,1
DA:45,1
DA:47,0
DA:49,1
DA:52,10
DA:54,10
DA:56,10
DA:57,1
DA:61,1
DA:68,1
DA:75,1
DA:76,1
DA:78,1
DA:79,1
DA:80,1
DA:84,9
DA:85,2
DA:86,2
DA:88,1
DA:89,1
DA:91,0
DA:93,1
DA:96,1
DA:99,2
DA:105,1
DA:107,1
DA:108,1
DA:114,0
DA:120,1
DA:124,7
DA:125,3
DA:126,3
DA:128,2
DA:129,2
DA:130,1
DA:135,1
DA:141,0
DA:142,0
DA:147,0
DA:153,2
DA:157,4
DA:158,2
DA:159,2
DA:163,2
DA:165,1
DA:166,1
DA:171,0
DA:176,1
DA:179,1
DA:183,1
DA:191,1
DA:192,1
DA:193,1
DA:194,1
DA:198,2
DA:199,2
DA:200,2
DA:202,2
DA:203,2
DA:204,1
DA:209,1
DA:215,0
DA:216,0
DA:221,0
DA:227,2
DA:231,0
DA:232,0
DA:234,0
DA:235,0
DA:237,0
DA:240,0
DA:242,0
DA:243,0
DA:248,0
DA:250,0
DA:253,1
LF:84
LH:64
BRDA:42,0,0,1
BRDA:42,0,1,10
BRDA:44,1,0,1
BRDA:44,1,1,0
BRDA:44,2,0,1
BRDA:44,2,1,1
BRDA:56,3,0,1
BRDA:56,3,1,9
BRDA:84,4,0,2
BRDA:84,4,1,7
BRDA:86,5,0,1
BRDA:86,5,1,1
BRDA:86,6,0,2
BRDA:86,6,1,2
BRDA:88,7,0,1
BRDA:88,7,1,0
BRDA:88,8,0,1
BRDA:88,8,1,1
BRDA:101,9,0,0
BRDA:101,9,1,2
BRDA:107,10,0,1
BRDA:107,10,1,0
BRDA:107,11,0,1
BRDA:107,11,1,1
BRDA:124,12,0,3
BRDA:124,12,1,4
BRDA:128,13,0,2
BRDA:128,13,1,0
BRDA:128,14,0,2
BRDA:128,14,1,2
BRDA:129,15,0,1
BRDA:129,15,1,1
BRDA:141,16,0,0
BRDA:141,16,1,0
BRDA:157,17,0,2
BRDA:157,17,1,2
BRDA:163,18,0,1
BRDA:163,18,1,1
BRDA:165,19,0,1
BRDA:165,19,1,0
BRDA:165,20,0,1
BRDA:165,20,1,1
BRDA:198,21,0,2
BRDA:198,21,1,0
BRDA:202,22,0,2
BRDA:202,22,1,0
BRDA:202,23,0,2
BRDA:202,23,1,2
BRDA:203,24,0,1
BRDA:203,24,1,1
BRDA:215,25,0,0
BRDA:215,25,1,0
BRDA:231,26,0,0
BRDA:231,26,1,0
BRDA:231,27,0,0
BRDA:231,27,1,0
BRDA:231,27,2,0
BRDA:232,28,0,0
BRDA:232,28,1,0
BRDA:235,29,0,0
BRDA:235,29,1,0
BRDA:242,30,0,0
BRDA:242,30,1,0
BRF:63
BRH:40
end_of_record
TN:
SF:utils/interactions/helpers/databaseHelper.ts
FN:5,getModels
FNF:1
FNH:0
FNDA:0,getModels
DA:3,0
DA:5,0
DA:6,0
DA:7,0
DA:10,0
DA:11,0
DA:12,0
DA:15,0
DA:16,0
DA:17,0
DA:19,0
DA:20,0
LF:12
LH:0
BRDA:6,0,0,0
BRDA:6,0,1,0
BRDA:15,1,0,0
BRDA:15,1,1,0
BRDA:16,2,0,0
BRDA:16,2,1,0
BRDA:17,3,0,0
BRDA:17,3,1,0
BRF:8
BRH:0
end_of_record
TN:
SF:utils/interactions/middleware/errorMiddleware.ts
FN:55,(anonymous_0)
FN:129,classifyError
FN:157,shouldAttemptRecovery
FN:165,attemptRecovery
FNF:4
FNH:4
FNDA:8,(anonymous_0)
FNDA:1,classifyError
FNDA:1,shouldAttemptRecovery
FNDA:1,attemptRecovery
DA:6,1
DA:12,1
DA:53,1
DA:56,8
DA:58,8
DA:60,8
DA:63,1
DA:64,1
DA:67,1
DA:78,1
DA:79,1
DA:80,0
DA:81,0
DA:85,1
DA:86,0
DA:87,0
DA:93,1
DA:94,1
DA:101,0
DA:110,1
DA:117,1
DA:118,1
DA:130,1
DA:132,1
DA:133,0
DA:135,1
DA:136,0
DA:138,1
DA:139,0
DA:141,1
DA:142,0
DA:144,1
DA:145,0
DA:147,1
DA:148,0
DA:151,1
DA:159,1
DA:166,1
DA:168,1
DA:174,1
DA:177,0
DA:182,0
DA:186,0
DA:187,0
DA:191,0
DA:192,0
DA:196,1
LF:47
LH:30
BRDA:64,0,0,1
BRDA:64,0,1,0
BRDA:69,1,0,1
BRDA:69,1,1,0
BRDA:70,2,0,1
BRDA:70,2,1,0
BRDA:79,3,0,0
BRDA:79,3,1,1
BRDA:79,4,0,1
BRDA:79,4,1,1
BRDA:80,5,0,0
BRDA:80,5,1,0
BRDA:80,6,0,0
BRDA:80,6,1,0
BRDA:85,7,0,0
BRDA:85,7,1,1
BRDA:85,8,0,1
BRDA:85,8,1,1
BRDA:86,9,0,0
BRDA:86,9,1,0
BRDA:86,10,0,0
BRDA:86,10,1,0
BRDA:93,11,0,1
BRDA:93,11,1,0
BRDA:93,12,0,1
BRDA:93,12,1,1
BRDA:102,13,0,0
BRDA:102,13,1,0
BRDA:103,14,0,0
BRDA:103,14,1,0
BRDA:112,15,0,1
BRDA:112,15,1,0
BRDA:117,16,0,1
BRDA:117,16,1,0
BRDA:130,17,0,1
BRDA:130,17,1,0
BRDA:132,18,0,0
BRDA:132,18,1,1
BRDA:132,19,0,1
BRDA:132,19,1,1
BRDA:135,20,0,0
BRDA:135,20,1,1
BRDA:135,21,0,1
BRDA:135,21,1,1
BRDA:138,22,0,0
BRDA:138,22,1,1
BRDA:138,23,0,1
BRDA:138,23,1,1
BRDA:141,24,0,0
BRDA:141,24,1,1
BRDA:141,25,0,1
BRDA:141,25,1,1
BRDA:144,26,0,0
BRDA:144,26,1,1
BRDA:144,27,0,1
BRDA:144,27,1,1
BRDA:147,28,0,0
BRDA:147,28,1,1
BRDA:147,29,0,1
BRDA:147,29,1,1
BRDA:174,30,0,0
BRDA:174,30,1,0
BRDA:174,30,2,0
BRDA:174,30,3,1
BRF:64
BRH:34
end_of_record
TN:
SF:utils/interactions/middleware/index.ts
FN:23,(anonymous_0)
FN:32,(anonymous_1)
FN:33,(anonymous_2)
FN:42,(anonymous_3)
FN:74,(anonymous_4)
FN:87,(anonymous_5)
FN:106,(anonymous_6)
FN:107,(anonymous_7)
FN:113,(anonymous_8)
FNF:9
FNH:5
FNDA:17,(anonymous_0)
FNDA:0,(anonymous_1)
FNDA:0,(anonymous_2)
FNDA:23,(anonymous_3)
FNDA:23,(anonymous_4)
FNDA:53,(anonymous_5)
FNDA:0,(anonymous_6)
FNDA:0,(anonymous_7)
FNDA:9,(anonymous_8)
DA:7,1
DA:16,1
DA:17,9
DA:24,17
DA:25,17
DA:33,0
DA:34,0
DA:46,23
DA:55,23
DA:57,23
DA:58,23
DA:60,1
DA:66,1
DA:80,23
DA:83,23
DA:84,54
DA:85,54
DA:87,54
DA:88,53
DA:89,53
DA:91,1
DA:95,1
DA:100,23
DA:107,0
DA:114,9
DA:115,9
LF:26
LH:23
BRDA:61,0,0,1
BRDA:61,0,1,0
BRDA:62,1,0,1
BRDA:62,1,1,0
BRDA:92,2,0,1
BRDA:92,2,1,0
BRF:6
BRH:3
end_of_record
TN:
SF:utils/interactions/middleware/loggingMiddleware.ts
FN:14,(anonymous_0)
FN:75,getInteractionType
FNF:2
FNH:2
FNDA:12,(anonymous_0)
FNDA:12,getInteractionType
DA:6,1
DA:12,1
DA:15,12
DA:16,12
DA:17,12
DA:20,12
DA:28,12
DA:30,12
DA:33,12
DA:34,12
DA:43,12
DA:46,12
DA:47,0
DA:56,0
DA:57,0
DA:67,0
DA:76,12
DA:77,0
DA:78,0
DA:79,0
DA:80,0
DA:81,0
LF:22
LH:13
BRDA:24,0,0,12
BRDA:24,0,1,0
BRDA:25,1,0,0
BRDA:25,1,1,12
BRDA:46,2,0,0
BRDA:46,2,1,12
BRDA:62,3,0,0
BRDA:62,3,1,0
BRDA:63,4,0,0
BRDA:63,4,1,0
BRDA:76,5,0,12
BRDA:76,5,1,0
BRDA:77,6,0,0
BRDA:77,6,1,0
BRDA:78,7,0,0
BRDA:78,7,1,0
BRDA:79,8,0,0
BRDA:79,8,1,0
BRDA:80,9,0,0
BRDA:80,9,1,0
BRF:20
BRH:4
end_of_record
TN:
SF:utils/interactions/middleware/rateLimitMiddleware.ts
FN:33,(anonymous_0)
FN:35,(anonymous_1)
FN:41,(anonymous_2)
FN:64,(anonymous_3)
FN:75,(anonymous_4)
FN:87,(anonymous_5)
FN:94,(anonymous_6)
FN:136,(anonymous_7)
FN:202,getRateLimitCategory
FNF:9
FNH:5
FNDA:1,(anonymous_0)
FNDA:0,(anonymous_1)
FNDA:16,(anonymous_2)
FNDA:16,(anonymous_3)
FNDA:0,(anonymous_4)
FNDA:0,(anonymous_5)
FNDA:0,(anonymous_6)
FNDA:16,(anonymous_7)
FNDA:16,getRateLimitCategory
DA:6,1
DA:30,1
DA:35,1
DA:42,16
DA:43,16
DA:45,16
DA:47,12
DA:51,12
DA:55,4
DA:58,4
DA:65,16
DA:66,16
DA:67,0
DA:69,16
DA:76,0
DA:77,0
DA:78,0
DA:79,0
DA:88,0
DA:95,0
DA:96,0
DA:101,1
DA:104,1
DA:134,1
DA:137,16
DA:140,16
DA:141,16
DA:144,16
DA:147,16
DA:148,0
DA:156,0
DA:157,0
DA:158,0
DA:164,0
DA:165,0
DA:173,0
DA:177,16
DA:178,16
DA:179,3
DA:188,16
DA:195,16
DA:204,16
DA:205,0
DA:209,16
DA:210,16
DA:211,16
DA:212,6
DA:214,10
DA:215,0
DA:219,10
DA:225,1
LF:51
LH:34
BRDA:45,0,0,12
BRDA:45,0,1,4
BRDA:45,1,0,16
BRDA:45,1,1,4
BRDA:66,2,0,0
BRDA:66,2,1,16
BRDA:66,3,0,16
BRDA:66,3,1,16
BRDA:78,4,0,0
BRDA:78,4,1,0
BRDA:141,5,0,16
BRDA:141,5,1,0
BRDA:144,6,0,16
BRDA:144,6,1,0
BRDA:147,7,0,0
BRDA:147,7,1,16
BRDA:156,8,0,0
BRDA:156,8,1,0
BRDA:156,9,0,0
BRDA:156,9,1,0
BRDA:164,10,0,0
BRDA:164,10,1,0
BRDA:164,11,0,0
BRDA:164,11,1,0
BRDA:178,12,0,3
BRDA:178,12,1,13
BRDA:204,13,0,0
BRDA:204,13,1,16
BRDA:204,14,0,16
BRDA:204,14,1,0
BRDA:209,15,0,16
BRDA:209,15,1,0
BRDA:209,16,0,16
BRDA:209,16,1,16
BRDA:211,17,0,6
BRDA:211,17,1,10
BRDA:211,18,0,16
BRDA:211,18,1,10
BRDA:214,19,0,0
BRDA:214,19,1,10
BRF:40
BRH:22
end_of_record
TN:
SF:utils/interactions/middleware/validationMiddleware.ts
FN:31,(anonymous_0)
FN:105,requiresGuild
FN:113,validateModalInputs
FN:140,validateCommandOptions
FN:145,(anonymous_4)
FN:156,validateTextInput
FNF:6
FNH:3
FNDA:13,(anonymous_0)
FNDA:0,requiresGuild
FNDA:2,validateModalInputs
FNDA:0,validateCommandOptions
FNDA:0,(anonymous_4)
FNDA:2,validateTextInput
DA:6,1
DA:12,1
DA:29,1
DA:32,13
DA:34,13
DA:36,13
DA:37,0
DA:40,0
DA:42,0
DA:43,0
DA:47,0
DA:49,0
DA:51,0
DA:57,0
DA:61,13
DA:62,2
DA:66,12
DA:67,0
DA:71,12
DA:74,1
DA:81,1
DA:83,1
DA:85,1
DA:86,1
DA:92,0
DA:107,0
DA:114,2
DA:117,2
DA:118,2
DA:119,2
DA:123,1
DA:124,0
DA:125,0
DA:126,0
DA:131,1
DA:132,0
DA:133,0
DA:141,0
DA:144,0
DA:145,0
DA:146,0
DA:147,0
DA:148,0
DA:158,2
DA:159,1
DA:160,1
DA:164,1
DA:165,0
DA:166,0
DA:170,1
DA:171,0
DA:175,1
DA:176,0
LF:53
LH:27
BRDA:36,0,0,0
BRDA:36,0,1,13
BRDA:36,1,0,13
BRDA:36,1,1,0
BRDA:40,2,0,0
BRDA:40,2,1,0
BRDA:40,3,0,0
BRDA:40,3,1,0
BRDA:47,4,0,0
BRDA:47,4,1,0
BRDA:47,5,0,0
BRDA:47,5,1,0
BRDA:49,6,0,0
BRDA:49,6,1,0
BRDA:49,7,0,0
BRDA:49,7,1,0
BRDA:49,8,0,0
BRDA:49,8,1,0
BRDA:50,9,0,0
BRDA:50,9,1,0
BRDA:61,10,0,2
BRDA:61,10,1,11
BRDA:61,11,0,13
BRDA:61,11,1,13
BRDA:66,12,0,0
BRDA:66,12,1,12
BRDA:66,13,0,12
BRDA:66,13,1,0
BRDA:75,14,0,1
BRDA:75,14,1,0
BRDA:81,15,0,1
BRDA:81,15,1,0
BRDA:81,16,0,1
BRDA:81,16,1,1
BRDA:83,17,0,1
BRDA:83,17,1,0
BRDA:83,18,0,1
BRDA:83,18,1,1
BRDA:83,19,0,1
BRDA:83,19,1,0
BRDA:84,20,0,1
BRDA:84,20,1,0
BRDA:85,21,0,1
BRDA:85,21,1,0
BRDA:85,22,0,1
BRDA:85,22,1,1
BRDA:117,23,0,2
BRDA:117,23,1,0
BRDA:123,24,0,0
BRDA:123,24,1,1
BRDA:125,25,0,0
BRDA:125,25,1,0
BRDA:125,26,0,0
BRDA:125,26,1,0
BRDA:131,27,0,0
BRDA:131,27,1,1
BRDA:141,28,0,0
BRDA:141,28,1,0
BRDA:147,29,0,0
BRDA:147,29,1,0
BRDA:158,30,0,1
BRDA:158,30,1,1
BRDA:164,31,0,0
BRDA:164,31,1,1
BRDA:170,32,0,0
BRDA:170,32,1,1
BRDA:175,33,0,0
BRDA:175,33,1,1
BRF:68
BRH:28
end_of_record
TN:
SF:utils/interactions/modals/modalHandlers.ts
FN:13,handleModalSubmit
FNF:1
FNH:1
FNDA:10,handleModalSubmit
DA:1,1
DA:9,1
DA:10,1
DA:11,1
DA:13,1
DA:14,10
DA:15,10
DA:16,10
DA:18,10
DA:19,1
DA:20,1
DA:21,1
DA:25,9
DA:27,9
DA:29,9
DA:31,9
DA:32,4
DA:33,4
DA:34,4
DA:36,4
DA:37,2
DA:38,2
DA:39,1
DA:42,1
DA:46,3
DA:48,2
DA:54,2
DA:55,1
DA:61,2
DA:75,2
DA:80,2
DA:84,5
DA:85,2
DA:86,2
DA:88,2
DA:90,2
DA:91,1
DA:97,1
DA:102,1
DA:107,2
DA:111,3
DA:112,3
DA:113,3
DA:115,3
DA:117,3
DA:118,2
DA:122,1
DA:126,3
DA:130,1
LF:49
LH:49
BRDA:18,0,0,1
BRDA:18,0,1,9
BRDA:31,1,0,4
BRDA:31,1,1,5
BRDA:36,2,0,2
BRDA:36,2,1,2
BRDA:36,3,0,4
BRDA:36,3,1,2
BRDA:38,4,0,1
BRDA:38,4,1,1
BRDA:46,5,0,3
BRDA:46,5,1,2
BRDA:54,6,0,1
BRDA:54,6,1,1
BRDA:84,7,0,2
BRDA:84,7,1,3
BRDA:90,8,0,1
BRDA:90,8,1,1
BRDA:111,9,0,3
BRDA:111,9,1,0
BRDA:117,10,0,2
BRDA:117,10,1,1
BRF:22
BRH:21
end_of_record
TN:
SF:utils/interactions/responses/embedTemplates.ts
FN:15,createSuccessEmbed
FN:23,createErrorEmbed
FN:31,createInfoEmbed
FN:39,createTaskEmbed
FN:52,createListEmbed
FN:54,(anonymous_5)
FN:63,(anonymous_6)
FN:67,createReminderEmbed
FN:75,createRandomEmbed
FNF:9
FNH:0
FNDA:0,createSuccessEmbed
FNDA:0,createErrorEmbed
FNDA:0,createInfoEmbed
FNDA:0,createTaskEmbed
FNDA:0,createListEmbed
FNDA:0,(anonymous_5)
FNDA:0,(anonymous_6)
FNDA:0,createReminderEmbed
FNDA:0,createRandomEmbed
DA:1,0
DA:3,0
DA:15,0
DA:16,0
DA:23,0
DA:24,0
DA:31,0
DA:32,0
DA:39,0
DA:40,0
DA:45,0
DA:46,0
DA:49,0
DA:52,0
DA:53,0
DA:55,0
DA:59,0
DA:63,0
DA:67,0
DA:68,0
DA:75,0
DA:76,0
DA:82,0
DA:83,0
DA:86,0
LF:25
LH:0
BRDA:45,0,0,0
BRDA:45,0,1,0
BRDA:45,1,0,0
BRDA:45,1,1,0
BRDA:53,2,0,0
BRDA:53,2,1,0
BRDA:55,3,0,0
BRDA:55,3,1,0
BRDA:55,4,0,0
BRDA:55,4,1,0
BRDA:82,5,0,0
BRDA:82,5,1,0
BRF:12
BRH:0
end_of_record
TN:
SF:utils/interactions/responses/errorResponses.ts
FN:6,handleInteractionError
FN:39,sendErrorEmbed
FNF:2
FNH:1
FNDA:3,handleInteractionError
FNDA:0,sendErrorEmbed
DA:2,3
DA:6,3
DA:11,3
DA:12,3
DA:14,3
DA:23,3
DA:25,3
DA:26,3
DA:27,0
DA:29,3
DA:32,0
DA:39,3
DA:44,0
DA:45,0
DA:55,0
DA:56,0
DA:58,0
DA:61,0
LF:18
LH:10
BRDA:11,0,0,3
BRDA:11,0,1,0
BRDA:12,1,0,3
BRDA:12,1,1,0
BRDA:20,2,0,3
BRDA:20,2,1,0
BRDA:26,3,0,0
BRDA:26,3,1,3
BRDA:26,4,0,3
BRDA:26,4,1,3
BRDA:34,5,0,0
BRDA:34,5,1,0
BRDA:55,6,0,0
BRDA:55,6,1,0
BRDA:55,7,0,0
BRDA:55,7,1,0
BRDA:62,8,0,0
BRDA:62,8,1,0
BRF:18
BRH:6
end_of_record
