{"numFailedTestSuites":8,"numFailedTests":31,"numPassedTestSuites":1,"numPassedTests":20,"numPendingTestSuites":0,"numPendingTests":0,"numRuntimeErrorTestSuites":5,"numTodoTests":0,"numTotalTestSuites":9,"numTotalTests":51,"openHandles":[],"snapshot":{"added":0,"didUpdate":false,"failure":false,"filesAdded":0,"filesRemoved":0,"filesRemovedList":[],"filesUnmatched":0,"filesUpdated":0,"matched":0,"total":0,"unchecked":0,"uncheckedKeysByFile":[],"unmatched":0,"updated":0},"startTime":1759036527412,"success":false,"testResults":[{"assertionResults":[],"coverage":{},"endTime":1759036535155,"message":"  ● Test suite failed to run\n\n    Cannot find module '../mocks/discord.js.js' from 'tests/unit/commands.test.ts'\n\n    \u001b[0m \u001b[90m 1 |\u001b[39m \u001b[90m// Tests for Discord commands\u001b[39m\n     \u001b[90m 2 |\u001b[39m \u001b[90m// Removed unused import\u001b[39m\n    \u001b[31m\u001b[1m>\u001b[22m\u001b[39m\u001b[90m 3 |\u001b[39m \u001b[36mimport\u001b[39m { mockInteraction } \u001b[36mfrom\u001b[39m \u001b[32m'../mocks/discord.js.js'\u001b[39m\u001b[33m;\u001b[39m\n     \u001b[90m   |\u001b[39m \u001b[31m\u001b[1m^\u001b[22m\u001b[39m\n     \u001b[90m 4 |\u001b[39m \u001b[36mimport\u001b[39m { mockTask\u001b[33m,\u001b[39m mockList\u001b[33m,\u001b[39m mockNote\u001b[33m,\u001b[39m mockReminder\u001b[33m,\u001b[39m mockBudget } \u001b[36mfrom\u001b[39m \u001b[32m'../mocks/database.mock'\u001b[39m\u001b[33m;\u001b[39m\n     \u001b[90m 5 |\u001b[39m\n     \u001b[90m 6 |\u001b[39m \u001b[90m// Mock database models\u001b[39m\u001b[0m\n\n      at Resolver._throwModNotFoundError (node_modules/jest-resolve/build/index.js:863:11)\n      at Object.<anonymous> (tests/unit/commands.test.ts:3:1)\n","name":"/home/runner/work/bwaincell/bwaincell/tests/unit/commands.test.ts","startTime":1759036535155,"status":"failed","summary":""},{"assertionResults":[],"coverage":{},"endTime":1759036535155,"message":"  ● Test suite failed to run\n\n    Cannot find module '../mocks/discord.js.js' from 'tests/integration/command-flow.test.ts'\n\n    \u001b[0m \u001b[90m 1 |\u001b[39m \u001b[90m// Integration tests for command flow\u001b[39m\n    \u001b[31m\u001b[1m>\u001b[22m\u001b[39m\u001b[90m 2 |\u001b[39m \u001b[36mimport\u001b[39m { mockInteraction } \u001b[36mfrom\u001b[39m \u001b[32m'../mocks/discord.js.js'\u001b[39m\u001b[33m;\u001b[39m\n     \u001b[90m   |\u001b[39m \u001b[31m\u001b[1m^\u001b[22m\u001b[39m\n     \u001b[90m 3 |\u001b[39m \u001b[36mimport\u001b[39m { mockTask\u001b[33m,\u001b[39m mockList\u001b[33m,\u001b[39m mockBudget\u001b[33m,\u001b[39m mockModels } \u001b[36mfrom\u001b[39m \u001b[32m'../mocks/database.mock'\u001b[39m\u001b[33m;\u001b[39m\n     \u001b[90m 4 |\u001b[39m\n     \u001b[90m 5 |\u001b[39m \u001b[90m// Mock all dependencies\u001b[39m\u001b[0m\n\n      at Resolver._throwModNotFoundError (node_modules/jest-resolve/build/index.js:863:11)\n      at Object.<anonymous> (tests/integration/command-flow.test.ts:2:1)\n","name":"/home/runner/work/bwaincell/bwaincell/tests/integration/command-flow.test.ts","startTime":1759036535155,"status":"failed","summary":""},{"assertionResults":[{"ancestorTitles":["Middleware Integration Tests","Middleware Chain Execution"],"duration":14,"failing":false,"failureDetails":[],"failureMessages":[],"fullName":"Middleware Integration Tests Middleware Chain Execution should execute middleware chain in correct order","invocations":1,"location":null,"numPassingAsserts":1,"retryReasons":[],"startAt":1759036529695,"status":"passed","title":"should execute middleware chain in correct order"},{"ancestorTitles":["Middleware Integration Tests","Middleware Chain Execution"],"duration":36,"failing":false,"failureDetails":[],"failureMessages":[],"fullName":"Middleware Integration Tests Middleware Chain Execution should handle middleware errors gracefully","invocations":1,"location":null,"numPassingAsserts":2,"retryReasons":[],"startAt":1759036529709,"status":"passed","title":"should handle middleware errors gracefully"},{"ancestorTitles":["Middleware Integration Tests","Performance Testing"],"duration":10,"failing":false,"failureDetails":[{}],"failureMessages":["TypeError: interaction.isButton is not a function\n    at isButton (/home/runner/work/bwaincell/bwaincell/utils/interactions/middleware/loggingMiddleware.ts:76:21)\n    at Object.getInteractionType [as execute] (/home/runner/work/bwaincell/bwaincell/utils/interactions/middleware/loggingMiddleware.ts:16:33)\n    at execute (/home/runner/work/bwaincell/bwaincell/utils/interactions/middleware/index.ts:89:38)\n    at MiddlewareRunner.chain [as run] (/home/runner/work/bwaincell/bwaincell/utils/interactions/middleware/index.ts:58:19)\n    at Object.<anonymous> (/home/runner/work/bwaincell/bwaincell/tests/integration/middlewareIntegration.test.ts:118:36)\n    at Promise.finally.completed (/home/runner/work/bwaincell/bwaincell/node_modules/jest-circus/build/jestAdapterInit.js:1556:28)\n    at new Promise (<anonymous>)\n    at callAsyncCircusFn (/home/runner/work/bwaincell/bwaincell/node_modules/jest-circus/build/jestAdapterInit.js:1496:10)\n    at _callCircusTest (/home/runner/work/bwaincell/bwaincell/node_modules/jest-circus/build/jestAdapterInit.js:1006:40)\n    at processTicksAndRejections (node:internal/process/task_queues:95:5)\n    at _runTest (/home/runner/work/bwaincell/bwaincell/node_modules/jest-circus/build/jestAdapterInit.js:946:3)\n    at _runTestsForDescribeBlock (/home/runner/work/bwaincell/bwaincell/node_modules/jest-circus/build/jestAdapterInit.js:839:13)\n    at _runTestsForDescribeBlock (/home/runner/work/bwaincell/bwaincell/node_modules/jest-circus/build/jestAdapterInit.js:829:11)\n    at _runTestsForDescribeBlock (/home/runner/work/bwaincell/bwaincell/node_modules/jest-circus/build/jestAdapterInit.js:829:11)\n    at run (/home/runner/work/bwaincell/bwaincell/node_modules/jest-circus/build/jestAdapterInit.js:757:3)\n    at runAndTransformResultsToJestFormat (/home/runner/work/bwaincell/bwaincell/node_modules/jest-circus/build/jestAdapterInit.js:1917:21)\n    at jestAdapter (/home/runner/work/bwaincell/bwaincell/node_modules/jest-circus/build/runner.js:101:19)\n    at runTestInternal (/home/runner/work/bwaincell/bwaincell/node_modules/jest-runner/build/testWorker.js:275:16)\n    at runTest (/home/runner/work/bwaincell/bwaincell/node_modules/jest-runner/build/testWorker.js:343:7)\n    at Object.worker (/home/runner/work/bwaincell/bwaincell/node_modules/jest-runner/build/testWorker.js:497:12)"],"fullName":"Middleware Integration Tests Performance Testing should execute middleware chain within performance budget","invocations":1,"location":null,"numPassingAsserts":0,"retryReasons":[],"startAt":1759036529745,"status":"failed","title":"should execute middleware chain within performance budget"},{"ancestorTitles":["Middleware Integration Tests","Performance Testing"],"duration":21,"failing":false,"failureDetails":[{}],"failureMessages":["TypeError: interaction.isButton is not a function\n    at isButton (/home/runner/work/bwaincell/bwaincell/utils/interactions/middleware/loggingMiddleware.ts:76:21)\n    at Object.getInteractionType [as execute] (/home/runner/work/bwaincell/bwaincell/utils/interactions/middleware/loggingMiddleware.ts:16:33)\n    at execute (/home/runner/work/bwaincell/bwaincell/utils/interactions/middleware/index.ts:89:38)\n    at MiddlewareRunner.chain [as run] (/home/runner/work/bwaincell/bwaincell/utils/interactions/middleware/index.ts:58:19)\n    at /home/runner/work/bwaincell/bwaincell/tests/integration/middlewareIntegration.test.ts:139:34\n    at Array.map (<anonymous>)\n    at Object.<anonymous> (/home/runner/work/bwaincell/bwaincell/tests/integration/middlewareIntegration.test.ts:138:43)\n    at Promise.finally.completed (/home/runner/work/bwaincell/bwaincell/node_modules/jest-circus/build/jestAdapterInit.js:1556:28)\n    at new Promise (<anonymous>)\n    at callAsyncCircusFn (/home/runner/work/bwaincell/bwaincell/node_modules/jest-circus/build/jestAdapterInit.js:1496:10)\n    at _callCircusTest (/home/runner/work/bwaincell/bwaincell/node_modules/jest-circus/build/jestAdapterInit.js:1006:40)\n    at processTicksAndRejections (node:internal/process/task_queues:95:5)\n    at _runTest (/home/runner/work/bwaincell/bwaincell/node_modules/jest-circus/build/jestAdapterInit.js:946:3)\n    at _runTestsForDescribeBlock (/home/runner/work/bwaincell/bwaincell/node_modules/jest-circus/build/jestAdapterInit.js:839:13)\n    at _runTestsForDescribeBlock (/home/runner/work/bwaincell/bwaincell/node_modules/jest-circus/build/jestAdapterInit.js:829:11)\n    at _runTestsForDescribeBlock (/home/runner/work/bwaincell/bwaincell/node_modules/jest-circus/build/jestAdapterInit.js:829:11)\n    at run (/home/runner/work/bwaincell/bwaincell/node_modules/jest-circus/build/jestAdapterInit.js:757:3)\n    at runAndTransformResultsToJestFormat (/home/runner/work/bwaincell/bwaincell/node_modules/jest-circus/build/jestAdapterInit.js:1917:21)\n    at jestAdapter (/home/runner/work/bwaincell/bwaincell/node_modules/jest-circus/build/runner.js:101:19)\n    at runTestInternal (/home/runner/work/bwaincell/bwaincell/node_modules/jest-runner/build/testWorker.js:275:16)\n    at runTest (/home/runner/work/bwaincell/bwaincell/node_modules/jest-runner/build/testWorker.js:343:7)\n    at Object.worker (/home/runner/work/bwaincell/bwaincell/node_modules/jest-runner/build/testWorker.js:497:12)"],"fullName":"Middleware Integration Tests Performance Testing should handle concurrent middleware execution","invocations":1,"location":null,"numPassingAsserts":0,"retryReasons":[],"startAt":1759036529755,"status":"failed","title":"should handle concurrent middleware execution"},{"ancestorTitles":["Middleware Integration Tests","Rate Limiting Integration"],"duration":2,"failing":false,"failureDetails":[],"failureMessages":[],"fullName":"Middleware Integration Tests Rate Limiting Integration should apply rate limiting across middleware chain","invocations":1,"location":null,"numPassingAsserts":1,"retryReasons":[],"startAt":1759036529777,"status":"passed","title":"should apply rate limiting across middleware chain"},{"ancestorTitles":["Middleware Integration Tests","Validation Integration"],"duration":2,"failing":false,"failureDetails":[{"matcherResult":{"message":"expect(jest.fn()).toHaveBeenCalledTimes(expected)\n\nExpected number of calls: 1\nReceived number of calls: 2","pass":false}}],"failureMessages":["Error: expect(jest.fn()).toHaveBeenCalledTimes(expected)\n\nExpected number of calls: 1\nReceived number of calls: 2\n    at Object.<anonymous> (/home/runner/work/bwaincell/bwaincell/tests/integration/middlewareIntegration.test.ts:192:33)\n    at processTicksAndRejections (node:internal/process/task_queues:95:5)"],"fullName":"Middleware Integration Tests Validation Integration should validate modal inputs through middleware","invocations":1,"location":null,"numPassingAsserts":1,"retryReasons":[],"startAt":1759036529780,"status":"failed","title":"should validate modal inputs through middleware"},{"ancestorTitles":["Middleware Integration Tests","Error Recovery"],"duration":5,"failing":false,"failureDetails":[],"failureMessages":[],"fullName":"Middleware Integration Tests Error Recovery should recover from handler errors","invocations":1,"location":null,"numPassingAsserts":2,"retryReasons":[],"startAt":1759036529783,"status":"passed","title":"should recover from handler errors"},{"ancestorTitles":["Middleware Integration Tests","Error Recovery"],"duration":2,"failing":false,"failureDetails":[],"failureMessages":[],"fullName":"Middleware Integration Tests Error Recovery should provide context for error recovery","invocations":1,"location":null,"numPassingAsserts":5,"retryReasons":[],"startAt":1759036529789,"status":"passed","title":"should provide context for error recovery"},{"ancestorTitles":["Middleware Integration Tests","Logging Integration"],"duration":2,"failing":false,"failureDetails":[{}],"failureMessages":["TypeError: interaction.isButton is not a function\n    at isButton (/home/runner/work/bwaincell/bwaincell/utils/interactions/middleware/loggingMiddleware.ts:76:21)\n    at Object.getInteractionType [as execute] (/home/runner/work/bwaincell/bwaincell/utils/interactions/middleware/loggingMiddleware.ts:16:33)\n    at execute (/home/runner/work/bwaincell/bwaincell/utils/interactions/middleware/index.ts:89:38)\n    at MiddlewareRunner.chain [as run] (/home/runner/work/bwaincell/bwaincell/utils/interactions/middleware/index.ts:58:19)\n    at Object.<anonymous> (/home/runner/work/bwaincell/bwaincell/tests/integration/middlewareIntegration.test.ts:255:36)\n    at Promise.finally.completed (/home/runner/work/bwaincell/bwaincell/node_modules/jest-circus/build/jestAdapterInit.js:1556:28)\n    at new Promise (<anonymous>)\n    at callAsyncCircusFn (/home/runner/work/bwaincell/bwaincell/node_modules/jest-circus/build/jestAdapterInit.js:1496:10)\n    at _callCircusTest (/home/runner/work/bwaincell/bwaincell/node_modules/jest-circus/build/jestAdapterInit.js:1006:40)\n    at processTicksAndRejections (node:internal/process/task_queues:95:5)\n    at _runTest (/home/runner/work/bwaincell/bwaincell/node_modules/jest-circus/build/jestAdapterInit.js:946:3)\n    at _runTestsForDescribeBlock (/home/runner/work/bwaincell/bwaincell/node_modules/jest-circus/build/jestAdapterInit.js:839:13)\n    at _runTestsForDescribeBlock (/home/runner/work/bwaincell/bwaincell/node_modules/jest-circus/build/jestAdapterInit.js:829:11)\n    at _runTestsForDescribeBlock (/home/runner/work/bwaincell/bwaincell/node_modules/jest-circus/build/jestAdapterInit.js:829:11)\n    at run (/home/runner/work/bwaincell/bwaincell/node_modules/jest-circus/build/jestAdapterInit.js:757:3)\n    at runAndTransformResultsToJestFormat (/home/runner/work/bwaincell/bwaincell/node_modules/jest-circus/build/jestAdapterInit.js:1917:21)\n    at jestAdapter (/home/runner/work/bwaincell/bwaincell/node_modules/jest-circus/build/runner.js:101:19)\n    at runTestInternal (/home/runner/work/bwaincell/bwaincell/node_modules/jest-runner/build/testWorker.js:275:16)\n    at runTest (/home/runner/work/bwaincell/bwaincell/node_modules/jest-runner/build/testWorker.js:343:7)\n    at Object.worker (/home/runner/work/bwaincell/bwaincell/node_modules/jest-runner/build/testWorker.js:497:12)"],"fullName":"Middleware Integration Tests Logging Integration should capture timing metrics","invocations":1,"location":null,"numPassingAsserts":0,"retryReasons":[],"startAt":1759036529791,"status":"failed","title":"should capture timing metrics"}],"endTime":1759036529825,"message":"  ● Middleware Integration Tests › Performance Testing › should execute middleware chain within performance budget\n\n    TypeError: interaction.isButton is not a function\n\n    \u001b[0m \u001b[90m 74 |\u001b[39m \u001b[90m */\u001b[39m\n     \u001b[90m 75 |\u001b[39m \u001b[36mfunction\u001b[39m getInteractionType(interaction\u001b[33m:\u001b[39m any)\u001b[33m:\u001b[39m string {\n    \u001b[31m\u001b[1m>\u001b[22m\u001b[39m\u001b[90m 76 |\u001b[39m     \u001b[36mif\u001b[39m (interaction\u001b[33m.\u001b[39misButton()) \u001b[36mreturn\u001b[39m \u001b[32m'button'\u001b[39m\u001b[33m;\u001b[39m\n     \u001b[90m    |\u001b[39m                     \u001b[31m\u001b[1m^\u001b[22m\u001b[39m\n     \u001b[90m 77 |\u001b[39m     \u001b[36mif\u001b[39m (interaction\u001b[33m.\u001b[39misStringSelectMenu()) \u001b[36mreturn\u001b[39m \u001b[32m'selectMenu'\u001b[39m\u001b[33m;\u001b[39m\n     \u001b[90m 78 |\u001b[39m     \u001b[36mif\u001b[39m (interaction\u001b[33m.\u001b[39misModalSubmit()) \u001b[36mreturn\u001b[39m \u001b[32m'modal'\u001b[39m\u001b[33m;\u001b[39m\n     \u001b[90m 79 |\u001b[39m     \u001b[36mif\u001b[39m (interaction\u001b[33m.\u001b[39misCommand()) \u001b[36mreturn\u001b[39m \u001b[32m'command'\u001b[39m\u001b[33m;\u001b[39m\u001b[0m\n\n      at isButton (utils/interactions/middleware/loggingMiddleware.ts:76:21)\n      at Object.getInteractionType [as execute] (utils/interactions/middleware/loggingMiddleware.ts:16:33)\n      at execute (utils/interactions/middleware/index.ts:89:38)\n      at MiddlewareRunner.chain [as run] (utils/interactions/middleware/index.ts:58:19)\n      at Object.<anonymous> (tests/integration/middlewareIntegration.test.ts:118:36)\n\n  ● Middleware Integration Tests › Performance Testing › should handle concurrent middleware execution\n\n    TypeError: interaction.isButton is not a function\n\n    \u001b[0m \u001b[90m 74 |\u001b[39m \u001b[90m */\u001b[39m\n     \u001b[90m 75 |\u001b[39m \u001b[36mfunction\u001b[39m getInteractionType(interaction\u001b[33m:\u001b[39m any)\u001b[33m:\u001b[39m string {\n    \u001b[31m\u001b[1m>\u001b[22m\u001b[39m\u001b[90m 76 |\u001b[39m     \u001b[36mif\u001b[39m (interaction\u001b[33m.\u001b[39misButton()) \u001b[36mreturn\u001b[39m \u001b[32m'button'\u001b[39m\u001b[33m;\u001b[39m\n     \u001b[90m    |\u001b[39m                     \u001b[31m\u001b[1m^\u001b[22m\u001b[39m\n     \u001b[90m 77 |\u001b[39m     \u001b[36mif\u001b[39m (interaction\u001b[33m.\u001b[39misStringSelectMenu()) \u001b[36mreturn\u001b[39m \u001b[32m'selectMenu'\u001b[39m\u001b[33m;\u001b[39m\n     \u001b[90m 78 |\u001b[39m     \u001b[36mif\u001b[39m (interaction\u001b[33m.\u001b[39misModalSubmit()) \u001b[36mreturn\u001b[39m \u001b[32m'modal'\u001b[39m\u001b[33m;\u001b[39m\n     \u001b[90m 79 |\u001b[39m     \u001b[36mif\u001b[39m (interaction\u001b[33m.\u001b[39misCommand()) \u001b[36mreturn\u001b[39m \u001b[32m'command'\u001b[39m\u001b[33m;\u001b[39m\u001b[0m\n\n      at isButton (utils/interactions/middleware/loggingMiddleware.ts:76:21)\n      at Object.getInteractionType [as execute] (utils/interactions/middleware/loggingMiddleware.ts:16:33)\n      at execute (utils/interactions/middleware/index.ts:89:38)\n      at MiddlewareRunner.chain [as run] (utils/interactions/middleware/index.ts:58:19)\n      at tests/integration/middlewareIntegration.test.ts:139:34\n          at Array.map (<anonymous>)\n      at Object.<anonymous> (tests/integration/middlewareIntegration.test.ts:138:43)\n\n  ● Middleware Integration Tests › Validation Integration › should validate modal inputs through middleware\n\n    expect(jest.fn()).toHaveBeenCalledTimes(expected)\n\n    Expected number of calls: 1\n    Received number of calls: 2\n\n    \u001b[0m \u001b[90m 190 |\u001b[39m             \u001b[36mawait\u001b[39m middlewareRunner\u001b[33m.\u001b[39mrun(maliciousInteraction \u001b[36mas\u001b[39m any\u001b[33m,\u001b[39m mockHandler)\u001b[33m;\u001b[39m\n     \u001b[90m 191 |\u001b[39m             \u001b[90m// Handler should still be called once (from valid interaction)\u001b[39m\n    \u001b[31m\u001b[1m>\u001b[22m\u001b[39m\u001b[90m 192 |\u001b[39m             expect(mockHandler)\u001b[33m.\u001b[39mtoHaveBeenCalledTimes(\u001b[35m1\u001b[39m)\u001b[33m;\u001b[39m\n     \u001b[90m     |\u001b[39m                                 \u001b[31m\u001b[1m^\u001b[22m\u001b[39m\n     \u001b[90m 193 |\u001b[39m         })\u001b[33m;\u001b[39m\n     \u001b[90m 194 |\u001b[39m     })\u001b[33m;\u001b[39m\n     \u001b[90m 195 |\u001b[39m\u001b[0m\n\n      at Object.<anonymous> (tests/integration/middlewareIntegration.test.ts:192:33)\n\n  ● Middleware Integration Tests › Logging Integration › should capture timing metrics\n\n    TypeError: interaction.isButton is not a function\n\n    \u001b[0m \u001b[90m 74 |\u001b[39m \u001b[90m */\u001b[39m\n     \u001b[90m 75 |\u001b[39m \u001b[36mfunction\u001b[39m getInteractionType(interaction\u001b[33m:\u001b[39m any)\u001b[33m:\u001b[39m string {\n    \u001b[31m\u001b[1m>\u001b[22m\u001b[39m\u001b[90m 76 |\u001b[39m     \u001b[36mif\u001b[39m (interaction\u001b[33m.\u001b[39misButton()) \u001b[36mreturn\u001b[39m \u001b[32m'button'\u001b[39m\u001b[33m;\u001b[39m\n     \u001b[90m    |\u001b[39m                     \u001b[31m\u001b[1m^\u001b[22m\u001b[39m\n     \u001b[90m 77 |\u001b[39m     \u001b[36mif\u001b[39m (interaction\u001b[33m.\u001b[39misStringSelectMenu()) \u001b[36mreturn\u001b[39m \u001b[32m'selectMenu'\u001b[39m\u001b[33m;\u001b[39m\n     \u001b[90m 78 |\u001b[39m     \u001b[36mif\u001b[39m (interaction\u001b[33m.\u001b[39misModalSubmit()) \u001b[36mreturn\u001b[39m \u001b[32m'modal'\u001b[39m\u001b[33m;\u001b[39m\n     \u001b[90m 79 |\u001b[39m     \u001b[36mif\u001b[39m (interaction\u001b[33m.\u001b[39misCommand()) \u001b[36mreturn\u001b[39m \u001b[32m'command'\u001b[39m\u001b[33m;\u001b[39m\u001b[0m\n\n      at isButton (utils/interactions/middleware/loggingMiddleware.ts:76:21)\n      at Object.getInteractionType [as execute] (utils/interactions/middleware/loggingMiddleware.ts:16:33)\n      at execute (utils/interactions/middleware/index.ts:89:38)\n      at MiddlewareRunner.chain [as run] (utils/interactions/middleware/index.ts:58:19)\n      at Object.<anonymous> (tests/integration/middlewareIntegration.test.ts:255:36)\n","name":"/home/runner/work/bwaincell/bwaincell/tests/integration/middlewareIntegration.test.ts","startTime":1759036528075,"status":"failed","summary":""},{"assertionResults":[],"coverage":{},"endTime":1759036535155,"message":"  ● Test suite failed to run\n\n    ReferenceError: Cannot access 'database_1' before initialization\n\n    \u001b[0m \u001b[90m  6 |\u001b[39m \u001b[90m// Mock the database helper\u001b[39m\n     \u001b[90m  7 |\u001b[39m jest\u001b[33m.\u001b[39mmock(\u001b[32m'../../../utils/interactions/helpers/databaseHelper'\u001b[39m\u001b[33m,\u001b[39m () \u001b[33m=>\u001b[39m ({\n    \u001b[31m\u001b[1m>\u001b[22m\u001b[39m\u001b[90m  8 |\u001b[39m     getModels\u001b[33m:\u001b[39m jest\u001b[33m.\u001b[39mfn()\u001b[33m.\u001b[39mmockResolvedValue(mockModels)\u001b[33m,\u001b[39m\n     \u001b[90m    |\u001b[39m                                            \u001b[31m\u001b[1m^\u001b[22m\u001b[39m\n     \u001b[90m  9 |\u001b[39m }))\u001b[33m;\u001b[39m\n     \u001b[90m 10 |\u001b[39m\n     \u001b[90m 11 |\u001b[39m describe(\u001b[32m'ModalHandlers'\u001b[39m\u001b[33m,\u001b[39m () \u001b[33m=>\u001b[39m {\u001b[0m\n\n      at tests/unit/handlers/modalHandlers.test.ts:8:44\n      at Object.require (utils/interactions/modals/modalHandlers.ts:9:1)\n      at Object.<anonymous> (tests/unit/handlers/modalHandlers.test.ts:1:1)\n","name":"/home/runner/work/bwaincell/bwaincell/tests/unit/handlers/modalHandlers.test.ts","startTime":1759036535155,"status":"failed","summary":""},{"assertionResults":[{"ancestorTitles":["Database Models","Task Model"],"duration":584,"failing":false,"failureDetails":[{}],"failureMessages":["Error: expect(received).toHaveBeenCalled()\n\nMatcher error: received value must be a mock or spy function\n\nReceived has type:  function\nReceived has value: [Function init]\n    at Object.<anonymous> (/home/runner/work/bwaincell/bwaincell/tests/unit/database.test.ts:23:25)\n    at Promise.finally.completed (/home/runner/work/bwaincell/bwaincell/node_modules/jest-circus/build/jestAdapterInit.js:1556:28)\n    at new Promise (<anonymous>)\n    at callAsyncCircusFn (/home/runner/work/bwaincell/bwaincell/node_modules/jest-circus/build/jestAdapterInit.js:1496:10)\n    at _callCircusTest (/home/runner/work/bwaincell/bwaincell/node_modules/jest-circus/build/jestAdapterInit.js:1006:40)\n    at processTicksAndRejections (node:internal/process/task_queues:95:5)\n    at _runTest (/home/runner/work/bwaincell/bwaincell/node_modules/jest-circus/build/jestAdapterInit.js:946:3)\n    at _runTestsForDescribeBlock (/home/runner/work/bwaincell/bwaincell/node_modules/jest-circus/build/jestAdapterInit.js:839:13)\n    at _runTestsForDescribeBlock (/home/runner/work/bwaincell/bwaincell/node_modules/jest-circus/build/jestAdapterInit.js:829:11)\n    at _runTestsForDescribeBlock (/home/runner/work/bwaincell/bwaincell/node_modules/jest-circus/build/jestAdapterInit.js:829:11)\n    at run (/home/runner/work/bwaincell/bwaincell/node_modules/jest-circus/build/jestAdapterInit.js:757:3)\n    at runAndTransformResultsToJestFormat (/home/runner/work/bwaincell/bwaincell/node_modules/jest-circus/build/jestAdapterInit.js:1917:21)\n    at jestAdapter (/home/runner/work/bwaincell/bwaincell/node_modules/jest-circus/build/runner.js:101:19)\n    at runTestInternal (/home/runner/work/bwaincell/bwaincell/node_modules/jest-runner/build/testWorker.js:275:16)\n    at runTest (/home/runner/work/bwaincell/bwaincell/node_modules/jest-runner/build/testWorker.js:343:7)\n    at Object.worker (/home/runner/work/bwaincell/bwaincell/node_modules/jest-runner/build/testWorker.js:497:12)"],"fullName":"Database Models Task Model should define the model with correct attributes","invocations":1,"location":null,"numPassingAsserts":0,"retryReasons":[],"startAt":1759036528974,"status":"failed","title":"should define the model with correct attributes"},{"ancestorTitles":["Database Models","Task Model"],"duration":5,"failing":false,"failureDetails":[{"matcherResult":{"message":"expect(jest.fn()).toHaveBeenCalledWith(...expected)\n\nExpected: {\"done\": false, \"dueDate\": 2025-09-28T05:15:29.583Z, \"guildId\": \"guild-1\", \"task\": \"Test task\", \"userId\": \"user-1\"}\n\nNumber of calls: 0","pass":false}}],"failureMessages":["Error: expect(jest.fn()).toHaveBeenCalledWith(...expected)\n\nExpected: {\"done\": false, \"dueDate\": 2025-09-28T05:15:29.583Z, \"guildId\": \"guild-1\", \"task\": \"Test task\", \"userId\": \"user-1\"}\n\nNumber of calls: 0\n    at Object.<anonymous> (/home/runner/work/bwaincell/bwaincell/tests/unit/database.test.ts:56:32)\n    at processTicksAndRejections (node:internal/process/task_queues:95:5)"],"fullName":"Database Models Task Model should create a task","invocations":1,"location":null,"numPassingAsserts":0,"retryReasons":[],"startAt":1759036529580,"status":"failed","title":"should create a task"},{"ancestorTitles":["Database Models","Task Model"],"duration":4,"failing":false,"failureDetails":[{"matcherResult":{"message":"expect(jest.fn()).toHaveBeenCalled()\n\nExpected number of calls: >= 1\nReceived number of calls:    0","pass":false}}],"failureMessages":["Error: expect(jest.fn()).toHaveBeenCalled()\n\nExpected number of calls: >= 1\nReceived number of calls:    0\n    at Object.<anonymous> (/home/runner/work/bwaincell/bwaincell/tests/unit/database.test.ts:73:33)\n    at processTicksAndRejections (node:internal/process/task_queues:95:5)"],"fullName":"Database Models Task Model should find all tasks for a user","invocations":1,"location":null,"numPassingAsserts":0,"retryReasons":[],"startAt":1759036529585,"status":"failed","title":"should find all tasks for a user"},{"ancestorTitles":["Database Models","Task Model"],"duration":4,"failing":false,"failureDetails":[{"matcherResult":{"message":"expect(jest.fn()).toHaveBeenCalled()\n\nExpected number of calls: >= 1\nReceived number of calls:    0","pass":false}}],"failureMessages":["Error: expect(jest.fn()).toHaveBeenCalled()\n\nExpected number of calls: >= 1\nReceived number of calls:    0\n    at Object.<anonymous> (/home/runner/work/bwaincell/bwaincell/tests/unit/database.test.ts:85:32)\n    at processTicksAndRejections (node:internal/process/task_queues:95:5)"],"fullName":"Database Models Task Model should update task status","invocations":1,"location":null,"numPassingAsserts":0,"retryReasons":[],"startAt":1759036529589,"status":"failed","title":"should update task status"},{"ancestorTitles":["Database Models","Task Model"],"duration":4,"failing":false,"failureDetails":[{"matcherResult":{"message":"expect(jest.fn()).toHaveBeenCalled()\n\nExpected number of calls: >= 1\nReceived number of calls:    0","pass":false}}],"failureMessages":["Error: expect(jest.fn()).toHaveBeenCalled()\n\nExpected number of calls: >= 1\nReceived number of calls:    0\n    at Object.<anonymous> (/home/runner/work/bwaincell/bwaincell/tests/unit/database.test.ts:96:33)\n    at processTicksAndRejections (node:internal/process/task_queues:95:5)"],"fullName":"Database Models Task Model should delete a task","invocations":1,"location":null,"numPassingAsserts":0,"retryReasons":[],"startAt":1759036529593,"status":"failed","title":"should delete a task"},{"ancestorTitles":["Database Models","Budget Model"],"duration":207,"failing":false,"failureDetails":[{}],"failureMessages":["Error: expect(received).toHaveBeenCalled()\n\nMatcher error: received value must be a mock or spy function\n\nReceived has type:  function\nReceived has value: [Function init]\n    at Object.<anonymous> (/home/runner/work/bwaincell/bwaincell/tests/unit/database.test.ts:111:27)\n    at Promise.finally.completed (/home/runner/work/bwaincell/bwaincell/node_modules/jest-circus/build/jestAdapterInit.js:1556:28)\n    at new Promise (<anonymous>)\n    at callAsyncCircusFn (/home/runner/work/bwaincell/bwaincell/node_modules/jest-circus/build/jestAdapterInit.js:1496:10)\n    at _callCircusTest (/home/runner/work/bwaincell/bwaincell/node_modules/jest-circus/build/jestAdapterInit.js:1006:40)\n    at processTicksAndRejections (node:internal/process/task_queues:95:5)\n    at _runTest (/home/runner/work/bwaincell/bwaincell/node_modules/jest-circus/build/jestAdapterInit.js:946:3)\n    at _runTestsForDescribeBlock (/home/runner/work/bwaincell/bwaincell/node_modules/jest-circus/build/jestAdapterInit.js:839:13)\n    at _runTestsForDescribeBlock (/home/runner/work/bwaincell/bwaincell/node_modules/jest-circus/build/jestAdapterInit.js:829:11)\n    at _runTestsForDescribeBlock (/home/runner/work/bwaincell/bwaincell/node_modules/jest-circus/build/jestAdapterInit.js:829:11)\n    at run (/home/runner/work/bwaincell/bwaincell/node_modules/jest-circus/build/jestAdapterInit.js:757:3)\n    at runAndTransformResultsToJestFormat (/home/runner/work/bwaincell/bwaincell/node_modules/jest-circus/build/jestAdapterInit.js:1917:21)\n    at jestAdapter (/home/runner/work/bwaincell/bwaincell/node_modules/jest-circus/build/runner.js:101:19)\n    at runTestInternal (/home/runner/work/bwaincell/bwaincell/node_modules/jest-runner/build/testWorker.js:275:16)\n    at runTest (/home/runner/work/bwaincell/bwaincell/node_modules/jest-runner/build/testWorker.js:343:7)\n    at Object.worker (/home/runner/work/bwaincell/bwaincell/node_modules/jest-runner/build/testWorker.js:497:12)"],"fullName":"Database Models Budget Model should define the model with correct attributes","invocations":1,"location":null,"numPassingAsserts":0,"retryReasons":[],"startAt":1759036529597,"status":"failed","title":"should define the model with correct attributes"},{"ancestorTitles":["Database Models","Budget Model"],"duration":4,"failing":false,"failureDetails":[{"matcherResult":{"message":"expect(jest.fn()).toHaveBeenCalledWith(...expected)\n\nExpected: {\"amount\": 150.5, \"category\": \"food\", \"description\": \"Weekly groceries\", \"guildId\": \"guild-1\", \"transactionType\": \"expense\", \"userId\": \"user-1\"}\n\nNumber of calls: 0","pass":false}}],"failureMessages":["Error: expect(jest.fn()).toHaveBeenCalledWith(...expected)\n\nExpected: {\"amount\": 150.5, \"category\": \"food\", \"description\": \"Weekly groceries\", \"guildId\": \"guild-1\", \"transactionType\": \"expense\", \"userId\": \"user-1\"}\n\nNumber of calls: 0\n    at Object.<anonymous> (/home/runner/work/bwaincell/bwaincell/tests/unit/database.test.ts:140:32)\n    at processTicksAndRejections (node:internal/process/task_queues:95:5)"],"fullName":"Database Models Budget Model should create a budget entry","invocations":1,"location":null,"numPassingAsserts":0,"retryReasons":[],"startAt":1759036529805,"status":"failed","title":"should create a budget entry"},{"ancestorTitles":["Database Models","Budget Model"],"duration":4,"failing":false,"failureDetails":[{"matcherResult":{"message":"expect(jest.fn()).toHaveBeenCalled()\n\nExpected number of calls: >= 1\nReceived number of calls:    0","pass":false}}],"failureMessages":["Error: expect(jest.fn()).toHaveBeenCalled()\n\nExpected number of calls: >= 1\nReceived number of calls:    0\n    at Object.<anonymous> (/home/runner/work/bwaincell/bwaincell/tests/unit/database.test.ts:155:38)\n    at processTicksAndRejections (node:internal/process/task_queues:95:5)"],"fullName":"Database Models Budget Model should calculate total expenses","invocations":1,"location":null,"numPassingAsserts":0,"retryReasons":[],"startAt":1759036529810,"status":"failed","title":"should calculate total expenses"},{"ancestorTitles":["Database Models","Budget Model"],"duration":4,"failing":false,"failureDetails":[{}],"failureMessages":["TypeError: expect(received).toHaveLength(expected)\n\nMatcher error: received value must have a length property whose value must be a number\n\nReceived has value: undefined\n    at Object.<anonymous> (/home/runner/work/bwaincell/bwaincell/tests/unit/database.test.ts:174:22)\n    at processTicksAndRejections (node:internal/process/task_queues:95:5)"],"fullName":"Database Models Budget Model should find expenses by category","invocations":1,"location":null,"numPassingAsserts":0,"retryReasons":[],"startAt":1759036529814,"status":"failed","title":"should find expenses by category"},{"ancestorTitles":["Database Models","List Model"],"duration":145,"failing":false,"failureDetails":[{}],"failureMessages":["Error: expect(received).toHaveBeenCalled()\n\nMatcher error: received value must be a mock or spy function\n\nReceived has type:  function\nReceived has value: [Function init]\n    at Object.<anonymous> (/home/runner/work/bwaincell/bwaincell/tests/unit/database.test.ts:189:25)\n    at Promise.finally.completed (/home/runner/work/bwaincell/bwaincell/node_modules/jest-circus/build/jestAdapterInit.js:1556:28)\n    at new Promise (<anonymous>)\n    at callAsyncCircusFn (/home/runner/work/bwaincell/bwaincell/node_modules/jest-circus/build/jestAdapterInit.js:1496:10)\n    at _callCircusTest (/home/runner/work/bwaincell/bwaincell/node_modules/jest-circus/build/jestAdapterInit.js:1006:40)\n    at processTicksAndRejections (node:internal/process/task_queues:95:5)\n    at _runTest (/home/runner/work/bwaincell/bwaincell/node_modules/jest-circus/build/jestAdapterInit.js:946:3)\n    at _runTestsForDescribeBlock (/home/runner/work/bwaincell/bwaincell/node_modules/jest-circus/build/jestAdapterInit.js:839:13)\n    at _runTestsForDescribeBlock (/home/runner/work/bwaincell/bwaincell/node_modules/jest-circus/build/jestAdapterInit.js:829:11)\n    at _runTestsForDescribeBlock (/home/runner/work/bwaincell/bwaincell/node_modules/jest-circus/build/jestAdapterInit.js:829:11)\n    at run (/home/runner/work/bwaincell/bwaincell/node_modules/jest-circus/build/jestAdapterInit.js:757:3)\n    at runAndTransformResultsToJestFormat (/home/runner/work/bwaincell/bwaincell/node_modules/jest-circus/build/jestAdapterInit.js:1917:21)\n    at jestAdapter (/home/runner/work/bwaincell/bwaincell/node_modules/jest-circus/build/runner.js:101:19)\n    at runTestInternal (/home/runner/work/bwaincell/bwaincell/node_modules/jest-runner/build/testWorker.js:275:16)\n    at runTest (/home/runner/work/bwaincell/bwaincell/node_modules/jest-runner/build/testWorker.js:343:7)\n    at Object.worker (/home/runner/work/bwaincell/bwaincell/node_modules/jest-runner/build/testWorker.js:497:12)"],"fullName":"Database Models List Model should define the model with correct attributes","invocations":1,"location":null,"numPassingAsserts":0,"retryReasons":[],"startAt":1759036529819,"status":"failed","title":"should define the model with correct attributes"},{"ancestorTitles":["Database Models","List Model"],"duration":4,"failing":false,"failureDetails":[{}],"failureMessages":["TypeError: Cannot read properties of undefined (reading 'items')\n    at Object.<anonymous> (/home/runner/work/bwaincell/bwaincell/tests/unit/database.test.ts:218:21)\n    at processTicksAndRejections (node:internal/process/task_queues:95:5)"],"fullName":"Database Models List Model should create a list with items","invocations":1,"location":null,"numPassingAsserts":0,"retryReasons":[],"startAt":1759036529965,"status":"failed","title":"should create a list with items"},{"ancestorTitles":["Database Models","List Model"],"duration":3,"failing":false,"failureDetails":[{"matcherResult":{"message":"expect(jest.fn()).toHaveBeenCalled()\n\nExpected number of calls: >= 1\nReceived number of calls:    0","pass":false}}],"failureMessages":["Error: expect(jest.fn()).toHaveBeenCalled()\n\nExpected number of calls: >= 1\nReceived number of calls:    0\n    at Object.<anonymous> (/home/runner/work/bwaincell/bwaincell/tests/unit/database.test.ts:231:32)\n    at processTicksAndRejections (node:internal/process/task_queues:95:5)"],"fullName":"Database Models List Model should update list items","invocations":1,"location":null,"numPassingAsserts":0,"retryReasons":[],"startAt":1759036529969,"status":"failed","title":"should update list items"},{"ancestorTitles":["Database Models","Note Model"],"duration":114,"failing":false,"failureDetails":[{}],"failureMessages":["Error: expect(received).toHaveBeenCalled()\n\nMatcher error: received value must be a mock or spy function\n\nReceived has type:  function\nReceived has value: [Function init]\n    at Object.<anonymous> (/home/runner/work/bwaincell/bwaincell/tests/unit/database.test.ts:246:25)\n    at Promise.finally.completed (/home/runner/work/bwaincell/bwaincell/node_modules/jest-circus/build/jestAdapterInit.js:1556:28)\n    at new Promise (<anonymous>)\n    at callAsyncCircusFn (/home/runner/work/bwaincell/bwaincell/node_modules/jest-circus/build/jestAdapterInit.js:1496:10)\n    at _callCircusTest (/home/runner/work/bwaincell/bwaincell/node_modules/jest-circus/build/jestAdapterInit.js:1006:40)\n    at processTicksAndRejections (node:internal/process/task_queues:95:5)\n    at _runTest (/home/runner/work/bwaincell/bwaincell/node_modules/jest-circus/build/jestAdapterInit.js:946:3)\n    at _runTestsForDescribeBlock (/home/runner/work/bwaincell/bwaincell/node_modules/jest-circus/build/jestAdapterInit.js:839:13)\n    at _runTestsForDescribeBlock (/home/runner/work/bwaincell/bwaincell/node_modules/jest-circus/build/jestAdapterInit.js:829:11)\n    at _runTestsForDescribeBlock (/home/runner/work/bwaincell/bwaincell/node_modules/jest-circus/build/jestAdapterInit.js:829:11)\n    at run (/home/runner/work/bwaincell/bwaincell/node_modules/jest-circus/build/jestAdapterInit.js:757:3)\n    at runAndTransformResultsToJestFormat (/home/runner/work/bwaincell/bwaincell/node_modules/jest-circus/build/jestAdapterInit.js:1917:21)\n    at jestAdapter (/home/runner/work/bwaincell/bwaincell/node_modules/jest-circus/build/runner.js:101:19)\n    at runTestInternal (/home/runner/work/bwaincell/bwaincell/node_modules/jest-runner/build/testWorker.js:275:16)\n    at runTest (/home/runner/work/bwaincell/bwaincell/node_modules/jest-runner/build/testWorker.js:343:7)\n    at Object.worker (/home/runner/work/bwaincell/bwaincell/node_modules/jest-runner/build/testWorker.js:497:12)"],"fullName":"Database Models Note Model should define the model with correct attributes","invocations":1,"location":null,"numPassingAsserts":0,"retryReasons":[],"startAt":1759036529972,"status":"failed","title":"should define the model with correct attributes"},{"ancestorTitles":["Database Models","Note Model"],"duration":3,"failing":false,"failureDetails":[{}],"failureMessages":["TypeError: Cannot read properties of undefined (reading 'title')\n    at Object.<anonymous> (/home/runner/work/bwaincell/bwaincell/tests/unit/database.test.ts:268:21)\n    at processTicksAndRejections (node:internal/process/task_queues:95:5)"],"fullName":"Database Models Note Model should create a note","invocations":1,"location":null,"numPassingAsserts":0,"retryReasons":[],"startAt":1759036530087,"status":"failed","title":"should create a note"},{"ancestorTitles":["Database Models","Note Model"],"duration":7,"failing":false,"failureDetails":[{"matcherResult":{"message":"expect(jest.fn()).toHaveBeenCalled()\n\nExpected number of calls: >= 1\nReceived number of calls:    0","pass":false}}],"failureMessages":["Error: expect(jest.fn()).toHaveBeenCalled()\n\nExpected number of calls: >= 1\nReceived number of calls:    0\n    at Object.<anonymous> (/home/runner/work/bwaincell/bwaincell/tests/unit/database.test.ts:283:33)\n    at processTicksAndRejections (node:internal/process/task_queues:95:5)"],"fullName":"Database Models Note Model should find note by title","invocations":1,"location":null,"numPassingAsserts":0,"retryReasons":[],"startAt":1759036530090,"status":"failed","title":"should find note by title"},{"ancestorTitles":["Database Models","Reminder Model"],"duration":104,"failing":false,"failureDetails":[{}],"failureMessages":["Error: expect(received).toHaveBeenCalled()\n\nMatcher error: received value must be a mock or spy function\n\nReceived has type:  function\nReceived has value: [Function init]\n    at Object.<anonymous> (/home/runner/work/bwaincell/bwaincell/tests/unit/database.test.ts:298:29)\n    at Promise.finally.completed (/home/runner/work/bwaincell/bwaincell/node_modules/jest-circus/build/jestAdapterInit.js:1556:28)\n    at new Promise (<anonymous>)\n    at callAsyncCircusFn (/home/runner/work/bwaincell/bwaincell/node_modules/jest-circus/build/jestAdapterInit.js:1496:10)\n    at _callCircusTest (/home/runner/work/bwaincell/bwaincell/node_modules/jest-circus/build/jestAdapterInit.js:1006:40)\n    at processTicksAndRejections (node:internal/process/task_queues:95:5)\n    at _runTest (/home/runner/work/bwaincell/bwaincell/node_modules/jest-circus/build/jestAdapterInit.js:946:3)\n    at _runTestsForDescribeBlock (/home/runner/work/bwaincell/bwaincell/node_modules/jest-circus/build/jestAdapterInit.js:839:13)\n    at _runTestsForDescribeBlock (/home/runner/work/bwaincell/bwaincell/node_modules/jest-circus/build/jestAdapterInit.js:829:11)\n    at _runTestsForDescribeBlock (/home/runner/work/bwaincell/bwaincell/node_modules/jest-circus/build/jestAdapterInit.js:829:11)\n    at run (/home/runner/work/bwaincell/bwaincell/node_modules/jest-circus/build/jestAdapterInit.js:757:3)\n    at runAndTransformResultsToJestFormat (/home/runner/work/bwaincell/bwaincell/node_modules/jest-circus/build/jestAdapterInit.js:1917:21)\n    at jestAdapter (/home/runner/work/bwaincell/bwaincell/node_modules/jest-circus/build/runner.js:101:19)\n    at runTestInternal (/home/runner/work/bwaincell/bwaincell/node_modules/jest-runner/build/testWorker.js:275:16)\n    at runTest (/home/runner/work/bwaincell/bwaincell/node_modules/jest-runner/build/testWorker.js:343:7)\n    at Object.worker (/home/runner/work/bwaincell/bwaincell/node_modules/jest-runner/build/testWorker.js:497:12)"],"fullName":"Database Models Reminder Model should define the model with correct attributes","invocations":1,"location":null,"numPassingAsserts":0,"retryReasons":[],"startAt":1759036530100,"status":"failed","title":"should define the model with correct attributes"},{"ancestorTitles":["Database Models","Reminder Model"],"duration":4,"failing":false,"failureDetails":[{}],"failureMessages":["TypeError: Cannot read properties of undefined (reading 'reminder')\n    at Object.<anonymous> (/home/runner/work/bwaincell/bwaincell/tests/unit/database.test.ts:322:21)\n    at processTicksAndRejections (node:internal/process/task_queues:95:5)"],"fullName":"Database Models Reminder Model should create a reminder","invocations":1,"location":null,"numPassingAsserts":0,"retryReasons":[],"startAt":1759036530205,"status":"failed","title":"should create a reminder"},{"ancestorTitles":["Database Models","Reminder Model"],"duration":3,"failing":false,"failureDetails":[{}],"failureMessages":["TypeError: expect(received).toHaveLength(expected)\n\nMatcher error: received value must have a length property whose value must be a number\n\nReceived has value: undefined\n    at Object.<anonymous> (/home/runner/work/bwaincell/bwaincell/tests/unit/database.test.ts:342:22)\n    at processTicksAndRejections (node:internal/process/task_queues:95:5)"],"fullName":"Database Models Reminder Model should find active reminders","invocations":1,"location":null,"numPassingAsserts":0,"retryReasons":[],"startAt":1759036530209,"status":"failed","title":"should find active reminders"},{"ancestorTitles":["Database Models","Database Connection"],"duration":0,"failing":false,"failureDetails":[],"failureMessages":[],"fullName":"Database Models Database Connection should authenticate database connection","invocations":1,"location":null,"numPassingAsserts":1,"retryReasons":[],"startAt":1759036530213,"status":"passed","title":"should authenticate database connection"},{"ancestorTitles":["Database Models","Database Connection"],"duration":2,"failing":false,"failureDetails":[],"failureMessages":[],"fullName":"Database Models Database Connection should handle authentication failure","invocations":1,"location":null,"numPassingAsserts":1,"retryReasons":[],"startAt":1759036530213,"status":"passed","title":"should handle authentication failure"},{"ancestorTitles":["Database Models","Database Connection"],"duration":1,"failing":false,"failureDetails":[],"failureMessages":[],"fullName":"Database Models Database Connection should sync database models","invocations":1,"location":null,"numPassingAsserts":1,"retryReasons":[],"startAt":1759036530215,"status":"passed","title":"should sync database models"},{"ancestorTitles":["Database Models","Database Connection"],"duration":1,"failing":false,"failureDetails":[],"failureMessages":[],"fullName":"Database Models Database Connection should close database connection","invocations":1,"location":null,"numPassingAsserts":1,"retryReasons":[],"startAt":1759036530216,"status":"passed","title":"should close database connection"},{"ancestorTitles":["Database Models","Database Connection"],"duration":1,"failing":false,"failureDetails":[],"failureMessages":[],"fullName":"Database Models Database Connection should handle transactions","invocations":1,"location":null,"numPassingAsserts":1,"retryReasons":[],"startAt":1759036530217,"status":"passed","title":"should handle transactions"}],"endTime":1759036530336,"message":"  ● Database Models › Task Model › should define the model with correct attributes\n\n    expect(received).toHaveBeenCalled()\n\n    Matcher error: received value must be a mock or spy function\n\n    Received has type:  function\n    Received has value: [Function init]\n\n    \u001b[0m \u001b[90m 21 |\u001b[39m\n     \u001b[90m 22 |\u001b[39m     it(\u001b[32m'should define the model with correct attributes'\u001b[39m\u001b[33m,\u001b[39m () \u001b[33m=>\u001b[39m {\n    \u001b[31m\u001b[1m>\u001b[22m\u001b[39m\u001b[90m 23 |\u001b[39m       expect(\u001b[33mTask\u001b[39m\u001b[33m.\u001b[39minit)\u001b[33m.\u001b[39mtoHaveBeenCalled()\u001b[33m;\u001b[39m\n     \u001b[90m    |\u001b[39m                         \u001b[31m\u001b[1m^\u001b[22m\u001b[39m\n     \u001b[90m 24 |\u001b[39m       \u001b[36mconst\u001b[39m initCall \u001b[33m=\u001b[39m \u001b[33mTask\u001b[39m\u001b[33m.\u001b[39minit\u001b[33m.\u001b[39mmock\u001b[33m.\u001b[39mcalls[\u001b[35m0\u001b[39m]\u001b[33m;\u001b[39m\n     \u001b[90m 25 |\u001b[39m       \u001b[36mconst\u001b[39m schema \u001b[33m=\u001b[39m initCall[\u001b[35m0\u001b[39m]\u001b[33m;\u001b[39m\n     \u001b[90m 26 |\u001b[39m\u001b[0m\n\n      at Object.<anonymous> (tests/unit/database.test.ts:23:25)\n\n  ● Database Models › Task Model › should create a task\n\n    expect(jest.fn()).toHaveBeenCalledWith(...expected)\n\n    Expected: {\"done\": false, \"dueDate\": 2025-09-28T05:15:29.583Z, \"guildId\": \"guild-1\", \"task\": \"Test task\", \"userId\": \"user-1\"}\n\n    Number of calls: 0\n\n    \u001b[0m \u001b[90m 54 |\u001b[39m       \u001b[36mconst\u001b[39m result \u001b[33m=\u001b[39m \u001b[36mawait\u001b[39m \u001b[33mTask\u001b[39m\u001b[33m.\u001b[39mcreate(taskData)\u001b[33m;\u001b[39m\n     \u001b[90m 55 |\u001b[39m\n    \u001b[31m\u001b[1m>\u001b[22m\u001b[39m\u001b[90m 56 |\u001b[39m       expect(mockModel\u001b[33m.\u001b[39mcreate)\u001b[33m.\u001b[39mtoHaveBeenCalledWith(taskData)\u001b[33m;\u001b[39m\n     \u001b[90m    |\u001b[39m                                \u001b[31m\u001b[1m^\u001b[22m\u001b[39m\n     \u001b[90m 57 |\u001b[39m       expect(result)\u001b[33m.\u001b[39mtoHaveProperty(\u001b[32m'id'\u001b[39m)\u001b[33m;\u001b[39m\n     \u001b[90m 58 |\u001b[39m       expect(result\u001b[33m.\u001b[39mtask)\u001b[33m.\u001b[39mtoBe(\u001b[32m'Test task'\u001b[39m)\u001b[33m;\u001b[39m\n     \u001b[90m 59 |\u001b[39m     })\u001b[33m;\u001b[39m\u001b[0m\n\n      at Object.<anonymous> (tests/unit/database.test.ts:56:32)\n\n  ● Database Models › Task Model › should find all tasks for a user\n\n    expect(jest.fn()).toHaveBeenCalled()\n\n    Expected number of calls: >= 1\n    Received number of calls:    0\n\n    \u001b[0m \u001b[90m 71 |\u001b[39m       })\u001b[33m;\u001b[39m\n     \u001b[90m 72 |\u001b[39m\n    \u001b[31m\u001b[1m>\u001b[22m\u001b[39m\u001b[90m 73 |\u001b[39m       expect(mockModel\u001b[33m.\u001b[39mfindAll)\u001b[33m.\u001b[39mtoHaveBeenCalled()\u001b[33m;\u001b[39m\n     \u001b[90m    |\u001b[39m                                 \u001b[31m\u001b[1m^\u001b[22m\u001b[39m\n     \u001b[90m 74 |\u001b[39m       expect(result)\u001b[33m.\u001b[39mtoHaveLength(\u001b[35m2\u001b[39m)\u001b[33m;\u001b[39m\n     \u001b[90m 75 |\u001b[39m     })\u001b[33m;\u001b[39m\n     \u001b[90m 76 |\u001b[39m\u001b[0m\n\n      at Object.<anonymous> (tests/unit/database.test.ts:73:33)\n\n  ● Database Models › Task Model › should update task status\n\n    expect(jest.fn()).toHaveBeenCalled()\n\n    Expected number of calls: >= 1\n    Received number of calls:    0\n\n    \u001b[0m \u001b[90m 83 |\u001b[39m       )\u001b[33m;\u001b[39m\n     \u001b[90m 84 |\u001b[39m\n    \u001b[31m\u001b[1m>\u001b[22m\u001b[39m\u001b[90m 85 |\u001b[39m       expect(mockModel\u001b[33m.\u001b[39mupdate)\u001b[33m.\u001b[39mtoHaveBeenCalled()\u001b[33m;\u001b[39m\n     \u001b[90m    |\u001b[39m                                \u001b[31m\u001b[1m^\u001b[22m\u001b[39m\n     \u001b[90m 86 |\u001b[39m       expect(result[\u001b[35m0\u001b[39m])\u001b[33m.\u001b[39mtoBe(\u001b[35m1\u001b[39m)\u001b[33m;\u001b[39m\n     \u001b[90m 87 |\u001b[39m     })\u001b[33m;\u001b[39m\n     \u001b[90m 88 |\u001b[39m\u001b[0m\n\n      at Object.<anonymous> (tests/unit/database.test.ts:85:32)\n\n  ● Database Models › Task Model › should delete a task\n\n    expect(jest.fn()).toHaveBeenCalled()\n\n    Expected number of calls: >= 1\n    Received number of calls:    0\n\n    \u001b[0m \u001b[90m 94 |\u001b[39m       })\u001b[33m;\u001b[39m\n     \u001b[90m 95 |\u001b[39m\n    \u001b[31m\u001b[1m>\u001b[22m\u001b[39m\u001b[90m 96 |\u001b[39m       expect(mockModel\u001b[33m.\u001b[39mdestroy)\u001b[33m.\u001b[39mtoHaveBeenCalled()\u001b[33m;\u001b[39m\n     \u001b[90m    |\u001b[39m                                 \u001b[31m\u001b[1m^\u001b[22m\u001b[39m\n     \u001b[90m 97 |\u001b[39m       expect(result)\u001b[33m.\u001b[39mtoBe(\u001b[35m1\u001b[39m)\u001b[33m;\u001b[39m\n     \u001b[90m 98 |\u001b[39m     })\u001b[33m;\u001b[39m\n     \u001b[90m 99 |\u001b[39m   })\u001b[33m;\u001b[39m\u001b[0m\n\n      at Object.<anonymous> (tests/unit/database.test.ts:96:33)\n\n  ● Database Models › Budget Model › should define the model with correct attributes\n\n    expect(received).toHaveBeenCalled()\n\n    Matcher error: received value must be a mock or spy function\n\n    Received has type:  function\n    Received has value: [Function init]\n\n    \u001b[0m \u001b[90m 109 |\u001b[39m\n     \u001b[90m 110 |\u001b[39m     it(\u001b[32m'should define the model with correct attributes'\u001b[39m\u001b[33m,\u001b[39m () \u001b[33m=>\u001b[39m {\n    \u001b[31m\u001b[1m>\u001b[22m\u001b[39m\u001b[90m 111 |\u001b[39m       expect(\u001b[33mBudget\u001b[39m\u001b[33m.\u001b[39minit)\u001b[33m.\u001b[39mtoHaveBeenCalled()\u001b[33m;\u001b[39m\n     \u001b[90m     |\u001b[39m                           \u001b[31m\u001b[1m^\u001b[22m\u001b[39m\n     \u001b[90m 112 |\u001b[39m       \u001b[36mconst\u001b[39m initCall \u001b[33m=\u001b[39m \u001b[33mBudget\u001b[39m\u001b[33m.\u001b[39minit\u001b[33m.\u001b[39mmock\u001b[33m.\u001b[39mcalls[\u001b[35m0\u001b[39m]\u001b[33m;\u001b[39m\n     \u001b[90m 113 |\u001b[39m       \u001b[36mconst\u001b[39m schema \u001b[33m=\u001b[39m initCall[\u001b[35m0\u001b[39m]\u001b[33m;\u001b[39m\n     \u001b[90m 114 |\u001b[39m\u001b[0m\n\n      at Object.<anonymous> (tests/unit/database.test.ts:111:27)\n\n  ● Database Models › Budget Model › should create a budget entry\n\n    expect(jest.fn()).toHaveBeenCalledWith(...expected)\n\n    Expected: {\"amount\": 150.5, \"category\": \"food\", \"description\": \"Weekly groceries\", \"guildId\": \"guild-1\", \"transactionType\": \"expense\", \"userId\": \"user-1\"}\n\n    Number of calls: 0\n\n    \u001b[0m \u001b[90m 138 |\u001b[39m       \u001b[36mconst\u001b[39m result \u001b[33m=\u001b[39m \u001b[36mawait\u001b[39m \u001b[33mBudget\u001b[39m\u001b[33m.\u001b[39mcreate(budgetData)\u001b[33m;\u001b[39m\n     \u001b[90m 139 |\u001b[39m\n    \u001b[31m\u001b[1m>\u001b[22m\u001b[39m\u001b[90m 140 |\u001b[39m       expect(mockModel\u001b[33m.\u001b[39mcreate)\u001b[33m.\u001b[39mtoHaveBeenCalledWith(budgetData)\u001b[33m;\u001b[39m\n     \u001b[90m     |\u001b[39m                                \u001b[31m\u001b[1m^\u001b[22m\u001b[39m\n     \u001b[90m 141 |\u001b[39m       expect(result\u001b[33m.\u001b[39mamount)\u001b[33m.\u001b[39mtoBe(\u001b[35m150.50\u001b[39m)\u001b[33m;\u001b[39m\n     \u001b[90m 142 |\u001b[39m       expect(result\u001b[33m.\u001b[39mcategory)\u001b[33m.\u001b[39mtoBe(\u001b[32m'food'\u001b[39m)\u001b[33m;\u001b[39m\n     \u001b[90m 143 |\u001b[39m     })\u001b[33m;\u001b[39m\u001b[0m\n\n      at Object.<anonymous> (tests/unit/database.test.ts:140:32)\n\n  ● Database Models › Budget Model › should calculate total expenses\n\n    expect(jest.fn()).toHaveBeenCalled()\n\n    Expected number of calls: >= 1\n    Received number of calls:    0\n\n    \u001b[0m \u001b[90m 153 |\u001b[39m       })\u001b[33m;\u001b[39m\n     \u001b[90m 154 |\u001b[39m\n    \u001b[31m\u001b[1m>\u001b[22m\u001b[39m\u001b[90m 155 |\u001b[39m       expect((mockModel \u001b[36mas\u001b[39m any)\u001b[33m.\u001b[39msum)\u001b[33m.\u001b[39mtoHaveBeenCalled()\u001b[33m;\u001b[39m\n     \u001b[90m     |\u001b[39m                                      \u001b[31m\u001b[1m^\u001b[22m\u001b[39m\n     \u001b[90m 156 |\u001b[39m       expect(total)\u001b[33m.\u001b[39mtoBe(\u001b[35m500.00\u001b[39m)\u001b[33m;\u001b[39m\n     \u001b[90m 157 |\u001b[39m     })\u001b[33m;\u001b[39m\n     \u001b[90m 158 |\u001b[39m\u001b[0m\n\n      at Object.<anonymous> (tests/unit/database.test.ts:155:38)\n\n  ● Database Models › Budget Model › should find expenses by category\n\n    TypeError: expect(received).toHaveLength(expected)\n\n    Matcher error: received value must have a length property whose value must be a number\n\n    Received has value: undefined\n\n    \u001b[0m \u001b[90m 172 |\u001b[39m       })\u001b[33m;\u001b[39m\n     \u001b[90m 173 |\u001b[39m\n    \u001b[31m\u001b[1m>\u001b[22m\u001b[39m\u001b[90m 174 |\u001b[39m       expect(result)\u001b[33m.\u001b[39mtoHaveLength(\u001b[35m2\u001b[39m)\u001b[33m;\u001b[39m\n     \u001b[90m     |\u001b[39m                      \u001b[31m\u001b[1m^\u001b[22m\u001b[39m\n     \u001b[90m 175 |\u001b[39m       expect(result[\u001b[35m0\u001b[39m]\u001b[33m.\u001b[39mcategory)\u001b[33m.\u001b[39mtoBe(\u001b[32m'food'\u001b[39m)\u001b[33m;\u001b[39m\n     \u001b[90m 176 |\u001b[39m     })\u001b[33m;\u001b[39m\n     \u001b[90m 177 |\u001b[39m   })\u001b[33m;\u001b[39m\u001b[0m\n\n      at Object.<anonymous> (tests/unit/database.test.ts:174:22)\n\n  ● Database Models › List Model › should define the model with correct attributes\n\n    expect(received).toHaveBeenCalled()\n\n    Matcher error: received value must be a mock or spy function\n\n    Received has type:  function\n    Received has value: [Function init]\n\n    \u001b[0m \u001b[90m 187 |\u001b[39m\n     \u001b[90m 188 |\u001b[39m     it(\u001b[32m'should define the model with correct attributes'\u001b[39m\u001b[33m,\u001b[39m () \u001b[33m=>\u001b[39m {\n    \u001b[31m\u001b[1m>\u001b[22m\u001b[39m\u001b[90m 189 |\u001b[39m       expect(\u001b[33mList\u001b[39m\u001b[33m.\u001b[39minit)\u001b[33m.\u001b[39mtoHaveBeenCalled()\u001b[33m;\u001b[39m\n     \u001b[90m     |\u001b[39m                         \u001b[31m\u001b[1m^\u001b[22m\u001b[39m\n     \u001b[90m 190 |\u001b[39m       \u001b[36mconst\u001b[39m initCall \u001b[33m=\u001b[39m \u001b[33mList\u001b[39m\u001b[33m.\u001b[39minit\u001b[33m.\u001b[39mmock\u001b[33m.\u001b[39mcalls[\u001b[35m0\u001b[39m]\u001b[33m;\u001b[39m\n     \u001b[90m 191 |\u001b[39m       \u001b[36mconst\u001b[39m schema \u001b[33m=\u001b[39m initCall[\u001b[35m0\u001b[39m]\u001b[33m;\u001b[39m\n     \u001b[90m 192 |\u001b[39m\u001b[0m\n\n      at Object.<anonymous> (tests/unit/database.test.ts:189:25)\n\n  ● Database Models › List Model › should create a list with items\n\n    TypeError: Cannot read properties of undefined (reading 'items')\n\n    \u001b[0m \u001b[90m 216 |\u001b[39m       \u001b[36mconst\u001b[39m result \u001b[33m=\u001b[39m \u001b[36mawait\u001b[39m \u001b[33mList\u001b[39m\u001b[33m.\u001b[39mcreate(listData)\u001b[33m;\u001b[39m\n     \u001b[90m 217 |\u001b[39m\n    \u001b[31m\u001b[1m>\u001b[22m\u001b[39m\u001b[90m 218 |\u001b[39m       expect(result\u001b[33m.\u001b[39mitems)\u001b[33m.\u001b[39mtoHaveLength(\u001b[35m3\u001b[39m)\u001b[33m;\u001b[39m\n     \u001b[90m     |\u001b[39m                     \u001b[31m\u001b[1m^\u001b[22m\u001b[39m\n     \u001b[90m 219 |\u001b[39m       expect(result\u001b[33m.\u001b[39mitems)\u001b[33m.\u001b[39mtoContain(\u001b[32m'milk'\u001b[39m)\u001b[33m;\u001b[39m\n     \u001b[90m 220 |\u001b[39m     })\u001b[33m;\u001b[39m\n     \u001b[90m 221 |\u001b[39m\u001b[0m\n\n      at Object.<anonymous> (tests/unit/database.test.ts:218:21)\n\n  ● Database Models › List Model › should update list items\n\n    expect(jest.fn()).toHaveBeenCalled()\n\n    Expected number of calls: >= 1\n    Received number of calls:    0\n\n    \u001b[0m \u001b[90m 229 |\u001b[39m       )\u001b[33m;\u001b[39m\n     \u001b[90m 230 |\u001b[39m\n    \u001b[31m\u001b[1m>\u001b[22m\u001b[39m\u001b[90m 231 |\u001b[39m       expect(mockModel\u001b[33m.\u001b[39mupdate)\u001b[33m.\u001b[39mtoHaveBeenCalled()\u001b[33m;\u001b[39m\n     \u001b[90m     |\u001b[39m                                \u001b[31m\u001b[1m^\u001b[22m\u001b[39m\n     \u001b[90m 232 |\u001b[39m       expect(result[\u001b[35m0\u001b[39m])\u001b[33m.\u001b[39mtoBe(\u001b[35m1\u001b[39m)\u001b[33m;\u001b[39m\n     \u001b[90m 233 |\u001b[39m     })\u001b[33m;\u001b[39m\n     \u001b[90m 234 |\u001b[39m   })\u001b[33m;\u001b[39m\u001b[0m\n\n      at Object.<anonymous> (tests/unit/database.test.ts:231:32)\n\n  ● Database Models › Note Model › should define the model with correct attributes\n\n    expect(received).toHaveBeenCalled()\n\n    Matcher error: received value must be a mock or spy function\n\n    Received has type:  function\n    Received has value: [Function init]\n\n    \u001b[0m \u001b[90m 244 |\u001b[39m\n     \u001b[90m 245 |\u001b[39m     it(\u001b[32m'should define the model with correct attributes'\u001b[39m\u001b[33m,\u001b[39m () \u001b[33m=>\u001b[39m {\n    \u001b[31m\u001b[1m>\u001b[22m\u001b[39m\u001b[90m 246 |\u001b[39m       expect(\u001b[33mNote\u001b[39m\u001b[33m.\u001b[39minit)\u001b[33m.\u001b[39mtoHaveBeenCalled()\u001b[33m;\u001b[39m\n     \u001b[90m     |\u001b[39m                         \u001b[31m\u001b[1m^\u001b[22m\u001b[39m\n     \u001b[90m 247 |\u001b[39m       \u001b[36mconst\u001b[39m initCall \u001b[33m=\u001b[39m \u001b[33mNote\u001b[39m\u001b[33m.\u001b[39minit\u001b[33m.\u001b[39mmock\u001b[33m.\u001b[39mcalls[\u001b[35m0\u001b[39m]\u001b[33m;\u001b[39m\n     \u001b[90m 248 |\u001b[39m       \u001b[36mconst\u001b[39m schema \u001b[33m=\u001b[39m initCall[\u001b[35m0\u001b[39m]\u001b[33m;\u001b[39m\n     \u001b[90m 249 |\u001b[39m\u001b[0m\n\n      at Object.<anonymous> (tests/unit/database.test.ts:246:25)\n\n  ● Database Models › Note Model › should create a note\n\n    TypeError: Cannot read properties of undefined (reading 'title')\n\n    \u001b[0m \u001b[90m 266 |\u001b[39m       \u001b[36mconst\u001b[39m result \u001b[33m=\u001b[39m \u001b[36mawait\u001b[39m \u001b[33mNote\u001b[39m\u001b[33m.\u001b[39mcreate(noteData)\u001b[33m;\u001b[39m\n     \u001b[90m 267 |\u001b[39m\n    \u001b[31m\u001b[1m>\u001b[22m\u001b[39m\u001b[90m 268 |\u001b[39m       expect(result\u001b[33m.\u001b[39mtitle)\u001b[33m.\u001b[39mtoBe(\u001b[32m'Test Note'\u001b[39m)\u001b[33m;\u001b[39m\n     \u001b[90m     |\u001b[39m                     \u001b[31m\u001b[1m^\u001b[22m\u001b[39m\n     \u001b[90m 269 |\u001b[39m       expect(result\u001b[33m.\u001b[39mtags)\u001b[33m.\u001b[39mtoContain(\u001b[32m'important'\u001b[39m)\u001b[33m;\u001b[39m\n     \u001b[90m 270 |\u001b[39m     })\u001b[33m;\u001b[39m\n     \u001b[90m 271 |\u001b[39m\u001b[0m\n\n      at Object.<anonymous> (tests/unit/database.test.ts:268:21)\n\n  ● Database Models › Note Model › should find note by title\n\n    expect(jest.fn()).toHaveBeenCalled()\n\n    Expected number of calls: >= 1\n    Received number of calls:    0\n\n    \u001b[0m \u001b[90m 281 |\u001b[39m       })\u001b[33m;\u001b[39m\n     \u001b[90m 282 |\u001b[39m\n    \u001b[31m\u001b[1m>\u001b[22m\u001b[39m\u001b[90m 283 |\u001b[39m       expect(mockModel\u001b[33m.\u001b[39mfindOne)\u001b[33m.\u001b[39mtoHaveBeenCalled()\u001b[33m;\u001b[39m\n     \u001b[90m     |\u001b[39m                                 \u001b[31m\u001b[1m^\u001b[22m\u001b[39m\n     \u001b[90m 284 |\u001b[39m       expect(result\u001b[33m.\u001b[39mtitle)\u001b[33m.\u001b[39mtoBe(\u001b[32m'Test Note'\u001b[39m)\u001b[33m;\u001b[39m\n     \u001b[90m 285 |\u001b[39m     })\u001b[33m;\u001b[39m\n     \u001b[90m 286 |\u001b[39m   })\u001b[33m;\u001b[39m\u001b[0m\n\n      at Object.<anonymous> (tests/unit/database.test.ts:283:33)\n\n  ● Database Models › Reminder Model › should define the model with correct attributes\n\n    expect(received).toHaveBeenCalled()\n\n    Matcher error: received value must be a mock or spy function\n\n    Received has type:  function\n    Received has value: [Function init]\n\n    \u001b[0m \u001b[90m 296 |\u001b[39m\n     \u001b[90m 297 |\u001b[39m     it(\u001b[32m'should define the model with correct attributes'\u001b[39m\u001b[33m,\u001b[39m () \u001b[33m=>\u001b[39m {\n    \u001b[31m\u001b[1m>\u001b[22m\u001b[39m\u001b[90m 298 |\u001b[39m       expect(\u001b[33mReminder\u001b[39m\u001b[33m.\u001b[39minit)\u001b[33m.\u001b[39mtoHaveBeenCalled()\u001b[33m;\u001b[39m\n     \u001b[90m     |\u001b[39m                             \u001b[31m\u001b[1m^\u001b[22m\u001b[39m\n     \u001b[90m 299 |\u001b[39m       \u001b[36mconst\u001b[39m initCall \u001b[33m=\u001b[39m \u001b[33mReminder\u001b[39m\u001b[33m.\u001b[39minit\u001b[33m.\u001b[39mmock\u001b[33m.\u001b[39mcalls[\u001b[35m0\u001b[39m]\u001b[33m;\u001b[39m\n     \u001b[90m 300 |\u001b[39m       \u001b[36mconst\u001b[39m schema \u001b[33m=\u001b[39m initCall[\u001b[35m0\u001b[39m]\u001b[33m;\u001b[39m\n     \u001b[90m 301 |\u001b[39m\u001b[0m\n\n      at Object.<anonymous> (tests/unit/database.test.ts:298:29)\n\n  ● Database Models › Reminder Model › should create a reminder\n\n    TypeError: Cannot read properties of undefined (reading 'reminder')\n\n    \u001b[0m \u001b[90m 320 |\u001b[39m       \u001b[36mconst\u001b[39m result \u001b[33m=\u001b[39m \u001b[36mawait\u001b[39m \u001b[33mReminder\u001b[39m\u001b[33m.\u001b[39mcreate(reminderData)\u001b[33m;\u001b[39m\n     \u001b[90m 321 |\u001b[39m\n    \u001b[31m\u001b[1m>\u001b[22m\u001b[39m\u001b[90m 322 |\u001b[39m       expect(result\u001b[33m.\u001b[39mreminder)\u001b[33m.\u001b[39mtoBe(\u001b[32m'Test reminder'\u001b[39m)\u001b[33m;\u001b[39m\n     \u001b[90m     |\u001b[39m                     \u001b[31m\u001b[1m^\u001b[22m\u001b[39m\n     \u001b[90m 323 |\u001b[39m       expect(result\u001b[33m.\u001b[39mrecurring)\u001b[33m.\u001b[39mtoBe(\u001b[36mfalse\u001b[39m)\u001b[33m;\u001b[39m\n     \u001b[90m 324 |\u001b[39m     })\u001b[33m;\u001b[39m\n     \u001b[90m 325 |\u001b[39m\u001b[0m\n\n      at Object.<anonymous> (tests/unit/database.test.ts:322:21)\n\n  ● Database Models › Reminder Model › should find active reminders\n\n    TypeError: expect(received).toHaveLength(expected)\n\n    Matcher error: received value must have a length property whose value must be a number\n\n    Received has value: undefined\n\n    \u001b[0m \u001b[90m 340 |\u001b[39m       })\u001b[33m;\u001b[39m\n     \u001b[90m 341 |\u001b[39m\n    \u001b[31m\u001b[1m>\u001b[22m\u001b[39m\u001b[90m 342 |\u001b[39m       expect(result)\u001b[33m.\u001b[39mtoHaveLength(\u001b[35m2\u001b[39m)\u001b[33m;\u001b[39m\n     \u001b[90m     |\u001b[39m                      \u001b[31m\u001b[1m^\u001b[22m\u001b[39m\n     \u001b[90m 343 |\u001b[39m     })\u001b[33m;\u001b[39m\n     \u001b[90m 344 |\u001b[39m   })\u001b[33m;\u001b[39m\n     \u001b[90m 345 |\u001b[39m\u001b[0m\n\n      at Object.<anonymous> (tests/unit/database.test.ts:342:22)\n","name":"/home/runner/work/bwaincell/bwaincell/tests/unit/database.test.ts","startTime":1759036527979,"status":"failed","summary":""},{"assertionResults":[],"coverage":{},"endTime":1759036535155,"message":"  ● Test suite failed to run\n\n    Cannot find module '../mocks/discord.js.js' from 'tests/unit/bot.test.ts'\n\n    \u001b[0m \u001b[90m 1 |\u001b[39m \u001b[90m// Tests for bot.ts - Core bot initialization\u001b[39m\n     \u001b[90m 2 |\u001b[39m \u001b[36mimport\u001b[39m { \u001b[33mClient\u001b[39m\u001b[33m,\u001b[39m \u001b[33mGatewayIntentBits\u001b[39m } \u001b[36mfrom\u001b[39m \u001b[32m'discord.js'\u001b[39m\u001b[33m;\u001b[39m\n    \u001b[31m\u001b[1m>\u001b[22m\u001b[39m\u001b[90m 3 |\u001b[39m \u001b[36mimport\u001b[39m { mockClient\u001b[33m,\u001b[39m mockInteraction } \u001b[36mfrom\u001b[39m \u001b[32m'../mocks/discord.js.js'\u001b[39m\u001b[33m;\u001b[39m\n     \u001b[90m   |\u001b[39m \u001b[31m\u001b[1m^\u001b[22m\u001b[39m\n     \u001b[90m 4 |\u001b[39m \u001b[36mimport\u001b[39m { mockSequelize } \u001b[36mfrom\u001b[39m \u001b[32m'../mocks/database.mock'\u001b[39m\u001b[33m;\u001b[39m\n     \u001b[90m 5 |\u001b[39m\n     \u001b[90m 6 |\u001b[39m \u001b[90m// Mock dependencies\u001b[39m\u001b[0m\n\n      at Resolver._throwModNotFoundError (node_modules/jest-resolve/build/index.js:863:11)\n      at Object.<anonymous> (tests/unit/bot.test.ts:3:1)\n","name":"/home/runner/work/bwaincell/bwaincell/tests/unit/bot.test.ts","startTime":1759036535155,"status":"failed","summary":""},{"assertionResults":[{"ancestorTitles":["TaskHandlers","handleTaskButton","task_add_new"],"duration":6,"failing":false,"failureDetails":[],"failureMessages":[],"fullName":"TaskHandlers handleTaskButton task_add_new should show modal for adding new task","invocations":1,"location":null,"numPassingAsserts":3,"retryReasons":[],"startAt":1759036530752,"status":"passed","title":"should show modal for adding new task"},{"ancestorTitles":["TaskHandlers","handleTaskButton","task_done_"],"duration":5,"failing":false,"failureDetails":[{"matcherResult":{"message":"expect(jest.fn()).toHaveBeenCalledWith(...expected)\n\nExpected: {\"content\": StringContaining \"Task #123\", \"ephemeral\": true}\n\nNumber of calls: 0","pass":false}}],"failureMessages":["Error: expect(jest.fn()).toHaveBeenCalledWith(...expected)\n\nExpected: {\"content\": StringContaining \"Task #123\", \"ephemeral\": true}\n\nNumber of calls: 0\n    at Object.<anonymous> (/home/runner/work/bwaincell/bwaincell/tests/unit/handlers/taskHandlers.test.ts:56:46)\n    at processTicksAndRejections (node:internal/process/task_queues:95:5)"],"fullName":"TaskHandlers handleTaskButton task_done_ should mark task as complete for valid task ID","invocations":1,"location":null,"numPassingAsserts":1,"retryReasons":[],"startAt":1759036530758,"status":"failed","title":"should mark task as complete for valid task ID"},{"ancestorTitles":["TaskHandlers","handleTaskButton","task_done_"],"duration":1,"failing":false,"failureDetails":[{"matcherResult":{"message":"expect(jest.fn()).toHaveBeenCalledWith(...expected)\n\nExpected: {\"content\": StringContaining \"not found\", \"ephemeral\": true}\n\nNumber of calls: 0","pass":false}}],"failureMessages":["Error: expect(jest.fn()).toHaveBeenCalledWith(...expected)\n\nExpected: {\"content\": StringContaining \"not found\", \"ephemeral\": true}\n\nNumber of calls: 0\n    at Object.<anonymous> (/home/runner/work/bwaincell/bwaincell/tests/unit/handlers/taskHandlers.test.ts:71:46)\n    at processTicksAndRejections (node:internal/process/task_queues:95:5)"],"fullName":"TaskHandlers handleTaskButton task_done_ should return error for non-existent task","invocations":1,"location":null,"numPassingAsserts":1,"retryReasons":[],"startAt":1759036530777,"status":"failed","title":"should return error for non-existent task"},{"ancestorTitles":["TaskHandlers","handleTaskButton","task_edit_"],"duration":2,"failing":false,"failureDetails":[],"failureMessages":[],"fullName":"TaskHandlers handleTaskButton task_edit_ should show edit modal for existing task","invocations":1,"location":null,"numPassingAsserts":2,"retryReasons":[],"startAt":1759036530778,"status":"passed","title":"should show edit modal for existing task"},{"ancestorTitles":["TaskHandlers","handleTaskButton","task_edit_"],"duration":1,"failing":false,"failureDetails":[{"matcherResult":{"message":"expect(jest.fn()).toHaveBeenCalledWith(...expected)\n\nExpected: {\"content\": StringContaining \"not found\", \"ephemeral\": true}\n\nNumber of calls: 0","pass":false}}],"failureMessages":["Error: expect(jest.fn()).toHaveBeenCalledWith(...expected)\n\nExpected: {\"content\": StringContaining \"not found\", \"ephemeral\": true}\n\nNumber of calls: 0\n    at Object.<anonymous> (/home/runner/work/bwaincell/bwaincell/tests/unit/handlers/taskHandlers.test.ts:102:46)\n    at processTicksAndRejections (node:internal/process/task_queues:95:5)"],"fullName":"TaskHandlers handleTaskButton task_edit_ should show error for non-existent task","invocations":1,"location":null,"numPassingAsserts":0,"retryReasons":[],"startAt":1759036530780,"status":"failed","title":"should show error for non-existent task"},{"ancestorTitles":["TaskHandlers","handleTaskButton","task_delete_"],"duration":1,"failing":false,"failureDetails":[{"matcherResult":{"message":"expect(jest.fn()).toHaveBeenCalledWith(...expected)\n\nExpected: {\"content\": StringContaining \"deleted\", \"ephemeral\": true}\n\nNumber of calls: 0","pass":false}}],"failureMessages":["Error: expect(jest.fn()).toHaveBeenCalledWith(...expected)\n\nExpected: {\"content\": StringContaining \"deleted\", \"ephemeral\": true}\n\nNumber of calls: 0\n    at Object.<anonymous> (/home/runner/work/bwaincell/bwaincell/tests/unit/handlers/taskHandlers.test.ts:119:46)\n    at processTicksAndRejections (node:internal/process/task_queues:95:5)"],"fullName":"TaskHandlers handleTaskButton task_delete_ should delete task successfully","invocations":1,"location":null,"numPassingAsserts":1,"retryReasons":[],"startAt":1759036530782,"status":"failed","title":"should delete task successfully"},{"ancestorTitles":["TaskHandlers","handleTaskButton","task_delete_"],"duration":0,"failing":false,"failureDetails":[{"matcherResult":{"message":"expect(jest.fn()).toHaveBeenCalledWith(...expected)\n\nExpected: {\"content\": StringContaining \"not found\", \"ephemeral\": true}\n\nNumber of calls: 0","pass":false}}],"failureMessages":["Error: expect(jest.fn()).toHaveBeenCalledWith(...expected)\n\nExpected: {\"content\": StringContaining \"not found\", \"ephemeral\": true}\n\nNumber of calls: 0\n    at Object.<anonymous> (/home/runner/work/bwaincell/bwaincell/tests/unit/handlers/taskHandlers.test.ts:133:46)\n    at processTicksAndRejections (node:internal/process/task_queues:95:5)"],"fullName":"TaskHandlers handleTaskButton task_delete_ should show error for failed deletion","invocations":1,"location":null,"numPassingAsserts":0,"retryReasons":[],"startAt":1759036530784,"status":"failed","title":"should show error for failed deletion"},{"ancestorTitles":["TaskHandlers","handleTaskButton","task_quick_complete"],"duration":3,"failing":false,"failureDetails":[{"matcherResult":{"message":"expect(jest.fn()).toHaveBeenCalledWith(...expected)\n\nExpected: {\"components\": Any<Array>, \"content\": StringContaining \"Select a task\", \"ephemeral\": true}\n\nNumber of calls: 0","pass":false}}],"failureMessages":["Error: expect(jest.fn()).toHaveBeenCalledWith(...expected)\n\nExpected: {\"components\": Any<Array>, \"content\": StringContaining \"Select a task\", \"ephemeral\": true}\n\nNumber of calls: 0\n    at Object.<anonymous> (/home/runner/work/bwaincell/bwaincell/tests/unit/handlers/taskHandlers.test.ts:150:46)\n    at processTicksAndRejections (node:internal/process/task_queues:95:5)"],"fullName":"TaskHandlers handleTaskButton task_quick_complete should show select menu with pending tasks","invocations":1,"location":null,"numPassingAsserts":1,"retryReasons":[],"startAt":1759036530785,"status":"failed","title":"should show select menu with pending tasks"},{"ancestorTitles":["TaskHandlers","handleTaskButton","task_quick_complete"],"duration":1,"failing":false,"failureDetails":[{"matcherResult":{"message":"expect(jest.fn()).toHaveBeenCalledWith(...expected)\n\nExpected: {\"content\": StringContaining \"No pending tasks\", \"ephemeral\": true}\n\nNumber of calls: 0","pass":false}}],"failureMessages":["Error: expect(jest.fn()).toHaveBeenCalledWith(...expected)\n\nExpected: {\"content\": StringContaining \"No pending tasks\", \"ephemeral\": true}\n\nNumber of calls: 0\n    at Object.<anonymous> (/home/runner/work/bwaincell/bwaincell/tests/unit/handlers/taskHandlers.test.ts:164:46)\n    at processTicksAndRejections (node:internal/process/task_queues:95:5)"],"fullName":"TaskHandlers handleTaskButton task_quick_complete should show error when no pending tasks","invocations":1,"location":null,"numPassingAsserts":0,"retryReasons":[],"startAt":1759036530789,"status":"failed","title":"should show error when no pending tasks"},{"ancestorTitles":["TaskHandlers","handleTaskButton","error handling"],"duration":6,"failing":false,"failureDetails":[{"matcherResult":{"message":"expect(jest.fn()).toHaveBeenCalled()\n\nExpected number of calls: >= 1\nReceived number of calls:    0","pass":false}}],"failureMessages":["Error: expect(jest.fn()).toHaveBeenCalled()\n\nExpected number of calls: >= 1\nReceived number of calls:    0\n    at Object.<anonymous> (/home/runner/work/bwaincell/bwaincell/tests/unit/handlers/taskHandlers.test.ts:179:46)\n    at processTicksAndRejections (node:internal/process/task_queues:95:5)"],"fullName":"TaskHandlers handleTaskButton error handling should handle database errors gracefully","invocations":1,"location":null,"numPassingAsserts":0,"retryReasons":[],"startAt":1759036530790,"status":"failed","title":"should handle database errors gracefully"},{"ancestorTitles":["TaskHandlers","handleTaskButton","guild validation"],"duration":1,"failing":false,"failureDetails":[{"matcherResult":{"message":"expect(jest.fn()).toHaveBeenCalledWith(...expected)\n\nExpected: {\"content\": StringContaining \"server\", \"ephemeral\": true}\n\nNumber of calls: 0","pass":false}}],"failureMessages":["Error: expect(jest.fn()).toHaveBeenCalledWith(...expected)\n\nExpected: {\"content\": StringContaining \"server\", \"ephemeral\": true}\n\nNumber of calls: 0\n    at Object.<anonymous> (/home/runner/work/bwaincell/bwaincell/tests/unit/handlers/taskHandlers.test.ts:189:46)\n    at processTicksAndRejections (node:internal/process/task_queues:95:5)"],"fullName":"TaskHandlers handleTaskButton guild validation should reject interactions without guild ID","invocations":1,"location":null,"numPassingAsserts":0,"retryReasons":[],"startAt":1759036530797,"status":"failed","title":"should reject interactions without guild ID"}],"endTime":1759036530855,"message":"  ● TaskHandlers › handleTaskButton › task_done_ › should mark task as complete for valid task ID\n\n    expect(jest.fn()).toHaveBeenCalledWith(...expected)\n\n    Expected: {\"content\": StringContaining \"Task #123\", \"ephemeral\": true}\n\n    Number of calls: 0\n\n    \u001b[0m \u001b[90m 54 |\u001b[39m\n     \u001b[90m 55 |\u001b[39m                 expect(mockModels\u001b[33m.\u001b[39m\u001b[33mTask\u001b[39m\u001b[33m.\u001b[39mcompleteTask)\u001b[33m.\u001b[39mtoHaveBeenCalledWith(taskId\u001b[33m,\u001b[39m \u001b[32m'test-user'\u001b[39m\u001b[33m,\u001b[39m \u001b[32m'test-guild'\u001b[39m)\u001b[33m;\u001b[39m\n    \u001b[31m\u001b[1m>\u001b[22m\u001b[39m\u001b[90m 56 |\u001b[39m                 expect(interaction\u001b[33m.\u001b[39mfollowUp)\u001b[33m.\u001b[39mtoHaveBeenCalledWith({\n     \u001b[90m    |\u001b[39m                                              \u001b[31m\u001b[1m^\u001b[22m\u001b[39m\n     \u001b[90m 57 |\u001b[39m                     content\u001b[33m:\u001b[39m expect\u001b[33m.\u001b[39mstringContaining(\u001b[32m`Task #${taskId}`\u001b[39m)\u001b[33m,\u001b[39m\n     \u001b[90m 58 |\u001b[39m                     ephemeral\u001b[33m:\u001b[39m \u001b[36mtrue\u001b[39m\n     \u001b[90m 59 |\u001b[39m                 })\u001b[33m;\u001b[39m\u001b[0m\n\n      at Object.<anonymous> (tests/unit/handlers/taskHandlers.test.ts:56:46)\n\n  ● TaskHandlers › handleTaskButton › task_done_ › should return error for non-existent task\n\n    expect(jest.fn()).toHaveBeenCalledWith(...expected)\n\n    Expected: {\"content\": StringContaining \"not found\", \"ephemeral\": true}\n\n    Number of calls: 0\n\n    \u001b[0m \u001b[90m 69 |\u001b[39m\n     \u001b[90m 70 |\u001b[39m                 expect(mockModels\u001b[33m.\u001b[39m\u001b[33mTask\u001b[39m\u001b[33m.\u001b[39mcompleteTask)\u001b[33m.\u001b[39mtoHaveBeenCalledWith(taskId\u001b[33m,\u001b[39m \u001b[32m'test-user'\u001b[39m\u001b[33m,\u001b[39m \u001b[32m'test-guild'\u001b[39m)\u001b[33m;\u001b[39m\n    \u001b[31m\u001b[1m>\u001b[22m\u001b[39m\u001b[90m 71 |\u001b[39m                 expect(interaction\u001b[33m.\u001b[39mfollowUp)\u001b[33m.\u001b[39mtoHaveBeenCalledWith({\n     \u001b[90m    |\u001b[39m                                              \u001b[31m\u001b[1m^\u001b[22m\u001b[39m\n     \u001b[90m 72 |\u001b[39m                     content\u001b[33m:\u001b[39m expect\u001b[33m.\u001b[39mstringContaining(\u001b[32m'not found'\u001b[39m)\u001b[33m,\u001b[39m\n     \u001b[90m 73 |\u001b[39m                     ephemeral\u001b[33m:\u001b[39m \u001b[36mtrue\u001b[39m\n     \u001b[90m 74 |\u001b[39m                 })\u001b[33m;\u001b[39m\u001b[0m\n\n      at Object.<anonymous> (tests/unit/handlers/taskHandlers.test.ts:71:46)\n\n  ● TaskHandlers › handleTaskButton › task_edit_ › should show error for non-existent task\n\n    expect(jest.fn()).toHaveBeenCalledWith(...expected)\n\n    Expected: {\"content\": StringContaining \"not found\", \"ephemeral\": true}\n\n    Number of calls: 0\n\n    \u001b[0m \u001b[90m 100 |\u001b[39m                 \u001b[36mawait\u001b[39m handleTaskButton(interaction)\u001b[33m;\u001b[39m\n     \u001b[90m 101 |\u001b[39m\n    \u001b[31m\u001b[1m>\u001b[22m\u001b[39m\u001b[90m 102 |\u001b[39m                 expect(interaction\u001b[33m.\u001b[39mfollowUp)\u001b[33m.\u001b[39mtoHaveBeenCalledWith({\n     \u001b[90m     |\u001b[39m                                              \u001b[31m\u001b[1m^\u001b[22m\u001b[39m\n     \u001b[90m 103 |\u001b[39m                     content\u001b[33m:\u001b[39m expect\u001b[33m.\u001b[39mstringContaining(\u001b[32m'not found'\u001b[39m)\u001b[33m,\u001b[39m\n     \u001b[90m 104 |\u001b[39m                     ephemeral\u00
[...]
"line":26,"column":4},"end":{"line":189,"column":5}},"14":{"start":{"line":28,"column":8},"end":{"line":88,"column":9}},"15":{"start":{"line":29,"column":27},"end":{"line":29,"column":58}},"16":{"start":{"line":30,"column":25},"end":{"line":32,"column":14}},"17":{"start":{"line":34,"column":12},"end":{"line":40,"column":13}},"18":{"start":{"line":35,"column":16},"end":{"line":38,"column":19}},"19":{"start":{"line":39,"column":16},"end":{"line":39,"column":23}},"20":{"start":{"line":42,"column":26},"end":{"line":46,"column":31}},"21":{"start":{"line":48,"column":12},"end":{"line":53,"column":13}},"22":{"start":{"line":49,"column":16},"end":{"line":52,"column":19}},"23":{"start":{"line":55,"column":12},"end":{"line":60,"column":13}},"24":{"start":{"line":56,"column":16},"end":{"line":59,"column":19}},"25":{"start":{"line":62,"column":24},"end":{"line":79,"column":null}},"26":{"start":{"line":82,"column":12},"end":{"line":86,"column":15}},"27":{"start":{"line":87,"column":12},"end":{"line":87,"column":19}},"28":{"start":{"line":91,"column":8},"end":{"line":106,"column":9}},"29":{"start":{"line":92,"column":27},"end":{"line":92,"column":58}},"30":{"start":{"line":93,"column":25},"end":{"line":93,"column":73}},"31":{"start":{"line":94,"column":12},"end":{"line":104,"column":13}},"32":{"start":{"line":95,"column":16},"end":{"line":98,"column":19}},"33":{"start":{"line":100,"column":16},"end":{"line":103,"column":19}},"34":{"start":{"line":105,"column":12},"end":{"line":105,"column":19}},"35":{"start":{"line":109,"column":8},"end":{"line":124,"column":9}},"36":{"start":{"line":110,"column":31},"end":{"line":110,"column":62}},"37":{"start":{"line":111,"column":28},"end":{"line":111,"column":86}},"38":{"start":{"line":112,"column":12},"end":{"line":122,"column":13}},"39":{"start":{"line":113,"column":16},"end":{"line":116,"column":19}},"40":{"start":{"line":118,"column":16},"end":{"line":121,"column":19}},"41":{"start":{"line":123,"column":12},"end":{"line":123,"column":19}},"42":{"start":{"line":127,"column":8},"end":{"line":185,"column":9}},"43":{"start":{"line":128,"column":27},"end":{"line":128,"column":58}},"44":{"start":{"line":129,"column":25},"end":{"line":131,"column":14}},"45":{"start":{"line":133,"column":12},"end":{"line":139,"column":13}},"46":{"start":{"line":134,"column":16},"end":{"line":137,"column":19}},"47":{"start":{"line":138,"column":16},"end":{"line":138,"column":23}},"48":{"start":{"line":141,"column":26},"end":{"line":145,"column":89}},"49":{"start":{"line":147,"column":12},"end":{"line":162,"column":13}},"50":{"start":{"line":148,"column":16},"end":{"line":148,"column":91}},"51":{"start":{"line":150,"column":33},"end":{"line":153,"column":29}},"52":{"start":{"line":151,"column":37},"end":{"line":151,"column":64}},"53":{"start":{"line":152,"column":20},"end":{"line":152,"column":54}},"54":{"start":{"line":154,"column":16},"end":{"line":154,"column":47}},"55":{"start":{"line":156,"column":16},"end":{"line":161,"column":17}},"56":{"start":{"line":157,"column":20},"end":{"line":160,"column":23}},"57":{"start":{"line":164,"column":24},"end":{"line":176,"column":null}},"58":{"start":{"line":176,"column":74},"end":{"line":176,"column":85}},"59":{"start":{"line":179,"column":12},"end":{"line":183,"column":15}},"60":{"start":{"line":184,"column":12},"end":{"line":184,"column":19}},"61":{"start":{"line":188,"column":8},"end":{"line":188,"column":80}}},"fnMap":{"0":{"name":"handleSelectMenuInteraction","decl":{"start":{"line":13,"column":22},"end":{"line":13,"column":49}},"loc":{"start":{"line":13,"column":101},"end":{"line":190,"column":1}}},"1":{"name":"(anonymous_1)","decl":{"start":{"line":150,"column":61},"end":{"line":150,"column":65}},"loc":{"start":{"line":150,"column":68},"end":{"line":153,"column":17}}},"2":{"name":"(anonymous_2)","decl":{"start":{"line":176,"column":69},"end":{"line":176,"column":70}},"loc":{"start":{"line":176,"column":74},"end":{"line":176,"column":85}}}},"branchMap":{"0":{"loc":{"start":{"line":18,"column":4},"end":{"line":22,"column":5}},"type":"if","locations":[{"start":{"line":18,"column":4},"end":{"line":22,"column":5}},{"start":{},"end":{}}]},"1":{"loc":{"start":{"line":28,"column":8},"end":{"line":88,"column":9}},"type":"if","locations":[{"start":{"line":28,"column":8},"end":{"line":88,"column":9}},{"start":{},"end":{}}]},"2":{"loc":{"start":{"line":34,"column":12},"end":{"line":40,"column":13}},"type":"if","locations":[{"start":{"line":34,"column":12},"end":{"line":40,"column":13}},{"start":{},"end":{}}]},"3":{"loc":{"start":{"line":45,"column":26},"end":{"line":45,"column":62}},"type":"cond-expr","locations":[{"start":{"line":45,"column":43},"end":{"line":45,"column":51}},{"start":{"line":45,"column":54},"end":{"line":45,"column":62}}]},"4":{"loc":{"start":{"line":48,"column":12},"end":{"line":53,"column":13}},"type":"if","locations":[{"start":{"line":48,"column":12},"end":{"line":53,"column":13}},{"start":{},"end":{}}]},"5":{"loc":{"start":{"line":55,"column":12},"end":{"line":60,"column":13}},"type":"if","locations":[{"start":{"line":55,"column":12},"end":{"line":60,"column":13}},{"start":{},"end":{}}]},"6":{"loc":{"start":{"line":91,"column":8},"end":{"line":106,"column":9}},"type":"if","locations":[{"start":{"line":91,"column":8},"end":{"line":106,"column":9}},{"start":{},"end":{}}]},"7":{"loc":{"start":{"line":94,"column":12},"end":{"line":104,"column":13}},"type":"if","locations":[{"start":{"line":94,"column":12},"end":{"line":104,"column":13}},{"start":{"line":99,"column":19},"end":{"line":104,"column":13}}]},"8":{"loc":{"start":{"line":109,"column":8},"end":{"line":124,"column":9}},"type":"if","locations":[{"start":{"line":109,"column":8},"end":{"line":124,"column":9}},{"start":{},"end":{}}]},"9":{"loc":{"start":{"line":112,"column":12},"end":{"line":122,"column":13}},"type":"if","locations":[{"start":{"line":112,"column":12},"end":{"line":122,"column":13}},{"start":{"line":117,"column":19},"end":{"line":122,"column":13}}]},"10":{"loc":{"start":{"line":127,"column":8},"end":{"line":185,"column":9}},"type":"if","locations":[{"start":{"line":127,"column":8},"end":{"line":185,"column":9}},{"start":{},"end":{}}]},"11":{"loc":{"start":{"line":133,"column":12},"end":{"line":139,"column":13}},"type":"if","locations":[{"start":{"line":133,"column":12},"end":{"line":139,"column":13}},{"start":{},"end":{}}]},"12":{"loc":{"start":{"line":145,"column":38},"end":{"line":145,"column":72}},"type":"cond-expr","locations":[{"start":{"line":145,"column":51},"end":{"line":145,"column":68}},{"start":{"line":145,"column":71},"end":{"line":145,"column":72}}]},"13":{"loc":{"start":{"line":147,"column":12},"end":{"line":162,"column":13}},"type":"if","locations":[{"start":{"line":147,"column":12},"end":{"line":162,"column":13}},{"start":{"line":149,"column":19},"end":{"line":162,"column":13}}]},"14":{"loc":{"start":{"line":147,"column":16},"end":{"line":147,"column":54}},"type":"binary-expr","locations":[{"start":{"line":147,"column":16},"end":{"line":147,"column":27}},{"start":{"line":147,"column":31},"end":{"line":147,"column":54}}]},"15":{"loc":{"start":{"line":151,"column":37},"end":{"line":151,"column":64}},"type":"cond-expr","locations":[{"start":{"line":151,"column":54},"end":{"line":151,"column":58}},{"start":{"line":151,"column":61},"end":{"line":151,"column":64}}]},"16":{"loc":{"start":{"line":156,"column":16},"end":{"line":161,"column":17}},"type":"if","locations":[{"start":{"line":156,"column":16},"end":{"line":161,"column":17}},{"start":{},"end":{}}]},"17":{"loc":{"start":{"line":176,"column":37},"end":{"line":176,"column":86}},"type":"binary-expr","locations":[{"start":{"line":176,"column":37},"end":{"line":176,"column":48}},{"start":{"line":176,"column":52},"end":{"line":176,"column":86}}]}},"s":{"0":0,"1":0,"2":0,"3":0,"4":0,"5":0,"6":0,"7":0,"8":0,"9":0,"10":0,"11":0,"12":0,"13":0,"14":0,"15":0,"16":0,"17":0,"18":0,"19":0,"20":0,"21":0,"22":0,"23":0,"24":0,"25":0,"26":0,"27":0,"28":0,"29":0,"30":0,"31":0,"32":0,"33":0,"34":0,"35":0,"36":0,"37":0,"38":0,"39":0,"40":0,"41":0,"42":0,"43":0,"44":0,"45":0,"46":0,"47":0,"48":0,"49":0,"50":0,"51":0,"52":0,"53":0,"54":0,"55":0,"56":0,"57":0,"58":0,"59":0,"60":0,"61":0},"f":{"0":0,"1":0,"2":0},"b":{"0":[0,0],"1":[0,0],"2":[0,0],"3":[0,0],"4":[0,0],"5":[0,0],"6":[0,0],"7":[0,0],"8":[0,0],"9":[0,0],"10":[0,0],"11":[0,0],"12":[0,0],"13":[0,0],"14":[0,0],"15":[0,0],"16":[0,0],"17":[0,0]}},"/home/runner/work/bwaincell/bwaincell/utils/interactions/responses/embedTemplates.ts":{"path":"/home/runner/work/bwaincell/bwaincell/utils/interactions/responses/embedTemplates.ts","statementMap":{"0":{"start":{"line":15,"column":0},"end":{"line":15,"column":16}},"1":{"start":{"line":23,"column":0},"end":{"line":23,"column":16}},"2":{"start":{"line":31,"column":0},"end":{"line":31,"column":16}},"3":{"start":{"line":39,"column":0},"end":{"line":39,"column":16}},"4":{"start":{"line":52,"column":0},"end":{"line":52,"column":16}},"5":{"start":{"line":67,"column":0},"end":{"line":67,"column":16}},"6":{"start":{"line":75,"column":0},"end":{"line":75,"column":16}},"7":{"start":{"line":1,"column":0},"end":{"line":1,"column":42}},"8":{"start":{"line":3,"column":13},"end":{"line":13,"column":11}},"9":{"start":{"line":16,"column":4},"end":{"line":20,"column":24}},"10":{"start":{"line":24,"column":4},"end":{"line":28,"column":24}},"11":{"start":{"line":32,"column":4},"end":{"line":36,"column":24}},"12":{"start":{"line":40,"column":18},"end":{"line":43,"column":23}},"13":{"start":{"line":45,"column":4},"end":{"line":47,"column":5}},"14":{"start":{"line":46,"column":8},"end":{"line":46,"column":32}},"15":{"start":{"line":49,"column":4},"end":{"line":49,"column":17}},"16":{"start":{"line":53,"column":22},"end":{"line":57,"column":35}},"17":{"start":{"line":55,"column":12},"end":{"line":55,"column":98}},"18":{"start":{"line":59,"column":4},"end":{"line":64,"column":24}},"19":{"start":{"line":63,"column":48},"end":{"line":63,"column":59}},"20":{"start":{"line":68,"column":4},"end":{"line":72,"column":24}},"21":{"start":{"line":76,"column":18},"end":{"line":80,"column":23}},"22":{"start":{"line":82,"column":4},"end":{"line":84,"column":5}},"23":{"start":{"line":83,"column":8},"end":{"line":83,"column":42}},"24":{"start":{"line":86,"column":4},"end":{"line":86,"column":17}}},"fnMap":{"0":{"name":"createSuccessEmbed","decl":{"start":{"line":15,"column":16},"end":{"line":15,"column":34}},"loc":{"start":{"line":15,"column":69},"end":{"line":21,"column":1}}},"1":{"name":"createErrorEmbed","decl":{"start":{"line":23,"column":16},"end":{"line":23,"column":32}},"loc":{"start":{"line":23,"column":67},"end":{"line":29,"column":1}}},"2":{"name":"createInfoEmbed","decl":{"start":{"line":31,"column":16},"end":{"line":31,"column":31}},"loc":{"start":{"line":31,"column":66},"end":{"line":37,"column":1}}},"3":{"name":"createTaskEmbed","decl":{"start":{"line":39,"column":16},"end":{"line":39,"column":31}},"loc":{"start":{"line":39,"column":112},"end":{"line":50,"column":1}}},"4":{"name":"createListEmbed","decl":{"start":{"line":52,"column":16},"end":{"line":52,"column":31}},"loc":{"start":{"line":52,"column":115},"end":{"line":65,"column":1}}},"5":{"name":"(anonymous_5)","decl":{"start":{"line":54,"column":20},"end":{"line":54,"column":21}},"loc":{"start":{"line":55,"column":12},"end":{"line":55,"column":98}}},"6":{"name":"(anonymous_6)","decl":{"start":{"line":63,"column":43},"end":{"line":63,"column":44}},"loc":{"start":{"line":63,"column":48},"end":{"line":63,"column":59}}},"7":{"name":"createReminderEmbed","decl":{"start":{"line":67,"column":16},"end":{"line":67,"column":35}},"loc":{"start":{"line":67,"column":70},"end":{"line":73,"column":1}}},"8":{"name":"createRandomEmbed","decl":{"start":{"line":75,"column":16},"end":{"line":75,"column":33}},"loc":{"start":{"line":75,"column":85},"end":{"line":87,"column":1}}}},"branchMap":{"0":{"loc":{"start":{"line":45,"column":4},"end":{"line":47,"column":5}},"type":"if","locations":[{"start":{"line":45,"column":4},"end":{"line":47,"column":5}},{"start":{},"end":{}}]},"1":{"loc":{"start":{"line":45,"column":8},"end":{"line":45,"column":35}},"type":"binary-expr","locations":[{"start":{"line":45,"column":8},"end":{"line":45,"column":14}},{"start":{"line":45,"column":18},"end":{"line":45,"column":35}}]},"2":{"loc":{"start":{"line":53,"column":22},"end":{"line":57,"column":35}},"type":"cond-expr","locations":[{"start":{"line":54,"column":10},"end":{"line":56,"column":22}},{"start":{"line":57,"column":10},"end":{"line":57,"column":35}}]},"3":{"loc":{"start":{"line":55,"column":29},"end":{"line":55,"column":55}},"type":"cond-expr","locations":[{"start":{"line":55,"column":46},"end":{"line":55,"column":50}},{"start":{"line":55,"column":53},"end":{"line":55,"column":55}}]},"4":{"loc":{"start":{"line":55,"column":70},"end":{"line":55,"column":96}},"type":"cond-expr","locations":[{"start":{"line":55,"column":87},"end":{"line":55,"column":91}},{"start":{"line":55,"column":94},"end":{"line":55,"column":96}}]},"5":{"loc":{"start":{"line":82,"column":4},"end":{"line":84,"column":5}},"type":"if","locations":[{"start":{"line":82,"column":4},"end":{"line":84,"column":5}},{"start":{},"end":{}}]}},"s":{"0":0,"1":0,"2":0,"3":0,"4":0,"5":0,"6":0,"7":0,"8":0,"9":0,"10":0,"11":0,"12":0,"13":0,"14":0,"15":0,"16":0,"17":0,"18":0,"19":0,"20":0,"21":0,"22":0,"23":0,"24":0},"f":{"0":0,"1":0,"2":0,"3":0,"4":0,"5":0,"6":0,"7":0,"8":0},"b":{"0":[0,0],"1":[0,0],"2":[0,0],"3":[0,0],"4":[0,0],"5":[0,0]}},"/home/runner/work/bwaincell/bwaincell/utils/interactions/modals/modalHandlers.ts":{"path":"/home/runner/work/bwaincell/bwaincell/utils/interactions/modals/modalHandlers.ts","statementMap":{"0":{"start":{"line":13,"column":0},"end":{"line":13,"column":7}},"1":{"start":{"line":1,"column":0},"end":{"line":1,"column":null}},"2":{"start":{"line":9,"column":0},"end":{"line":9,"column":54}},"3":{"start":{"line":10,"column":0},"end":{"line":10,"column":69}},"4":{"start":{"line":11,"column":0},"end":{"line":11,"column":46}},"5":{"start":{"line":14,"column":21},"end":{"line":14,"column":41}},"6":{"start":{"line":15,"column":19},"end":{"line":15,"column":38}},"7":{"start":{"line":16,"column":20},"end":{"line":16,"column":41}},"8":{"start":{"line":18,"column":4},"end":{"line":22,"column":5}},"9":{"start":{"line":19,"column":8},"end":{"line":19,"column":85}},"10":{"start":{"line":20,"column":8},"end":{"line":20,"column":110}},"11":{"start":{"line":21,"column":8},"end":{"line":21,"column":15}},"12":{"start":{"line":25,"column":4},"end":{"line":25,"column":54}},"13":{"start":{"line":27,"column":27},"end":{"line":27,"column":44}},"14":{"start":{"line":29,"column":4},"end":{"line":131,"column":5}},"15":{"start":{"line":31,"column":8},"end":{"line":81,"column":9}},"16":{"start":{"line":32,"column":32},"end":{"line":32,"column":88}},"17":{"start":{"line":33,"column":31},"end":{"line":33,"column":84}},"18":{"start":{"line":34,"column":39},"end":{"line":34,"column":43}},"19":{"start":{"line":36,"column":12},"end":{"line":44,"column":13}},"20":{"start":{"line":37,"column":16},"end":{"line":37,"column":47}},"21":{"start":{"line":38,"column":16},"end":{"line":43,"column":17}},"22":{"start":{"line":39,"column":20},"end":{"line":41,"column":23}},"23":{"start":{"line":42,"column":20},"end":{"line":42,"column":27}},"24":{"start":{"line":46,"column":25},"end":{"line":46,"column":98}},"25":{"start":{"line":48,"column":26},"end":{"line":52,"column":31}},"26":{"start":{"line":54,"column":12},"end":{"line":59,"column":13}},"27":{"start":{"line":55,"column":16},"end":{"line":58,"column":19}},"28":{"start":{"line":61,"column":24},"end":{"line":72,"column":null}},"29":{"start":{"line":75,"column":12},"end":{"line":79,"column":15}},"30":{"start":{"line":80,"column":12},"end":{"line":80,"column":19}},"31":{"start":{"line":84,"column":8},"end":{"line":108,"column":9}},"32":{"start":{"line":85,"column":27},"end":{"line":85,"column":59}},"33":{"start":{"line":86,"column":35},"end":{"line":86,"column":95}},"34":{"start":{"line":88,"column":25},"end":{"line":88,"column":85}},"35":{"start":{"line":90,"column":12},"end":{"line":106,"column":13}},"36":{"start":{"line":91,"column":30},"end":{"line":95,"column":35}},"37":{"start":{"line":97,"column":16},"end":{"line":100,"column":19}},"38":{"start":{"line":102,"column":16},"end":{"line":105,"column":19}},"39":{"start":{"line":107,"column":12},"end":{"line":107,"column":19}},"40":{"start":{"line":111,"column":8},"end":{"line":127,"column":9}},"41":{"start":{"line":112,"column":29},"end":{"line":112,"column":93}},"42":{"start":{"line":113,"column":25},"end":{"line":113,"column":74}},"43":{"start":{"line":115,"column":28},"end":{"line":115,"column":79}},"44":{"start":{"line":117,"column":12},"end":{"line":125,"column":13}},"45":{"start":{"line":118,"column":16},"end":{"line":120,"column":19}},"46":{"start":{"line":122,"column":16},"end":{"line":124,"column":19}},"47":{"start":{"line":126,"column":12},"end":{"line":126,"column":19}},"48":{"start":{"line":130,"column":8},"end":{"line":130,"column":81}}},"fnMap":{"0":{"name":"handleModalSubmit","decl":{"start":{"line":13,"column":22},"end":{"line":13,"column":39}},"loc":{"start":{"line":13,"column":86},"end":{"line":132,"column":1}}}},"branchMap":{"0":{"loc":{"start":{"line":18,"column":4},"end":{"line":22,"column":5}},"type":"if","locations":[{"start":{"line":18,"column":4},"end":{"line":22,"column":5}},{"start":{},"end":{}}]},"1":{"loc":{"start":{"line":31,"column":8},"end":{"line":81,"column":9}},"type":"if","locations":[{"start":{"line":31,"column":8},"end":{"line":81,"column":9}},{"start":{},"end":{}}]},"2":{"loc":{"start":{"line":36,"column":12},"end":{"line":44,"column":13}},"type":"if","locations":[{"start":{"line":36,"column":12},"end":{"line":44,"column":13}},{"start":{},"end":{}}]},"3":{"loc":{"start":{"line":36,"column":16},"end":{"line":36,"column":47}},"type":"binary-expr","locations":[{"start":{"line":36,"column":16},"end":{"line":36,"column":26}},{"start":{"line":36,"column":30},"end":{"line":36,"column":47}}]},"4":{"loc":{"start":{"line":38,"column":16},"end":{"line":43,"column":17}},"type":"if","locations":[{"start":{"line":38,"column":16},"end":{"line":43,"column":17}},{"start":{},"end":{}}]},"5":{"loc":{"start":{"line":46,"column":77},"end":{"line":46,"column":97}},"type":"binary-expr","locations":[{"start":{"line":46,"column":77},"end":{"line":46,"column":84}},{"start":{"line":46,"column":88},"end":{"line":46,"column":97}}]},"6":{"loc":{"start":{"line":54,"column":12},"end":{"line":59,"column":13}},"type":"if","locations":[{"start":{"line":54,"column":12},"end":{"line":59,"column":13}},{"start":{},"end":{}}]},"7":{"loc":{"start":{"line":84,"column":8},"end":{"line":108,"column":9}},"type":"if","locations":[{"start":{"line":84,"column":8},"end":{"line":108,"column":9}},{"start":{},"end":{}}]},"8":{"loc":{"start":{"line":90,"column":12},"end":{"line":106,"column":13}},"type":"if","locations":[{"start":{"line":90,"column":12},"end":{"line":106,"column":13}},{"start":{"line":101,"column":19},"end":{"line":106,"column":13}}]},"9":{"loc":{"start":{"line":111,"column":8},"end":{"line":127,"column":9}},"type":"if","locations":[{"start":{"line":111,"column":8},"end":{"line":127,"column":9}},{"start":{},"end":{}}]},"10":{"loc":{"start":{"line":117,"column":12},"end":{"line":125,"column":13}},"type":"if","locations":[{"start":{"line":117,"column":12},"end":{"line":125,"column":13}},{"start":{"line":121,"column":19},"end":{"line":125,"column":13}}]}},"s":{"0":0,"1":0,"2":0,"3":0,"4":0,"5":0,"6":0,"7":0,"8":0,"9":0,"10":0,"11":0,"12":0,"13":0,"14":0,"15":0,"16":0,"17":0,"18":0,"19":0,"20":0,"21":0,"22":0,"23":0,"24":0,"25":0,"26":0,"27":0,"28":0,"29":0,"30":0,"31":0,"32":0,"33":0,"34":0,"35":0,"36":0,"37":0,"38":0,"39":0,"40":0,"41":0,"42":0,"43":0,"44":0,"45":0,"46":0,"47":0,"48":0},"f":{"0":0},"b":{"0":[0,0],"1":[0,0],"2":[0,0],"3":[0,0],"4":[0,0],"5":[0,0],"6":[0,0],"7":[0,0],"8":[0,0],"9":[0,0],"10":[0,0]}}}}
