{"numFailedTestSuites":4,"numFailedTests":47,"numPassedTestSuites":17,"numPassedTests":270,"numPendingTestSuites":0,"numPendingTests":0,"numRuntimeErrorTestSuites":0,"numTodoTests":0,"numTotalTestSuites":21,"numTotalTests":317,"openHandles":[],"snapshot":{"added":0,"didUpdate":false,"failure":false,"filesAdded":0,"filesRemoved":0,"filesRemovedList":[],"filesUnmatched":0,"filesUpdated":0,"matched":0,"total":0,"unchecked":0,"uncheckedKeysByFile":[],"unmatched":0,"updated":0},"startTime":1759158605271,"success":false,"testResults":[{"assertionResults":[{"ancestorTitles":["Bot Lifecycle Integration","Bot Initialization"],"duration":8,"failing":false,"failureDetails":[],"failureMessages":[],"fullName":"Bot Lifecycle Integration Bot Initialization should initialize bot with correct configuration","invocations":1,"location":null,"numPassingAsserts":6,"retryReasons":[],"startAt":1759158606474,"status":"passed","title":"should initialize bot with correct configuration"},{"ancestorTitles":["Bot Lifecycle Integration","Bot Initialization"],"duration":1,"failing":false,"failureDetails":[],"failureMessages":[],"fullName":"Bot Lifecycle Integration Bot Initialization should handle initialization failures gracefully","invocations":1,"location":null,"numPassingAsserts":3,"retryReasons":[],"startAt":1759158606483,"status":"passed","title":"should handle initialization failures gracefully"},{"ancestorTitles":["Bot Lifecycle Integration","Bot Initialization"],"duration":207,"failing":false,"failureDetails":[],"failureMessages":[],"fullName":"Bot Lifecycle Integration Bot Initialization should retry connection on temporary failures","invocations":1,"location":null,"numPassingAsserts":4,"retryReasons":[],"startAt":1759158606484,"status":"passed","title":"should retry connection on temporary failures"},{"ancestorTitles":["Bot Lifecycle Integration","Event Handling"],"duration":8,"failing":false,"failureDetails":[],"failureMessages":[],"fullName":"Bot Lifecycle Integration Event Handling should register and handle ready event","invocations":1,"location":null,"numPassingAsserts":4,"retryReasons":[],"startAt":1759158606691,"status":"passed","title":"should register and handle ready event"},{"ancestorTitles":["Bot Lifecycle Integration","Event Handling"],"duration":2,"failing":false,"failureDetails":[],"failureMessages":[],"fullName":"Bot Lifecycle Integration Event Handling should handle interaction events","invocations":1,"location":null,"numPassingAsserts":2,"retryReasons":[],"startAt":1759158606699,"status":"passed","title":"should handle interaction events"},{"ancestorTitles":["Bot Lifecycle Integration","Event Handling"],"duration":6,"failing":false,"failureDetails":[],"failureMessages":[],"fullName":"Bot Lifecycle Integration Event Handling should handle error events gracefully","invocations":1,"location":null,"numPassingAsserts":2,"retryReasons":[],"startAt":1759158606701,"status":"passed","title":"should handle error events gracefully"},{"ancestorTitles":["Bot Lifecycle Integration","Graceful Shutdown"],"duration":1,"failing":false,"failureDetails":[],"failureMessages":[],"fullName":"Bot Lifecycle Integration Graceful Shutdown should handle SIGINT gracefully","invocations":1,"location":null,"numPassingAsserts":4,"retryReasons":[],"startAt":1759158606707,"status":"passed","title":"should handle SIGINT gracefully"},{"ancestorTitles":["Bot Lifecycle Integration","Graceful Shutdown"],"duration":1,"failing":false,"failureDetails":[],"failureMessages":[],"fullName":"Bot Lifecycle Integration Graceful Shutdown should handle SIGTERM gracefully","invocations":1,"location":null,"numPassingAsserts":2,"retryReasons":[],"startAt":1759158606708,"status":"passed","title":"should handle SIGTERM gracefully"},{"ancestorTitles":["Bot Lifecycle Integration","Graceful Shutdown"],"duration":1,"failing":false,"failureDetails":[],"failureMessages":[],"fullName":"Bot Lifecycle Integration Graceful Shutdown should handle unhandled promise rejections","invocations":1,"location":null,"numPassingAsserts":2,"retryReasons":[],"startAt":1759158606715,"status":"passed","title":"should handle unhandled promise rejections"},{"ancestorTitles":["Bot Lifecycle Integration","Health Monitoring"],"duration":8,"failing":false,"failureDetails":[],"failureMessages":[],"fullName":"Bot Lifecycle Integration Health Monitoring should monitor bot health metrics","invocations":1,"location":null,"numPassingAsserts":5,"retryReasons":[],"startAt":1759158606716,"status":"passed","title":"should monitor bot health metrics"},{"ancestorTitles":["Bot Lifecycle Integration","Health Monitoring"],"duration":1005,"failing":false,"failureDetails":[],"failureMessages":[],"fullName":"Bot Lifecycle Integration Health Monitoring should restart on critical errors","invocations":1,"location":null,"numPassingAsserts":6,"retryReasons":[],"startAt":1759158606724,"status":"passed","title":"should restart on critical errors"},{"ancestorTitles":["Bot Lifecycle Integration","Configuration Management"],"duration":2,"failing":false,"failureDetails":[],"failureMessages":[],"fullName":"Bot Lifecycle Integration Configuration Management should validate environment configuration","invocations":1,"location":null,"numPassingAsserts":6,"retryReasons":[],"startAt":1759158607729,"status":"passed","title":"should validate environment configuration"},{"ancestorTitles":["Bot Lifecycle Integration","Configuration Management"],"duration":1,"failing":false,"failureDetails":[],"failureMessages":[],"fullName":"Bot Lifecycle Integration Configuration Management should load configuration from environment","invocations":1,"location":null,"numPassingAsserts":4,"retryReasons":[],"startAt":1759158607731,"status":"passed","title":"should load configuration from environment"}],"endTime":1759158607737,"message":"","name":"/home/runner/work/bwaincell/bwaincell/tests/integration/bot-lifecycle.test.ts","startTime":1759158605813,"status":"passed","summary":""},{"assertionResults":[{"ancestorTitles":["Schedule Command","Command Structure"],"duration":4,"failing":false,"failureDetails":[],"failureMessages":[],"fullName":"Schedule Command Command Structure should have correct command data","invocations":1,"location":null,"numPassingAsserts":3,"retryReasons":[],"startAt":1759158608184,"status":"passed","title":"should have correct command data"},{"ancestorTitles":["Schedule Command","Command Structure"],"duration":1,"failing":false,"failureDetails":[],"failureMessages":[],"fullName":"Schedule Command Command Structure should have all required subcommands","invocations":1,"location":null,"numPassingAsserts":6,"retryReasons":[],"startAt":1759158608189,"status":"passed","title":"should have all required subcommands"},{"ancestorTitles":["Schedule Command","Command Structure"],"duration":1,"failing":false,"failureDetails":[],"failureMessages":[],"fullName":"Schedule Command Command Structure should have execute function","invocations":1,"location":null,"numPassingAsserts":1,"retryReasons":[],"startAt":1759158608190,"status":"passed","title":"should have execute function"},{"ancestorTitles":["Schedule Command","Add Event Subcommand"],"duration":5,"failing":false,"failureDetails":[],"failureMessages":[],"fullName":"Schedule Command Add Event Subcommand should create a new schedule event","invocations":1,"location":null,"numPassingAsserts":2,"retryReasons":[],"startAt":1759158608191,"status":"passed","title":"should create a new schedule event"},{"ancestorTitles":["Schedule Command","Add Event Subcommand"],"duration":1,"failing":false,"failureDetails":[],"failureMessages":[],"fullName":"Schedule Command Add Event Subcommand should create event without description","invocations":1,"location":null,"numPassingAsserts":1,"retryReasons":[],"startAt":1759158608197,"status":"passed","title":"should create event without description"},{"ancestorTitles":["Schedule Command","Add Event Subcommand"],"duration":1,"failing":false,"failureDetails":[],"failureMessages":[],"fullName":"Schedule Command Add Event Subcommand should handle invalid date format","invocations":1,"location":null,"numPassingAsserts":2,"retryReasons":[],"startAt":1759158608199,"status":"passed","title":"should handle invalid date format"},{"ancestorTitles":["Schedule Command","Add Event Subcommand"],"duration":1,"failing":false,"failureDetails":[],"failureMessages":[],"fullName":"Schedule Command Add Event Subcommand should handle invalid time format","invocations":1,"location":null,"numPassingAsserts":2,"retryReasons":[],"startAt":1759158608200,"status":"passed","title":"should handle invalid time format"},{"ancestorTitles":["Schedule Command","Add Event Subcommand"],"duration":1,"failing":false,"failureDetails":[],"failureMessages":[],"fullName":"Schedule Command Add Event Subcommand should handle missing guild context","invocations":1,"location":null,"numPassingAsserts":2,"retryReasons":[],"startAt":1759158608201,"status":"passed","title":"should handle missing guild context"},{"ancestorTitles":["Schedule Command","List Events Subcommand"],"duration":1,"failing":false,"failureDetails":[],"failureMessages":[],"fullName":"Schedule Command List Events Subcommand should display upcoming events","invocations":1,"location":null,"numPassingAsserts":2,"retryReasons":[],"startAt":1759158608202,"status":"passed","title":"should display upcoming events"},{"ancestorTitles":["Schedule Command","List Events Subcommand"],"duration":1,"failing":false,"failureDetails":[],"failureMessages":[],"fullName":"Schedule Command List Events Subcommand should handle empty events list","invocations":1,"location":null,"numPassingAsserts":1,"retryReasons":[],"startAt":1759158608203,"status":"passed","title":"should handle empty events list"},{"ancestorTitles":["Schedule Command","List Events Subcommand"],"duration":1,"failing":false,"failureDetails":[],"failureMessages":[],"fullName":"Schedule Command List Events Subcommand should default to upcoming filter when not specified","invocations":1,"location":null,"numPassingAsserts":1,"retryReasons":[],"startAt":1759158608204,"status":"passed","title":"should default to upcoming filter when not specified"},{"ancestorTitles":["Schedule Command","Delete Event Subcommand"],"duration":1,"failing":false,"failureDetails":[],"failureMessages":[],"fullName":"Schedule Command Delete Event Subcommand should delete existing event","invocations":1,"location":null,"numPassingAsserts":2,"retryReasons":[],"startAt":1759158608205,"status":"passed","title":"should delete existing event"},{"ancestorTitles":["Schedule Command","Delete Event Subcommand"],"duration":1,"failing":false,"failureDetails":[],"failureMessages":[],"fullName":"Schedule Command Delete Event Subcommand should handle non-existent event deletion","invocations":1,"location":null,"numPassingAsserts":1,"retryReasons":[],"startAt":1759158608206,"status":"passed","title":"should handle non-existent event deletion"},{"ancestorTitles":["Schedule Command","Countdown Subcommand"],"duration":1,"failing":false,"failureDetails":[],"failureMessages":[],"fullName":"Schedule Command Countdown Subcommand should display countdown to event","invocations":1,"location":null,"numPassingAsserts":2,"retryReasons":[],"startAt":1759158608207,"status":"passed","title":"should display countdown to event"},{"ancestorTitles":["Schedule Command","Countdown Subcommand"],"duration":1,"failing":false,"failureDetails":[],"failureMessages":[],"fullName":"Schedule Command Countdown Subcommand should handle event not found for countdown","invocations":1,"location":null,"numPassingAsserts":1,"retryReasons":[],"startAt":1759158608208,"status":"passed","title":"should handle event not found for countdown"},{"ancestorTitles":["Schedule Command","Today Subcommand"],"duration":1,"failing":false,"failureDetails":[],"failureMessages":[],"fullName":"Schedule Command Today Subcommand should display today's events","invocations":1,"location":null,"numPassingAsserts":2,"retryReasons":[],"startAt":1759158608209,"status":"passed","title":"should display today's events"},{"ancestorTitles":["Schedule Command","Today Subcommand"],"duration":1,"failing":false,"failureDetails":[],"failureMessages":[],"fullName":"Schedule Command Today Subcommand should handle no events today","invocations":1,"location":null,"numPassingAsserts":1,"retryReasons":[],"startAt":1759158608210,"status":"passed","title":"should handle no events today"},{"ancestorTitles":["Schedule Command","Week Subcommand"],"duration":14,"failing":false,"failureDetails":[],"failureMessages":[],"fullName":"Schedule Command Week Subcommand should display this week's events","invocations":1,"location":null,"numPassingAsserts":2,"retryReasons":[],"startAt":1759158608211,"status":"passed","title":"should display this week's events"},{"ancestorTitles":["Schedule Command","Week Subcommand"],"duration":1,"failing":false,"failureDetails":[],"failureMessages":[],"fullName":"Schedule Command Week Subcommand should handle no events this week","invocations":1,"location":null,"numPassingAsserts":1,"retryReasons":[],"startAt":1759158608225,"status":"passed","title":"should handle no events this week"},{"ancestorTitles":["Schedule Command","Error Handling"],"duration":18,"failing":false,"failureDetails":[],"failureMessages":[],"fullName":"Schedule Command Error Handling should handle database errors gracefully","invocations":1,"location":null,"numPassingAsserts":1,"retryReasons":[],"startAt":1759158608226,"status":"passed","title":"should handle database errors gracefully"},{"ancestorTitles":["Schedule Command","Error Handling"],"duration":2,"failing":false,"failureDetails":[],"failureMessages":[],"fullName":"Schedule Command Error Handling should use editReply when interaction not replied yet","invocations":1,"location":null,"numPassingAsserts":1,"retryReasons":[],"startAt":1759158608244,"status":"passed","title":"should use editReply when interaction not replied yet"}],"endTime":1759158608248,"message":"","name":"/home/runner/work/bwaincell/bwaincell/tests/unit/commands/schedule.test.ts","startTime":1759158605932,"status":"passed","summary":""},{"assertionResults":[{"ancestorTitles":["Task Command","Command Structure"],"duration":5,"failing":false,"failureDetails":[],"failureMessages":[],"fullName":"Task Command Command Structure should have correct command data","invocations":1,"location":null,"numPassingAsserts":3,"retryReasons":[],"startAt":1759158608217,"status":"passed","title":"should have correct command data"},{"ancestorTitles":["Task Command","Command Structure"],"duration":1,"failing":false,"failureDetails":[],"failureMessages":[],"fullName":"Task Command Command Structure should have all required subcommands","invocations":1,"location":null,"numPassingAsserts":5,"retryReasons":[],"startAt":1759158608223,"status":"passed","title":"should have all required subcommands"},{"ancestorTitles":["Task Command","Command Structure"],"duration":0,"failing":false,"failureDetails":[],"failureMessages":[],"fullName":"Task Command Command Structure should have execute function","invocations":1,"location":null,"numPassingAsserts":1,"retryReasons":[],"startAt":1759158608224,"status":"passed","title":"should have execute function"},{"ancestorTitles":["Task Command","Add Task Subcommand"],"duration":6,"failing":false,"failureDetails":[],"failureMessages":[],"fullName":"Task Command Add Task Subcommand should create a new task with valid input","invocations":1,"location":null,"numPassingAsserts":2,"retryReasons":[],"startAt":1759158608224,"status":"passed","title":"should create a new task with valid input"},{"ancestorTitles":["Task Command","Add Task Subcommand"],"duration":15,"failing":false,"failureDetails":[],"failureMessages":[],"fullName":"Task Command Add Task Subcommand should create task with due date when provided","invocations":1,"location":null,"numPassingAsserts":1,"retryReasons":[],"startAt":1759158608230,"status":"passed","title":"should create task with due date when provided"},{"ancestorTitles":["Task Command","Add Task Subcommand"],"duration":1,"failing":false,"failureDetails":[],"failureMessages":[],"fullName":"Task Command Add Task Subcommand should handle invalid date format gracefully","invocations":1,"location":null,"numPassingAsserts":2,"retryReasons":[],"startAt":1759158608245,"status":"passed","title":"should handle invalid date format gracefully"},{"ancestorTitles":["Task Command","Add Task Subcommand"],"duration":1,"failing":false,"failureDetails":[],"failureMessages":[],"fullName":"Task Command Add Task Subcommand should handle missing guild context","invocations":1,"location":null,"numPassingAsserts":1,"retryReasons":[],"startAt":1759158608246,"status":"passed","title":"should handle missing guild context"},{"ancestorTitles":["Task Command","List Tasks Subcommand"],"duration":3,"failing":false,"failureDetails":[],"failureMessages":[],"fullName":"Task Command List Tasks Subcommand should display user tasks with all filter","invocations":1,"location":null,"numPassingAsserts":2,"retryReasons":[],"startAt":1759158608247,"status":"passed","title":"should display user tasks with all filter"},{"ancestorTitles":["Task Command","List Tasks Subcommand"],"duration":1,"failing":false,"failureDetails":[],"failureMessages":[],"fullName":"Task Command List Tasks Subcommand should display pending tasks only when filtered","invocations":1,"location":null,"numPassingAsserts":1,"retryReasons":[],"startAt":1759158608250,"status":"passed","title":"should display pending tasks only when filtered"},{"ancestorTitles":["Task Command","List Tasks Subcommand"],"duration":1,"failing":false,"failureDetails":[],"failureMessages":[],"fullName":"Task Command List Tasks Subcommand should handle empty task list","invocations":1,"location":null,"numPassingAsserts":1,"retryReasons":[],"startAt":1759158608251,"status":"passed","title":"should handle empty task list"},{"ancestorTitles":["Task Command","Complete Task Subcommand"],"duration":1,"failing":false,"failureDetails":[],"failureMessages":[],"fullName":"Task Command Complete Task Subcommand should mark task as completed","invocations":1,"location":null,"numPassingAsserts":2,"retryReasons":[],"startAt":1759158608253,"status":"passed","title":"should mark task as completed"},{"ancestorTitles":["Task Command","Complete Task Subcommand"],"duration":1,"failing":false,"failureDetails":[],"failureMessages":[],"fullName":"Task Command Complete Task Subcommand should handle non-existent task","invocations":1,"location":null,"numPassingAsserts":1,"retryReasons":[],"startAt":1759158608254,"status":"passed","title":"should handle non-existent task"},{"ancestorTitles":["Task Command","Delete Task Subcommand"],"duration":1,"failing":false,"failureDetails":[],"failureMessages":[],"fullName":"Task Command Delete Task Subcommand should delete existing task","invocations":1,"location":null,"numPassingAsserts":2,"retryReasons":[],"startAt":1759158608255,"status":"passed","title":"should delete existing task"},{"ancestorTitles":["Task Command","Delete Task Subcommand"],"duration":1,"failing":false,"failureDetails":[],"failureMessages":[],"fullName":"Task Command Delete Task Subcommand should handle non-existent task deletion","invocations":1,"location":null,"numPassingAsserts":1,"retryReasons":[],"startAt":1759158608256,"status":"passed","title":"should handle non-existent task deletion"},{"ancestorTitles":["Task Command","Edit Task Subcommand"],"duration":1,"failing":false,"failureDetails":[],"failureMessages":[],"fullName":"Task Command Edit Task Subcommand should edit task description","invocations":1,"location":null,"numPassingAsserts":2,"retryReasons":[],"startAt":1759158608257,"status":"passed","title":"should edit task description"},{"ancestorTitles":["Task Command","Edit Task Subcommand"],"duration":0,"failing":false,"failureDetails":[],"failureMessages":[],"fullName":"Task Command Edit Task Subcommand should handle editing non-existent task","invocations":1,"location":null,"numPassingAsserts":1,"retryReasons":[],"startAt":1759158608259,"status":"passed","title":"should handle editing non-existent task"},{"ancestorTitles":["Task Command","Error Handling"],"duration":25,"failing":false,"failureDetails":[{"matcherResult":{"message":"expect(jest.fn()).toHaveBeenCalledWith(...expected)\n\nExpected: {\"content\": \"❌ An error occurred while processing your request.\"}\n\nNumber of calls: 0","pass":false}}],"failureMessages":["Error: expect(jest.fn()).toHaveBeenCalledWith(...expected)\n\nExpected: {\"content\": \"❌ An error occurred while processing your request.\"}\n\nNumber of calls: 0\n    at Object.<anonymous> (/home/runner/work/bwaincell/bwaincell/tests/unit/commands/task.test.ts:420:42)\n    at processTicksAndRejections (node:internal/process/task_queues:95:5)"],"fullName":"Task Command Error Handling should handle database errors gracefully","invocations":1,"location":null,"numPassingAsserts":0,"retryReasons":[],"startAt":1759158608259,"status":"failed","title":"should handle database errors gracefully"},{"ancestorTitles":["Task Command","Error Handling"],"duration":1,"failing":false,"failureDetails":[],"failureMessages":[],"fullName":"Task Command Error Handling should use editReply when interaction not replied yet","invocations":1,"location":null,"numPassingAsserts":1,"retryReasons":[],"startAt":1759158608284,"status":"passed","title":"should use editReply when interaction not replied yet"},{"ancestorTitles":["Task Command","Autocomplete Functionality"],"duration":0,"failing":false,"failureDetails":[],"failureMessages":[],"fullName":"Task Command Autocomplete Functionality should provide task suggestions for done subcommand","invocations":1,"location":null,"numPassingAsserts":2,"retryReasons":[],"startAt":1759158608286,"status":"passed","title":"should provide task suggestions for done subcommand"},{"ancestorTitles":["Task Command","Autocomplete Functionality"],"duration":1,"failing":false,"failureDetails":[],"failureMessages":[],"fullName":"Task Command Autocomplete Functionality should handle autocomplete errors gracefully","invocations":1,"location":null,"numPassingAsserts":1,"retryReasons":[],"startAt":1759158608286,"status":"passed","title":"should handle autocomplete errors gracefully"}],"endTime":1759158608313,"message":"  ● Task Command › Error Handling › should handle database errors gracefully\n\n    expect(jest.fn()).toHaveBeenCalledWith(...expected)\n\n    Expected: {\"content\": \"❌ An error occurred while processing your request.\"}\n\n    Number of calls: 0\n\n    \u001b[0m \u001b[90m 418 |\u001b[39m\n     \u001b[90m 419 |\u001b[39m             \u001b[90m// Assert - Should handle error gracefully\u001b[39m\n    \u001b[31m\u001b[1m>\u001b[22m\u001b[39m\u001b[90m 420 |\u001b[39m             expect(interaction\u001b[33m.\u001b[39mfollowUp)\u001b[33m.\u001b[39mtoHaveBeenCalledWith({\n     \u001b[90m     |\u001b[39m                                          \u001b[31m\u001b[1m^\u001b[22m\u001b[39m\n     \u001b[90m 421 |\u001b[39m                 content\u001b[33m:\u001b[39m \u001b[32m'❌ An error occurred while processing your request.'\u001b[39m\n     \u001b[90m 422 |\u001b[39m             })\u001b[33m;\u001b[39m\n     \u001b[90m 423 |\u001b[39m         })\u001b[33m;\u001b[39m\u001b[0m\n\n      at Object.<anonymous> (tests/unit/commands/task.test.ts:420:42)\n","name":"/home/runner/work/bwaincell/bwaincell/tests/unit/commands/task.test.ts","startTime":1759158605939,"status":"failed","summary":""},{"assertionResults":[{"ancestorTitles":["Command Execution Integration","Task Command Flow"],"duration":18,"failing":false,"failureDetails":[],"failureMessages":[],"fullName":"Command Execution Integration Task Command Flow should create task and save to database","invocations":1,"location":null,"numPassingAsserts":3,"retryReasons":[],"startAt":1759158608003,"status":"passed","title":"should create task and save to database"},{"ancestorTitles":["Command Execution Integration","Task Command Flow"],"duration":1,"failing":false,"failureDetails":[],"failureMessages":[],"fullName":"Command Execution Integration Task Command Flow should handle validation errors gracefully","invocations":1,"location":null,"numPassingAsserts":3,"retryReasons":[],"startAt":1759158608022,"status":"passed","title":"should handle validation errors gracefully"},{"ancestorTitles":["Command Execution Integration","Task Command Flow"],"duration":42,"failing":false,"failureDetails":[],"failureMessages":[],"fullName":"Command Execution Integration Task Command Flow should handle database transaction rollback","invocations":1,"location":null,"numPassingAsserts":2,"retryReasons":[],"startAt":1759158608023,"status":"passed","title":"should handle database transaction rollback"},{"ancestorTitles":["Command Execution Integration","Budget Command Flow"],"duration":2,"failing":false,"failureDetails":[],"failureMessages":[],"fullName":"Command Execution Integration Budget Command Flow should create budget entry with validation","invocations":1,"location":null,"numPassingAsserts":3,"retryReasons":[],"startAt":1759158608065,"status":"passed","title":"should create budget entry with validation"},{"ancestorTitles":["Command Execution Integration","Budget Command Flow"],"duration":2,"failing":false,"failureDetails":[],"failureMessages":[],"fullName":"Command Execution Integration Budget Command Flow should calculate budget summary","invocations":1,"location":null,"numPassingAsserts":4,"retryReasons":[],"startAt":1759158608067,"status":"passed","title":"should calculate budget summary"},{"ancestorTitles":["Command Execution Integration","Real Interaction Handling"],"duration":2,"failing":false,"failureDetails":[],"failureMessages":[],"fullName":"Command Execution Integration Real Interaction Handling should handle command routing","invocations":1,"location":null,"numPassingAsserts":2,"retryReasons":[],"startAt":1759158608069,"status":"passed","title":"should handle command routing"},{"ancestorTitles":["Command Execution Integration","Real Interaction Handling"],"duration":2,"failing":false,"failureDetails":[],"failureMessages":[],"fullName":"Command Execution Integration Real Interaction Handling should handle rate limiting","invocations":1,"location":null,"numPassingAsserts":7,"retryReasons":[],"startAt":1759158608071,"status":"passed","title":"should handle rate limiting"},{"ancestorTitles":["Command Execution Integration","Error Recovery"],"duration":305,"failing":false,"failureDetails":[],"failureMessages":[],"fullName":"Command Execution Integration Error Recovery should recover from temporary database failures","invocations":1,"location":null,"numPassingAsserts":2,"retryReasons":[],"startAt":1759158608073,"status":"passed","title":"should recover from temporary database failures"},{"ancestorTitles":["Command Execution Integration","Error Recovery"],"duration":1,"failing":false,"failureDetails":[],"failureMessages":[],"fullName":"Command Execution Integration Error Recovery should handle concurrent operations safely","invocations":1,"location":null,"numPassingAsserts":2,"retryReasons":[],"startAt":1759158608378,"status":"passed","title":"should handle concurrent operations safely"}],"endTime":1759158608381,"message":"","name":"/home/runner/work/bwaincell/bwaincell/tests/integration/command-execution.test.ts","startTime":1759158607752,"status":"passed","summary":""},{"assertionResults":[{"ancestorTitles":["Database Models","Task Model","Model Definition"],"duration":5,"failing":false,"failureDetails":[],"failureMessages":[],"fullName":"Database Models Task Model Model Definition should be properly initialized with database","invocations":1,"location":null,"numPassingAsserts":2,"retryReasons":[],"startAt":1759158609483,"status":"passed","title":"should be properly initialized with database"},{"ancestorTitles":["Database Models","Task Model","Model Definition"],"duration":5,"failing":false,"failureDetails":[],"failureMessages":[],"fullName":"Database Models Task Model Model Definition should have all required attributes","invocations":1,"location":null,"numPassingAsserts":5,"retryReasons":[],"startAt":1759158609489,"status":"passed","title":"should have all required attributes"},{"ancestorTitles":["Database Models","Task Model","CRUD Operations"],"duration":17,"failing":false,"failureDetails":[],"failureMessages":[],"fullName":"Database Models Task Model CRUD Operations should create a new task with valid data","invocations":1,"location":null,"numPassingAsserts":4,"retryReasons":[],"startAt":1759158609494,"status":"passed","title":"should create a new task with valid data"},{"ancestorTitles":["Database Models","Task Model","CRUD Operations"],"duration":12,"failing":false,"failureDetails":[],"failureMessages":[],"fullName":"Database Models Task Model CRUD Operations should find tasks by user and guild","invocations":1,"location":null,"numPassingAsserts":2,"retryReasons":[],"startAt":1759158609511,"status":"passed","title":"should find tasks by user and guild"},{"ancestorTitles":["Database Models","Task Model","CRUD Operations"],"duration":11,"failing":false,"failureDetails":[],"failureMessages":[],"fullName":"Database Models Task Model CRUD Operations should update task status","invocations":1,"location":null,"numPassingAsserts":4,"retryReasons":[],"startAt":1759158609523,"status":"passed","title":"should update task status"},{"ancestorTitles":["Database Models","Task Model","CRUD Operations"],"duration":6,"failing":false,"failureDetails":[],"failureMessages":[],"fullName":"Database Models Task Model CRUD Operations should delete tasks","invocations":1,"location":null,"numPassingAsserts":0,"retryReasons":[],"startAt":1759158609534,"status":"passed","title":"should delete tasks"},{"ancestorTitles":["Database Models","Task Model","Validation"],"duration":6,"failing":false,"failureDetails":[],"failureMessages":[],"fullName":"Database Models Task Model Validation should require user_id","invocations":1,"location":null,"numPassingAsserts":1,"retryReasons":[],"startAt":1759158609540,"status":"passed","title":"should require user_id"},{"ancestorTitles":["Database Models","Task Model","Validation"],"duration":15,"failing":false,"failureDetails":[],"failureMessages":[],"fullName":"Database Models Task Model Validation should require description","invocations":1,"location":null,"numPassingAsserts":1,"retryReasons":[],"startAt":1759158609546,"status":"passed","title":"should require description"},{"ancestorTitles":["Database Models","Task Model","Validation"],"duration":5,"failing":false,"failureDetails":[],"failureMessages":[],"fullName":"Database Models Task Model Validation should validate completed boolean values","invocations":1,"location":null,"numPassingAsserts":2,"retryReasons":[],"startAt":1759158609562,"status":"passed","title":"should validate completed boolean values"},{"ancestorTitles":["Database Models","Budget Model","Model Definition"],"duration":4,"failing":false,"failureDetails":[],"failureMessages":[],"fullName":"Database Models Budget Model Model Definition should be properly initialized with database","invocations":1,"location":null,"numPassingAsserts":2,"retryReasons":[],"startAt":1759158609568,"status":"passed","title":"should be properly initialized with database"},{"ancestorTitles":["Database Models","Budget Model","Model Definition"],"duration":5,"failing":false,"failureDetails":[],"failureMessages":[],"fullName":"Database Models Budget Model Model Definition should have financial-specific attributes","invocations":1,"location":null,"numPassingAsserts":3,"retryReasons":[],"startAt":1759158609572,"status":"passed","title":"should have financial-specific attributes"},{"ancestorTitles":["Database Models","Budget Model","CRUD Operations"],"duration":8,"failing":false,"failureDetails":[],"failureMessages":[],"fullName":"Database Models Budget Model CRUD Operations should create budget entries with decimal amounts","invocations":1,"location":null,"numPassingAsserts":3,"retryReasons":[],"startAt":1759158609577,"status":"passed","title":"should create budget entries with decimal amounts"},{"ancestorTitles":["Database Models","Budget Model","CRUD Operations"],"duration":8,"failing":false,"failureDetails":[],"failureMessages":[],"fullName":"Database Models Budget Model CRUD Operations should calculate category totals","invocations":1,"location":null,"numPassingAsserts":1,"retryReasons":[],"startAt":1759158609585,"status":"passed","title":"should calculate category totals"},{"ancestorTitles":["Database Models","Model Relationships"],"duration":14,"failing":false,"failureDetails":[],"failureMessages":[],"fullName":"Database Models Model Relationships should maintain referential integrity","invocations":1,"location":null,"numPassingAsserts":2,"retryReasons":[],"startAt":1759158609593,"status":"passed","title":"should maintain referential integrity"},{"ancestorTitles":["Database Models","Database Constraints"],"duration":5,"failing":false,"failureDetails":[],"failureMessages":[],"fullName":"Database Models Database Constraints should enforce foreign key constraints","invocations":1,"location":null,"numPassingAsserts":1,"retryReasons":[],"startAt":1759158609607,"status":"passed","title":"should enforce foreign key constraints"},{"ancestorTitles":["Database Models","Database Constraints"],"duration":18,"failing":false,"failureDetails":[],"failureMessages":[],"fullName":"Database Models Database Constraints should handle concurrent operations safely","invocations":1,"location":null,"numPassingAsserts":3,"retryReasons":[],"startAt":1759158609612,"status":"passed","title":"should handle concurrent operations safely"},{"ancestorTitles":["Database Models","Performance and Optimization"],"duration":18,"failing":false,"failureDetails":[],"failureMessages":[],"fullName":"Database Models Performance and Optimization should handle bulk operations efficiently","invocations":1,"location":null,"numPassingAsserts":2,"retryReasons":[],"startAt":1759158609630,"status":"passed","title":"should handle bulk operations efficiently"},{"ancestorTitles":["Database Models","Performance and Optimization"],"duration":14,"failing":false,"failureDetails":[],"failureMessages":[],"fullName":"Database Models Performance and Optimization should support indexed queries efficiently","invocations":1,"location":null,"numPassingAsserts":2,"retryReasons":[],"startAt":1759158609648,"status":"passed","title":"should support indexed queries efficiently"}],"endTime":1759158609665,"message":"","name":"/home/runner/work/bwaincell/bwaincell/tests/unit/database/models.test.ts","startTime":1759158608276,"status":"passed","summary":""},{"assertionResults":[{"ancestorTitles":["Database Integration","Database Connection"],"duration":9,"failing":false,"failureDetails":[],"failureMessages":[],"fullName":"Database Integration Database Connection should establish connection to SQLite in-memory database","invocations":1,"location":null,"numPassingAsserts":3,"retryReasons":[],"startAt":1759158609506,"status":"passed","title":"should establish connection to SQLite in-memory database"},{"ancestorTitles":["Database Integration","Database Connection"],"duration":8,"failing":false,"failureDetails":[],"failureMessages":[],"fullName":"Database Integration Database Connection should have all required models loaded","invocations":1,"location":null,"numPassingAsserts":14,"retryReasons":[],"startAt":1759158609516,"status":"passed","title":"should have all required models loaded"},{"ancestorTitles":["Database Integration","Database Connection"],"duration":26,"failing":false,"failureDetails":[],"failureMessages":[],"fullName":"Database Integration Database Connection should support transactions","invocations":1,"location":null,"numPassingAsserts":2,"retryReasons":[],"startAt":1759158609524,"status":"passed","title":"should support transactions"},{"ancestorTitles":["Database Integration","Schema Validation"],"duration":25,"failing":false,"failureDetails":[],"failureMessages":[],"fullName":"Database Integration Schema Validation should create all tables with correct structure","invocations":1,"location":null,"numPassingAsserts":4,"retryReasons":[],"startAt":1759158609550,"status":"passed","title":"should create all tables with correct structure"},{"ancestorTitles":["Database Integration","Schema Validation"],"duration":10,"failing":false,"failureDetails":[],"failureMessages":[],"fullName":"Database Integration Schema Validation should enforce NOT NULL constraints","invocations":1,"location":null,"numPassingAsserts":2,"retryReasons":[],"startAt":1759158609576,"status":"passed","title":"should enforce NOT NULL constraints"},{"ancestorTitles":["Database Integration","Schema Validation"],"duration":10,"failing":false,"failureDetails":[],"failureMessages":[],"fullName":"Database Integration Schema Validation should enforce ENUM constraints","invocations":1,"location":null,"numPassingAsserts":2,"retryReasons":[],"startAt":1759158609586,"status":"passed","title":"should enforce ENUM constraints"},{"ancestorTitles":["Database Integration","Schema Validation"],"duration":8,"failing":false,"failureDetails":[],"failureMessages":[],"fullName":"Database Integration Schema Validation should handle proper data types","invocations":1,"location":null,"numPassingAsserts":4,"retryReasons":[],"startAt":1759158609596,"status":"passed","title":"should handle proper data types"},{"ancestorTitles":["Database Integration","Cross-Model Operations"],"duration":31,"failing":false,"failureDetails":[],"failureMessages":[],"fullName":"Database Integration Cross-Model Operations should support complex queries across models","invocations":1,"location":null,"numPassingAsserts":3,"retryReasons":[],"startAt":1759158609605,"status":"passed","title":"should support complex queries across models"},{"ancestorTitles":["Database Integration","Cross-Model Operations"],"duration":12,"failing":false,"failureDetails":[],"failureMessages":[],"fullName":"Database Integration Cross-Model Operations should maintain data isolation between guilds","invocations":1,"location":null,"numPassingAsserts":2,"retryReasons":[],"startAt":1759158609636,"status":"passed","title":"should maintain data isolation between guilds"},{"ancestorTitles":["Database Integration","Performance and Scalability"],"duration":32,"failing":false,"failureDetails":[],"failureMessages":[],"fullName":"Database Integration Performance and Scalability should handle concurrent database operations","invocations":1,"location":null,"numPassingAsserts":2,"retryReasons":[],"startAt":1759158609648,"status":"passed","title":"should handle concurrent database operations"},{"ancestorTitles":["Database Integration","Performance and Scalability"],"duration":30,"failing":false,"failureDetails":[],"failureMessages":[],"fullName":"Database Integration Performance and Scalability should support bulk operations efficiently","invocations":1,"location":null,"numPassingAsserts":2,"retryReasons":[],"startAt":1759158609680,"status":"passed","title":"should support bulk operations efficiently"},{"ancestorTitles":["Database Integration","Performance and Scalability"],"duration":192,"failing":false,"failureDetails":[],"failureMessages":[],"fullName":"Database Integration Performance and Scalability should handle large result sets efficiently","invocations":1,"location":null,"numPassingAsserts":2,"retryReasons":[],"startAt":1759158609710,"status":"passed","title":"should handle large result sets efficiently"},{"ancestorTitles":["Database Integration","Data Integrity"],"duration":20,"failing":false,"failureDetails":[],"failureMessages":[],"fullName":"Database Integration Data Integrity should maintain consistency during complex operations","invocations":1,"location":null,"numPassingAsserts":3,"retryReasons":[],"startAt":1759158609902,"status":"passed","title":"should maintain consistency during complex operations"},{"ancestorTitles":["Database Integration","Data Integrity"],"duration":9,"failing":false,"failureDetails":[],"failureMessages":[],"fullName":"Database Integration Data Integrity should handle deletion cascades properly","invocations":1,"location":null,"numPassingAsserts":1,"retryReasons":[],"startAt":1759158609922,"status":"passed","title":"should handle deletion cascades properly"},{"ancestorTitles":["Database Integration","Error Handling"],"duration":5,"failing":false,"failureDetails":[],"failureMessages":[],"fullName":"Database Integration Error Handling should handle database errors gracefully","invocations":1,"location":null,"numPassingAsserts":1,"retryReasons":[],"startAt":1759158609931,"status":"passed","title":"should handle database errors gracefully"},{"ancestorTitles":["Database Integration","Error Handling"],"duration":6,"failing":false,"failureDetails":[],"failureMessages":[],"fullName":"Database Integration Error Handling should recover from transaction failures","invocations":1,"location":null,"numPassingAsserts":1,"retryReasons":[],"startAt":1759158609936,"status":"passed","title":"should recover from transaction failures"}],"endTime":1759158609944,"message":"","name":"/home/runner/work/bwaincell/bwaincell/tests/unit/database.test.ts","startTime":1759158608340,"status":"passed","summary":""},{"assertionResults":[{"ancestorTitles":["Helper Utilities","String Utilities"],"duration":3,"failing":false,"failureDetails":[],"failureMessages":[],"fullName":"Helper Utilities String Utilities should capitalize first letter of string","invocations":1,"location":null,"numPassingAsserts":5,"retryReasons":[],"startAt":1759158609865,"status":"passed","title":"should capitalize first letter of string"},{"ancestorTitles":["Helper Utilities","String Utilities"],"duration":0,"failing":false,"failureDetails":[],"failureMessages":[],"fullName":"Helper Utilities String Utilities should trim whitespace from strings","invocations":1,"location":null,"numPassingAsserts":4,"retryReasons":[],"startAt":1759158609869,"status":"passed","title":"should trim whitespace from strings"},{"ancestorTitles":["Helper Utilities","String Utilities"],"duration":1,"failing":false,"failureDetails":[],"failureMessages":[],"fullName":"Helper Utilities String Utilities should truncate long strings","invocations":1,"location":null,"numPassingAsserts":4,"retryReasons":[],"startAt":1759158609869,"status":"passed","title":"should truncate long strings"},{"ancestorTitles":["Helper Utilities","String Utilities"],"duration":1,"failing":false,"failureDetails":[],"failureMessages":[],"fullName":"Helper Utilities String Utilities should check if string is valid","invocations":1,"location":null,"numPassingAsserts":7,"retryReasons":[],"startAt":1759158609871,"status":"passed","title":"should check if string is valid"},{"ancestorTitles":["Helper Utilities","String Utilities"],"duration":1,"failing":false,"failureDetails":[],"failureMessages":[],"fullName":"Helper Utilities String Utilities should escape special characters","invocations":1,"location":null,"numPassingAsserts":3,"retryReasons":[],"startAt":1759158609872,"status":"passed","title":"should escape special characters"},{"ancestorTitles":["Helper Utilities","Number Utilities"],"duration":18,"failing":false,"failureDetails":[],"failureMessages":[],"fullName":"Helper Utilities Number Utilities should format numbers with commas","invocations":1,"location":null,"numPassingAsserts":4,"retryReasons":[],"startAt":1759158609873,"status":"passed","title":"should format numbers with commas"},{"ancestorTitles":["Helper Utilities","Number Utilities"],"duration":0,"failing":false,"failureDetails":[],"failureMessages":[],"fullName":"Helper Utilities Number Utilities should clamp numbers within range","invocations":1,"location":null,"numPassingAsserts":4,"retryReasons":[],"startAt":1759158609892,"status":"passed","title":"should clamp numbers within range"},{"ancestorTitles":["Helper Utilities","Number Utilities"],"duration":3,"failing":false,"failureDetails":[],"failureMessages":[],"fullName":"Helper Utilities Number Utilities should check if number is in range","invocations":1,"location":null,"numPassingAsserts":5,"retryReasons":[],"startAt":1759158609893,"status":"passed","title":"should check if number is in range"},{"ancestorTitles":["Helper Utilities","Number Utilities"],"duration":9,"failing":false,"failureDetails":[],"failureMessages":[],"fullName":"Helper Utilities Number Utilities should generate random numbers in range","invocations":1,"location":null,"numPassingAsserts":30,"retryReasons":[],"startAt":1759158609897,"status":"passed","title":"should generate random numbers in range"},{"ancestorTitles":["Helper Utilities","Number Utilities"],"duration":1,"failing":false,"failureDetails":[],"failureMessages":[],"fullName":"Helper Utilities Number Utilities should round to specified decimal places","invocations":1,"location":null,"numPassingAsserts":4,"retryReasons":[],"startAt":1759158609907,"status":"passed","title":"should round to specified decimal places"},{"ancestorTitles":["Helper Utilities","Date/Time Helpers"],"duration":2,"failing":false,"failureDetails":[],"failureMessages":[],"fullName":"Helper Utilities Date/Time Helpers should format date to readable string","invocations":1,"location":null,"numPassingAsserts":3,"retryReasons":[],"startAt":1759158609908,"status":"passed","title":"should format date to readable string"},{"ancestorTitles":["Helper Utilities","Date/Time Helpers"],"duration":0,"failing":false,"failureDetails":[],"failureMessages":[],"fullName":"Helper Utilities Date/Time Helpers should calculate time difference","invocations":1,"location":null,"numPassingAsserts":1,"retryReasons":[],"startAt":1759158609910,"status":"passed","title":"should calculate time difference"},{"ancestorTitles":["Helper Utilities","Date/Time Helpers"],"duration":0,"failing":false,"failureDetails":[],"failureMessages":[],"fullName":"Helper Utilities Date/Time Helpers should check if date is today","invocations":1,"location":null,"numPassingAsserts":2,"retryReasons":[],"startAt":1759158609911,"status":"passed","title":"should check if date is today"},{"ancestorTitles":["Helper Utilities","Date/Time Helpers"],"duration":1,"failing":false,"failureDetails":[],"failureMessages":[],"fullName":"Helper Utilities Date/Time Helpers should add days to date","invocations":1,"location":null,"numPassingAsserts":2,"retryReasons":[],"startAt":1759158609911,"status":"passed","title":"should add days to date"},{"ancestorTitles":["Helper Utilities","Date/Time Helpers"],"duration":1,"failing":false,"failureDetails":[],"failureMessages":[],"fullName":"Helper Utilities Date/Time Helpers should validate date strings","invocations":1,"location":null,"numPassingAsserts":4,"retryReasons":[],"startAt":1759158609912,"status":"passed","title":"should validate date strings"},{"ancestorTitles":["Helper Utilities","Array Helpers"],"duration":2,"failing":false,"failureDetails":[],"failureMessages":[],"fullName":"Helper Utilities Array Helpers should shuffle array elements","invocations":1,"location":null,"numPassingAsserts":3,"retryReasons":[],"startAt":1759158609913,"status":"passed","title":"should shuffle array elements"},{"ancestorTitles":["Helper Utilities","Array Helpers"],"duration":1,"failing":false,"failureDetails":[],"failureMessages":[],"fullName":"Helper Utilities Array Helpers should chunk array into smaller arrays","invocations":1,"location":null,"numPassingAsserts":3,"retryReasons":[],"startAt":1759158609915,"status":"passed","title":"should chunk array into smaller arrays"},{"ancestorTitles":["Helper Utilities","Array Helpers"],"duration":1,"failing":false,"failureDetails":[],"failureMessages":[],"fullName":"Helper Utilities Array Helpers should remove duplicates from array","invocations":1,"location":null,"numPassingAsserts":3,"retryReasons":[],"startAt":1759158609916,"status":"passed","title":"should remove duplicates from array"},{"ancestorTitles":["Helper Utilities","Array Helpers"],"duration":1,"failing":false,"failureDetails":[],"failureMessages":[],"fullName":"Helper Utilities Array Helpers should find intersection of arrays","invocations":1,"location":null,"numPassingAsserts":3,"retryReasons":[],"startAt":1759158609917,"status":"passed","title":"should find intersection of arrays"},{"ancestorTitles":["Helper Utilities","Object Helpers"],"duration":1,"failing":false,"failureDetails":[],"failureMessages":[],"fullName":"Helper Utilities Object Helpers should deep clone objects","invocations":1,"location":null,"numPassingAsserts":3,"retryReasons":[],"startAt":1759158609918,"status":"passed","title":"should deep clone objects"},{"ancestorTitles":["Helper Utilities","Object Helpers"],"duration":0,"failing":false,"failureDetails":[],"failureMessages":[],"fullName":"Helper Utilities Object Helpers should check if object is empty","invocations":1,"location":null,"numPassingAsserts":4,"retryReasons":[],"startAt":1759158609919,"status":"passed","title":"should check if object is empty"},{"ancestorTitles":["Helper Utilities","Object Helpers"],"duration":1,"failing":false,"failureDetails":[],"failureMessages":[],"fullName":"Helper Utilities Object Helpers should pick properties from object","invocations":1,"location":null,"numPassingAsserts":2,"retryReasons":[],"startAt":1759158609919,"status":"passed","title":"should pick properties from object"},{"ancestorTitles":["Helper Utilities","Object Helpers"],"duration":1,"failing":false,"failureDetails":[],"failureMessages":[],"fullName":"Helper Utilities Object Helpers should omit properties from object","invocations":1,"location":null,"numPassingAsserts":2,"retryReasons":[],"startAt":1759158609920,"status":"passed","title":"should omit properties from object"},{"ancestorTitles":["Helper Utilities","Validation Functions"],"duration":1,"failing":false,"failureDetails":[],"failureMessages":[],"fullName":"Helper Utilities Validation Functions should validate email addresses","invocations":1,"location":null,"numPassingAsserts":5,"retryReasons":[],"startAt":1759158609921,"status":"passed","title":"should validate email addresses"},{"ancestorTitles":["Helper Utilities","Validation Functions"],"duration":7,"failing":false,"failureDetails":[],"failureMessages":[],"fullName":"Helper Utilities Validation Functions should validate URLs","invocations":1,"location":null,"numPassingAsserts":5,"retryReasons":[],"startAt":1759158609922,"status":"passed","title":"should validate URLs"},{"ancestorTitles":["Helper Utilities","Validation Functions"],"duration":1,"failing":false,"failureDetails":[],"failureMessages":[],"fullName":"Helper Utilities Validation Functions should validate Discord user IDs","invocations":1,"location":null,"numPassingAsserts":5,"retryReasons":[],"startAt":1759158609929,"status":"passed","title":"should validate Discord user IDs"},{"ancestorTitles":["Helper Utilities","Error Handling Helpers"],"duration":1,"failing":false,"failureDetails":[],"failureMessages":[],"fullName":"Helper Utilities Error Handling Helpers should safely parse JSON","invocations":1,"location":null,"numPassingAsserts":3,"retryReasons":[],"startAt":1759158609930,"status":"passed","title":"should safely parse JSON"},{"ancestorTitles":["Helper Utilities","Error Handling Helpers"],"duration":1,"failing":false,"failureDetails":[],"failureMessages":[],"fullName":"Helper Utilities Error Handling Helpers should safely access nested properties","invocations":1,"location":null,"numPassingAsserts":3,"retryReasons":[],"startAt":1759158609931,"status":"passed","title":"should safely access nested properties"},{"ancestorTitles":["Helper Utilities","Error Handling Helpers"],"duration":31,"failing":false,"failureDetails":[],"failureMessages":[],"fullName":"Helper Utilities Error Handling Helpers should retry operations with exponential backoff","invocations":1,"location":null,"numPassingAsserts":2,"retryReasons":[],"startAt":1759158609932,"status":"passed","title":"should retry operations with exponential backoff"}],"endTime":1759158609966,"message":"","name":"/home/runner/work/bwaincell/bwaincell/tests/unit/utils/helpers.test.ts","startTime":1759158609684,"status":"passed","summary":""},{"assertionResults":[{"ancestorTitles":["Command Integration Tests","End-to-End Command Flow"],"duration":3,"failing":false,"failureDetails":[],"failureMessages":[],"fullName":"Command Integration Tests End-to-End Command Flow should handle task creation and retrieval flow","invocations":1,"location":null,"numPassingAsserts":4,"retryReasons":[],"startAt":1759158610165,"status":"passed","title":"should handle task creation and retrieval flow"},{"ancestorTitles":["Command Integration Tests","End-to-End Command Flow"],"duration":1,"failing":false,"failureDetails":[],"failureMessages":[],"fullName":"Command Integration Tests End-to-End Command Flow should handle list management flow","invocations":1,"location":null,"numPassingAsserts":3,"retryReasons":[],"startAt":1759158610170,"status":"passed","title":"should handle list management flow"},{"ancestorTitles":["Command Integration Tests","End-to-End Command Flow"],"duration":1,"failing":false,"failureDetails":[],"failureMessages":[],"fullName":"Command Integration Tests End-to-End Command Flow should handle budget tracking flow","invocations":1,"location":null,"numPassingAsserts":2,"retryReasons":[],"startAt":1759158610171,"status":"passed","title":"should handle budget tracking flow"},{"ancestorTitles":["Command Integration Tests","Error Handling Integration"],"duration":23,"failing":false,"failureDetails":[],"failureMessages":[],"fullName":"Command Integration Tests Error Handling Integration should handle database failures gracefully","invocations":1,"location":null,"numPassingAsserts":1,"retryReasons":[],"startAt":1759158610173,"status":"passed","title":"should handle database failures gracefully"},{"ancestorTitles":["Command Integration Tests","Error Handling Integration"],"duration":1,"failing":false,"failureDetails":[],"failureMessages":[],"fullName":"Command Integration Tests Error Handling Integration should handle invalid input data","invocations":1,"location":null,"numPassingAsserts":1,"retryReasons":[],"startAt":1759158610196,"status":"passed","title":"should handle invalid input data"},{"ancestorTitles":["Command Integration Tests","Error Handling Integration"],"duration":0,"failing":false,"failureDetails":[],"failureMessages":[],"fullName":"Command Integration Tests Error Handling Integration should handle concurrent operations","invocations":1,"location":null,"numPassingAsserts":1,"retryReasons":[],"startAt":1759158610198,"status":"passed","title":"should handle concurrent operations"},{"ancestorTitles":["Command Integration Tests","Command Interaction Flow"],"duration":2,"failing":false,"failureDetails":[],"failureMessages":[],"fullName":"Command Integration Tests Command Interaction Flow should process command from interaction to response","invocations":1,"location":null,"numPassingAsserts":2,"retryReasons":[],"startAt":1759158610199,"status":"passed","title":"should process command from interaction to response"},{"ancestorTitles":["Command Integration Tests","Command Interaction Flow"],"duration":2,"failing":false,"failureDetails":[],"failureMessages":[],"fullName":"Command Integration Tests Command Interaction Flow should handle autocomplete interactions","invocations":1,"location":null,"numPassingAsserts":2,"retryReasons":[],"startAt":1759158610201,"status":"passed","title":"should handle autocomplete interactions"},{"ancestorTitles":["Command Integration Tests","Command Interaction Flow"],"duration":1,"failing":false,"failureDetails":[],"failureMessages":[],"fullName":"Command Integration Tests Command Interaction Flow should handle button interactions","invocations":1,"location":null,"numPassingAsserts":4,"retryReasons":[],"startAt":1759158610203,"status":"passed","title":"should handle button interactions"},{"ancestorTitles":["Command Integration Tests","Database Transaction Integration"],"duration":0,"failing":false,"failureDetails":[],"failureMessages":[],"fullName":"Command Integration Tests Database Transaction Integration should handle transactional operations","invocations":1,"location":null,"numPassingAsserts":1,"retryReasons":[],"startAt":1759158610204,"status":"passed","title":"should handle transactional operations"},{"ancestorTitles":["Command Integration Tests","Database Transaction Integration"],"duration":2,"failing":false,"failureDetails":[],"failureMessages":[],"fullName":"Command Integration Tests Database Transaction Integration should rollback on failure","invocations":1,"location":null,"numPassingAsserts":2,"retryReasons":[],"startAt":1759158610204,"status":"passed","title":"should rollback on failure"}],"endTime":1759158610208,"message":"","name":"/home/runner/work/bwaincell/bwaincell/tests/integration/command-flow.test.ts","startTime":1759158609981,"status":"passed","summary":""},{"assertionResults":[{"ancestorTitles":["Budget Command","Command Structure"],"duration":4,"failing":false,"failureDetails":[],"failureMessages":[],"fullName":"Budget Command Command Structure should have correct command data","invocations":1,"location":null,"numPassingAsserts":3,"retryReasons":[],"startAt":1759158610150,"status":"passed","title":"should have correct command data"},{"ancestorTitles":["Budget Command","Command Structure"],"duration":3,"failing":false,"failureDetails":[{"matcherResult":{"message":"expect(received).toContain(expected) // indexOf\n\nExpected value: \"view\"\nReceived array: [\"add\", \"income\", \"summary\", \"categories\", \"recent\", \"trend\"]","pass":false}}],"failureMessages":["Error: expect(received).toContain(expected) // indexOf\n\nExpected value: \"view\"\nReceived array: [\"add\", \"income\", \"summary\", \"categories\", \"recent\", \"trend\"]\n    at Object.<anonymous> (/home/runner/work/bwaincell/bwaincell/tests/unit/commands/budget.test.ts:35:37)\n    at Promise.finally.completed (/home/runner/work/bwaincell/bwaincell/node_modules/jest-circus/build/jestAdapterInit.js:1556:28)\n    at new Promise (<anonymous>)\n    at callAsyncCircusFn (/home/runner/work/bwaincell/bwaincell/node_modules/jest-circus/build/jestAdapterInit.js:1496:10)\n    at _callCircusTest (/home/runner/work/bwaincell/bwaincell/node_modules/jest-circus/build/jestAdapterInit.js:1006:40)\n    at processTicksAndRejections (node:internal/process/task_queues:95:5)\n    at _runTest (/home/runner/work/bwaincell/bwaincell/node_modules/jest-circus/build/jestAdapterInit.js:946:3)\n    at _runTestsForDescribeBlock (/home/runner/work/bwaincell/bwaincell/node_modules/jest-circus/build/jestAdapterInit.js:839:13)\n    at _runTestsForDescribeBlock (/home/runner/work/bwaincell/bwaincell/node_modules/jest-circus/build/jestAdapterInit.js:829:11)\n    at _runTestsForDescribeBlock (/home/runner/work/bwaincell/bwaincell/node_modules/jest-circus/build/jestAdapterInit.js:829:11)\n    at run (/home/runner/work/bwaincell/bwaincell/node_modules/jest-circus/build/jestAdapterInit.js:757:3)\n    at runAndTransformResultsToJestFormat (/home/runner/work/bwaincell/bwaincell/node_modules/jest-circus/build/jestAdapterInit.js:1917:21)\n    at jestAdapter (/home/runner/work/bwaincell/bwaincell/node_modules/jest-circus/build/runner.js:101:19)\n    at runTestInternal (/home/runner/work/bwaincell/bwaincell/node_modules/jest-runner/build/testWorker.js:275:16)\n    at runTest (/home/runner/work/bwaincell/bwaincell/node_modules/jest-runner/build/testWorker.js:343:7)\n    at Object.worker (/home/runner/work/bwaincell/bwaincell/node_modules/jest-runner/build/testWorker.js:497:12)"],"fullName":"Budget Command Command Structure should have all required subcommands","invocations":1,"location":null,"numPassingAsserts":1,"retryReasons":[],"startAt":1759158610155,"status":"failed","title":"should have all required subcommands"},{"ancestorTitles":["Budget Command","Command Structure"],"duration":1,"failing":false,"failureDetails":[],"failureMessages":[],"fullName":"Budget Command Command Structure should have execute function","invocations":1,"location":null,"numPassingAsserts":1,"retryReasons":[],"startAt":1759158610172,"status":"passed","title":"should have execute function"},{"ancestorTitles":["Budget Command","Add Budget Entry Subcommand"],"duration":4,"failing":false,"failureDetails":[{"matcherResult":{"message":"expect(jest.fn()).toHaveBeenCalledWith(...expected)\n\nExpected: {\"amount\": 25.5, \"category\": \"Food\", \"description\": \"Coffee and snacks\", \"guildId\": \"test-guild-456\", \"userId\": \"test-user-123\"}\n\nNumber of calls: 0","pass":false}}],"failureMessages":["Error: expect(jest.fn()).toHaveBeenCalledWith(...expected)\n\nExpected: {\"amount\": 25.5, \"category\": \"Food\", \"description\": \"Coffee and snacks\", \"guildId\": \"test-guild-456\", \"userId\": \"test-user-123\"}\n\nNumber of calls: 0\n    at Object.<anonymous> (/home/runner/work/bwaincell/bwaincell/tests/unit/commands/budget.test.ts:64:35)\n    at processTicksAndRejections (node:internal/process/task_queues:95:5)"],"fullName":"Budget Command Add Budget Entry Subcommand should create a new budget entry","invocations":1,"location":null,"numPassingAsserts":0,"retryReasons":[],"startAt":1759158610173,"status":"failed","title":"should create a new budget entry"},{"ancestorTitles":["Budget Command","Add Budget Entry Subcommand"],"duration":2,"failing":false,"failureDetails":[{"matcherResult":{"message":"expect(jest.fn()).toHaveBeenCalledWith(...expected)\n\nExpected: ObjectContaining {\"amount\": 1200, \"category\": \"Technology\"}\n\nNumber of calls: 0","pass":false}}],"failureMessages":["Error: expect(jest.fn()).toHaveBeenCalledWith(...expected)\n\nExpected: ObjectContaining {\"amount\": 1200, \"category\": \"Technology\"}\n\nNumber of calls: 0\n    at Object.<anonymous> (/home/runner/work/bwaincell/bwaincell/tests/unit/commands/budget.test.ts:99:35)\n    at processTicksAndRejections (node:internal/process/task_queues:95:5)"],"fullName":"Budget Command Add Budget Entry Subcommand should handle large expense amounts","invocations":1,"location":null,"numPassingAsserts":0,"retryReasons":[],"startAt":1759158610177,"status":"failed","title":"should handle large expense amounts"},{"ancestorTitles":["Budget Command","Add Budget Entry Subcommand"],"duration":1,"failing":false,"failureDetails":[{"matcherResult":{"message":"expect(jest.fn()).toHaveBeenCalledWith(...expected)\n\nExpected: ObjectContaining {\"amount\": 500, \"type\": \"income\"}\n\nNumber of calls: 0","pass":false}}],"failureMessages":["Error: expect(jest.fn()).toHaveBeenCalledWith(...expected)\n\nExpected: ObjectContaining {\"amount\": 500, \"type\": \"income\"}\n\nNumber of calls: 0\n    at Object.<anonymous> (/home/runner/work/bwaincell/bwaincell/tests/unit/commands/budget.test.ts:127:35)\n    at processTicksAndRejections (node:internal/process/task_queues:95:5)"],"fullName":"Budget Command Add Budget Entry Subcommand should handle income entries","invocations":1,"location":null,"numPassingAsserts":0,"retryReasons":[],"startAt":1759158610179,"status":"failed","title":"should handle income entries"},{"ancestorTitles":["Budget Command","Add Budget Entry Subcommand"],"duration":8,"failing":false,"failureDetails":[{"matcherResult":{"message":"expect(jest.fn()).toHaveBeenCalledWith(...expected)\n\nExpected: ObjectContaining {\"content\": StringContaining \"server\", \"ephemeral\": true}\n\nNumber of calls: 0","pass":false}}],"failureMessages":["Error: expect(jest.fn()).toHaveBeenCalledWith(...expected)\n\nExpected: ObjectContaining {\"content\": StringContaining \"server\", \"ephemeral\": true}\n\nNumber of calls: 0\n    at Object.<anonymous> (/home/runner/work/bwaincell/bwaincell/tests/unit/commands/budget.test.ts:154:39)\n    at processTicksAndRejections (node:internal/process/task_queues:95:5)"],"fullName":"Budget Command Add Budget Entry Subcommand should handle missing guild context","invocations":1,"location":null,"numPassingAsserts":1,"retryReasons":[],"startAt":1759158610181,"status":"failed","title":"should handle missing guild context"},{"ancestorTitles":["Budget Command","Add Budget Entry Subcommand"],"duration":1,"failing":false,"failureDetails":[{"matcherResult":{"message":"expect(jest.fn()).toHaveBeenCalledWith(...expected)\n\nExpected: ObjectContaining {\"content\": StringContaining \"error\", \"ephemeral\": true}\n\nNumber of calls: 0","pass":false}}],"failureMessages":["Error: expect(jest.fn()).toHaveBeenCalledWith(...expected)\n\nExpected: ObjectContaining {\"content\": StringContaining \"error\", \"ephemeral\": true}\n\nNumber of calls: 0\n    at Object.<anonymous> (/home/runner/work/bwaincell/bwaincell/tests/unit/commands/budget.test.ts:172:39)\n    at processTicksAndRejections (node:internal/process/task_queues:95:5)"],"fullName":"Budget Command Add Budget Entry Subcommand should handle database errors gracefully","invocations":1,"location":null,"numPassingAsserts":0,"retryReasons":[],"startAt":1759158610189,"status":"failed","title":"should handle database errors gracefully"},{"ancestorTitles":["Budget Command","View Budget Subcommand"],"duration":2,"failing":false,"failureDetails":[{"matcherResult":{"message":"expect(jest.fn()).toHaveBeenCalledWith(...expected)\n\nExpected: ObjectContaining {\"where\": ObjectContaining {\"guildId\": \"test-guild-456\", \"userId\": \"test-user-123\"}}\n\nNumber of calls: 0","pass":false}}],"failureMessages":["Error: expect(jest.fn()).toHaveBeenCalledWith(...expected)\n\nExpected: ObjectContaining {\"where\": ObjectContaining {\"guildId\": \"test-guild-456\", \"userId\": \"test-user-123\"}}\n\nNumber of calls: 0\n    at Object.<anonymous> (/home/runner/work/bwaincell/bwaincell/tests/unit/commands/budget.test.ts:203:36)\n    at processTicksAndRejections (node:internal/process/task_queues:95:5)"],"fullName":"Budget Command View Budget Subcommand should display budget entries","invocations":1,"location":null,"numPassingAsserts":0,"retryReasons":[],"startAt":1759158610190,"status":"failed","title":"should display budget entries"},{"ancestorTitles":["Budget Command","View Budget Subcommand"],"duration":2,"failing":false,"failureDetails":[{"matcherResult":{"message":"expect(jest.fn()).toHaveBeenCalledWith(...expected)\n\nExpected: ObjectContaining {\"content\": StringContaining \"No budget entries\", \"ephemeral\": true}\n\nNumber of calls: 0","pass":false}}],"failureMessages":["Error: expect(jest.fn()).toHaveBeenCalledWith(...expected)\n\nExpected: ObjectContaining {\"content\": StringContaining \"No budget entries\", \"ephemeral\": true}\n\nNumber of calls: 0\n    at Object.<anonymous> (/home/runner/work/bwaincell/bwaincell/tests/unit/commands/budget.test.ts:228:39)\n    at processTicksAndRejections (node:internal/process/task_queues:95:5)"],"fullName":"Budget Command View Budget Subcommand should handle empty budget list","invocations":1,"location":null,"numPassingAsserts":0,"retryReasons":[],"startAt":1759158610192,"status":"failed","title":"should handle empty budget list"},{"ancestorTitles":["Budget Command","View Budget Subcommand"],"duration":2,"failing":false,"failureDetails":[{"matcherResult":{"message":"expect(jest.fn()).toHaveBeenCalledWith(...expected)\n\nExpected: \"amount\", ObjectContaining {\"where\": ObjectContaining {\"type\": \"income\"}}\n\nNumber of calls: 0","pass":false}}],"failureMessages":["Error: expect(jest.fn()).toHaveBeenCalledWith(...expected)\n\nExpected: \"amount\", ObjectContaining {\"where\": ObjectContaining {\"type\": \"income\"}}\n\nNumber of calls: 0\n    at Object.<anonymous> (/home/runner/work/bwaincell/bwaincell/tests/unit/commands/budget.test.ts:263:32)\n    at processTicksAndRejections (node:internal/process/task_queues:95:5)"],"fullName":"Budget Command View Budget Subcommand should calculate budget summary correctly","invocations":1,"location":null,"numPassingAsserts":0,"retryReasons":[],"startAt":1759158610194,"status":"failed","title":"should calculate budget summary correctly"},{"ancestorTitles":["Budget Command","Delete Budget Entry Subcommand"],"duration":1,"failing":false,"failureDetails":[{"matcherResult":{"message":"expect(jest.fn()).toHaveBeenCalledWith(...expected)\n\nExpected: {\"where\": {\"guildId\": \"test-guild-456\", \"id\": 1, \"userId\": \"test-user-123\"}}\n\nNumber of calls: 0","pass":false}}],"failureMessages":["Error: expect(jest.fn()).toHaveBeenCalledWith(...expected)\n\nExpected: {\"where\": {\"guildId\": \"test-guild-456\", \"id\": 1, \"userId\": \"test-user-123\"}}\n\nNumber of calls: 0\n    at Object.<anonymous> (/home/runner/work/bwaincell/bwaincell/tests/unit/commands/budget.test.ts:293:36)\n    at processTicksAndRejections (node:internal/process/task_queues:95:5)"],"fullName":"Budget Command Delete Budget Entry Subcommand should delete existing budget entry","invocations":1,"location":null,"numPassingAsserts":0,"retryReasons":[],"startAt":1759158610196,"status":"failed","title":"should delete existing budget entry"},{"ancestorTitles":["Budget Command","Delete Budget Entry Subcommand"],"duration":1,"failing":false,"failureDetails":[{"matcherResult":{"message":"expect(jest.fn()).toHaveBeenCalledWith(...expected)\n\nExpected: ObjectContaining {\"content\": StringContaining \"not found\", \"ephemeral\": true}\n\nNumber of calls: 0","pass":false}}],"failureMessages":["Error: expect(jest.fn()).toHaveBeenCalledWith(...expected)\n\nExpected: ObjectContaining {\"content\": StringContaining \"not found\", \"ephemeral\": true}\n\nNumber of calls: 0\n    at Object.<anonymous> (/home/runner/work/bwaincell/bwaincell/tests/unit/commands/budget.test.ts:325:39)\n    at processTicksAndRejections (node:internal/process/task_queues:95:5)"],"fullName":"Budget Command Delete Budget Entry Subcommand should handle non-existent entry deletion","invocations":1,"location":null,"numPassingAsserts":0,"retryReasons":[],"startAt":1759158610197,"status":"failed","title":"should handle non-existent entry deletion"},{"ancestorTitles":["Budget Command","Delete Budget Entry Subcommand"],"duration":1,"failing":false,"failureDetails":[{"matcherResult":{"message":"expect(jest.fn()).toHaveBeenCalledWith(...expected)\n\nExpected: ObjectContaining {\"content\": StringContaining \"error\", \"ephemeral\": true}\n\nNumber of calls: 0","pass":false}}],"failureMessages":["Error: expect(jest.fn()).toHaveBeenCalledWith(...expected)\n\nExpected: ObjectContaining {\"content\": StringContaining \"error\", \"ephemeral\": true}\n\nNumber of calls: 0\n    at Object.<anonymous> (/home/runner/work/bwaincell/bwaincell/tests/unit/commands/budget.test.ts:349:39)\n    at processTicksAndRejections (node:internal/process/task_queues:95:5)"],"fullName":"Budget Command Delete Budget Entry Subcommand should handle database errors during deletion","invocations":1,"location":null,"numPassingAsserts":0,"retryReasons":[],"startAt":1759158610199,"status":"failed","title":"should handle database errors during deletion"},{"ancestorTitles":["Budget Command","Budget Categories"],"duration":1,"failing":false,"failureDetails":[{"matcherResult":{"message":"expect(jest.fn()).toHaveBeenCalledWith(...expected)\n\nExpected: ObjectContaining {\"category\": \"Food\"}\n\nNumber of calls: 0","pass":false}}],"failureMessages":["Error: expect(jest.fn()).toHaveBeenCalledWith(...expected)\n\nExpected: ObjectContaining {\"category\": \"Food\"}\n\nNumber of calls: 0\n    at Object.<anonymous> (/home/runner/work/bwaincell/bwaincell/tests/unit/commands/budget.test.ts:384:39)\n    at processTicksAndRejections (node:internal/process/task_queues:95:5)"],"fullName":"Budget Command Budget Categories should handle various expense categories","invocations":1,"location":null,"numPassingAsserts":0,"retryReasons":[],"startAt":1759158610200,"status":"failed","title":"should handle various expense categories"},{"ancestorTitles":["Budget Command","Budget Validation"],"duration":1,"failing":false,"failureDetails":[{"matcherResult":{"message":"expect(jest.fn()).toHaveBeenCalledWith(...expected)\n\nExpected: ObjectContaining {\"amount\": 0}\n\nNumber of calls: 0","pass":false}}],"failureMessages":["Error: expect(jest.fn()).toHaveBeenCalledWith(...expected)\n\nExpected: ObjectContaining {\"amount\": 0}\n\nNumber of calls: 0\n    at Object.<anonymous> (/home/runner/work/bwaincell/bwaincell/tests/unit/commands/budget.test.ts:417:35)\n    at processTicksAndRejections (node:internal/process/task_queues:95:5)"],"fullName":"Budget Command Budget Validation should handle zero amount entries","invocations":1,"location":null,"numPassingAsserts":0,"retryReasons":[],"startAt":1759158610201,"status":"failed","title":"should handle zero amount entries"},{"ancestorTitles":["Budget Command","Budget Validation"],"duration":1,"failing":false,"failureDetails":[{"matcherResult":{"message":"expect(jest.fn()).toHaveBeenCalledWith(...expected)\n\nExpected: ObjectContaining {\"amount\": -25}\n\nNumber of calls: 0","pass":false}}],"failureMessages":["Error: expect(jest.fn()).toHaveBeenCalledWith(...expected)\n\nExpected: ObjectContaining {\"amount\": -25}\n\nNumber of calls: 0\n    at Object.<anonymous> (/home/runner/work/bwaincell/bwaincell/tests/unit/commands/budget.test.ts:445:35)\n    at processTicksAndRejections (node:internal/process/task_queues:95:5)"],"fullName":"Budget Command Budget Validation should handle negative amounts for refunds","invocations":1,"location":null,"numPassingAsserts":0,"retryReasons":[],"startAt":1759158610202,"status":"failed","title":"should handle negative amounts for refunds"}],"endTime":1759158610321,"message":"  ● Budget Command › Command Structure › should have all required subcommands\n\n    expect(received).toContain(expected) // indexOf\n\n    Expected value: \"view\"\n    Received array: [\"add\", \"income\", \"summary\", \"categories\", \"recent\", \"trend\"]\n\n    \u001b[0m \u001b[90m 33 |\u001b[39m\n     \u001b[90m 34 |\u001b[39m             expect(subcommandNames)\u001b[33m.\u001b[39mtoContain(\u001b[32m'add'\u001b[39m)\u001b[33m;\u001b[39m\n    \u001b[31m\u001b[1m>\u001b[22m\u001b[39m\u001b[90m 35 |\u001b[39m             expect(subcommandNames)\u001b[33m.\u001b[39mtoContain(\u001b[32m'view'\u001b[39m)\u001b[33m;\u001b[39m\n     \u001b[90m    |\u001b[39m                                     \u001b[31m\u001b[1m^\u001b[22m\u001b[39m\n     \u001b[90m 36 |\u001b[39m             expect(subcommandNames)\u001b[33m.\u001b[39mtoContain(\u001b[32m'delete'\u001b[39m)\u001b[33m;\u001b[39m\n     \u001b[90m 37 |\u001b[39m         })\u001b[33m;\u001b[39m\n     \u001b[90m 38 |\u001b[39m\u001b[0m\n\n      at Object.<anonymous> (tests/unit/commands/budget.test.ts:35:37)\n\n  ● Budget Command › Add Budget Entry Subcommand › should create a new budget entry\n\n    expect(jest.fn()).toHaveBeenCalledWith(...expected)\n\n    Expected: {\"amount\": 25.5, \"category\": \"Food\", \"description\": \"Coffee and snacks\", \"guildId\": \"test-guild-456\", \"userId\": \"test-user-123\"}\n\n    Number of calls: 0\n\n    \u001b[0m \u001b[90m 62 |\u001b[39m\n     \u001b[90m 63 |\u001b[39m             \u001b[90m// Assert - Verify actual behavior\u001b[39m\n    \u001b[31m\u001b[1m>\u001b[22m\u001b[39m\u001b[90m 64 |\u001b[39m             expect(\u001b[33mBudget\u001b[39m\u001b[33m.\u001b[39mcreate)\u001b[33m.\u001b[39mtoHaveBeenCalledWith({\n     \u001b[90m    |\u001b[39m                                   \u001b[31m\u001b[1m^\u001b[22m\u001b[39m\n     \u001b[90m 65 |\u001b[39m                 userId\u001b[33m:\u001b[39m interaction\u001b[33m.\u001b[39muser\u001b[33m.\u001b[39mid\u001b[33m,\u001b[39m\n     \u001b[90m 66 |\u001b[39m                 guildId\u001b[33m:\u001b[39m interaction\u001b[33m.\u001b[39mguildId\u001b[33m,\u001b[39m\n     \u001b[90m 67 |\u001b[39m                 description\u001b[33m:\u001b[39m \u001b[32m'Coffee and snacks'\u001b[39m\u001b[33m,\u001b[39m\u001b[0m\n\n      at Object.<anonymous> (tests/unit/commands/budget.test.ts:64:35)\n\n  ● Budget Command › Add Budget Entry Subcommand › should handle large expense amounts\n\n    expect(jest.fn()).toHaveBeenCalledWith(...expected)\n\n    Expected: ObjectContaining {\"amount\": 1200, \"category\": \"Technology\"}\n\n    Number of calls: 0\n\n    \u001b[0m \u001b[90m  97 |\u001b[39m\n     \u001b[90m  98 |\u001b[39m             \u001b[90m// Assert\u001b[39m\n    \u001b[31m\u001b[1m>\u001b[22m\u001b[39m\u001b[90m  99 |\u001b[39m             expect(\u001b[33mBudget\u001b[39m\u001b[33m.\u001b[39mcreate)\u001b[33m.\u001b[39mtoHaveBeenCalledWith(\n     \u001b[90m     |\u001b[39m                                   \u001b[31m\u001b[1m^\u001b[22m\u001b[39m\n     \u001b[90m 100 |\u001b[39m                 expect\u001b[33m.\u001b[39mobjectContaining({\n     \u001b[90m 101 |\u001b[39m                     amount\u001b[33m:\u001b[39m \u001b[35m1200.00\u001b[39m\u001b[33m,\u001b[39m\n     \u001b[90m 102 |\u001b[39m                     category\u001b[33m:\u001b[39m \u001b[32m'Technology'\u001b[39m\u001b[0m\n\n      at Object.<anonymous> (tests/unit/commands/budget.test.ts:99:35)\n\n  ● Budget Command › Add Budget Entry Subcommand › should handle income entries\n\n    expect(jest.fn()).toHaveBeenCalledWith(...expected)\n\n    Expected: ObjectContaining {\"amount\": 500, \"type\": \"income\"}\n\n    Number of calls: 0\n\n    \u001b[0m \u001b[90m 125 |\u001b[39m\n     \u001b[90m 126 |\u001b[39m             \u001b[90m// Assert\u001b[39m\n    \u001b[31m\u001b[1m>\u001b[22m\u001b[39m\u001b[90m 127 |\u001b[39m             expect(\u001b[33mBudget\u001b[39m\u001b[33m.\u001b[39mcreate)\u001b[33m.\u001b[39mtoHaveBeenCalledWith(\n     \u001b[90m     |\u001b[39m                                   \u001b[31m\u001b[1m^\u001b[22m\u001b[39m\n     \u001b[90m 128 |\u001b[39m                 expect\u001b[33m.\u001b[39mobjectContaining({\n     \u001b[90m 129 |\u001b[39m                     type\u001b[33m:\u001b[39m \u001b[32m'income'\u001b[39m\u001b[33m,\u001b[39m\n     \u001b[90m 130 |\u001b[39m                     amount\u001b[33m:\u001b[39m \u001b[35m500.00\u001b[39m\u001b[0m\n\n      at Object.<anonymous> (tests/unit/commands/budget.test.ts:127:35)\n\n  ● Budget Command › Add Budget Entry Subcommand › should handle missing guild context\n\n    expect(jest.fn()).toHaveBeenCalledWith(...expected)\n\n    Expected: ObjectContaining {\"content\": StringContaining \"server\", \"ephemeral\": true}\n\n    Number of calls: 0\n\n    \u001b[0m \u001b[90m 152 |\u001b[39m             \u001b[90m// Assert\u001b[39m\n     \u001b[90m 153 |\u001b[39m             expect(\u001b[33mBudget\u001b[39m\u001b[33m.\u001b[39mcreate)\u001b[33m.\u001b[39mnot\u001b[33m.\u001b[39mtoHaveBeenCalled()\u001b[33m;\u001b[39m\n    \u001b[31m\u001b[1m>\u001b[22m\u001b[39m\u001b[90m 154 |\u001b[39m             expect(interaction\u001b[33m.\u001b[39mreply)\u001b[33m.\u001b[39mtoHaveBeenCalledWith(\n     \u001b[90m     |\u001b[39m                                       \u001b[31m\u001b[1m^\u001b[22m\u001b[39m\n     \u001b[90m 155 |\u001b[39m                 expect\u001b[33m.\u001b[39mobjectContaining({\n     \u001b[90m 156 |\u001b[39m                     content\u001b[33m:\u001b[39m expect\u001b[33m.\u001b[39mstringContaining(\u001b[32m'server'\u001b[39m)\u001b[33m,\u001b[39m\n     \u001b[90m 157 |\u001b[39m                     ephemeral\u001b[33m:\u001b[39m \u001b[36mtrue\u001b[39m\u001b[0m\n\n      at Object.<anonymous> (tests/unit/commands/budget.test.ts:154:39)\n\n  ● Budget Command › Add Budget Entry Subcommand › should handle database errors gracefully\n\n    expect(jest.fn()).toHaveBeenCalledWith(...expected)\n\n    Expected: ObjectContaining {\"content\": StringContaining \"error\", \"ephemeral\": true}\n\n    Number of calls: 0\n\n    \u001b[0m \u001b[90m 170 |\u001b[39m\n     \u001b[90m 171 |\u001b[39m             \u001b[90m// Assert\u001b[39m\n    \u001b[31m\u001b[1m>\u001b[22m\u001b[39m\u001b[90m 172 |\u001b[39m             expect(interaction\u001b[33m.\u001b[39mreply)\u001b[33m.\u001b[39mtoHaveBeenCalledWith(\n     \u001b[90m     |\u001b[39m                                       \u001b[31m\u001b[1m^\u001b[22m\u00
[...]
e":270,"column":12},"end":{"line":390,"column":13}},"type":"if","locations":[{"start":{"line":270,"column":12},"end":{"line":390,"column":13}},{"start":{},"end":{}}]},"24":{"loc":{"start":{"line":271,"column":16},"end":{"line":288,"column":17}},"type":"if","locations":[{"start":{"line":271,"column":16},"end":{"line":288,"column":17}},{"start":{},"end":{}}]},"25":{"loc":{"start":{"line":290,"column":16},"end":{"line":339,"column":17}},"type":"if","locations":[{"start":{"line":290,"column":16},"end":{"line":339,"column":17}},{"start":{},"end":{}}]},"26":{"loc":{"start":{"line":296,"column":20},"end":{"line":302,"column":21}},"type":"if","locations":[{"start":{"line":296,"column":20},"end":{"line":302,"column":21}},{"start":{},"end":{}}]},"27":{"loc":{"start":{"line":309,"column":20},"end":{"line":320,"column":21}},"type":"if","locations":[{"start":{"line":309,"column":20},"end":{"line":320,"column":21}},{"start":{"line":311,"column":27},"end":{"line":320,"column":21}}]},"28":{"loc":{"start":{"line":309,"column":24},"end":{"line":309,"column":62}},"type":"binary-expr","locations":[{"start":{"line":309,"column":24},"end":{"line":309,"column":35}},{"start":{"line":309,"column":39},"end":{"line":309,"column":62}}]},"29":{"loc":{"start":{"line":313,"column":45},"end":{"line":313,"column":72}},"type":"cond-expr","locations":[{"start":{"line":313,"column":62},"end":{"line":313,"column":66}},{"start":{"line":313,"column":69},"end":{"line":313,"column":72}}]},"30":{"loc":{"start":{"line":334,"column":45},"end":{"line":334,"column":94}},"type":"binary-expr","locations":[{"start":{"line":334,"column":45},"end":{"line":334,"column":56}},{"start":{"line":334,"column":60},"end":{"line":334,"column":94}}]},"31":{"loc":{"start":{"line":341,"column":16},"end":{"line":368,"column":17}},"type":"if","locations":[{"start":{"line":341,"column":16},"end":{"line":368,"column":17}},{"start":{},"end":{}}]},"32":{"loc":{"start":{"line":347,"column":20},"end":{"line":353,"column":21}},"type":"if","locations":[{"start":{"line":347,"column":20},"end":{"line":353,"column":21}},{"start":{},"end":{}}]},"33":{"loc":{"start":{"line":356,"column":20},"end":{"line":361,"column":21}},"type":"if","locations":[{"start":{"line":356,"column":20},"end":{"line":361,"column":21}},{"start":{},"end":{}}]},"34":{"loc":{"start":{"line":356,"column":24},"end":{"line":356,"column":59}},"type":"binary-expr","locations":[{"start":{"line":356,"column":24},"end":{"line":356,"column":34}},{"start":{"line":356,"column":38},"end":{"line":356,"column":59}}]},"35":{"loc":{"start":{"line":370,"column":16},"end":{"line":389,"column":17}},"type":"if","locations":[{"start":{"line":370,"column":16},"end":{"line":389,"column":17}},{"start":{},"end":{}}]},"36":{"loc":{"start":{"line":374,"column":20},"end":{"line":387,"column":21}},"type":"if","locations":[{"start":{"line":374,"column":20},"end":{"line":387,"column":21}},{"start":{},"end":{}}]},"37":{"loc":{"start":{"line":380,"column":36},"end":{"line":380,"column":78}},"type":"if","locations":[{"start":{"line":380,"column":36},"end":{"line":380,"column":78}},{"start":{},"end":{}}]},"38":{"loc":{"start":{"line":393,"column":12},"end":{"line":442,"column":13}},"type":"if","locations":[{"start":{"line":393,"column":12},"end":{"line":442,"column":13}},{"start":{},"end":{}}]},"39":{"loc":{"start":{"line":394,"column":16},"end":{"line":409,"column":17}},"type":"if","locations":[{"start":{"line":394,"column":16},"end":{"line":409,"column":17}},{"start":{},"end":{}}]},"40":{"loc":{"start":{"line":397,"column":20},"end":{"line":407,"column":21}},"type":"if","locations":[{"start":{"line":397,"column":20},"end":{"line":407,"column":21}},{"start":{"line":402,"column":27},"end":{"line":407,"column":21}}]},"41":{"loc":{"start":{"line":411,"column":16},"end":{"line":417,"column":17}},"type":"if","locations":[{"start":{"line":411,"column":16},"end":{"line":417,"column":17}},{"start":{},"end":{}}]},"42":{"loc":{"start":{"line":411,"column":20},"end":{"line":411,"column":90}},"type":"binary-expr","locations":[{"start":{"line":411,"column":20},"end":{"line":411,"column":51}},{"start":{"line":411,"column":55},"end":{"line":411,"column":90}}]},"43":{"loc":{"start":{"line":419,"column":16},"end":{"line":432,"column":17}},"type":"if","locations":[{"start":{"line":419,"column":16},"end":{"line":432,"column":17}},{"start":{},"end":{}}]},"44":{"loc":{"start":{"line":419,"column":20},"end":{"line":419,"column":83}},"type":"binary-expr","locations":[{"start":{"line":419,"column":20},"end":{"line":419,"column":48}},{"start":{"line":419,"column":52},"end":{"line":419,"column":83}}]},"45":{"loc":{"start":{"line":421,"column":20},"end":{"line":430,"column":21}},"type":"if","locations":[{"start":{"line":421,"column":20},"end":{"line":430,"column":21}},{"start":{},"end":{}}]},"46":{"loc":{"start":{"line":434,"column":16},"end":{"line":441,"column":17}},"type":"if","locations":[{"start":{"line":434,"column":16},"end":{"line":441,"column":17}},{"start":{},"end":{}}]},"47":{"loc":{"start":{"line":437,"column":52},"end":{"line":437,"column":81}},"type":"cond-expr","locations":[{"start":{"line":437,"column":70},"end":{"line":437,"column":74}},{"start":{"line":437,"column":77},"end":{"line":437,"column":81}}]},"48":{"loc":{"start":{"line":445,"column":12},"end":{"line":617,"column":13}},"type":"if","locations":[{"start":{"line":445,"column":12},"end":{"line":617,"column":13}},{"start":{},"end":{}}]},"49":{"loc":{"start":{"line":446,"column":16},"end":{"line":479,"column":17}},"type":"if","locations":[{"start":{"line":446,"column":16},"end":{"line":479,"column":17}},{"start":{},"end":{}}]},"50":{"loc":{"start":{"line":481,"column":16},"end":{"line":519,"column":17}},"type":"if","locations":[{"start":{"line":481,"column":16},"end":{"line":519,"column":17}},{"start":{},"end":{}}]},"51":{"loc":{"start":{"line":521,"column":16},"end":{"line":548,"column":17}},"type":"if","locations":[{"start":{"line":521,"column":16},"end":{"line":548,"column":17}},{"start":{},"end":{}}]},"52":{"loc":{"start":{"line":529,"column":20},"end":{"line":531,"column":21}},"type":"if","locations":[{"start":{"line":529,"column":20},"end":{"line":531,"column":21}},{"start":{},"end":{}}]},"53":{"loc":{"start":{"line":536,"column":20},"end":{"line":546,"column":21}},"type":"if","locations":[{"start":{"line":536,"column":20},"end":{"line":546,"column":21}},{"start":{"line":541,"column":27},"end":{"line":546,"column":21}}]},"54":{"loc":{"start":{"line":550,"column":16},"end":{"line":577,"column":17}},"type":"if","locations":[{"start":{"line":550,"column":16},"end":{"line":577,"column":17}},{"start":{},"end":{}}]},"55":{"loc":{"start":{"line":579,"column":16},"end":{"line":616,"column":17}},"type":"if","locations":[{"start":{"line":579,"column":16},"end":{"line":616,"column":17}},{"start":{},"end":{}}]},"56":{"loc":{"start":{"line":620,"column":12},"end":{"line":628,"column":13}},"type":"if","locations":[{"start":{"line":620,"column":12},"end":{"line":628,"column":13}},{"start":{},"end":{}}]},"57":{"loc":{"start":{"line":620,"column":16},"end":{"line":621,"column":77}},"type":"binary-expr","locations":[{"start":{"line":620,"column":16},"end":{"line":620,"column":47}},{"start":{"line":620,"column":51},"end":{"line":620,"column":80}},{"start":{"line":621,"column":16},"end":{"line":621,"column":46}},{"start":{"line":621,"column":50},"end":{"line":621,"column":77}}]},"58":{"loc":{"start":{"line":632,"column":23},"end":{"line":632,"column":79}},"type":"cond-expr","locations":[{"start":{"line":632,"column":48},"end":{"line":632,"column":61}},{"start":{"line":632,"column":64},"end":{"line":632,"column":79}}]},"59":{"loc":{"start":{"line":633,"column":23},"end":{"line":633,"column":71}},"type":"cond-expr","locations":[{"start":{"line":633,"column":48},"end":{"line":633,"column":59}},{"start":{"line":633,"column":62},"end":{"line":633,"column":71}}]},"60":{"loc":{"start":{"line":638,"column":12},"end":{"line":643,"column":13}},"type":"if","locations":[{"start":{"line":638,"column":12},"end":{"line":643,"column":13}},{"start":{},"end":{}}]},"61":{"loc":{"start":{"line":638,"column":16},"end":{"line":638,"column":61}},"type":"binary-expr","locations":[{"start":{"line":638,"column":16},"end":{"line":638,"column":36}},{"start":{"line":638,"column":40},"end":{"line":638,"column":61}}]},"62":{"loc":{"start":{"line":652,"column":8},"end":{"line":656,"column":9}},"type":"if","locations":[{"start":{"line":652,"column":8},"end":{"line":656,"column":9}},{"start":{},"end":{}}]},"63":{"loc":{"start":{"line":662,"column":12},"end":{"line":722,"column":13}},"type":"if","locations":[{"start":{"line":662,"column":12},"end":{"line":722,"column":13}},{"start":{},"end":{}}]},"64":{"loc":{"start":{"line":668,"column":16},"end":{"line":674,"column":17}},"type":"if","locations":[{"start":{"line":668,"column":16},"end":{"line":674,"column":17}},{"start":{},"end":{}}]},"65":{"loc":{"start":{"line":679,"column":30},"end":{"line":679,"column":66}},"type":"cond-expr","locations":[{"start":{"line":679,"column":47},"end":{"line":679,"column":55}},{"start":{"line":679,"column":58},"end":{"line":679,"column":66}}]},"66":{"loc":{"start":{"line":682,"column":16},"end":{"line":687,"column":17}},"type":"if","locations":[{"start":{"line":682,"column":16},"end":{"line":687,"column":17}},{"start":{},"end":{}}]},"67":{"loc":{"start":{"line":689,"column":16},"end":{"line":694,"column":17}},"type":"if","locations":[{"start":{"line":689,"column":16},"end":{"line":694,"column":17}},{"start":{},"end":{}}]},"68":{"loc":{"start":{"line":724,"column":12},"end":{"line":739,"column":13}},"type":"if","locations":[{"start":{"line":724,"column":12},"end":{"line":739,"column":13}},{"start":{},"end":{}}]},"69":{"loc":{"start":{"line":727,"column":16},"end":{"line":737,"column":17}},"type":"if","locations":[{"start":{"line":727,"column":16},"end":{"line":737,"column":17}},{"start":{"line":732,"column":23},"end":{"line":737,"column":17}}]},"70":{"loc":{"start":{"line":741,"column":12},"end":{"line":756,"column":13}},"type":"if","locations":[{"start":{"line":741,"column":12},"end":{"line":756,"column":13}},{"start":{},"end":{}}]},"71":{"loc":{"start":{"line":744,"column":16},"end":{"line":754,"column":17}},"type":"if","locations":[{"start":{"line":744,"column":16},"end":{"line":754,"column":17}},{"start":{"line":749,"column":23},"end":{"line":754,"column":17}}]},"72":{"loc":{"start":{"line":758,"column":12},"end":{"line":816,"column":13}},"type":"if","locations":[{"start":{"line":758,"column":12},"end":{"line":816,"column":13}},{"start":{},"end":{}}]},"73":{"loc":{"start":{"line":764,"column":16},"end":{"line":770,"column":17}},"type":"if","locations":[{"start":{"line":764,"column":16},"end":{"line":770,"column":17}},{"start":{},"end":{}}]},"74":{"loc":{"start":{"line":776,"column":42},"end":{"line":776,"column":76}},"type":"cond-expr","locations":[{"start":{"line":776,"column":55},"end":{"line":776,"column":72}},{"start":{"line":776,"column":75},"end":{"line":776,"column":76}}]},"75":{"loc":{"start":{"line":778,"column":16},"end":{"line":793,"column":17}},"type":"if","locations":[{"start":{"line":778,"column":16},"end":{"line":793,"column":17}},{"start":{"line":780,"column":23},"end":{"line":793,"column":17}}]},"76":{"loc":{"start":{"line":778,"column":20},"end":{"line":778,"column":58}},"type":"binary-expr","locations":[{"start":{"line":778,"column":20},"end":{"line":778,"column":31}},{"start":{"line":778,"column":35},"end":{"line":778,"column":58}}]},"77":{"loc":{"start":{"line":782,"column":41},"end":{"line":782,"column":68}},"type":"cond-expr","locations":[{"start":{"line":782,"column":58},"end":{"line":782,"column":62}},{"start":{"line":782,"column":65},"end":{"line":782,"column":68}}]},"78":{"loc":{"start":{"line":787,"column":20},"end":{"line":792,"column":21}},"type":"if","locations":[{"start":{"line":787,"column":20},"end":{"line":792,"column":21}},{"start":{},"end":{}}]},"79":{"loc":{"start":{"line":807,"column":41},"end":{"line":807,"column":90}},"type":"binary-expr","locations":[{"start":{"line":807,"column":41},"end":{"line":807,"column":52}},{"start":{"line":807,"column":56},"end":{"line":807,"column":90}}]},"80":{"loc":{"start":{"line":820,"column":23},"end":{"line":820,"column":79}},"type":"cond-expr","locations":[{"start":{"line":820,"column":48},"end":{"line":820,"column":61}},{"start":{"line":820,"column":64},"end":{"line":820,"column":79}}]},"81":{"loc":{"start":{"line":821,"column":23},"end":{"line":821,"column":71}},"type":"cond-expr","locations":[{"start":{"line":821,"column":48},"end":{"line":821,"column":59}},{"start":{"line":821,"column":62},"end":{"line":821,"column":71}}]},"82":{"loc":{"start":{"line":826,"column":12},"end":{"line":831,"column":13}},"type":"if","locations":[{"start":{"line":826,"column":12},"end":{"line":831,"column":13}},{"start":{},"end":{}}]},"83":{"loc":{"start":{"line":826,"column":16},"end":{"line":826,"column":61}},"type":"binary-expr","locations":[{"start":{"line":826,"column":16},"end":{"line":826,"column":36}},{"start":{"line":826,"column":40},"end":{"line":826,"column":61}}]},"84":{"loc":{"start":{"line":840,"column":8},"end":{"line":844,"column":9}},"type":"if","locations":[{"start":{"line":840,"column":8},"end":{"line":844,"column":9}},{"start":{},"end":{}}]},"85":{"loc":{"start":{"line":853,"column":12},"end":{"line":904,"column":13}},"type":"if","locations":[{"start":{"line":853,"column":12},"end":{"line":904,"column":13}},{"start":{},"end":{}}]},"86":{"loc":{"start":{"line":858,"column":16},"end":{"line":867,"column":17}},"type":"if","locations":[{"start":{"line":858,"column":16},"end":{"line":867,"column":17}},{"start":{},"end":{}}]},"87":{"loc":{"start":{"line":858,"column":20},"end":{"line":858,"column":51}},"type":"binary-expr","locations":[{"start":{"line":858,"column":20},"end":{"line":858,"column":30}},{"start":{"line":858,"column":34},"end":{"line":858,"column":51}}]},"88":{"loc":{"start":{"line":860,"column":20},"end":{"line":866,"column":21}},"type":"if","locations":[{"start":{"line":860,"column":20},"end":{"line":866,"column":21}},{"start":{},"end":{}}]},"89":{"loc":{"start":{"line":869,"column":81},"end":{"line":869,"column":101}},"type":"binary-expr","locations":[{"start":{"line":869,"column":81},"end":{"line":869,"column":88}},{"start":{"line":869,"column":92},"end":{"line":869,"column":101}}]},"90":{"loc":{"start":{"line":877,"column":16},"end":{"line":882,"column":17}},"type":"if","locations":[{"start":{"line":877,"column":16},"end":{"line":882,"column":17}},{"start":{},"end":{}}]},"91":{"loc":{"start":{"line":906,"column":12},"end":{"line":930,"column":13}},"type":"if","locations":[{"start":{"line":906,"column":12},"end":{"line":930,"column":13}},{"start":{},"end":{}}]},"92":{"loc":{"start":{"line":912,"column":16},"end":{"line":928,"column":17}},"type":"if","locations":[{"start":{"line":912,"column":16},"end":{"line":928,"column":17}},{"start":{"line":923,"column":23},"end":{"line":928,"column":17}}]},"93":{"loc":{"start":{"line":932,"column":12},"end":{"line":950,"column":13}},"type":"if","locations":[{"start":{"line":932,"column":12},"end":{"line":950,"column":13}},{"start":{},"end":{}}]},"94":{"loc":{"start":{"line":938,"column":16},"end":{"line":948,"column":17}},"type":"if","locations":[{"start":{"line":938,"column":16},"end":{"line":948,"column":17}},{"start":{"line":943,"column":23},"end":{"line":948,"column":17}}]},"95":{"loc":{"start":{"line":954,"column":23},"end":{"line":954,"column":79}},"type":"cond-expr","locations":[{"start":{"line":954,"column":48},"end":{"line":954,"column":61}},{"start":{"line":954,"column":64},"end":{"line":954,"column":79}}]},"96":{"loc":{"start":{"line":955,"column":23},"end":{"line":955,"column":71}},"type":"cond-expr","locations":[{"start":{"line":955,"column":48},"end":{"line":955,"column":59}},{"start":{"line":955,"column":62},"end":{"line":955,"column":71}}]},"97":{"loc":{"start":{"line":960,"column":12},"end":{"line":965,"column":13}},"type":"if","locations":[{"start":{"line":960,"column":12},"end":{"line":965,"column":13}},{"start":{},"end":{}}]},"98":{"loc":{"start":{"line":960,"column":16},"end":{"line":960,"column":61}},"type":"binary-expr","locations":[{"start":{"line":960,"column":16},"end":{"line":960,"column":36}},{"start":{"line":960,"column":40},"end":{"line":960,"column":61}}]}},"s":{"0":0,"1":0,"2":0,"3":0,"4":0,"5":0,"6":0,"7":0,"8":0,"9":0,"10":0,"11":0,"12":0,"13":0,"14":0,"15":0,"16":0,"17":0,"18":0,"19":0,"20":0,"21":0,"22":0,"23":0,"24":0,"25":0,"26":0,"27":0,"28":0,"29":0,"30":0,"31":0,"32":0,"33":0,"34":0,"35":0,"36":0,"37":0,"38":0,"39":0,"40":0,"41":0,"42":0,"43":0,"44":0,"45":0,"46":0,"47":0,"48":0,"49":0,"50":0,"51":0,"52":0,"53":0,"54":0,"55":0,"56":0,"57":0,"58":0,"59":0,"60":0,"61":0,"62":0,"63":0,"64":0,"65":0,"66":0,"67":0,"68":0,"69":0,"70":0,"71":0,"72":0,"73":0,"74":0,"75":0,"76":0,"77":0,"78":0,"79":0,"80":0,"81":0,"82":0,"83":0,"84":0,"85":0,"86":0,"87":0,"88":0,"89":0,"90":0,"91":0,"92":0,"93":0,"94":0,"95":0,"96":0,"97":0,"98":0,"99":0,"100":0,"101":0,"102":0,"103":0,"104":0,"105":0,"106":0,"107":0,"108":0,"109":0,"110":0,"111":0,"112":0,"113":0,"114":0,"115":0,"116":0,"117":0,"118":0,"119":0,"120":0,"121":0,"122":0,"123":0,"124":0,"125":0,"126":0,"127":0,"128":0,"129":0,"130":0,"131":0,"132":0,"133":0,"134":0,"135":0,"136":0,"137":0,"138":0,"139":0,"140":0,"141":0,"142":0,"143":0,"144":0,"145":0,"146":0,"147":0,"148":0,"149":0,"150":0,"151":0,"152":0,"153":0,"154":0,"155":0,"156":0,"157":0,"158":0,"159":0,"160":0,"161":0,"162":0,"163":0,"164":0,"165":0,"166":0,"167":0,"168":0,"169":0,"170":0,"171":0,"172":0,"173":0,"174":0,"175":0,"176":0,"177":0,"178":0,"179":0,"180":0,"181":0,"182":0,"183":0,"184":0,"185":0,"186":0,"187":0,"188":0,"189":0,"190":0,"191":0,"192":0,"193":0,"194":0,"195":0,"196":0,"197":0,"198":0,"199":0,"200":0,"201":0,"202":0,"203":0,"204":0,"205":0,"206":0,"207":0,"208":0,"209":0,"210":0,"211":0,"212":0,"213":0,"214":0,"215":0,"216":0,"217":0,"218":0,"219":0,"220":0,"221":0,"222":0,"223":0,"224":0,"225":0,"226":0,"227":0,"228":0,"229":0,"230":0,"231":0,"232":0,"233":0,"234":0,"235":0,"236":0,"237":0,"238":0,"239":0,"240":0,"241":0,"242":0,"243":0,"244":0,"245":0,"246":0,"247":0,"248":0,"249":0,"250":0,"251":0,"252":0,"253":0,"254":0,"255":0,"256":0,"257":0,"258":0,"259":0,"260":0,"261":0,"262":0,"263":0,"264":0,"265":0,"266":0,"267":0,"268":0,"269":0,"270":0,"271":0,"272":0,"273":0,"274":0,"275":0,"276":0,"277":0,"278":0,"279":0,"280":0,"281":0,"282":0,"283":0,"284":0,"285":0,"286":0,"287":0,"288":0,"289":0,"290":0,"291":0,"292":0,"293":0,"294":0,"295":0,"296":0,"297":0,"298":0,"299":0,"300":0,"301":0,"302":0,"303":0,"304":0,"305":0,"306":0,"307":0,"308":0,"309":0,"310":0,"311":0,"312":0,"313":0,"314":0},"f":{"0":0,"1":0,"2":0,"3":0,"4":0,"5":0,"6":0,"7":0,"8":0,"9":0,"10":0,"11":0,"12":0,"13":0,"14":0,"15":0,"16":0},"b":{"0":[0,0],"1":[0,0],"2":[0,0],"3":[0,0],"4":[0,0,0,0],"5":[0,0],"6":[0,0],"7":[0,0],"8":[0,0],"9":[0,0],"10":[0,0],"11":[0,0],"12":[0,0],"13":[0,0],"14":[0,0],"15":[0,0],"16":[0,0],"17":[0,0],"18":[0,0],"19":[0,0,0],"20":[0,0],"21":[0,0],"22":[0,0],"23":[0,0],"24":[0,0],"25":[0,0],"26":[0,0],"27":[0,0],"28":[0,0],"29":[0,0],"30":[0,0],"31":[0,0],"32":[0,0],"33":[0,0],"34":[0,0],"35":[0,0],"36":[0,0],"37":[0,0],"38":[0,0],"39":[0,0],"40":[0,0],"41":[0,0],"42":[0,0],"43":[0,0],"44":[0,0],"45":[0,0],"46":[0,0],"47":[0,0],"48":[0,0],"49":[0,0],"50":[0,0],"51":[0,0],"52":[0,0],"53":[0,0],"54":[0,0],"55":[0,0],"56":[0,0],"57":[0,0,0,0],"58":[0,0],"59":[0,0],"60":[0,0],"61":[0,0],"62":[0,0],"63":[0,0],"64":[0,0],"65":[0,0],"66":[0,0],"67":[0,0],"68":[0,0],"69":[0,0],"70":[0,0],"71":[0,0],"72":[0,0],"73":[0,0],"74":[0,0],"75":[0,0],"76":[0,0],"77":[0,0],"78":[0,0],"79":[0,0],"80":[0,0],"81":[0,0],"82":[0,0],"83":[0,0],"84":[0,0],"85":[0,0],"86":[0,0],"87":[0,0],"88":[0,0],"89":[0,0],"90":[0,0],"91":[0,0],"92":[0,0],"93":[0,0],"94":[0,0],"95":[0,0],"96":[0,0],"97":[0,0],"98":[0,0]}}}}
