TN:
SF:utils\interactions\handlers\taskHandlers.ts
FN:37,handleTaskButton
FN:89,(anonymous_1)
FN:183,(anonymous_2)
FN:184,(anonymous_3)
FNF:4
FNH:2
FNDA:11,handleTaskButton
FNDA:2,(anonymous_1)
FNDA:0,(anonymous_2)
FNDA:0,(anonymous_3)
DA:9,1
DA:19,1
DA:20,1
DA:37,1
DA:38,11
DA:39,11
DA:40,11
DA:42,11
DA:43,1
DA:44,1
DA:47,10
DA:49,10
DA:51,10
DA:52,1
DA:56,1
DA:63,1
DA:70,1
DA:71,1
DA:73,1
DA:74,1
DA:75,1
DA:79,9
DA:80,2
DA:81,2
DA:82,1
DA:83,1
DA:86,1
DA:89,2
DA:95,1
DA:96,1
DA:101,1
DA:105,7
DA:106,3
DA:107,3
DA:108,2
DA:109,1
DA:114,1
DA:119,2
DA:123,4
DA:124,2
DA:125,2
DA:129,2
DA:130,1
DA:134,1
DA:137,1
DA:141,1
DA:149,1
DA:150,1
DA:151,1
DA:152,1
DA:156,2
DA:157,2
DA:158,2
DA:159,2
DA:160,1
DA:165,1
DA:170,2
DA:174,0
DA:175,0
DA:177,0
DA:178,0
DA:180,0
DA:183,0
DA:185,0
DA:186,0
DA:191,0
DA:193,0
DA:196,1
LF:68
LH:58
BRDA:42,0,0,1
BRDA:42,0,1,10
BRDA:51,1,0,1
BRDA:51,1,1,9
BRDA:79,2,0,2
BRDA:79,2,1,7
BRDA:81,3,0,1
BRDA:81,3,1,1
BRDA:81,4,0,2
BRDA:81,4,1,2
BRDA:91,5,0,0
BRDA:91,5,1,2
BRDA:105,6,0,3
BRDA:105,6,1,4
BRDA:108,7,0,1
BRDA:108,7,1,1
BRDA:123,8,0,2
BRDA:123,8,1,2
BRDA:129,9,0,1
BRDA:129,9,1,1
BRDA:156,10,0,2
BRDA:156,10,1,0
BRDA:159,11,0,1
BRDA:159,11,1,1
BRDA:174,12,0,0
BRDA:174,12,1,0
BRDA:174,13,0,0
BRDA:174,13,1,0
BRDA:174,13,2,0
BRDA:175,14,0,0
BRDA:175,14,1,0
BRDA:178,15,0,0
BRDA:178,15,1,0
BRDA:185,16,0,0
BRDA:185,16,1,0
BRF:35
BRH:22
end_of_record
TN:
SF:utils\interactions\helpers\databaseHelper.ts
FN:5,getModels
FNF:1
FNH:0
FNDA:0,getModels
DA:3,1
DA:5,1
DA:6,0
DA:7,0
DA:10,0
DA:11,0
DA:12,0
DA:15,0
DA:16,0
DA:17,0
DA:19,0
DA:20,0
LF:12
LH:2
BRDA:6,0,0,0
BRDA:6,0,1,0
BRDA:15,1,0,0
BRDA:15,1,1,0
BRDA:16,2,0,0
BRDA:16,2,1,0
BRDA:17,3,0,0
BRDA:17,3,1,0
BRF:8
BRH:0
end_of_record
TN:
SF:utils\interactions\responses\errorResponses.ts
FN:6,handleInteractionError
FN:39,sendErrorEmbed
FNF:2
FNH:1
FNDA:1,handleInteractionError
FNDA:0,sendErrorEmbed
DA:2,1
DA:6,1
DA:11,1
DA:12,1
DA:14,1
DA:23,1
DA:25,1
DA:26,1
DA:27,0
DA:29,1
DA:32,0
DA:39,1
DA:44,0
DA:45,0
DA:55,0
DA:56,0
DA:58,0
DA:61,0
LF:18
LH:10
BRDA:11,0,0,1
BRDA:11,0,1,0
BRDA:12,1,0,1
BRDA:12,1,1,0
BRDA:20,2,0,1
BRDA:20,2,1,0
BRDA:26,3,0,0
BRDA:26,3,1,1
BRDA:26,4,0,1
BRDA:26,4,1,1
BRDA:34,5,0,0
BRDA:34,5,1,0
BRDA:55,6,0,0
BRDA:55,6,1,0
BRDA:55,7,0,0
BRDA:55,7,1,0
BRDA:62,8,0,0
BRDA:62,8,1,0
BRF:18
BRH:6
end_of_record
