TN:
SF:commands\budget.ts
FN:38,(anonymous_1)
FN:42,(anonymous_2)
FN:46,(anonymous_3)
FN:50,(anonymous_4)
FN:54,(anonymous_5)
FN:58,(anonymous_6)
FN:62,(anonymous_7)
FN:66,(anonymous_8)
FN:70,(anonymous_9)
FN:76,(anonymous_10)
FN:80,(anonymous_11)
FN:84,(anonymous_12)
FN:90,(anonymous_13)
FN:94,(anonymous_14)
FN:101,(anonymous_15)
FN:198,(anonymous_16)
FN:226,(anonymous_17)
FN:257,(anonymous_18)
FN:281,(anonymous_19)
FNF:19
FNH:15
FNDA:5,(anonymous_1)
FNDA:5,(anonymous_2)
FNDA:5,(anonymous_3)
FNDA:5,(anonymous_4)
FNDA:5,(anonymous_5)
FNDA:5,(anonymous_6)
FNDA:5,(anonymous_7)
FNDA:5,(anonymous_8)
FNDA:5,(anonymous_9)
FNDA:5,(anonymous_10)
FNDA:5,(anonymous_11)
FNDA:5,(anonymous_12)
FNDA:5,(anonymous_13)
FNDA:5,(anonymous_14)
FNDA:17,(anonymous_15)
FNDA:0,(anonymous_16)
FNDA:0,(anonymous_17)
FNDA:0,(anonymous_18)
FNDA:0,(anonymous_19)
DA:1,5
DA:6,5
DA:7,5
DA:34,5
DA:39,5
DA:43,5
DA:47,5
DA:51,5
DA:55,5
DA:59,5
DA:63,5
DA:67,5
DA:71,5
DA:77,5
DA:81,5
DA:85,5
DA:91,5
DA:95,5
DA:104,17
DA:105,17
DA:106,17
DA:108,17
DA:109,1
DA:112,1
DA:115,16
DA:116,16
DA:118,6
DA:119,6
DA:120,6
DA:122,6
DA:123,2
DA:127,2
DA:130,4
DA:132,3
DA:142,3
DA:143,3
DA:146,3
DA:147,3
DA:151,1
DA:152,1
DA:154,1
DA:155,0
DA:159,0
DA:162,1
DA:164,1
DA:171,1
DA:172,1
DA:175,1
DA:176,1
DA:180,2
DA:181,2
DA:183,0
DA:187,0
DA:197,0
DA:198,0
DA:199,0
DA:201,0
DA:204,0
DA:206,0
DA:207,0
DA:211,0
DA:213,0
DA:214,0
DA:218,0
DA:221,0
DA:226,0
DA:227,0
DA:228,0
DA:231,0
DA:233,0
DA:234,0
DA:237,0
DA:238,0
DA:242,0
DA:244,0
DA:245,0
DA:249,0
DA:252,0
DA:257,0
DA:258,0
DA:259,0
DA:260,0
DA:261,0
DA:262,0
DA:265,0
DA:266,0
DA:268,0
DA:269,0
DA:273,0
DA:274,0
DA:276,0
DA:281,0
DA:282,0
DA:283,0
DA:284,0
DA:287,0
DA:289,0
DA:290,0
DA:294,3
DA:295,3
DA:297,3
DA:306,3
DA:311,3
DA:312,2
DA:314,1
LF:105
LH:56
BRDA:108,0,0,1
BRDA:108,0,1,16
BRDA:116,1,0,6
BRDA:116,1,1,1
BRDA:116,1,2,2
BRDA:116,1,3,0
BRDA:116,1,4,0
BRDA:116,1,5,0
BRDA:122,2,0,2
BRDA:122,2,1,4
BRDA:142,3,0,3
BRDA:142,3,1,0
BRDA:154,4,0,0
BRDA:154,4,1,1
BRDA:171,5,0,1
BRDA:171,5,1,0
BRDA:183,6,0,0
BRDA:183,6,1,0
BRDA:194,7,0,0
BRDA:194,7,1,0
BRDA:197,8,0,0
BRDA:197,8,1,0
BRDA:213,9,0,0
BRDA:213,9,1,0
BRDA:233,10,0,0
BRDA:233,10,1,0
BRDA:242,11,0,0
BRDA:242,11,1,0
BRDA:244,12,0,0
BRDA:244,12,1,0
BRDA:258,13,0,0
BRDA:258,13,1,0
BRDA:259,14,0,0
BRDA:259,14,1,0
BRDA:261,15,0,0
BRDA:261,15,1,0
BRDA:273,16,0,0
BRDA:273,16,1,0
BRDA:283,17,0,0
BRDA:283,17,1,0
BRDA:294,18,0,3
BRDA:294,18,1,0
BRDA:295,19,0,3
BRDA:295,19,1,0
BRDA:311,20,0,2
BRDA:311,20,1,1
BRDA:311,21,0,3
BRDA:311,21,1,3
BRF:48
BRH:16
end_of_record
TN:
SF:commands\list.ts
FN:18,(anonymous_1)
FN:22,(anonymous_2)
FN:26,(anonymous_3)
FN:30,(anonymous_4)
FN:35,(anonymous_5)
FN:39,(anonymous_6)
FN:43,(anonymous_7)
FN:48,(anonymous_8)
FN:52,(anonymous_9)
FN:57,(anonymous_10)
FN:62,(anonymous_11)
FN:66,(anonymous_12)
FN:71,(anonymous_13)
FN:75,(anonymous_14)
FN:80,(anonymous_15)
FN:84,(anonymous_16)
FN:88,(anonymous_17)
FN:93,(anonymous_18)
FN:99,(anonymous_19)
FN:112,(anonymous_20)
FN:114,(anonymous_21)
FN:119,(anonymous_22)
FN:126,(anonymous_23)
FN:127,(anonymous_24)
FN:132,(anonymous_25)
FN:151,(anonymous_26)
FN:247,(anonymous_27)
FN:254,(anonymous_28)
FN:270,(anonymous_29)
FN:276,(anonymous_30)
FN:363,(anonymous_31)
FN:365,(anonymous_32)
FN:377,(anonymous_33)
FN:407,(anonymous_34)
FNF:34
FNH:19
FNDA:5,(anonymous_1)
FNDA:5,(anonymous_2)
FNDA:5,(anonymous_3)
FNDA:5,(anonymous_4)
FNDA:5,(anonymous_5)
FNDA:5,(anonymous_6)
FNDA:5,(anonymous_7)
FNDA:5,(anonymous_8)
FNDA:5,(anonymous_9)
FNDA:5,(anonymous_10)
FNDA:5,(anonymous_11)
FNDA:5,(anonymous_12)
FNDA:5,(anonymous_13)
FNDA:5,(anonymous_14)
FNDA:5,(anonymous_15)
FNDA:5,(anonymous_16)
FNDA:5,(anonymous_17)
FNDA:5,(anonymous_18)
FNDA:0,(anonymous_19)
FNDA:0,(anonymous_20)
FNDA:0,(anonymous_21)
FNDA:0,(anonymous_22)
FNDA:0,(anonymous_23)
FNDA:0,(anonymous_24)
FNDA:0,(anonymous_25)
FNDA:4,(anonymous_26)
FNDA:0,(anonymous_27)
FNDA:0,(anonymous_28)
FNDA:0,(anonymous_29)
FNDA:0,(anonymous_30)
FNDA:0,(anonymous_31)
FNDA:0,(anonymous_32)
FNDA:0,(anonymous_33)
FNDA:0,(anonymous_34)
DA:1,5
DA:11,5
DA:12,5
DA:14,5
DA:19,5
DA:23,5
DA:27,5
DA:31,5
DA:36,5
DA:40,5
DA:44,5
DA:49,5
DA:53,5
DA:58,5
DA:63,5
DA:67,5
DA:72,5
DA:76,5
DA:81,5
DA:85,5
DA:89,5
DA:94,5
DA:100,0
DA:101,0
DA:102,0
DA:104,0
DA:105,0
DA:106,0
DA:109,0
DA:110,0
DA:111,0
DA:112,0
DA:114,0
DA:115,0
DA:118,0
DA:119,0
DA:121,0
DA:122,0
DA:123,0
DA:124,0
DA:125,0
DA:126,0
DA:127,0
DA:128,0
DA:131,0
DA:132,0
DA:135,0
DA:138,0
DA:142,0
DA:147,0
DA:154,4
DA:155,4
DA:156,4
DA:158,4
DA:159,0
DA:162,0
DA:165,4
DA:166,4
DA:168,1
DA:169,1
DA:171,0
DA:172,0
DA:176,0
DA:179,0
DA:185,0
DA:199,0
DA:200,0
DA:204,0
DA:205,0
DA:206,0
DA:208,0
DA:209,0
DA:213,0
DA:216,0
DA:223,0
DA:224,0
DA:228,0
DA:229,0
DA:231,0
DA:232,0
DA:236,0
DA:239,0
DA:244,0
DA:245,0
DA:247,0
DA:248,0
DA:249,0
DA:252,0
DA:254,0
DA:255,0
DA:258,0
DA:270,0
DA:276,0
DA:279,0
DA:280,0
DA:284,0
DA:285,0
DA:286,0
DA:288,0
DA:289,0
DA:293,0
DA:296,0
DA:300,0
DA:304,0
DA:305,0
DA:307,0
DA:308,0
DA:312,0
DA:315,0
DA:319,0
DA:323,1
DA:325,1
DA:339,1
DA:344,1
DA:348,2
DA:350,0
DA:351,0
DA:355,0
DA:358,0
DA:363,0
DA:364,0
DA:365,0
DA:366,0
DA:369,0
DA:370,0
DA:372,0
DA:373,0
DA:377,0
DA:384,0
DA:387,0
DA:389,0
DA:391,0
DA:395,0
DA:396,0
DA:397,0
DA:399,0
DA:400,0
DA:404,0
DA:407,0
DA:408,0
DA:409,0
DA:413,0
DA:416,0
DA:418,0
DA:422,0
DA:426,3
DA:427,3
DA:429,3
DA:438,3
DA:443,3
DA:444,3
DA:446,0
LF:152
LH:41
BRDA:104,0,0,0
BRDA:104,0,1,0
BRDA:110,1,0,0
BRDA:110,1,1,0
BRDA:121,2,0,0
BRDA:121,2,1,0
BRDA:123,3,0,0
BRDA:123,3,1,0
BRDA:125,4,0,0
BRDA:125,4,1,0
BRDA:125,5,0,0
BRDA:125,5,1,0
BRDA:143,6,0,0
BRDA:143,6,1,0
BRDA:158,7,0,0
BRDA:158,7,1,4
BRDA:166,8,0,1
BRDA:166,8,1,0
BRDA:166,8,2,0
BRDA:166,8,3,0
BRDA:166,8,4,0
BRDA:166,8,5,1
BRDA:166,8,6,2
BRDA:166,8,7,0
BRDA:171,9,0,0
BRDA:171,9,1,0
BRDA:208,10,0,0
BRDA:208,10,1,0
BRDA:231,11,0,0
BRDA:231,11,1,0
BRDA:244,12,0,0
BRDA:244,12,1,0
BRDA:248,13,0,0
BRDA:248,13,1,0
BRDA:270,14,0,0
BRDA:270,14,1,0
BRDA:276,15,0,0
BRDA:276,15,1,0
BRDA:288,16,0,0
BRDA:288,16,1,0
BRDA:307,17,0,0
BRDA:307,17,1,0
BRDA:350,18,0,0
BRDA:350,18,1,0
BRDA:364,19,0,0
BRDA:364,19,1,0
BRDA:365,20,0,0
BRDA:365,20,1,0
BRDA:372,21,0,0
BRDA:372,21,1,0
BRDA:372,22,0,0
BRDA:372,22,1,0
BRDA:379,23,0,0
BRDA:379,23,1,0
BRDA:399,24,0,0
BRDA:399,24,1,0
BRDA:408,25,0,0
BRDA:408,25,1,0
BRDA:416,26,0,0
BRDA:416,26,1,0
BRDA:426,27,0,3
BRDA:426,27,1,0
BRDA:427,28,0,3
BRDA:427,28,1,0
BRDA:443,29,0,3
BRDA:443,29,1,0
BRDA:443,30,0,3
BRDA:443,30,1,3
BRF:68
BRH:9
end_of_record
TN:
SF:commands\note.ts
FN:19,(anonymous_1)
FN:23,(anonymous_2)
FN:27,(anonymous_3)
FN:31,(anonymous_4)
FN:35,(anonymous_5)
FN:39,(anonymous_6)
FN:43,(anonymous_7)
FN:48,(anonymous_8)
FN:52,(anonymous_9)
FN:57,(anonymous_10)
FN:61,(anonymous_11)
FN:65,(anonymous_12)
FN:69,(anonymous_13)
FN:74,(anonymous_14)
FN:78,(anonymous_15)
FN:82,(anonymous_16)
FN:86,(anonymous_17)
FN:90,(anonymous_18)
FN:94,(anonymous_19)
FN:99,(anonymous_20)
FN:113,(anonymous_21)
FN:115,(anonymous_22)
FN:120,(anonymous_23)
FN:133,(anonymous_24)
FN:153,(anonymous_25)
FN:185,(anonymous_26)
FN:206,(anonymous_27)
FN:240,(anonymous_28)
FN:283,(anonymous_29)
FN:302,(anonymous_30)
FN:315,(anonymous_31)
FN:366,(anonymous_32)
FN:390,(anonymous_33)
FNF:33
FNH:20
FNDA:4,(anonymous_1)
FNDA:4,(anonymous_2)
FNDA:4,(anonymous_3)
FNDA:4,(anonymous_4)
FNDA:4,(anonymous_5)
FNDA:4,(anonymous_6)
FNDA:4,(anonymous_7)
FNDA:4,(anonymous_8)
FNDA:4,(anonymous_9)
FNDA:4,(anonymous_10)
FNDA:4,(anonymous_11)
FNDA:4,(anonymous_12)
FNDA:4,(anonymous_13)
FNDA:4,(anonymous_14)
FNDA:4,(anonymous_15)
FNDA:4,(anonymous_16)
FNDA:4,(anonymous_17)
FNDA:4,(anonymous_18)
FNDA:4,(anonymous_19)
FNDA:0,(anonymous_20)
FNDA:0,(anonymous_21)
FNDA:0,(anonymous_22)
FNDA:0,(anonymous_23)
FNDA:3,(anonymous_24)
FNDA:0,(anonymous_25)
FNDA:0,(anonymous_26)
FNDA:0,(anonymous_27)
FNDA:0,(anonymous_28)
FNDA:0,(anonymous_29)
FNDA:0,(anonymous_30)
FNDA:0,(anonymous_31)
FNDA:0,(anonymous_32)
FNDA:0,(anonymous_33)
DA:1,4
DA:6,4
DA:7,4
DA:15,4
DA:20,4
DA:24,4
DA:28,4
DA:32,4
DA:36,4
DA:40,4
DA:44,4
DA:49,4
DA:53,4
DA:58,4
DA:62,4
DA:66,4
DA:70,4
DA:75,4
DA:79,4
DA:83,4
DA:87,4
DA:91,4
DA:95,4
DA:100,0
DA:101,0
DA:103,0
DA:104,0
DA:105,0
DA:108,0
DA:109,0
DA:111,0
DA:112,0
DA:113,0
DA:115,0
DA:116,0
DA:119,0
DA:120,0
DA:124,0
DA:129,0
DA:136,3
DA:137,3
DA:138,3
DA:140,3
DA:141,0
DA:144,0
DA:147,3
DA:148,3
DA:150,1
DA:151,1
DA:152,1
DA:153,1
DA:155,0
DA:162,0
DA:163,0
DA:166,0
DA:167,0
DA:170,1
DA:172,0
DA:173,0
DA:177,0
DA:180,0
DA:185,0
DA:186,0
DA:187,0
DA:188,0
DA:191,0
DA:193,0
DA:194,0
DA:196,0
DA:199,0
DA:200,0
DA:204,0
DA:205,0
DA:206,0
DA:208,0
DA:209,0
DA:213,0
DA:216,0
DA:225,0
DA:226,0
DA:229,0
DA:230,0
DA:233,0
DA:234,0
DA:238,0
DA:239,0
DA:240,0
DA:242,0
DA:243,0
DA:247,0
DA:250,0
DA:252,0
DA:253,0
DA:257,0
DA:260,0
DA:264,0
DA:268,0
DA:270,0
DA:271,0
DA:275,0
DA:278,0
DA:283,0
DA:284,0
DA:285,0
DA:288,0
DA:289,0
DA:291,0
DA:292,0
DA:296,0
DA:297,0
DA:298,0
DA:299,0
DA:301,0
DA:302,0
DA:304,0
DA:305,0
DA:309,0
DA:312,0
DA:313,0
DA:314,0
DA:315,0
DA:317,0
DA:318,0
DA:322,0
DA:325,0
DA:327,0
DA:328,0
DA:332,0
DA:335,0
DA:342,0
DA:343,0
DA:346,0
DA:347,0
DA:351,0
DA:353,0
DA:354,0
DA:358,0
DA:361,0
DA:366,0
DA:367,0
DA:370,0
DA:371,0
DA:373,0
DA:374,0
DA:378,0
DA:380,0
DA:381,0
DA:385,0
DA:388,0
DA:390,0
DA:395,0
DA:396,0
DA:400,2
DA:401,2
DA:403,2
DA:412,2
DA:417,2
DA:418,2
DA:420,0
LF:159
LH:40
BRDA:103,0,0,0
BRDA:103,0,1,0
BRDA:111,1,0,0
BRDA:111,1,1,0
BRDA:111,2,0,0
BRDA:111,2,1,0
BRDA:125,3,0,0
BRDA:125,3,1,0
BRDA:140,4,0,0
BRDA:140,4,1,3
BRDA:148,5,0,1
BRDA:148,5,1,1
BRDA:148,5,2,0
BRDA:148,5,3,0
BRDA:148,5,4,0
BRDA:148,5,5,0
BRDA:148,5,6,0
BRDA:148,5,7,0
BRDA:153,6,0,0
BRDA:153,6,1,1
BRDA:162,7,0,0
BRDA:162,7,1,0
BRDA:172,8,0,0
BRDA:172,8,1,0
BRDA:186,9,0,0
BRDA:186,9,1,0
BRDA:186,10,0,0
BRDA:186,10,1,0
BRDA:187,11,0,0
BRDA:187,11,1,0
BRDA:193,12,0,0
BRDA:193,12,1,0
BRDA:208,13,0,0
BRDA:208,13,1,0
BRDA:225,14,0,0
BRDA:225,14,1,0
BRDA:225,15,0,0
BRDA:225,15,1,0
BRDA:229,16,0,0
BRDA:229,16,1,0
BRDA:242,17,0,0
BRDA:242,17,1,0
BRDA:252,18,0,0
BRDA:252,18,1,0
BRDA:270,19,0,0
BRDA:270,19,1,0
BRDA:284,20,0,0
BRDA:284,20,1,0
BRDA:284,21,0,0
BRDA:284,21,1,0
BRDA:304,22,0,0
BRDA:304,22,1,0
BRDA:313,23,0,0
BRDA:313,23,1,0
BRDA:314,24,0,0
BRDA:314,24,1,0
BRDA:315,25,0,0
BRDA:315,25,1,0
BRDA:317,26,0,0
BRDA:317,26,1,0
BRDA:327,27,0,0
BRDA:327,27,1,0
BRDA:342,28,0,0
BRDA:342,28,1,0
BRDA:342,29,0,0
BRDA:342,29,1,0
BRDA:353,30,0,0
BRDA:353,30,1,0
BRDA:380,31,0,0
BRDA:380,31,1,0
BRDA:400,32,0,2
BRDA:400,32,1,0
BRDA:401,33,0,2
BRDA:401,33,1,0
BRDA:417,34,0,2
BRDA:417,34,1,0
BRDA:417,35,0,2
BRDA:417,35,1,2
BRF:78
BRH:9
end_of_record
TN:
SF:commands\random.ts
FN:58,(anonymous_0)
FN:62,(anonymous_1)
FN:66,(anonymous_2)
FN:70,(anonymous_3)
FN:74,(anonymous_4)
FN:78,(anonymous_5)
FN:82,(anonymous_6)
FN:86,(anonymous_7)
FN:91,(anonymous_8)
FN:95,(anonymous_9)
FN:99,(anonymous_10)
FN:105,(anonymous_11)
FN:112,(anonymous_12)
FN:233,(anonymous_13)
FN:233,(anonymous_14)
FNF:15
FNH:15
FNDA:1,(anonymous_0)
FNDA:1,(anonymous_1)
FNDA:1,(anonymous_2)
FNDA:1,(anonymous_3)
FNDA:1,(anonymous_4)
FNDA:1,(anonymous_5)
FNDA:1,(anonymous_6)
FNDA:1,(anonymous_7)
FNDA:1,(anonymous_8)
FNDA:1,(anonymous_9)
FNDA:1,(anonymous_10)
FNDA:1,(anonymous_11)
FNDA:11,(anonymous_12)
FNDA:5,(anonymous_13)
FNDA:5,(anonymous_14)
DA:1,1
DA:9,1
DA:12,1
DA:29,1
DA:36,1
DA:54,1
DA:59,1
DA:63,1
DA:67,1
DA:71,1
DA:75,1
DA:79,1
DA:83,1
DA:87,1
DA:92,1
DA:96,1
DA:100,1
DA:106,1
DA:115,11
DA:117,11
DA:118,11
DA:122,11
DA:124,0
DA:125,0
DA:126,0
DA:128,0
DA:137,0
DA:151,0
DA:152,0
DA:156,0
DA:157,0
DA:158,0
DA:160,0
DA:169,0
DA:188,0
DA:189,0
DA:193,1
DA:194,1
DA:200,1
DA:209,1
DA:210,1
DA:214,1
DA:215,1
DA:218,1
DA:227,1
DA:228,1
DA:232,2
DA:233,5
DA:235,2
DA:236,1
DA:240,1
DA:243,1
DA:244,1
DA:247,1
DA:248,1
DA:252,4
DA:254,3
DA:255,3
DA:258,3
DA:259,2
DA:263,1
DA:264,1
DA:265,1
DA:268,1
DA:277,1
DA:278,1
DA:282,2
DA:283,2
DA:284,2
DA:285,2
DA:287,2
DA:288,4
DA:289,4
DA:290,4
DA:293,2
DA:296,2
DA:297,1
DA:299,1
DA:305,2
DA:306,2
DA:311,2
DA:312,2
DA:314,2
DA:320,2
LF:84
LH:70
BRDA:122,0,0,0
BRDA:122,0,1,0
BRDA:122,0,2,1
BRDA:122,0,3,1
BRDA:122,0,4,2
BRDA:122,0,5,4
BRDA:122,0,6,1
BRDA:122,0,7,2
BRDA:235,1,0,1
BRDA:235,1,1,1
BRDA:263,2,0,1
BRDA:263,2,1,0
BRDA:264,3,0,1
BRDA:264,3,1,0
BRDA:282,4,0,2
BRDA:282,4,1,1
BRDA:283,5,0,2
BRDA:283,5,1,1
BRDA:296,6,0,1
BRDA:296,6,1,1
BRDA:311,7,0,2
BRDA:311,7,1,0
BRDA:312,8,0,2
BRDA:312,8,1,0
BRF:24
BRH:18
end_of_record
TN:
SF:commands\remind.ts
FN:16,parseTimeToMilitaryFormat
FN:42,formatTimeTo12Hour
FN:60,(anonymous_3)
FN:64,(anonymous_4)
FN:68,(anonymous_5)
FN:72,(anonymous_6)
FN:76,(anonymous_7)
FN:80,(anonymous_8)
FN:84,(anonymous_9)
FN:88,(anonymous_10)
FN:92,(anonymous_11)
FN:105,(anonymous_12)
FN:109,(anonymous_13)
FN:113,(anonymous_14)
FN:117,(anonymous_15)
FN:123,(anonymous_16)
FN:361,(anonymous_17)
FN:413,(anonymous_18)
FN:496,(anonymous_19)
FN:512,(anonymous_20)
FN:529,(anonymous_21)
FNF:21
FNH:14
FNDA:0,parseTimeToMilitaryFormat
FNDA:0,formatTimeTo12Hour
FNDA:3,(anonymous_3)
FNDA:3,(anonymous_4)
FNDA:3,(anonymous_5)
FNDA:3,(anonymous_6)
FNDA:3,(anonymous_7)
FNDA:3,(anonymous_8)
FNDA:3,(anonymous_9)
FNDA:3,(anonymous_10)
FNDA:3,(anonymous_11)
FNDA:3,(anonymous_12)
FNDA:3,(anonymous_13)
FNDA:3,(anonymous_14)
FNDA:3,(anonymous_15)
FNDA:2,(anonymous_16)
FNDA:0,(anonymous_17)
FNDA:0,(anonymous_18)
FNDA:0,(anonymous_19)
FNDA:0,(anonymous_20)
FNDA:0,(anonymous_21)
DA:1,3
DA:11,3
DA:12,3
DA:13,3
DA:17,0
DA:20,0
DA:21,0
DA:22,0
DA:23,0
DA:24,0
DA:26,0
DA:27,0
DA:29,0
DA:30,0
DA:31,0
DA:32,0
DA:35,0
DA:38,0
DA:43,0
DA:44,0
DA:45,0
DA:47,0
DA:48,0
DA:49,0
DA:50,0
DA:53,0
DA:56,3
DA:61,3
DA:65,3
DA:69,3
DA:73,3
DA:77,3
DA:81,3
DA:85,3
DA:89,3
DA:93,3
DA:106,3
DA:110,3
DA:114,3
DA:118,3
DA:126,2
DA:127,2
DA:128,2
DA:129,2
DA:131,2
DA:132,0
DA:135,0
DA:138,2
DA:139,2
DA:143,2
DA:146,0
DA:147,0
DA:149,0
DA:150,0
DA:152,0
DA:153,0
DA:154,0
DA:158,0
DA:161,0
DA:166,0
DA:167,0
DA:168,0
DA:171,0
DA:182,0
DA:201,0
DA:202,0
DA:206,0
DA:207,0
DA:209,0
DA:210,0
DA:211,0
DA:215,0
DA:218,0
DA:223,0
DA:224,0
DA:225,0
DA:228,0
DA:239,0
DA:258,0
DA:259,0
DA:263,0
DA:264,0
DA:265,0
DA:267,0
DA:268,0
DA:269,0
DA:273,0
DA:276,0
DA:281,0
DA:282,0
DA:283,0
DA:286,0
DA:288,0
DA:300,0
DA:319,0
DA:320,0
DA:323,0
DA:325,0
DA:326,0
DA:332,0
DA:351,0
DA:352,0
DA:355,0
DA:361,0
DA:362,0
DA:363,0
DA:364,0
DA:367,0
DA:368,0
DA:369,0
DA:370,0
DA:371,0
DA:372,0
DA:373,0
DA:374,0
DA:375,0
DA:377,0
DA:380,0
DA:383,0
DA:385,0
DA:386,0
DA:389,0
DA:390,0
DA:404,0
DA:407,0
DA:408,0
DA:414,0
DA:415,0
DA:419,0
DA:427,0
DA:430,0
DA:431,0
DA:435,0
DA:436,0
DA:438,0
DA:439,0
DA:443,0
DA:446,0
DA:452,0
DA:466,0
DA:467,0
DA:471,0
DA:472,0
DA:474,0
DA:483,0
DA:488,0
DA:489,0
DA:491,0
DA:497,0
DA:499,0
DA:500,0
DA:501,0
DA:503,0
DA:504,0
DA:505,0
DA:508,0
DA:509,0
DA:511,0
DA:512,0
DA:513,0
DA:517,0
DA:518,0
DA:519,0
DA:522,0
DA:529,0
DA:530,0
DA:534,0
DA:536,0
DA:541,0
LF:169
LH:26
BRDA:21,0,0,0
BRDA:21,0,1,0
BRDA:26,1,0,0
BRDA:26,1,1,0
BRDA:26,2,0,0
BRDA:26,2,1,0
BRDA:27,3,0,0
BRDA:27,3,1,0
BRDA:27,4,0,0
BRDA:27,4,1,0
BRDA:29,5,0,0
BRDA:29,5,1,0
BRDA:29,6,0,0
BRDA:29,6,1,0
BRDA:31,7,0,0
BRDA:31,7,1,0
BRDA:31,8,0,0
BRDA:31,8,1,0
BRDA:45,9,0,0
BRDA:45,9,1,0
BRDA:47,10,0,0
BRDA:47,10,1,0
BRDA:49,11,0,0
BRDA:49,11,1,0
BRDA:131,12,0,0
BRDA:131,12,1,2
BRDA:138,13,0,2
BRDA:138,13,1,0
BRDA:147,14,0,0
BRDA:147,14,1,0
BRDA:147,14,2,0
BRDA:147,14,3,0
BRDA:147,14,4,0
BRDA:153,15,0,0
BRDA:153,15,1,0
BRDA:167,16,0,0
BRDA:167,16,1,0
BRDA:177,17,0,0
BRDA:177,17,1,0
BRDA:210,18,0,0
BRDA:210,18,1,0
BRDA:224,19,0,0
BRDA:224,19,1,0
BRDA:234,20,0,0
BRDA:234,20,1,0
BRDA:268,21,0,0
BRDA:268,21,1,0
BRDA:282,22,0,0
BRDA:282,22,1,0
BRDA:295,23,0,0
BRDA:295,23,1,0
BRDA:325,24,0,0
BRDA:325,24,1,0
BRDA:367,25,0,0
BRDA:367,25,1,0
BRDA:370,26,0,0
BRDA:370,26,1,0
BRDA:370,27,0,0
BRDA:370,27,1,0
BRDA:370,27,2,0
BRDA:373,28,0,0
BRDA:373,28,1,0
BRDA:380,29,0,0
BRDA:380,29,1,0
BRDA:385,30,0,0
BRDA:385,30,1,0
BRDA:407,31,0,0
BRDA:407,31,1,0
BRDA:407,32,0,0
BRDA:407,32,1,0
BRDA:415,33,0,0
BRDA:415,33,1,0
BRDA:415,34,0,0
BRDA:415,34,1,0
BRDA:415,34,2,0
BRDA:423,35,0,0
BRDA:423,35,1,0
BRDA:423,36,0,0
BRDA:423,36,1,0
BRDA:438,37,0,0
BRDA:438,37,1,0
BRDA:471,38,0,0
BRDA:471,38,1,0
BRDA:472,39,0,0
BRDA:472,39,1,0
BRDA:488,40,0,0
BRDA:488,40,1,0
BRDA:488,41,0,0
BRDA:488,41,1,0
BRDA:499,42,0,0
BRDA:499,42,1,0
BRDA:503,43,0,0
BRDA:503,43,1,0
BRDA:513,44,0,0
BRDA:513,44,1,0
BRDA:518,45,0,0
BRDA:518,45,1,0
BRDA:518,46,0,0
BRDA:518,46,1,0
BRDA:518,46,2,0
BRDA:530,47,0,0
BRDA:530,47,1,0
BRDA:537,48,0,0
BRDA:537,48,1,0
BRF:104
BRH:2
end_of_record
TN:
SF:commands\schedule.ts
FN:29,(anonymous_1)
FN:33,(anonymous_2)
FN:37,(anonymous_3)
FN:41,(anonymous_4)
FN:45,(anonymous_5)
FN:49,(anonymous_6)
FN:53,(anonymous_7)
FN:62,(anonymous_8)
FN:66,(anonymous_9)
FN:70,(anonymous_10)
FN:74,(anonymous_11)
FN:78,(anonymous_12)
FN:82,(anonymous_13)
FN:87,(anonymous_14)
FN:170,(anonymous_15)
FN:250,(anonymous_16)
FN:278,(anonymous_17)
FN:285,(anonymous_18)
FN:288,(anonymous_19)
FNF:19
FNH:19
FNDA:1,(anonymous_1)
FNDA:1,(anonymous_2)
FNDA:1,(anonymous_3)
FNDA:1,(anonymous_4)
FNDA:1,(anonymous_5)
FNDA:1,(anonymous_6)
FNDA:1,(anonymous_7)
FNDA:1,(anonymous_8)
FNDA:1,(anonymous_9)
FNDA:1,(anonymous_10)
FNDA:1,(anonymous_11)
FNDA:1,(anonymous_12)
FNDA:1,(anonymous_13)
FNDA:18,(anonymous_14)
FNDA:3,(anonymous_15)
FNDA:2,(anonymous_16)
FNDA:2,(anonymous_17)
FNDA:2,(anonymous_18)
FNDA:2,(anonymous_19)
DA:1,1
DA:6,1
DA:7,1
DA:25,1
DA:30,1
DA:34,1
DA:38,1
DA:42,1
DA:46,1
DA:50,1
DA:54,1
DA:63,1
DA:67,1
DA:71,1
DA:75,1
DA:79,1
DA:83,1
DA:90,18
DA:91,18
DA:92,18
DA:94,18
DA:95,1
DA:98,1
DA:101,17
DA:102,17
DA:104,5
DA:105,5
DA:106,5
DA:107,5
DA:109,5
DA:110,1
DA:114,1
DA:117,4
DA:118,1
DA:122,1
DA:125,3
DA:126,3
DA:127,0
DA:131,0
DA:134,3
DA:136,2
DA:146,2
DA:147,1
DA:150,2
DA:151,2
DA:155,4
DA:157,3
DA:158,1
DA:162,1
DA:165,2
DA:170,2
DA:171,3
DA:172,3
DA:175,2
DA:177,2
DA:178,0
DA:181,2
DA:182,2
DA:186,2
DA:187,2
DA:189,2
DA:190,1
DA:194,1
DA:197,1
DA:201,1
DA:205,2
DA:206,2
DA:208,2
DA:209,1
DA:213,1
DA:216,1
DA:227,1
DA:228,1
DA:231,1
DA:232,1
DA:235,2
DA:237,2
DA:238,1
DA:242,1
DA:245,1
DA:250,1
DA:251,2
DA:252,2
DA:255,1
DA:256,1
DA:258,1
DA:259,1
DA:262,2
DA:264,2
DA:265,1
DA:269,1
DA:272,1
DA:277,1
DA:278,1
DA:279,2
DA:280,2
DA:282,2
DA:285,1
DA:286,2
DA:287,2
DA:288,2
DA:289,2
DA:292,1
DA:293,1
DA:295,1
DA:296,1
DA:300,2
DA:301,2
DA:303,2
DA:312,2
DA:317,2
DA:318,1
DA:320,1
LF:113
LH:110
BRDA:94,0,0,1
BRDA:94,0,1,17
BRDA:102,1,0,5
BRDA:102,1,1,4
BRDA:102,1,2,2
BRDA:102,1,3,2
BRDA:102,1,4,2
BRDA:102,1,5,2
BRDA:109,2,0,1
BRDA:109,2,1,4
BRDA:117,3,0,1
BRDA:117,3,1,3
BRDA:126,4,0,0
BRDA:126,4,1,3
BRDA:146,5,0,1
BRDA:146,5,1,1
BRDA:155,6,0,4
BRDA:155,6,1,2
BRDA:157,7,0,1
BRDA:157,7,1,2
BRDA:171,8,0,1
BRDA:171,8,1,2
BRDA:177,9,0,0
BRDA:177,9,1,2
BRDA:189,10,0,1
BRDA:189,10,1,1
BRDA:208,11,0,1
BRDA:208,11,1,1
BRDA:227,12,0,1
BRDA:227,12,1,0
BRDA:237,13,0,1
BRDA:237,13,1,1
BRDA:251,14,0,1
BRDA:251,14,1,1
BRDA:264,15,0,1
BRDA:264,15,1,1
BRDA:279,16,0,2
BRDA:279,16,1,0
BRDA:300,17,0,2
BRDA:300,17,1,0
BRDA:301,18,0,2
BRDA:301,18,1,0
BRDA:317,19,0,1
BRDA:317,19,1,1
BRDA:317,20,0,2
BRDA:317,20,1,2
BRF:46
BRH:40
end_of_record
TN:
SF:commands\task.ts
FN:17,parseDateString
FN:55,(anonymous_2)
FN:59,(anonymous_3)
FN:63,(anonymous_4)
FN:68,(anonymous_5)
FN:73,(anonymous_6)
FN:77,(anonymous_7)
FN:86,(anonymous_8)
FN:90,(anonymous_9)
FN:95,(anonymous_10)
FN:99,(anonymous_11)
FN:104,(anonymous_12)
FN:108,(anonymous_13)
FN:113,(anonymous_14)
FN:118,(anonymous_15)
FN:228,(anonymous_16)
FN:244,(anonymous_17)
FN:276,(anonymous_18)
FN:436,(anonymous_19)
FN:458,(anonymous_20)
FN:472,(anonymous_21)
FNF:21
FNH:21
FNDA:3,parseDateString
FNDA:8,(anonymous_2)
FNDA:8,(anonymous_3)
FNDA:8,(anonymous_4)
FNDA:8,(anonymous_5)
FNDA:8,(anonymous_6)
FNDA:8,(anonymous_7)
FNDA:8,(anonymous_8)
FNDA:8,(anonymous_9)
FNDA:8,(anonymous_10)
FNDA:8,(anonymous_11)
FNDA:8,(anonymous_12)
FNDA:8,(anonymous_13)
FNDA:8,(anonymous_14)
FNDA:24,(anonymous_15)
FNDA:3,(anonymous_16)
FNDA:2,(anonymous_17)
FNDA:3,(anonymous_18)
FNDA:2,(anonymous_19)
FNDA:2,(anonymous_20)
FNDA:2,(anonymous_21)
DA:1,8
DA:11,8
DA:12,8
DA:19,3
DA:21,3
DA:23,0
DA:24,0
DA:25,0
DA:26,0
DA:27,0
DA:28,0
DA:31,0
DA:32,0
DA:33,0
DA:34,0
DA:37,0
DA:38,0
DA:39,0
DA:40,0
DA:43,0
DA:46,0
DA:48,0
DA:51,8
DA:56,8
DA:60,8
DA:64,8
DA:69,8
DA:74,8
DA:78,8
DA:87,8
DA:91,8
DA:96,8
DA:100,8
DA:105,8
DA:109,8
DA:114,8
DA:121,24
DA:122,24
DA:123,24
DA:125,24
DA:126,2
DA:129,2
DA:132,22
DA:133,22
DA:135,9
DA:136,9
DA:137,9
DA:138,9
DA:141,9
DA:142,3
DA:143,3
DA:144,3
DA:145,3
DA:148,3
DA:150,0
DA:151,0
DA:155,6
DA:157,0
DA:160,0
DA:163,6
DA:165,3
DA:171,3
DA:172,0
DA:175,3
DA:194,3
DA:195,3
DA:199,5
DA:200,5
DA:202,3
DA:203,1
DA:209,1
DA:218,1
DA:219,1
DA:222,2
DA:228,2
DA:229,3
DA:230,3
DA:231,3
DA:234,2
DA:236,2
DA:237,0
DA:241,2
DA:242,2
DA:244,2
DA:245,2
DA:254,2
DA:267,2
DA:270,2
DA:271,2
DA:276,3
DA:283,2
DA:286,2
DA:287,2
DA:291,4
DA:292,4
DA:294,2
DA:295,1
DA:299,1
DA:302,1
DA:309,1
DA:328,1
DA:329,1
DA:333,2
DA:334,2
DA:336,2
DA:337,1
DA:340,1
DA:343,1
DA:349,1
DA:363,1
DA:364,1
DA:368,2
DA:369,2
DA:370,2
DA:372,2
DA:373,1
DA:377,1
DA:380,1
DA:387,1
DA:406,1
DA:407,1
DA:411,7
DA:412,7
DA:414,7
DA:423,7
DA:428,7
DA:429,2
DA:431,5
DA:437,2
DA:439,2
DA:440,2
DA:441,2
DA:442,2
DA:444,2
DA:445,0
DA:446,0
DA:449,2
DA:451,2
DA:452,2
DA:453,2
DA:456,2
DA:458,1
DA:459,2
DA:462,2
DA:463,2
DA:465,2
DA:472,1
DA:473,2
DA:477,1
DA:479,1
DA:484,1
LF:151
LH:126
BRDA:21,0,0,3
BRDA:21,0,1,0
BRDA:31,1,0,0
BRDA:31,1,1,0
BRDA:31,2,0,0
BRDA:31,2,1,0
BRDA:32,3,0,0
BRDA:32,3,1,0
BRDA:32,4,0,0
BRDA:32,4,1,0
BRDA:33,5,0,0
BRDA:33,5,1,0
BRDA:33,6,0,0
BRDA:33,6,1,0
BRDA:34,7,0,0
BRDA:34,7,1,0
BRDA:34,8,0,0
BRDA:34,8,1,0
BRDA:37,9,0,0
BRDA:37,9,1,0
BRDA:37,10,0,0
BRDA:37,10,1,0
BRDA:39,11,0,0
BRDA:39,11,1,0
BRDA:39,12,0,0
BRDA:39,12,1,0
BRDA:46,13,0,0
BRDA:46,13,1,0
BRDA:125,14,0,2
BRDA:125,14,1,22
BRDA:133,15,0,9
BRDA:133,15,1,5
BRDA:133,15,2,4
BRDA:133,15,3,2
BRDA:133,15,4,2
BRDA:141,16,0,3
BRDA:141,16,1,6
BRDA:141,17,0,9
BRDA:141,17,1,3
BRDA:144,18,0,3
BRDA:144,18,1,0
BRDA:155,19,0,0
BRDA:155,19,1,6
BRDA:155,20,0,6
BRDA:155,20,1,6
BRDA:171,21,0,0
BRDA:171,21,1,3
BRDA:199,22,0,5
BRDA:199,22,1,0
BRDA:202,23,0,1
BRDA:202,23,1,2
BRDA:205,24,0,1
BRDA:205,24,1,0
BRDA:223,25,0,1
BRDA:223,25,1,1
BRDA:229,26,0,0
BRDA:229,26,1,3
BRDA:230,27,0,0
BRDA:230,27,1,3
BRDA:236,28,0,0
BRDA:236,28,1,2
BRDA:244,29,0,2
BRDA:244,29,1,0
BRDA:270,30,0,2
BRDA:270,30,1,0
BRDA:270,31,0,2
BRDA:270,31,1,2
BRDA:278,32,0,0
BRDA:278,32,1,3
BRDA:278,33,0,0
BRDA:278,33,1,3
BRDA:280,34,0,0
BRDA:280,34,1,3
BRDA:294,35,0,1
BRDA:294,35,1,1
BRDA:336,36,0,1
BRDA:336,36,1,1
BRDA:372,37,0,1
BRDA:372,37,1,1
BRDA:411,38,0,7
BRDA:411,38,1,0
BRDA:412,39,0,7
BRDA:412,39,1,0
BRDA:428,40,0,2
BRDA:428,40,1,5
BRDA:428,41,0,7
BRDA:428,41,1,7
BRDA:439,42,0,2
BRDA:439,42,1,0
BRDA:444,43,0,0
BRDA:444,43,1,2
BRDA:452,44,0,2
BRDA:452,44,1,0
BRDA:459,45,0,0
BRDA:459,45,1,2
BRDA:462,46,0,0
BRDA:462,46,1,2
BRDA:463,47,0,0
BRDA:463,47,1,2
BRDA:473,48,0,2
BRDA:473,48,1,0
BRDA:480,49,0,1
BRDA:480,49,1,0
BRF:103
BRH:53
end_of_record
TN:
SF:database\associations.ts
FN:14,initializeAssociations
FNF:1
FNH:0
FNDA:0,initializeAssociations
DA:1,2
DA:2,2
DA:3,2
DA:4,2
DA:5,2
DA:6,2
DA:7,2
DA:14,2
DA:37,0
DA:44,2
DA:45,2
DA:46,2
DA:47,2
DA:48,2
DA:49,2
LF:15
LH:14
BRF:0
BRH:0
end_of_record
TN:
SF:database\index.ts
FN:24,(anonymous_10)
FNF:1
FNH:0
FNDA:0,(anonymous_10)
DA:1,0
DA:2,0
DA:3,0
DA:6,0
DA:9,0
DA:12,0
DA:13,0
DA:14,0
DA:15,0
DA:16,0
DA:17,0
DA:20,0
DA:24,0
DA:29,0
DA:30,0
DA:31,0
DA:32,0
DA:33,0
DA:34,0
DA:38,0
DA:39,0
DA:40,0
DA:41,0
DA:42,0
DA:43,0
DA:44,0
DA:47,0
LF:27
LH:0
BRDA:22,0,0,0
BRDA:22,0,1,0
BRDA:23,1,0,0
BRDA:23,1,1,0
BRF:4
BRH:0
end_of_record
TN:
SF:database\schema.ts
FNF:0
FNH:0
DA:1,9
DA:3,9
DA:249,9
LF:3
LH:3
BRF:0
BRH:0
end_of_record
TN:
SF:database\models\Budget.ts
FN:65,(anonymous_1)
FN:74,(anonymous_2)
FN:85,(anonymous_3)
FN:96,(anonymous_4)
FN:116,(anonymous_5)
FN:117,(anonymous_6)
FN:120,(anonymous_7)
FN:121,(anonymous_8)
FN:125,(anonymous_9)
FN:126,(anonymous_10)
FN:139,(anonymous_11)
FN:143,(anonymous_12)
FN:148,(anonymous_13)
FN:160,(anonymous_14)
FN:164,(anonymous_15)
FN:167,(anonymous_16)
FN:175,(anonymous_17)
FN:192,(anonymous_18)
FN:193,(anonymous_19)
FN:196,(anonymous_20)
FN:197,(anonymous_21)
FN:210,(anonymous_22)
FNF:22
FNH:1
FNDA:2,(anonymous_1)
FNDA:0,(anonymous_2)
FNDA:0,(anonymous_3)
FNDA:0,(anonymous_4)
FNDA:0,(anonymous_5)
FNDA:0,(anonymous_6)
FNDA:0,(anonymous_7)
FNDA:0,(anonymous_8)
FNDA:0,(anonymous_9)
FNDA:0,(anonymous_10)
FNDA:0,(anonymous_11)
FNDA:0,(anonymous_12)
FNDA:0,(anonymous_13)
FNDA:0,(anonymous_14)
FNDA:0,(anonymous_15)
FNDA:0,(anonymous_16)
FNDA:0,(anonymous_17)
FNDA:0,(anonymous_18)
FNDA:0,(anonymous_19)
FNDA:0,(anonymous_20)
FNDA:0,(anonymous_21)
FNDA:0,(anonymous_22)
DA:1,3
DA:2,3
DA:53,3
DA:66,2
DA:75,0
DA:86,0
DA:97,0
DA:99,0
DA:100,0
DA:101,0
DA:102,0
DA:104,0
DA:106,0
DA:107,0
DA:108,0
DA:110,0
DA:113,0
DA:115,0
DA:116,0
DA:117,0
DA:119,0
DA:120,0
DA:121,0
DA:123,0
DA:124,0
DA:125,0
DA:127,0
DA:128,0
DA:129,0
DA:131,0
DA:135,0
DA:139,0
DA:143,0
DA:149,0
DA:160,0
DA:164,0
DA:168,0
DA:176,0
DA:177,0
DA:179,0
DA:180,0
DA:181,0
DA:183,0
DA:191,0
DA:192,0
DA:193,0
DA:195,0
DA:196,0
DA:197,0
DA:199,0
DA:207,0
DA:211,0
DA:215,0
DA:219,3
LF:54
LH:5
BRDA:74,0,0,0
BRDA:85,1,0,0
BRDA:96,2,0,0
BRDA:99,3,0,0
BRDA:99,3,1,0
BRDA:127,4,0,0
BRDA:127,4,1,0
BRDA:128,5,0,0
BRDA:128,5,1,0
BRDA:167,6,0,0
BRDA:175,7,0,0
BRF:11
BRH:0
end_of_record
TN:
SF:database\models\List.ts
FN:33,(anonymous_1)
FN:43,(anonymous_2)
FN:48,(anonymous_3)
FN:51,(anonymous_4)
FN:64,(anonymous_5)
FN:83,(anonymous_6)
FN:89,(anonymous_7)
FN:101,(anonymous_8)
FN:105,(anonymous_9)
FN:112,(anonymous_10)
FN:118,(anonymous_11)
FN:125,(anonymous_12)
FN:137,(anonymous_13)
FN:143,(anonymous_14)
FNF:14
FNH:1
FNDA:2,(anonymous_1)
FNDA:0,(anonymous_2)
FNDA:0,(anonymous_3)
FNDA:0,(anonymous_4)
FNDA:0,(anonymous_5)
FNDA:0,(anonymous_6)
FNDA:0,(anonymous_7)
FNDA:0,(anonymous_8)
FNDA:0,(anonymous_9)
FNDA:0,(anonymous_10)
FNDA:0,(anonymous_11)
FNDA:0,(anonymous_12)
FNDA:0,(anonymous_13)
FNDA:0,(anonymous_14)
DA:1,4
DA:2,4
DA:24,4
DA:34,2
DA:44,0
DA:48,0
DA:52,0
DA:54,0
DA:56,0
DA:65,0
DA:67,0
DA:69,0
DA:70,0
DA:76,0
DA:77,0
DA:78,0
DA:80,0
DA:84,0
DA:86,0
DA:88,0
DA:89,0
DA:91,0
DA:93,0
DA:94,0
DA:95,0
DA:96,0
DA:98,0
DA:102,0
DA:106,0
DA:113,0
DA:115,0
DA:117,0
DA:118,0
DA:119,0
DA:120,0
DA:122,0
DA:126,0
DA:128,0
DA:130,0
DA:134,0
DA:138,0
DA:140,0
DA:142,0
DA:143,0
DA:145,0
DA:147,0
DA:148,0
DA:149,0
DA:150,0
DA:152,0
DA:156,4
LF:51
LH:5
BRDA:48,0,0,0
BRDA:48,0,1,0
BRDA:54,1,0,0
BRDA:54,1,1,0
BRDA:67,2,0,0
BRDA:67,2,1,0
BRDA:69,3,0,0
BRDA:69,3,1,0
BRDA:86,4,0,0
BRDA:86,4,1,0
BRDA:88,5,0,0
BRDA:88,5,1,0
BRDA:91,6,0,0
BRDA:91,6,1,0
BRDA:115,7,0,0
BRDA:115,7,1,0
BRDA:117,8,0,0
BRDA:117,8,1,0
BRDA:128,9,0,0
BRDA:128,9,1,0
BRDA:140,10,0,0
BRDA:140,10,1,0
BRDA:142,11,0,0
BRDA:142,11,1,0
BRDA:145,12,0,0
BRDA:145,12,1,0
BRF:26
BRH:0
end_of_record
TN:
SF:database\models\Note.ts
FN:39,(anonymous_1)
FN:48,(anonymous_2)
FN:58,(anonymous_3)
FN:65,(anonymous_4)
FN:71,(anonymous_5)
FN:79,(anonymous_6)
FN:93,(anonymous_7)
FN:110,(anonymous_8)
FN:115,(anonymous_9)
FN:117,(anonymous_10)
FN:121,(anonymous_11)
FN:128,(anonymous_12)
FN:130,(anonymous_13)
FNF:13
FNH:1
FNDA:2,(anonymous_1)
FNDA:0,(anonymous_2)
FNDA:0,(anonymous_3)
FNDA:0,(anonymous_4)
FNDA:0,(anonymous_5)
FNDA:0,(anonymous_6)
FNDA:0,(anonymous_7)
FNDA:0,(anonymous_8)
FNDA:0,(anonymous_9)
FNDA:0,(anonymous_10)
FNDA:0,(anonymous_11)
FNDA:0,(anonymous_12)
FNDA:0,(anonymous_13)
DA:1,2
DA:2,2
DA:26,2
DA:40,2
DA:49,0
DA:59,0
DA:66,0
DA:72,0
DA:76,0
DA:80,0
DA:94,0
DA:98,0
DA:100,0
DA:101,0
DA:102,0
DA:104,0
DA:105,0
DA:107,0
DA:111,0
DA:115,0
DA:116,0
DA:117,0
DA:122,0
DA:127,0
DA:128,0
DA:129,0
DA:130,0
DA:134,0
DA:138,2
LF:29
LH:5
BRDA:48,0,0,0
BRDA:98,1,0,0
BRDA:98,1,1,0
BRDA:100,2,0,0
BRDA:100,2,1,0
BRDA:101,3,0,0
BRDA:101,3,1,0
BRDA:102,4,0,0
BRDA:102,4,1,0
BRDA:116,5,0,0
BRDA:116,5,1,0
BRDA:129,6,0,0
BRDA:129,6,1,0
BRDA:129,7,0,0
BRDA:129,7,1,0
BRF:15
BRH:0
end_of_record
TN:
SF:database\models\Reminder.ts
FN:38,(anonymous_1)
FN:47,(anonymous_2)
FN:71,(anonymous_3)
FN:100,(anonymous_4)
FN:107,(anonymous_5)
FN:114,(anonymous_6)
FN:123,(anonymous_7)
FN:142,(anonymous_8)
FNF:8
FNH:1
FNDA:2,(anonymous_1)
FNDA:0,(anonymous_2)
FNDA:0,(anonymous_3)
FNDA:0,(anonymous_4)
FNDA:0,(anonymous_5)
FNDA:0,(anonymous_6)
FNDA:0,(anonymous_7)
FNDA:0,(anonymous_8)
DA:1,2
DA:2,2
DA:24,2
DA:39,2
DA:56,0
DA:58,0
DA:72,0
DA:73,0
DA:74,0
DA:76,0
DA:78,0
DA:79,0
DA:80,0
DA:82,0
DA:83,0
DA:84,0
DA:86,0
DA:87,0
DA:88,0
DA:90,0
DA:91,0
DA:94,0
DA:97,0
DA:101,0
DA:108,0
DA:115,0
DA:120,0
DA:124,0
DA:126,0
DA:128,0
DA:129,0
DA:131,0
DA:138,0
DA:139,0
DA:143,0
DA:144,0
DA:153,2
LF:37
LH:5
BRDA:53,0,0,0
BRDA:54,1,0,0
BRDA:78,2,0,0
BRDA:78,2,1,0
BRDA:79,3,0,0
BRDA:79,3,1,0
BRDA:82,4,0,0
BRDA:82,4,1,0
BRDA:83,5,0,0
BRDA:83,5,1,0
BRDA:86,6,0,0
BRDA:86,6,1,0
BRDA:86,7,0,0
BRDA:86,7,1,0
BRDA:90,8,0,0
BRDA:90,8,1,0
BRDA:90,9,0,0
BRDA:90,9,1,0
BRDA:126,10,0,0
BRDA:126,10,1,0
BRDA:126,11,0,0
BRDA:126,11,1,0
BRDA:128,12,0,0
BRDA:128,12,1,0
BRDA:134,13,0,0
BRDA:134,13,1,0
BRF:26
BRH:0
end_of_record
TN:
SF:database\models\Schedule.ts
FN:41,(anonymous_1)
FN:50,(anonymous_2)
FN:68,(anonymous_3)
FN:85,(anonymous_4)
FN:93,(anonymous_5)
FN:126,(anonymous_6)
FN:139,(anonymous_7)
FNF:7
FNH:1
FNDA:2,(anonymous_1)
FNDA:0,(anonymous_2)
FNDA:0,(anonymous_3)
FNDA:0,(anonymous_4)
FNDA:0,(anonymous_5)
FNDA:0,(anonymous_6)
FNDA:0,(anonymous_7)
DA:1,3
DA:2,3
DA:28,3
DA:42,2
DA:58,0
DA:69,0
DA:70,0
DA:71,0
DA:73,0
DA:74,0
DA:75,0
DA:76,0
DA:79,0
DA:86,0
DA:90,0
DA:94,0
DA:103,0
DA:105,0
DA:106,0
DA:107,0
DA:109,0
DA:111,0
DA:112,0
DA:113,0
DA:115,0
DA:116,0
DA:117,0
DA:118,0
DA:120,0
DA:127,0
DA:129,0
DA:140,0
DA:141,0
DA:142,0
DA:144,0
DA:160,3
LF:36
LH:5
BRDA:56,0,0,0
BRDA:68,1,0,0
BRDA:73,2,0,0
BRDA:73,2,1,0
BRDA:75,3,0,0
BRDA:75,3,1,0
BRDA:81,4,0,0
BRDA:81,4,1,0
BRDA:103,5,0,0
BRDA:103,5,1,0
BRDA:109,6,0,0
BRDA:109,6,1,0
BRDA:116,7,0,0
BRDA:116,7,1,0
BRDA:116,8,0,0
BRDA:116,8,1,0
BRDA:117,9,0,0
BRDA:117,9,1,0
BRDA:117,10,0,0
BRDA:117,10,1,0
BRDA:118,11,0,0
BRDA:118,11,1,0
BRDA:118,12,0,0
BRDA:118,12,1,0
BRDA:122,13,0,0
BRDA:122,13,1,0
BRDA:139,14,0,0
BRF:27
BRH:0
end_of_record
TN:
SF:database\models\Task.ts
FN:32,(anonymous_1)
FN:41,(anonymous_2)
FN:50,(anonymous_3)
FN:62,(anonymous_4)
FN:76,(anonymous_5)
FN:84,(anonymous_6)
FNF:6
FNH:1
FNDA:2,(anonymous_1)
FNDA:0,(anonymous_2)
FNDA:0,(anonymous_3)
FNDA:0,(anonymous_4)
FNDA:0,(anonymous_5)
FNDA:0,(anonymous_6)
DA:1,5
DA:2,5
DA:19,5
DA:33,2
DA:42,0
DA:51,0
DA:53,0
DA:54,0
DA:55,0
DA:56,0
DA:59,0
DA:63,0
DA:67,0
DA:69,0
DA:70,0
DA:71,0
DA:73,0
DA:77,0
DA:81,0
DA:85,0
DA:89,0
DA:91,0
DA:92,0
DA:93,0
DA:95,0
DA:97,0
DA:101,5
LF:27
LH:5
BRDA:41,0,0,0
BRDA:50,1,0,0
BRDA:53,2,0,0
BRDA:53,2,1,0
BRDA:55,3,0,0
BRDA:55,3,1,0
BRDA:67,4,0,0
BRDA:67,4,1,0
BRDA:89,5,0,0
BRDA:89,5,1,0
BRDA:92,6,0,0
BRDA:92,6,1,0
BRF:12
BRH:0
end_of_record
TN:
SF:src\bot.ts
FN:36,createClient
FN:53,loadModels
FN:60,loadCommands
FN:68,(anonymous_4)
FN:88,setupScheduler
FN:106,setupEventHandlers
FN:111,(anonymous_7)
FN:120,(anonymous_8)
FN:130,(anonymous_9)
FN:140,(anonymous_10)
FN:268,(anonymous_11)
FN:272,(anonymous_12)
FN:282,init
FN:311,(anonymous_14)
FN:317,(anonymous_15)
FNF:15
FNH:0
FNDA:0,createClient
FNDA:0,loadModels
FNDA:0,loadCommands
FNDA:0,(anonymous_4)
FNDA:0,setupScheduler
FNDA:0,setupEventHandlers
FNDA:0,(anonymous_7)
FNDA:0,(anonymous_8)
FNDA:0,(anonymous_9)
FNDA:0,(anonymous_10)
FNDA:0,(anonymous_11)
FNDA:0,(anonymous_12)
FNDA:0,init
FNDA:0,(anonymous_14)
FNDA:0,(anonymous_15)
DA:2,0
DA:4,0
DA:5,0
DA:6,0
DA:7,0
DA:8,0
DA:9,0
DA:10,0
DA:12,0
DA:15,0
DA:19,0
DA:20,0
DA:22,0
DA:23,0
DA:24,0
DA:27,0
DA:37,0
DA:44,0
DA:45,0
DA:49,0
DA:50,0
DA:56,0
DA:57,0
DA:62,0
DA:63,0
DA:66,0
DA:67,0
DA:68,0
DA:70,0
DA:71,0
DA:72,0
DA:75,0
DA:77,0
DA:78,0
DA:79,0
DA:81,0
DA:85,0
DA:90,0
DA:91,0
DA:94,0
DA:95,0
DA:96,0
DA:97,0
DA:98,0
DA:103,0
DA:107,0
DA:108,0
DA:111,0
DA:112,0
DA:113,0
DA:120,0
DA:121,0
DA:123,0
DA:124,0
DA:125,0
DA:127,0
DA:130,0
DA:134,0
DA:135,0
DA:136,0
DA:137,0
DA:139,0
DA:140,0
DA:142,0
DA:144,0
DA:145,0
DA:147,0
DA:149,0
DA:150,0
DA:153,0
DA:154,0
DA:162,0
DA:167,0
DA:171,0
DA:172,0
DA:174,0
DA:175,0
DA:180,0
DA:181,0
DA:187,0
DA:190,0
DA:191,0
DA:192,0
DA:198,0
DA:207,0
DA:208,0
DA:209,0
DA:210,0
DA:214,0
DA:215,0
DA:216,0
DA:219,0
DA:220,0
DA:229,0
DA:230,0
DA:231,0
DA:232,0
DA:233,0
DA:234,0
DA:235,0
DA:237,0
DA:239,0
DA:240,0
DA:241,0
DA:244,0
DA:245,0
DA:246,0
DA:249,0
DA:250,0
DA:252,0
DA:260,0
DA:268,0
DA:269,0
DA:272,0
DA:273,0
DA:278,0
DA:279,0
DA:283,0
DA:284,0
DA:287,0
DA:288,0
DA:289,0
DA:292,0
DA:293,0
DA:294,0
DA:295,0
DA:297,0
DA:299,0
DA:302,0
DA:303,0
DA:305,0
DA:311,0
DA:312,0
DA:313,0
DA:314,0
DA:317,0
DA:318,0
DA:319,0
DA:320,0
DA:324,0
DA:326,0
DA:332,0
DA:333,0
DA:334,0
DA:335,0
LF:145
LH:0
BRDA:22,0,0,0
BRDA:22,0,1,0
BRDA:28,1,0,0
BRDA:28,1,1,0
BRDA:29,2,0,0
BRDA:29,2,1,0
BRDA:49,3,0,0
BRDA:49,3,1,0
BRDA:62,4,0,0
BRDA:62,4,1,0
BRDA:68,5,0,0
BRDA:68,5,1,0
BRDA:68,5,2,0
BRDA:75,6,0,0
BRDA:75,6,1,0
BRDA:77,7,0,0
BRDA:77,7,1,0
BRDA:77,8,0,0
BRDA:77,8,1,0
BRDA:90,9,0,0
BRDA:90,9,1,0
BRDA:95,10,0,0
BRDA:95,10,1,0
BRDA:107,11,0,0
BRDA:107,11,1,0
BRDA:123,12,0,0
BRDA:123,12,1,0
BRDA:134,13,0,0
BRDA:134,13,1,0
BRDA:134,14,0,0
BRDA:134,14,1,0
BRDA:134,14,2,0
BRDA:134,14,3,0
BRDA:136,15,0,0
BRDA:136,15,1,0
BRDA:136,16,0,0
BRDA:136,16,1,0
BRDA:137,17,0,0
BRDA:137,17,1,0
BRDA:137,18,0,0
BRDA:137,18,1,0
BRDA:140,19,0,0
BRDA:140,19,1,0
BRDA:142,20,0,0
BRDA:142,20,1,0
BRDA:147,21,0,0
BRDA:147,21,1,0
BRDA:156,22,0,0
BRDA:156,22,1,0
BRDA:163,23,0,0
BRDA:163,23,1,0
BRDA:171,24,0,0
BRDA:171,24,1,0
BRDA:174,25,0,0
BRDA:174,25,1,0
BRDA:200,26,0,0
BRDA:200,26,1,0
BRDA:201,27,0,0
BRDA:201,27,1,0
BRDA:208,28,0,0
BRDA:208,28,1,0
BRDA:215,29,0,0
BRDA:215,29,1,0
BRDA:219,30,0,0
BRDA:219,30,1,0
BRDA:229,31,0,0
BRDA:229,31,1,0
BRDA:231,32,0,0
BRDA:231,32,1,0
BRDA:233,33,0,0
BRDA:233,33,1,0
BRDA:235,34,0,0
BRDA:235,34,1,0
BRDA:239,35,0,0
BRDA:239,35,1,0
BRDA:244,36,0,0
BRDA:244,36,1,0
BRDA:254,37,0,0
BRDA:254,37,1,0
BRDA:255,38,0,0
BRDA:255,38,1,0
BRDA:278,39,0,0
BRDA:278,39,1,0
BRDA:278,40,0,0
BRDA:278,40,1,0
BRDA:287,41,0,0
BRDA:287,41,1,0
BRDA:302,42,0,0
BRDA:302,42,1,0
BRDA:324,43,0,0
BRDA:324,43,1,0
BRF:91
BRH:0
end_of_record
TN:
SF:src\deploy-commands.ts
FN:18,(anonymous_1)
FN:32,(anonymous_2)
FNF:2
FNH:0
FNDA:0,(anonymous_1)
FNDA:0,(anonymous_2)
DA:1,0
DA:2,0
DA:3,0
DA:4,0
DA:5,0
DA:7,0
DA:9,0
DA:10,0
DA:12,0
DA:13,0
DA:14,0
DA:17,0
DA:18,0
DA:20,0
DA:21,0
DA:22,0
DA:24,0
DA:25,0
DA:26,0
DA:30,0
DA:32,0
DA:33,0
DA:34,0
DA:36,0
DA:44,0
DA:46,0
DA:49,0
LF:27
LH:0
BRDA:12,0,0,0
BRDA:12,0,1,0
BRDA:18,1,0,0
BRDA:18,1,1,0
BRDA:22,2,0,0
BRDA:22,2,1,0
BRDA:24,3,0,0
BRDA:24,3,1,0
BRDA:24,4,0,0
BRDA:24,4,1,0
BRDA:47,5,0,0
BRDA:47,5,1,0
BRF:12
BRH:0
end_of_record
TN:
SF:utils\googleServices.ts
FN:15,(anonymous_0)
FN:23,(anonymous_1)
FN:29,(anonymous_2)
FN:50,(anonymous_3)
FNF:4
FNH:0
FNDA:0,(anonymous_0)
FNDA:0,(anonymous_1)
FNDA:0,(anonymous_2)
FNDA:0,(anonymous_3)
DA:1,0
DA:2,0
DA:10,0
DA:12,0
DA:13,0
DA:16,0
DA:24,0
DA:25,0
DA:26,0
DA:30,0
DA:31,0
DA:34,0
DA:35,0
DA:40,0
DA:41,0
DA:43,0
DA:46,0
DA:51,0
DA:52,0
DA:55,0
DA:56,0
DA:67,0
DA:68,0
DA:70,0
DA:73,0
LF:25
LH:0
BRDA:30,0,0,0
BRDA:30,0,1,0
BRDA:44,1,0,0
BRDA:44,1,1,0
BRDA:51,2,0,0
BRDA:51,2,1,0
BRDA:71,3,0,0
BRDA:71,3,1,0
BRF:8
BRH:0
end_of_record
TN:
SF:utils\recipeData.ts
FNF:0
FNH:0
DA:3,1
DA:68,1
LF:2
LH:2
BRF:0
BRH:0
end_of_record
TN:
SF:utils\scheduler.ts
FN:15,(anonymous_9)
FN:19,(anonymous_10)
FN:26,(anonymous_11)
FN:29,(anonymous_12)
FN:41,(anonymous_13)
FN:59,(anonymous_14)
FN:69,(anonymous_15)
FN:87,(anonymous_16)
FN:107,(anonymous_17)
FN:123,(anonymous_18)
FN:136,(anonymous_19)
FN:138,(anonymous_20)
FN:152,(anonymous_21)
FN:172,(anonymous_22)
FN:200,(anonymous_23)
FN:201,(anonymous_24)
FN:206,startScheduler
FN:213,getScheduler
FNF:18
FNH:0
FNDA:0,(anonymous_9)
FNDA:0,(anonymous_10)
FNDA:0,(anonymous_11)
FNDA:0,(anonymous_12)
FNDA:0,(anonymous_13)
FNDA:0,(anonymous_14)
FNDA:0,(anonymous_15)
FNDA:0,(anonymous_16)
FNDA:0,(anonymous_17)
FNDA:0,(anonymous_18)
FNDA:0,(anonymous_19)
FNDA:0,(anonymous_20)
FNDA:0,(anonymous_21)
FNDA:0,(anonymous_22)
FNDA:0,(anonymous_23)
FNDA:0,(anonymous_24)
FNDA:0,startScheduler
FNDA:0,getScheduler
DA:1,4
DA:2,4
DA:3,4
DA:11,4
DA:12,0
DA:16,0
DA:20,0
DA:21,0
DA:23,0
DA:27,0
DA:29,0
DA:31,0
DA:32,0
DA:34,0
DA:42,0
DA:43,0
DA:44,0
DA:47,0
DA:48,0
DA:49,0
DA:50,0
DA:53,0
DA:61,0
DA:62,0
DA:63,0
DA:66,0
DA:67,0
DA:69,0
DA:70,0
DA:73,0
DA:78,0
DA:88,0
DA:89,0
DA:90,0
DA:93,0
DA:94,0
DA:95,0
DA:97,0
DA:98,0
DA:103,0
DA:107,0
DA:108,0
DA:111,0
DA:112,0
DA:116,0
DA:120,0
DA:123,0
DA:127,0
DA:137,0
DA:138,0
DA:139,0
DA:141,0
DA:142,0
DA:145,0
DA:153,0
DA:154,0
DA:155,0
DA:158,0
DA:160,0
DA:162,0
DA:164,0
DA:166,0
DA:168,0
DA:173,0
DA:174,0
DA:175,0
DA:176,0
DA:177,0
DA:183,0
DA:189,0
DA:190,0
DA:193,0
DA:201,0
DA:202,0
DA:206,4
DA:207,0
DA:208,0
DA:209,0
DA:213,4
DA:214,0
LF:80
LH:6
BRDA:20,0,0,0
BRDA:20,0,1,0
BRDA:20,1,0,0
BRDA:20,1,1,0
BRDA:35,2,0,0
BRDA:35,2,1,0
BRDA:36,3,0,0
BRDA:36,3,1,0
BRDA:42,4,0,0
BRDA:42,4,1,0
BRDA:42,5,0,0
BRDA:42,5,1,0
BRDA:54,6,0,0
BRDA:54,6,1,0
BRDA:61,7,0,0
BRDA:61,7,1,0
BRDA:67,8,0,0
BRDA:67,8,1,0
BRDA:88,9,0,0
BRDA:88,9,1,0
BRDA:88,10,0,0
BRDA:88,10,1,0
BRDA:97,11,0,0
BRDA:97,11,1,0
BRDA:111,12,0,0
BRDA:111,12,1,0
BRDA:111,13,0,0
BRDA:111,13,1,0
BRDA:141,14,0,0
BRDA:141,14,1,0
BRDA:147,15,0,0
BRDA:147,15,1,0
BRDA:153,16,0,0
BRDA:153,16,1,0
BRDA:160,17,0,0
BRDA:160,17,1,0
BRDA:160,17,2,0
BRDA:160,17,3,0
BRDA:175,18,0,0
BRDA:175,18,1,0
BRDA:175,19,0,0
BRDA:175,19,1,0
BRDA:189,20,0,0
BRDA:189,20,1,0
BRDA:189,21,0,0
BRDA:189,21,1,0
BRDA:189,21,2,0
BRDA:195,22,0,0
BRDA:195,22,1,0
BRDA:208,23,0,0
BRDA:208,23,1,0
BRF:51
BRH:0
end_of_record
TN:
SF:utils\validators.ts
FN:3,validateEmail
FN:11,validateDate
FN:19,paginate
FN:40,isValidChannel
FNF:4
FNH:0
FNDA:0,validateEmail
FNDA:0,validateDate
FNDA:0,paginate
FNDA:0,isValidChannel
DA:3,0
DA:4,0
DA:5,0
DA:11,0
DA:12,0
DA:13,0
DA:19,0
DA:29,0
DA:30,0
DA:32,0
DA:40,0
DA:41,0
LF:12
LH:0
BRDA:7,0,0,0
BRDA:7,0,1,0
BRDA:12,1,0,0
BRDA:12,1,1,0
BRDA:15,2,0,0
BRDA:15,2,1,0
BRDA:21,3,0,0
BRDA:22,4,0,0
BRDA:41,5,0,0
BRDA:41,5,1,0
BRDA:41,5,2,0
BRDA:41,5,3,0
BRF:12
BRH:0
end_of_record
TN:
SF:utils\interactions\index.ts
FN:146,(anonymous_0)
FN:146,(anonymous_1)
FN:49,handleInteraction
FN:50,(anonymous_3)
FN:71,handleButtonInteraction
FN:79,handleButtonInteractionInternal
FNF:6
FNH:0
FNDA:0,(anonymous_0)
FNDA:0,(anonymous_1)
FNDA:0,handleInteraction
FNDA:0,(anonymous_3)
FNDA:0,handleButtonInteraction
FNDA:0,handleButtonInteractionInternal
DA:11,0
DA:14,0
DA:15,0
DA:16,0
DA:17,0
DA:18,0
DA:21,0
DA:22,0
DA:23,0
DA:24,0
DA:25,0
DA:26,0
DA:29,0
DA:30,0
DA:31,0
DA:32,0
DA:33,0
DA:49,0
DA:50,0
DA:52,0
DA:53,0
DA:54,0
DA:55,0
DA:56,0
DA:57,0
DA:71,0
DA:73,0
DA:80,0
DA:81,0
DA:82,0
DA:84,0
DA:85,0
DA:86,0
DA:87,0
DA:93,0
DA:95,0
DA:96,0
DA:97,0
DA:98,0
DA:99,0
DA:100,0
DA:101,0
DA:102,0
DA:103,0
DA:106,0
DA:107,0
DA:112,0
DA:113,0
DA:119,0
DA:127,0
DA:128,0
DA:129,0
DA:134,0
DA:146,0
LF:54
LH:0
BRDA:52,0,0,0
BRDA:52,0,1,0
BRDA:54,1,0,0
BRDA:54,1,1,0
BRDA:56,2,0,0
BRDA:56,2,1,0
BRDA:84,3,0,0
BRDA:84,3,1,0
BRDA:95,4,0,0
BRDA:95,4,1,0
BRDA:97,5,0,0
BRDA:97,5,1,0
BRDA:99,6,0,0
BRDA:99,6,1,0
BRDA:101,7,0,0
BRDA:101,7,1,0
BRDA:101,8,0,0
BRDA:101,8,1,0
BRDA:103,9,0,0
BRDA:103,9,1,0
BRDA:103,10,0,0
BRDA:103,10,1,0
BRDA:103,10,2,0
BRDA:103,10,3,0
BRDA:120,11,0,0
BRDA:120,11,1,0
BRDA:121,12,0,0
BRDA:121,12,1,0
BRDA:128,13,0,0
BRDA:128,13,1,0
BRDA:128,14,0,0
BRDA:128,14,1,0
BRF:32
BRH:0
end_of_record
TN:
SF:utils\interactions\handlers\listHandlers.ts
FN:16,handleListButton
FN:85,(anonymous_1)
FN:91,(anonymous_2)
FN:107,(anonymous_3)
FN:142,(anonymous_4)
FN:159,(anonymous_5)
FNF:6
FNH:4
FNDA:9,handleListButton
FNDA:3,(anonymous_1)
FNDA:3,(anonymous_2)
FNDA:2,(anonymous_3)
FNDA:0,(anonymous_4)
FNDA:0,(anonymous_5)
DA:1,1
DA:13,1
DA:14,1
DA:16,1
DA:17,9
DA:18,9
DA:19,9
DA:21,9
DA:23,1
DA:24,1
DA:26,0
DA:28,1
DA:31,8
DA:33,8
DA:35,8
DA:36,1
DA:37,1
DA:41,1
DA:48,1
DA:49,1
DA:50,1
DA:51,1
DA:55,7
DA:56,4
DA:57,4
DA:61,3
DA:63,1
DA:64,1
DA:69,0
DA:74,1
DA:77,2
DA:82,2
DA:83,1
DA:85,1
DA:86,3
DA:87,3
DA:89,1
DA:90,1
DA:91,3
DA:95,2
DA:107,2
DA:111,2
DA:112,2
DA:114,0
DA:116,2
DA:120,3
DA:121,0
DA:122,0
DA:126,0
DA:127,0
DA:128,0
DA:133,0
DA:138,0
DA:142,0
DA:144,0
DA:145,0
DA:146,0
DA:150,0
DA:155,0
DA:159,0
DA:165,0
DA:173,0
DA:174,0
DA:179,0
DA:185,0
DA:189,3
DA:190,0
DA:191,0
DA:193,0
DA:194,0
DA:195,0
DA:199,0
DA:204,0
DA:207,0
DA:208,0
DA:212,0
DA:217,0
DA:221,3
DA:222,0
DA:223,0
DA:225,0
DA:226,0
DA:227,0
DA:232,0
DA:239,0
DA:240,0
DA:245,0
DA:252,0
DA:256,3
DA:257,0
DA:258,0
DA:263,0
DA:269,0
DA:272,1
LF:94
LH:47
BRDA:21,0,0,1
BRDA:21,0,1,8
BRDA:23,1,0,1
BRDA:23,1,1,0
BRDA:23,2,0,1
BRDA:23,2,1,1
BRDA:35,3,0,1
BRDA:35,3,1,7
BRDA:55,4,0,4
BRDA:55,4,1,3
BRDA:61,5,0,1
BRDA:61,5,1,2
BRDA:63,6,0,1
BRDA:63,6,1,0
BRDA:63,7,0,1
BRDA:63,7,1,1
BRDA:82,8,0,1
BRDA:82,8,1,1
BRDA:82,9,0,2
BRDA:82,9,1,2
BRDA:86,10,0,1
BRDA:86,10,1,2
BRDA:107,11,0,2
BRDA:107,11,1,2
BRDA:111,12,0,2
BRDA:111,12,1,0
BRDA:111,13,0,2
BRDA:111,13,1,2
BRDA:120,14,0,0
BRDA:120,14,1,3
BRDA:126,15,0,0
BRDA:126,15,1,0
BRDA:127,16,0,0
BRDA:127,16,1,0
BRDA:127,17,0,0
BRDA:127,17,1,0
BRDA:144,18,0,0
BRDA:144,18,1,0
BRDA:145,19,0,0
BRDA:145,19,1,0
BRDA:173,20,0,0
BRDA:173,20,1,0
BRDA:189,21,0,0
BRDA:189,21,1,3
BRDA:193,22,0,0
BRDA:193,22,1,0
BRDA:194,23,0,0
BRDA:194,23,1,0
BRDA:207,24,0,0
BRDA:207,24,1,0
BRDA:221,25,0,0
BRDA:221,25,1,3
BRDA:225,26,0,0
BRDA:225,26,1,0
BRDA:226,27,0,0
BRDA:226,27,1,0
BRDA:239,28,0,0
BRDA:239,28,1,0
BRDA:256,29,0,0
BRDA:256,29,1,3
BRDA:257,30,0,0
BRDA:257,30,1,0
BRF:62
BRH:29
end_of_record
TN:
SF:utils\interactions\handlers\randomHandlers.ts
FN:38,handleRandomButton
FNF:1
FNH:0
FNDA:0,handleRandomButton
DA:1,0
DA:9,0
DA:10,0
DA:11,0
DA:13,0
DA:20,0
DA:38,0
DA:39,0
DA:40,0
DA:41,0
DA:43,0
DA:45,0
DA:46,0
DA:48,0
DA:50,0
DA:53,0
DA:55,0
DA:56,0
DA:57,0
DA:58,0
DA:60,0
DA:72,0
DA:87,0
DA:88,0
DA:90,0
DA:91,0
DA:95,0
DA:96,0
DA:97,0
DA:98,0
DA:100,0
DA:112,0
DA:132,0
DA:133,0
DA:135,0
DA:136,0
DA:140,0
DA:141,0
DA:142,0
DA:145,0
DA:149,0
DA:150,0
DA:154,0
DA:157,0
DA:158,0
DA:159,0
DA:164,0
DA:170,0
DA:171,0
DA:176,0
DA:182,0
DA:186,0
DA:187,0
DA:188,0
DA:195,0
DA:205,0
DA:206,0
DA:208,0
DA:209,0
DA:213,0
DA:214,0
DA:215,0
DA:221,0
DA:231,0
DA:232,0
DA:234,0
DA:235,0
DA:239,0
DA:240,0
DA:241,0
DA:242,0
DA:248,0
DA:258,0
DA:259,0
DA:261,0
DA:262,0
DA:265,0
LF:77
LH:0
BRDA:43,0,0,0
BRDA:43,0,1,0
BRDA:45,1,0,0
BRDA:45,1,1,0
BRDA:45,2,0,0
BRDA:45,2,1,0
BRDA:55,3,0,0
BRDA:55,3,1,0
BRDA:87,4,0,0
BRDA:87,4,1,0
BRDA:87,5,0,0
BRDA:87,5,1,0
BRDA:95,6,0,0
BRDA:95,6,1,0
BRDA:132,7,0,0
BRDA:132,7,1,0
BRDA:132,8,0,0
BRDA:132,8,1,0
BRDA:140,9,0,0
BRDA:140,9,1,0
BRDA:149,10,0,0
BRDA:149,10,1,0
BRDA:157,11,0,0
BRDA:157,11,1,0
BRDA:157,12,0,0
BRDA:157,12,1,0
BRDA:158,13,0,0
BRDA:158,13,1,0
BRDA:170,14,0,0
BRDA:170,14,1,0
BRDA:186,15,0,0
BRDA:186,15,1,0
BRDA:205,16,0,0
BRDA:205,16,1,0
BRDA:205,17,0,0
BRDA:205,17,1,0
BRDA:213,18,0,0
BRDA:213,18,1,0
BRDA:231,19,0,0
BRDA:231,19,1,0
BRDA:231,20,0,0
BRDA:231,20,1,0
BRDA:239,21,0,0
BRDA:239,21,1,0
BRDA:240,22,0,0
BRDA:240,22,1,0
BRDA:241,23,0,0
BRDA:241,23,1,0
BRDA:258,24,0,0
BRDA:258,24,1,0
BRDA:258,25,0,0
BRDA:258,25,1,0
BRF:52
BRH:0
end_of_record
TN:
SF:utils\interactions\handlers\reminderHandlers.ts
FN:15,handleReminderButton
FN:132,(anonymous_1)
FN:153,(anonymous_2)
FNF:3
FNH:0
FNDA:0,handleReminderButton
FNDA:0,(anonymous_1)
FNDA:0,(anonymous_2)
DA:1,0
DA:12,0
DA:13,0
DA:15,0
DA:16,0
DA:17,0
DA:18,0
DA:20,0
DA:22,0
DA:23,0
DA:25,0
DA:27,0
DA:30,0
DA:32,0
DA:34,0
DA:35,0
DA:36,0
DA:38,0
DA:39,0
DA:40,0
DA:45,0
DA:51,0
DA:52,0
DA:57,0
DA:63,0
DA:67,0
DA:68,0
DA:73,0
DA:92,0
DA:93,0
DA:97,0
DA:98,0
DA:99,0
DA:101,0
DA:102,0
DA:108,0
DA:127,0
DA:128,0
DA:132,0
DA:133,0
DA:134,0
DA:135,0
DA:137,0
DA:138,0
DA:139,0
DA:140,0
DA:143,0
DA:146,0
DA:152,0
DA:153,0
DA:154,0
DA:157,0
DA:158,0
DA:159,0
DA:160,0
DA:161,0
DA:162,0
DA:163,0
DA:164,0
DA:165,0
DA:167,0
DA:170,0
DA:173,0
DA:175,0
DA:176,0
DA:179,0
DA:193,0
DA:194,0
DA:198,0
DA:199,0
DA:201,0
DA:202,0
DA:206,0
DA:213,0
DA:220,0
DA:221,0
DA:223,0
DA:224,0
DA:225,0
DA:228,0
DA:229,0
DA:233,0
DA:240,0
DA:247,0
DA:254,0
DA:255,0
DA:256,0
DA:258,0
DA:259,0
DA:260,0
DA:263,0
DA:264,0
DA:268,0
DA:275,0
DA:282,0
DA:283,0
DA:285,0
DA:286,0
DA:287,0
DA:291,0
LF:100
LH:0
BRDA:20,0,0,0
BRDA:20,0,1,0
BRDA:22,1,0,0
BRDA:22,1,1,0
BRDA:22,2,0,0
BRDA:22,2,1,0
BRDA:34,3,0,0
BRDA:34,3,1,0
BRDA:38,4,0,0
BRDA:38,4,1,0
BRDA:38,5,0,0
BRDA:38,5,1,0
BRDA:39,6,0,0
BRDA:39,6,1,0
BRDA:51,7,0,0
BRDA:51,7,1,0
BRDA:67,8,0,0
BRDA:67,8,1,0
BRDA:67,9,0,0
BRDA:67,9,1,0
BRDA:97,10,0,0
BRDA:97,10,1,0
BRDA:97,11,0,0
BRDA:97,11,1,0
BRDA:101,12,0,0
BRDA:101,12,1,0
BRDA:135,13,0,0
BRDA:135,13,1,0
BRDA:137,14,0,0
BRDA:137,14,1,0
BRDA:139,15,0,0
BRDA:139,15,1,0
BRDA:157,16,0,0
BRDA:157,16,1,0
BRDA:160,17,0,0
BRDA:160,17,1,0
BRDA:160,18,0,0
BRDA:160,18,1,0
BRDA:160,18,2,0
BRDA:163,19,0,0
BRDA:163,19,1,0
BRDA:170,20,0,0
BRDA:170,20,1,0
BRDA:175,21,0,0
BRDA:175,21,1,0
BRDA:198,22,0,0
BRDA:198,22,1,0
BRDA:201,23,0,0
BRDA:201,23,1,0
BRDA:228,24,0,0
BRDA:228,24,1,0
BRDA:263,25,0,0
BRDA:263,25,1,0
BRF:53
BRH:0
end_of_record
TN:
SF:utils\interactions\handlers\selectMenuHandlers.ts
FN:13,handleSelectMenuInteraction
FN:141,(anonymous_1)
FN:178,(anonymous_2)
FN:185,(anonymous_3)
FN:201,(anonymous_4)
FN:207,(anonymous_5)
FN:249,(anonymous_6)
FN:275,(anonymous_7)
FN:308,(anonymous_8)
FN:334,(anonymous_9)
FNF:10
FNH:0
FNDA:0,handleSelectMenuInteraction
FNDA:0,(anonymous_1)
FNDA:0,(anonymous_2)
FNDA:0,(anonymous_3)
FNDA:0,(anonymous_4)
FNDA:0,(anonymous_5)
FNDA:0,(anonymous_6)
FNDA:0,(anonymous_7)
FNDA:0,(anonymous_8)
FNDA:0,(anonymous_9)
DA:1,0
DA:9,0
DA:10,0
DA:11,0
DA:13,0
DA:14,0
DA:15,0
DA:16,0
DA:18,0
DA:19,0
DA:20,0
DA:21,0
DA:23,0
DA:25,0
DA:28,0
DA:30,0
DA:32,0
DA:33,0
DA:34,0
DA:38,0
DA:39,0
DA:42,0
DA:45,0
DA:51,0
DA:52,0
DA:58,0
DA:59,0
DA:65,0
DA:85,0
DA:89,0
DA:93,0
DA:94,0
DA:95,0
DA:96,0
DA:97,0
DA:101,0
DA:105,0
DA:109,0
DA:110,0
DA:111,0
DA:112,0
DA:113,0
DA:117,0
DA:121,0
DA:125,0
DA:126,0
DA:127,0
DA:129,0
DA:133,0
DA:134,0
DA:138,0
DA:141,0
DA:143,0
DA:144,0
DA:148,0
DA:151,0
DA:154,0
DA:156,0
DA:158,0
DA:162,0
DA:163,0
DA:167,0
DA:170,0
DA:175,0
DA:176,0
DA:178,0
DA:179,0
DA:180,0
DA:183,0
DA:185,0
DA:186,0
DA:189,0
DA:201,0
DA:207,0
DA:210,0
DA:216,0
DA:221,0
DA:225,0
DA:227,0
DA:228,0
DA:229,0
DA:233,0
DA:234,0
DA:237,0
DA:240,0
DA:246,0
DA:247,0
DA:249,0
DA:250,0
DA:251,0
DA:253,0
DA:255,0
DA:256,0
DA:263,0
DA:275,0
DA:278,0
DA:282,0
DA:286,0
DA:287,0
DA:288,0
DA:292,0
DA:293,0
DA:296,0
DA:299,0
DA:305,0
DA:306,0
DA:308,0
DA:309,0
DA:310,0
DA:312,0
DA:314,0
DA:315,0
DA:322,0
DA:334,0
DA:337,0
DA:341,0
DA:345,0
LF:117
LH:0
BRDA:18,0,0,0
BRDA:18,0,1,0
BRDA:20,1,0,0
BRDA:20,1,1,0
BRDA:32,2,0,0
BRDA:32,2,1,0
BRDA:38,3,0,0
BRDA:38,3,1,0
BRDA:48,4,0,0
BRDA:48,4,1,0
BRDA:51,5,0,0
BRDA:51,5,1,0
BRDA:58,6,0,0
BRDA:58,6,1,0
BRDA:93,7,0,0
BRDA:93,7,1,0
BRDA:96,8,0,0
BRDA:96,8,1,0
BRDA:109,9,0,0
BRDA:109,9,1,0
BRDA:112,10,0,0
BRDA:112,10,1,0
BRDA:125,11,0,0
BRDA:125,11,1,0
BRDA:133,12,0,0
BRDA:133,12,1,0
BRDA:143,13,0,0
BRDA:143,13,1,0
BRDA:156,14,0,0
BRDA:156,14,1,0
BRDA:162,15,0,0
BRDA:162,15,1,0
BRDA:175,16,0,0
BRDA:175,16,1,0
BRDA:179,17,0,0
BRDA:179,17,1,0
BRDA:201,18,0,0
BRDA:201,18,1,0
BRDA:207,19,0,0
BRDA:207,19,1,0
BRDA:225,20,0,0
BRDA:225,20,1,0
BRDA:233,21,0,0
BRDA:233,21,1,0
BRDA:244,22,0,0
BRDA:244,22,1,0
BRDA:246,23,0,0
BRDA:246,23,1,0
BRDA:246,24,0,0
BRDA:246,24,1,0
BRDA:250,25,0,0
BRDA:250,25,1,0
BRDA:255,26,0,0
BRDA:255,26,1,0
BRDA:275,27,0,0
BRDA:275,27,1,0
BRDA:286,28,0,0
BRDA:286,28,1,0
BRDA:292,29,0,0
BRDA:292,29,1,0
BRDA:303,30,0,0
BRDA:303,30,1,0
BRDA:305,31,0,0
BRDA:305,31,1,0
BRDA:305,32,0,0
BRDA:305,32,1,0
BRDA:309,33,0,0
BRDA:309,33,1,0
BRDA:314,34,0,0
BRDA:314,34,1,0
BRDA:334,35,0,0
BRDA:334,35,1,0
BRF:72
BRH:0
end_of_record
TN:
SF:utils\interactions\handlers\taskHandlers.ts
FN:39,handleTaskButton
FN:109,(anonymous_1)
FN:300,(anonymous_2)
FNF:3
FNH:2
FNDA:11,handleTaskButton
FNDA:2,(anonymous_1)
FNDA:0,(anonymous_2)
DA:9,1
DA:21,1
DA:22,1
DA:39,1
DA:40,11
DA:41,11
DA:42,11
DA:44,11
DA:46,1
DA:47,1
DA:49,0
DA:51,1
DA:54,10
DA:56,10
DA:58,10
DA:59,1
DA:63,1
DA:70,1
DA:77,1
DA:84,1
DA:85,1
DA:86,1
DA:88,1
DA:89,1
DA:90,1
DA:94,9
DA:95,2
DA:96,2
DA:98,1
DA:99,1
DA:101,0
DA:103,1
DA:106,1
DA:109,2
DA:115,1
DA:117,1
DA:118,1
DA:124,0
DA:130,1
DA:134,7
DA:135,3
DA:136,3
DA:138,2
DA:139,2
DA:140,1
DA:145,1
DA:151,0
DA:152,0
DA:157,0
DA:163,2
DA:167,4
DA:168,2
DA:169,2
DA:173,2
DA:175,1
DA:176,1
DA:181,0
DA:186,1
DA:189,1
DA:193,1
DA:202,1
DA:203,1
DA:204,1
DA:205,0
DA:206,0
DA:207,0
DA:208,0
DA:209,0
DA:211,0
DA:212,0
DA:213,0
DA:214,0
DA:215,0
DA:216,0
DA:219,1
DA:227,1
DA:235,1
DA:236,1
DA:237,1
DA:239,1
DA:240,1
DA:241,1
DA:245,2
DA:246,2
DA:247,2
DA:249,2
DA:250,2
DA:251,1
DA:256,1
DA:262,0
DA:263,0
DA:268,0
DA:274,2
DA:278,0
DA:279,0
DA:281,0
DA:283,0
DA:284,0
DA:290,0
DA:291,0
DA:294,0
DA:300,0
DA:301,0
DA:302,0
DA:303,0
DA:304,0
DA:305,0
DA:307,0
DA:310,0
DA:312,0
DA:313,0
DA:316,0
DA:335,0
DA:336,0
DA:339,1
LF:115
LH:73
BRDA:44,0,0,1
BRDA:44,0,1,10
BRDA:46,1,0,1
BRDA:46,1,1,0
BRDA:46,2,0,1
BRDA:46,2,1,1
BRDA:58,3,0,1
BRDA:58,3,1,9
BRDA:94,4,0,2
BRDA:94,4,1,7
BRDA:96,5,0,1
BRDA:96,5,1,1
BRDA:96,6,0,2
BRDA:96,6,1,2
BRDA:98,7,0,1
BRDA:98,7,1,0
BRDA:98,8,0,1
BRDA:98,8,1,1
BRDA:111,9,0,0
BRDA:111,9,1,2
BRDA:117,10,0,1
BRDA:117,10,1,0
BRDA:117,11,0,1
BRDA:117,11,1,1
BRDA:134,12,0,3
BRDA:134,12,1,4
BRDA:138,13,0,2
BRDA:138,13,1,0
BRDA:138,14,0,2
BRDA:138,14,1,2
BRDA:139,15,0,1
BRDA:139,15,1,1
BRDA:151,16,0,0
BRDA:151,16,1,0
BRDA:167,17,0,2
BRDA:167,17,1,2
BRDA:173,18,0,1
BRDA:173,18,1,1
BRDA:175,19,0,1
BRDA:175,19,1,0
BRDA:175,20,0,1
BRDA:175,20,1,1
BRDA:204,21,0,0
BRDA:204,21,1,1
BRDA:213,22,0,0
BRDA:213,22,1,0
BRDA:214,23,0,0
BRDA:214,23,1,0
BRDA:215,24,0,0
BRDA:215,24,1,0
BRDA:245,25,0,2
BRDA:245,25,1,0
BRDA:249,26,0,2
BRDA:249,26,1,0
BRDA:249,27,0,2
BRDA:249,27,1,2
BRDA:250,28,0,1
BRDA:250,28,1,1
BRDA:262,29,0,0
BRDA:262,29,1,0
BRDA:278,30,0,0
BRDA:278,30,1,0
BRDA:278,31,0,0
BRDA:278,31,1,0
BRDA:278,31,2,0
BRDA:279,32,0,0
BRDA:279,32,1,0
BRDA:283,33,0,0
BRDA:283,33,1,0
BRDA:285,34,0,0
BRDA:285,34,1,0
BRDA:286,35,0,0
BRDA:286,35,1,0
BRDA:295,36,0,0
BRDA:295,36,1,0
BRDA:301,37,0,0
BRDA:301,37,1,0
BRDA:303,38,0,0
BRDA:303,38,1,0
BRDA:312,39,0,0
BRDA:312,39,1,0
BRDA:321,40,0,0
BRDA:321,40,1,0
BRDA:326,41,0,0
BRDA:326,41,1,0
BRF:85
BRH:41
end_of_record
TN:
SF:utils\interactions\helpers\databaseHelper.ts
FN:5,getModels
FNF:1
FNH:0
FNDA:0,getModels
DA:3,0
DA:5,0
DA:6,0
DA:7,0
DA:10,0
DA:11,0
DA:12,0
DA:15,0
DA:16,0
DA:17,0
DA:19,0
DA:20,0
LF:12
LH:0
BRDA:6,0,0,0
BRDA:6,0,1,0
BRDA:15,1,0,0
BRDA:15,1,1,0
BRDA:16,2,0,0
BRDA:16,2,1,0
BRDA:17,3,0,0
BRDA:17,3,1,0
BRF:8
BRH:0
end_of_record
TN:
SF:utils\interactions\middleware\errorMiddleware.ts
FN:55,(anonymous_0)
FN:129,classifyError
FN:157,shouldAttemptRecovery
FN:165,attemptRecovery
FNF:4
FNH:4
FNDA:8,(anonymous_0)
FNDA:1,classifyError
FNDA:1,shouldAttemptRecovery
FNDA:1,attemptRecovery
DA:6,1
DA:12,1
DA:53,1
DA:56,8
DA:58,8
DA:60,8
DA:63,1
DA:64,1
DA:67,1
DA:78,1
DA:79,1
DA:80,0
DA:81,0
DA:85,1
DA:86,0
DA:87,0
DA:93,1
DA:94,1
DA:101,0
DA:110,1
DA:117,1
DA:118,1
DA:130,1
DA:132,1
DA:133,0
DA:135,1
DA:136,0
DA:138,1
DA:139,0
DA:141,1
DA:142,0
DA:144,1
DA:145,0
DA:147,1
DA:148,0
DA:151,1
DA:159,1
DA:166,1
DA:168,1
DA:174,1
DA:177,0
DA:182,0
DA:186,0
DA:187,0
DA:191,0
DA:192,0
DA:196,1
LF:47
LH:30
BRDA:64,0,0,1
BRDA:64,0,1,0
BRDA:69,1,0,1
BRDA:69,1,1,0
BRDA:70,2,0,1
BRDA:70,2,1,0
BRDA:79,3,0,0
BRDA:79,3,1,1
BRDA:79,4,0,1
BRDA:79,4,1,1
BRDA:80,5,0,0
BRDA:80,5,1,0
BRDA:80,6,0,0
BRDA:80,6,1,0
BRDA:85,7,0,0
BRDA:85,7,1,1
BRDA:85,8,0,1
BRDA:85,8,1,1
BRDA:86,9,0,0
BRDA:86,9,1,0
BRDA:86,10,0,0
BRDA:86,10,1,0
BRDA:93,11,0,1
BRDA:93,11,1,0
BRDA:93,12,0,1
BRDA:93,12,1,1
BRDA:102,13,0,0
BRDA:102,13,1,0
BRDA:103,14,0,0
BRDA:103,14,1,0
BRDA:112,15,0,1
BRDA:112,15,1,0
BRDA:117,16,0,1
BRDA:117,16,1,0
BRDA:130,17,0,1
BRDA:130,17,1,0
BRDA:132,18,0,0
BRDA:132,18,1,1
BRDA:132,19,0,1
BRDA:132,19,1,1
BRDA:135,20,0,0
BRDA:135,20,1,1
BRDA:135,21,0,1
BRDA:135,21,1,1
BRDA:138,22,0,0
BRDA:138,22,1,1
BRDA:138,23,0,1
BRDA:138,23,1,1
BRDA:141,24,0,0
BRDA:141,24,1,1
BRDA:141,25,0,1
BRDA:141,25,1,1
BRDA:144,26,0,0
BRDA:144,26,1,1
BRDA:144,27,0,1
BRDA:144,27,1,1
BRDA:147,28,0,0
BRDA:147,28,1,1
BRDA:147,29,0,1
BRDA:147,29,1,1
BRDA:174,30,0,0
BRDA:174,30,1,0
BRDA:174,30,2,0
BRDA:174,30,3,1
BRF:64
BRH:34
end_of_record
TN:
SF:utils\interactions\middleware\index.ts
FN:23,(anonymous_0)
FN:32,(anonymous_1)
FN:33,(anonymous_2)
FN:42,(anonymous_3)
FN:74,(anonymous_4)
FN:87,(anonymous_5)
FN:106,(anonymous_6)
FN:107,(anonymous_7)
FN:113,(anonymous_8)
FNF:9
FNH:5
FNDA:17,(anonymous_0)
FNDA:0,(anonymous_1)
FNDA:0,(anonymous_2)
FNDA:23,(anonymous_3)
FNDA:23,(anonymous_4)
FNDA:53,(anonymous_5)
FNDA:0,(anonymous_6)
FNDA:0,(anonymous_7)
FNDA:9,(anonymous_8)
DA:7,1
DA:16,1
DA:17,9
DA:24,17
DA:25,17
DA:33,0
DA:34,0
DA:46,23
DA:55,23
DA:57,23
DA:58,23
DA:60,1
DA:66,1
DA:80,23
DA:83,23
DA:84,54
DA:85,54
DA:87,54
DA:88,53
DA:89,53
DA:91,1
DA:95,1
DA:100,23
DA:107,0
DA:114,9
DA:115,9
LF:26
LH:23
BRDA:61,0,0,1
BRDA:61,0,1,0
BRDA:62,1,0,1
BRDA:62,1,1,0
BRDA:92,2,0,1
BRDA:92,2,1,0
BRF:6
BRH:3
end_of_record
TN:
SF:utils\interactions\middleware\loggingMiddleware.ts
FN:14,(anonymous_0)
FN:75,getInteractionType
FNF:2
FNH:2
FNDA:12,(anonymous_0)
FNDA:12,getInteractionType
DA:6,1
DA:12,1
DA:15,12
DA:16,12
DA:17,12
DA:20,12
DA:28,12
DA:30,12
DA:33,12
DA:34,12
DA:43,12
DA:46,12
DA:47,0
DA:56,0
DA:57,0
DA:67,0
DA:76,12
DA:77,0
DA:78,0
DA:79,0
DA:80,0
DA:81,0
LF:22
LH:13
BRDA:24,0,0,12
BRDA:24,0,1,0
BRDA:25,1,0,0
BRDA:25,1,1,12
BRDA:46,2,0,0
BRDA:46,2,1,12
BRDA:62,3,0,0
BRDA:62,3,1,0
BRDA:63,4,0,0
BRDA:63,4,1,0
BRDA:76,5,0,12
BRDA:76,5,1,0
BRDA:77,6,0,0
BRDA:77,6,1,0
BRDA:78,7,0,0
BRDA:78,7,1,0
BRDA:79,8,0,0
BRDA:79,8,1,0
BRDA:80,9,0,0
BRDA:80,9,1,0
BRF:20
BRH:4
end_of_record
TN:
SF:utils\interactions\middleware\rateLimitMiddleware.ts
FN:33,(anonymous_0)
FN:35,(anonymous_1)
FN:41,(anonymous_2)
FN:64,(anonymous_3)
FN:75,(anonymous_4)
FN:87,(anonymous_5)
FN:94,(anonymous_6)
FN:136,(anonymous_7)
FN:202,getRateLimitCategory
FNF:9
FNH:5
FNDA:1,(anonymous_0)
FNDA:0,(anonymous_1)
FNDA:16,(anonymous_2)
FNDA:16,(anonymous_3)
FNDA:0,(anonymous_4)
FNDA:0,(anonymous_5)
FNDA:0,(anonymous_6)
FNDA:16,(anonymous_7)
FNDA:16,getRateLimitCategory
DA:6,1
DA:30,1
DA:35,1
DA:42,16
DA:43,16
DA:45,16
DA:47,12
DA:51,12
DA:55,4
DA:58,4
DA:65,16
DA:66,16
DA:67,0
DA:69,16
DA:76,0
DA:77,0
DA:78,0
DA:79,0
DA:88,0
DA:95,0
DA:96,0
DA:101,1
DA:104,1
DA:134,1
DA:137,16
DA:140,16
DA:141,16
DA:144,16
DA:147,16
DA:148,0
DA:156,0
DA:157,0
DA:158,0
DA:164,0
DA:165,0
DA:173,0
DA:177,16
DA:178,16
DA:179,3
DA:188,16
DA:195,16
DA:204,16
DA:205,0
DA:209,16
DA:210,16
DA:211,16
DA:212,6
DA:214,10
DA:215,0
DA:219,10
DA:225,1
LF:51
LH:34
BRDA:45,0,0,12
BRDA:45,0,1,4
BRDA:45,1,0,16
BRDA:45,1,1,4
BRDA:66,2,0,0
BRDA:66,2,1,16
BRDA:66,3,0,16
BRDA:66,3,1,16
BRDA:78,4,0,0
BRDA:78,4,1,0
BRDA:141,5,0,16
BRDA:141,5,1,0
BRDA:144,6,0,16
BRDA:144,6,1,0
BRDA:147,7,0,0
BRDA:147,7,1,16
BRDA:156,8,0,0
BRDA:156,8,1,0
BRDA:156,9,0,0
BRDA:156,9,1,0
BRDA:164,10,0,0
BRDA:164,10,1,0
BRDA:164,11,0,0
BRDA:164,11,1,0
BRDA:178,12,0,3
BRDA:178,12,1,13
BRDA:204,13,0,0
BRDA:204,13,1,16
BRDA:204,14,0,16
BRDA:204,14,1,0
BRDA:209,15,0,16
BRDA:209,15,1,0
BRDA:209,16,0,16
BRDA:209,16,1,16
BRDA:211,17,0,6
BRDA:211,17,1,10
BRDA:211,18,0,16
BRDA:211,18,1,10
BRDA:214,19,0,0
BRDA:214,19,1,10
BRF:40
BRH:22
end_of_record
TN:
SF:utils\interactions\middleware\validationMiddleware.ts
FN:31,(anonymous_0)
FN:105,requiresGuild
FN:113,validateModalInputs
FN:140,validateCommandOptions
FN:145,(anonymous_4)
FN:156,validateTextInput
FNF:6
FNH:3
FNDA:13,(anonymous_0)
FNDA:0,requiresGuild
FNDA:2,validateModalInputs
FNDA:0,validateCommandOptions
FNDA:0,(anonymous_4)
FNDA:2,validateTextInput
DA:6,1
DA:12,1
DA:29,1
DA:32,13
DA:34,13
DA:36,13
DA:37,0
DA:40,0
DA:42,0
DA:43,0
DA:47,0
DA:49,0
DA:51,0
DA:57,0
DA:61,13
DA:62,2
DA:66,12
DA:67,0
DA:71,12
DA:74,1
DA:81,1
DA:83,1
DA:85,1
DA:86,1
DA:92,0
DA:107,0
DA:114,2
DA:117,2
DA:118,2
DA:119,2
DA:123,1
DA:124,0
DA:125,0
DA:126,0
DA:131,1
DA:132,0
DA:133,0
DA:141,0
DA:144,0
DA:145,0
DA:146,0
DA:147,0
DA:148,0
DA:158,2
DA:159,1
DA:160,1
DA:164,1
DA:165,0
DA:166,0
DA:170,1
DA:171,0
DA:175,1
DA:176,0
LF:53
LH:27
BRDA:36,0,0,0
BRDA:36,0,1,13
BRDA:36,1,0,13
BRDA:36,1,1,0
BRDA:40,2,0,0
BRDA:40,2,1,0
BRDA:40,3,0,0
BRDA:40,3,1,0
BRDA:47,4,0,0
BRDA:47,4,1,0
BRDA:47,5,0,0
BRDA:47,5,1,0
BRDA:49,6,0,0
BRDA:49,6,1,0
BRDA:49,7,0,0
BRDA:49,7,1,0
BRDA:49,8,0,0
BRDA:49,8,1,0
BRDA:50,9,0,0
BRDA:50,9,1,0
BRDA:61,10,0,2
BRDA:61,10,1,11
BRDA:61,11,0,13
BRDA:61,11,1,13
BRDA:66,12,0,0
BRDA:66,12,1,12
BRDA:66,13,0,12
BRDA:66,13,1,0
BRDA:75,14,0,1
BRDA:75,14,1,0
BRDA:81,15,0,1
BRDA:81,15,1,0
BRDA:81,16,0,1
BRDA:81,16,1,1
BRDA:83,17,0,1
BRDA:83,17,1,0
BRDA:83,18,0,1
BRDA:83,18,1,1
BRDA:83,19,0,1
BRDA:83,19,1,0
BRDA:84,20,0,1
BRDA:84,20,1,0
BRDA:85,21,0,1
BRDA:85,21,1,0
BRDA:85,22,0,1
BRDA:85,22,1,1
BRDA:117,23,0,2
BRDA:117,23,1,0
BRDA:123,24,0,0
BRDA:123,24,1,1
BRDA:125,25,0,0
BRDA:125,25,1,0
BRDA:125,26,0,0
BRDA:125,26,1,0
BRDA:131,27,0,0
BRDA:131,27,1,1
BRDA:141,28,0,0
BRDA:141,28,1,0
BRDA:147,29,0,0
BRDA:147,29,1,0
BRDA:158,30,0,1
BRDA:158,30,1,1
BRDA:164,31,0,0
BRDA:164,31,1,1
BRDA:170,32,0,0
BRDA:170,32,1,1
BRDA:175,33,0,0
BRDA:175,33,1,1
BRF:68
BRH:28
end_of_record
TN:
SF:utils\interactions\modals\modalHandlers.ts
FN:15,parseDateString
FN:50,parseTimeToMilitaryFormat
FN:76,formatTimeTo12Hour
FN:90,handleModalSubmit
FNF:4
FNH:1
FNDA:0,parseDateString
FNDA:0,parseTimeToMilitaryFormat
FNDA:0,formatTimeTo12Hour
FNDA:10,handleModalSubmit
DA:1,1
DA:9,1
DA:10,1
DA:11,1
DA:12,1
DA:17,0
DA:19,0
DA:21,0
DA:22,0
DA:23,0
DA:24,0
DA:25,0
DA:26,0
DA:29,0
DA:30,0
DA:31,0
DA:32,0
DA:35,0
DA:36,0
DA:37,0
DA:38,0
DA:41,0
DA:44,0
DA:46,0
DA:51,0
DA:54,0
DA:55,0
DA:56,0
DA:57,0
DA:58,0
DA:60,0
DA:61,0
DA:63,0
DA:64,0
DA:65,0
DA:66,0
DA:69,0
DA:72,0
DA:77,0
DA:78,0
DA:79,0
DA:81,0
DA:82,0
DA:83,0
DA:84,0
DA:87,0
DA:90,1
DA:91,10
DA:92,10
DA:93,10
DA:95,10
DA:96,1
DA:97,1
DA:98,1
DA:103,9
DA:104,9
DA:106,9
DA:108,9
DA:109,4
DA:110,4
DA:111,4
DA:112,4
DA:115,4
DA:116,0
DA:117,0
DA:118,0
DA:119,0
DA:122,0
DA:124,0
DA:125,4
DA:127,2
DA:130,2
DA:131,2
DA:133,0
DA:136,0
DA:139,2
DA:141,1
DA:147,1
DA:148,0
DA:154,1
DA:168,1
DA:173,1
DA:177,5
DA:178,2
DA:179,2
DA:180,2
DA:181,2
DA:183,2
DA:186,2
DA:187,0
DA:188,0
DA:189,0
DA:190,0
DA:193,0
DA:195,2
DA:197,0
DA:200,0
DA:201,2
DA:203,0
DA:206,0
DA:209,2
DA:212,2
DA:214,2
DA:215,1
DA:221,1
DA:222,0
DA:225,1
DA:230,1
DA:235,2
DA:239,3
DA:240,3
DA:241,3
DA:243,3
DA:245,3
DA:246,2
DA:250,1
DA:254,3
DA:258,0
DA:259,0
DA:260,0
DA:261,0
DA:264,0
DA:265,0
DA:267,0
DA:268,0
DA:269,0
DA:270,0
DA:273,0
DA:276,0
DA:277,0
DA:278,0
DA:281,0
DA:292,0
DA:293,0
DA:297,0
DA:298,0
DA:299,0
DA:300,0
DA:303,0
DA:304,0
DA:305,0
DA:307,0
DA:308,0
DA:309,0
DA:310,0
DA:313,0
DA:314,0
DA:315,0
DA:316,0
DA:319,0
DA:322,0
DA:323,0
DA:324,0
DA:327,0
DA:328,0
DA:340,0
DA:341,0
DA:345,0
DA:346,0
DA:347,0
DA:348,0
DA:351,0
DA:352,0
DA:354,0
DA:355,0
DA:356,0
DA:357,0
DA:360,0
DA:363,0
DA:364,0
DA:365,0
DA:368,0
DA:379,0
DA:380,0
DA:384,1
LF:175
LH:58
BRDA:19,0,0,0
BRDA:19,0,1,0
BRDA:29,1,0,0
BRDA:29,1,1,0
BRDA:29,2,0,0
BRDA:29,2,1,0
BRDA:30,3,0,0
BRDA:30,3,1,0
BRDA:30,4,0,0
BRDA:30,4,1,0
BRDA:31,5,0,0
BRDA:31,5,1,0
BRDA:31,6,0,0
BRDA:31,6,1,0
BRDA:32,7,0,0
BRDA:32,7,1,0
BRDA:32,8,0,0
BRDA:32,8,1,0
BRDA:35,9,0,0
BRDA:35,9,1,0
BRDA:35,10,0,0
BRDA:35,10,1,0
BRDA:37,11,0,0
BRDA:37,11,1,0
BRDA:37,12,0,0
BRDA:37,12,1,0
BRDA:44,13,0,0
BRDA:44,13,1,0
BRDA:55,14,0,0
BRDA:55,14,1,0
BRDA:60,15,0,0
BRDA:60,15,1,0
BRDA:60,16,0,0
BRDA:60,16,1,0
BRDA:61,17,0,0
BRDA:61,17,1,0
BRDA:61,18,0,0
BRDA:61,18,1,0
BRDA:63,19,0,0
BRDA:63,19,1,0
BRDA:63,20,0,0
BRDA:63,20,1,0
BRDA:65,21,0,0
BRDA:65,21,1,0
BRDA:65,22,0,0
BRDA:65,22,1,0
BRDA:79,23,0,0
BRDA:79,23,1,0
BRDA:81,24,0,0
BRDA:81,24,1,0
BRDA:83,25,0,0
BRDA:83,25,1,0
BRDA:95,26,0,1
BRDA:95,26,1,9
BRDA:108,27,0,4
BRDA:108,27,1,5
BRDA:115,28,0,0
BRDA:115,28,1,4
BRDA:115,29,0,4
BRDA:115,29,1,2
BRDA:115,29,2,2
BRDA:115,29,3,0
BRDA:118,30,0,0
BRDA:118,30,1,0
BRDA:125,31,0,2
BRDA:125,31,1,2
BRDA:125,32,0,4
BRDA:125,32,1,2
BRDA:131,33,0,0
BRDA:131,33,1,2
BRDA:131,34,0,2
BRDA:131,34,1,0
BRDA:147,35,0,0
BRDA:147,35,1,1
BRDA:177,36,0,2
BRDA:177,36,1,3
BRDA:186,37,0,0
BRDA:186,37,1,2
BRDA:186,38,0,2
BRDA:186,38,1,0
BRDA:186,38,2,0
BRDA:186,38,3,0
BRDA:189,39,0,0
BRDA:189,39,1,0
BRDA:195,40,0,0
BRDA:195,40,1,2
BRDA:195,41,0,2
BRDA:195,41,1,0
BRDA:201,42,0,0
BRDA:201,42,1,2
BRDA:201,43,0,2
BRDA:201,43,1,0
BRDA:214,44,0,1
BRDA:214,44,1,1
BRDA:221,45,0,0
BRDA:221,45,1,1
BRDA:239,46,0,3
BRDA:239,46,1,0
BRDA:245,47,0,2
BRDA:245,47,1,1
BRDA:258,48,0,0
BRDA:258,48,1,0
BRDA:259,49,0,0
BRDA:259,49,1,0
BRDA:268,50,0,0
BRDA:268,50,1,0
BRDA:277,51,0,0
BRDA:277,51,1,0
BRDA:287,52,0,0
BRDA:287,52,1,0
BRDA:297,53,0,0
BRDA:297,53,1,0
BRDA:298,54,0,0
BRDA:298,54,1,0
BRDA:308,55,0,0
BRDA:308,55,1,0
BRDA:308,56,0,0
BRDA:308,56,1,0
BRDA:308,56,2,0
BRDA:314,57,0,0
BRDA:314,57,1,0
BRDA:323,58,0,0
BRDA:323,58,1,0
BRDA:335,59,0,0
BRDA:335,59,1,0
BRDA:345,60,0,0
BRDA:345,60,1,0
BRDA:346,61,0,0
BRDA:346,61,1,0
BRDA:355,62,0,0
BRDA:355,62,1,0
BRDA:364,63,0,0
BRDA:364,63,1,0
BRDA:374,64,0,0
BRDA:374,64,1,0
BRF:135
BRH:29
end_of_record
TN:
SF:utils\interactions\responses\embedTemplates.ts
FN:15,createSuccessEmbed
FN:23,createErrorEmbed
FN:31,createInfoEmbed
FN:39,createTaskEmbed
FN:52,createListEmbed
FN:54,(anonymous_5)
FN:63,(anonymous_6)
FN:67,createReminderEmbed
FN:75,createRandomEmbed
FNF:9
FNH:0
FNDA:0,createSuccessEmbed
FNDA:0,createErrorEmbed
FNDA:0,createInfoEmbed
FNDA:0,createTaskEmbed
FNDA:0,createListEmbed
FNDA:0,(anonymous_5)
FNDA:0,(anonymous_6)
FNDA:0,createReminderEmbed
FNDA:0,createRandomEmbed
DA:1,0
DA:3,0
DA:15,0
DA:16,0
DA:23,0
DA:24,0
DA:31,0
DA:32,0
DA:39,0
DA:40,0
DA:45,0
DA:46,0
DA:49,0
DA:52,0
DA:53,0
DA:55,0
DA:59,0
DA:63,0
DA:67,0
DA:68,0
DA:75,0
DA:76,0
DA:82,0
DA:83,0
DA:86,0
LF:25
LH:0
BRDA:45,0,0,0
BRDA:45,0,1,0
BRDA:45,1,0,0
BRDA:45,1,1,0
BRDA:53,2,0,0
BRDA:53,2,1,0
BRDA:55,3,0,0
BRDA:55,3,1,0
BRDA:55,4,0,0
BRDA:55,4,1,0
BRDA:82,5,0,0
BRDA:82,5,1,0
BRF:12
BRH:0
end_of_record
TN:
SF:utils\interactions\responses\errorResponses.ts
FN:6,handleInteractionError
FN:39,sendErrorEmbed
FNF:2
FNH:1
FNDA:3,handleInteractionError
FNDA:0,sendErrorEmbed
DA:2,3
DA:6,3
DA:11,3
DA:12,3
DA:14,3
DA:23,3
DA:25,3
DA:26,3
DA:27,0
DA:29,3
DA:32,0
DA:39,3
DA:44,0
DA:45,0
DA:55,0
DA:56,0
DA:58,0
DA:61,0
LF:18
LH:10
BRDA:11,0,0,3
BRDA:11,0,1,0
BRDA:12,1,0,3
BRDA:12,1,1,0
BRDA:20,2,0,3
BRDA:20,2,1,0
BRDA:26,3,0,0
BRDA:26,3,1,3
BRDA:26,4,0,3
BRDA:26,4,1,3
BRDA:34,5,0,0
BRDA:34,5,1,0
BRDA:55,6,0,0
BRDA:55,6,1,0
BRDA:55,7,0,0
BRDA:55,7,1,0
BRDA:62,8,0,0
BRDA:62,8,1,0
BRF:18
BRH:6
end_of_record
